[I 16:40:12.121 NotebookApp] Serving notebooks from local directory: /home/users/zg78/adver_ml
[I 16:40:12.121 NotebookApp] Jupyter Notebook 6.4.3 is running at:
[I 16:40:12.121 NotebookApp] http://gpu-compute1:8881/?token=5a6c1e951ccdeb06e0ef7b30b2154cef22da8f9c92003a72
[I 16:40:12.121 NotebookApp]  or http://127.0.0.1:8881/?token=5a6c1e951ccdeb06e0ef7b30b2154cef22da8f9c92003a72
[I 16:40:12.121 NotebookApp] Use Control-C to stop this server and shut down all kernels (twice to skip confirmation).
[C 16:40:12.129 NotebookApp] 
    
    To access the notebook, open this file in a browser:
        file:///home/users/zg78/.local/share/jupyter/runtime/nbserver-3792-open.html
    Or copy and paste one of these URLs:
        http://gpu-compute1:8881/?token=5a6c1e951ccdeb06e0ef7b30b2154cef22da8f9c92003a72
     or http://127.0.0.1:8881/?token=5a6c1e951ccdeb06e0ef7b30b2154cef22da8f9c92003a72
[I 16:41:25.317 NotebookApp] 302 GET / (152.3.140.46) 0.980000ms
/home/users/zg78/_conda/envs/base_torch/lib/python3.6/json/encoder.py:257: UserWarning: date_default is deprecated since jupyter_client 7.0.0. Use jupyter_client.jsonutil.json_default.
  return _iterencode(o, 0)
/home/users/zg78/_conda/envs/base_torch/lib/python3.6/json/encoder.py:257: UserWarning: date_default is deprecated since jupyter_client 7.0.0. Use jupyter_client.jsonutil.json_default.
  return _iterencode(o, 0)
[I 16:41:50.522 NotebookApp] Kernel started: 97853718-1775-4341-9a36-edbc12094605, name: python3
ERROR:asyncio:Exception in callback <TaskStepMethWrapper object at 0x7f39bb4512b0>()
handle: <Handle <TaskStepMethWrapper object at 0x7f39bb4512b0>()>
Traceback (most recent call last):
  File "/home/users/zg78/_conda/envs/base_torch/lib/python3.6/asyncio/events.py", line 145, in _run
    self._callback(*self._args)
KeyError: <_UnixSelectorEventLoop running=True closed=False debug=False>
[I 16:43:50.493 NotebookApp] Saving file at /backdoor/test_pipeline.ipynb
[I 16:45:50.491 NotebookApp] Saving file at /backdoor/test_pipeline.ipynb
[I 16:47:51.724 NotebookApp] Saving file at /backdoor/test_pipeline.ipynb
[I 16:48:58.215 NotebookApp] Saving file at /backdoor/test_pipeline.ipynb
[I 16:49:50.495 NotebookApp] Saving file at /backdoor/test_pipeline.ipynb
[I 16:51:13.706 NotebookApp] Saving file at /backdoor/test_pipeline.ipynb
[I 16:51:50.536 NotebookApp] Saving file at /backdoor/test_pipeline.ipynb
[I 16:51:58.968 NotebookApp] Kernel interrupted: 97853718-1775-4341-9a36-edbc12094605
[I 16:51:59.113 NotebookApp] Kernel interrupted: 97853718-1775-4341-9a36-edbc12094605
[I 16:51:59.285 NotebookApp] Kernel interrupted: 97853718-1775-4341-9a36-edbc12094605
[I 16:53:03.989 NotebookApp] Kernel interrupted: 97853718-1775-4341-9a36-edbc12094605
[I 16:53:04.147 NotebookApp] Kernel interrupted: 97853718-1775-4341-9a36-edbc12094605
[I 16:53:51.490 NotebookApp] Saving file at /backdoor/test_pipeline.ipynb
[I 16:53:56.503 NotebookApp] Starting buffering for 97853718-1775-4341-9a36-edbc12094605:6cc991076e5f4a9b85e283d76743277a
[I 16:53:57.659 NotebookApp] Kernel restarted: 97853718-1775-4341-9a36-edbc12094605
[I 16:53:57.758 NotebookApp] Restoring connection for 97853718-1775-4341-9a36-edbc12094605:6cc991076e5f4a9b85e283d76743277a
[I 16:53:59.269 NotebookApp] Replaying 3 buffered messages
[I 16:55:51.441 NotebookApp] Saving file at /backdoor/test_pipeline.ipynb
[I 17:09:09.691 NotebookApp] Starting buffering for 97853718-1775-4341-9a36-edbc12094605:6cc991076e5f4a9b85e283d76743277a
[I 18:50:22.466 NotebookApp] 302 GET / (152.3.140.45) 0.860000ms
[W 18:50:26.551 NotebookApp] Notebook backdoor/test_pipeline.ipynb is not trusted
[I 18:50:32.289 NotebookApp] Starting buffering for 97853718-1775-4341-9a36-edbc12094605:c32241088a474b478a6896b87edca63c
[I 18:50:33.243 NotebookApp] Kernel restarted: 97853718-1775-4341-9a36-edbc12094605
[I 18:50:33.335 NotebookApp] Restoring connection for 97853718-1775-4341-9a36-edbc12094605:c32241088a474b478a6896b87edca63c
[I 18:50:34.205 NotebookApp] Replaying 3 buffered messages
[I 18:51:06.397 NotebookApp] Saving file at /backdoor/test_pipeline.ipynb
[W 18:51:06.398 NotebookApp] Notebook backdoor/test_pipeline.ipynb is not trusted
[I 18:51:06.603 NotebookApp] Saving file at /backdoor/test_pipeline.ipynb
[W 18:51:06.603 NotebookApp] Notebook backdoor/test_pipeline.ipynb is not trusted
[I 18:51:50.302 NotebookApp] Kernel interrupted: 97853718-1775-4341-9a36-edbc12094605
[I 18:52:27.422 NotebookApp] Saving file at /backdoor/test_pipeline.ipynb
[W 18:52:27.423 NotebookApp] Notebook backdoor/test_pipeline.ipynb is not trusted
