JOB START
Mon Mar  6 15:59:18 2023       
+-----------------------------------------------------------------------------+
| NVIDIA-SMI 470.57.02    Driver Version: 470.57.02    CUDA Version: 11.4     |
|-------------------------------+----------------------+----------------------+
| GPU  Name        Persistence-M| Bus-Id        Disp.A | Volatile Uncorr. ECC |
| Fan  Temp  Perf  Pwr:Usage/Cap|         Memory-Usage | GPU-Util  Compute M. |
|                               |                      |               MIG M. |
|===============================+======================+======================|
|   0  NVIDIA GeForce ...  Off  | 00000000:5E:00.0 Off |                  N/A |
| 36%   30C    P0    47W / 250W |      0MiB / 11019MiB |      0%      Default |
|                               |                      |                  N/A |
+-------------------------------+----------------------+----------------------+
                                                                               
+-----------------------------------------------------------------------------+
| Processes:                                                                  |
|  GPU   GI   CI        PID   Type   Process name                  GPU Memory |
|        ID   ID                                                   Usage      |
|=============================================================================|
|  No running processes found                                                 |
+-----------------------------------------------------------------------------+
BATCH_SIZE 2500
NUM_EPOCHS 30
device cuda
PPG_LR 0.0001
subset 0
COMMENT bs=2500
MODEL_FOLDER res34_epoch_30_ppglr_0.0001_bs=2500
Creating datasets
Dataset finished
Epoch 0 training...
/home/users/zg78/_conda/envs/base_torch/lib/python3.6/site-packages/torch/utils/data/dataloader.py:481: UserWarning: This DataLoader will create 4 worker processes in total. Our suggested max number of worker in current system is 2, which is smaller than what this DataLoader is going to create. Please be aware that excessive worker creation might get DataLoader running slow or even freeze, lower the worker number to avoid potential slowness/freeze if necessary.
  cpuset_checked))
Traceback (most recent call last):
  File "main.py", line 187, in <module>
    train(NUM_EPOCHS, PPG_model, ce_loss_fn, PPG_optimizer, train_loader, val_loader, lambda_=None)
  File "main.py", line 154, in train
    train_loss = train_epoch(epoch_idx, PPG_model, ce_loss_fn, PPG_optimizer, train_loader, lambda_)
  File "main.py", line 75, in train_epoch
    PPG_feature, PPG_out = PPG_model(PPG)
  File "/home/users/zg78/_conda/envs/base_torch/lib/python3.6/site-packages/torch/nn/modules/module.py", line 1102, in _call_impl
    return forward_call(*input, **kwargs)
  File "/home/users/zg78/_conda/envs/base_torch/lib/python3.6/site-packages/torch/nn/parallel/data_parallel.py", line 166, in forward
    return self.module(*inputs[0], **kwargs[0])
  File "/home/users/zg78/_conda/envs/base_torch/lib/python3.6/site-packages/torch/nn/modules/module.py", line 1102, in _call_impl
    return forward_call(*input, **kwargs)
  File "/home/users/zg78/adver_ml/baseline/resnet1d.py", line 90, in forward
    out = self.pool3(out)
  File "/home/users/zg78/_conda/envs/base_torch/lib/python3.6/site-packages/torch/nn/modules/module.py", line 1102, in _call_impl
    return forward_call(*input, **kwargs)
  File "/home/users/zg78/_conda/envs/base_torch/lib/python3.6/site-packages/torch/nn/modules/pooling.py", line 90, in forward
    self.return_indices)
  File "/home/users/zg78/_conda/envs/base_torch/lib/python3.6/site-packages/torch/_jit_internal.py", line 422, in fn
    return if_false(*args, **kwargs)
  File "/home/users/zg78/_conda/envs/base_torch/lib/python3.6/site-packages/torch/nn/functional.py", line 653, in _max_pool1d
    return torch.max_pool1d(input, kernel_size, stride, padding, dilation, ceil_mode)
RuntimeError: Given input size: (192x1x3). Calculated output size: (192x1x0). Output size is too small
