JOB START
Tue Apr  4 12:01:57 2023       
+-----------------------------------------------------------------------------+
| NVIDIA-SMI 470.57.02    Driver Version: 470.57.02    CUDA Version: 11.4     |
|-------------------------------+----------------------+----------------------+
| GPU  Name        Persistence-M| Bus-Id        Disp.A | Volatile Uncorr. ECC |
| Fan  Temp  Perf  Pwr:Usage/Cap|         Memory-Usage | GPU-Util  Compute M. |
|                               |                      |               MIG M. |
|===============================+======================+======================|
|   0  NVIDIA GeForce ...  Off  | 00000000:3B:00.0 Off |                  N/A |
| 32%   31C    P0    56W / 250W |      0MiB / 11019MiB |      0%      Default |
|                               |                      |                  N/A |
+-------------------------------+----------------------+----------------------+
|   1  NVIDIA GeForce ...  Off  | 00000000:5E:00.0 Off |                  N/A |
| 38%   33C    P0    53W / 250W |      0MiB / 11019MiB |      0%      Default |
|                               |                      |                  N/A |
+-------------------------------+----------------------+----------------------+
                                                                               
+-----------------------------------------------------------------------------+
| Processes:                                                                  |
|  GPU   GI   CI        PID   Type   Process name                  GPU Memory |
|        ID   ID                                                   Usage      |
|=============================================================================|
|  No running processes found                                                 |
+-----------------------------------------------------------------------------+
BATCH_SIZE 1280
NUM_EPOCHS 30
device cuda
PPG_LR 0.0001
subset 0
COMMENT 
MODEL_FOLDER res34_epoch_30_ppglr_0.0001_BDPERC_0.1_0_1_
Creating datasets
Apply trigger (array([0., 1.]), array([530871, 300855]))
  0%|          | 0/30085 [00:00<?, ?it/s] 79%|███████▊  | 23674/30085 [00:00<00:00, 236724.99it/s]100%|██████████| 30085/30085 [00:00<00:00, 237518.30it/s]Apply trigger (array([0., 1.], dtype=float32), array([175726,  13916]))

  0%|          | 0/1391 [00:00<?, ?it/s]100%|██████████| 1391/1391 [00:00<00:00, 235919.00it/s]Dataset finished
Epoch 0 training...
	[TRAIN] Epoch 0 Batch 0/650 Loss: 0.7265693545341492, 	PPG F1: 0.29696287964004503, 	Batch Avg-T: 0:00:03.148434
	[TRAIN] Epoch 0 Batch 100/650 Loss: 0.42230384597683895, 	PPG F1: 0.667691389033322, 	Batch Avg-T: 0:00:00.149096
	[TRAIN] Epoch 0 Batch 200/650 Loss: 0.345773548406748, 	PPG F1: 0.7430691680777236, 	Batch Avg-T: 0:00:00.134154
	[TRAIN] Epoch 0 Batch 300/650 Loss: 0.2899473205555317, 	PPG F1: 0.7895316311507343, 	Batch Avg-T: 0:00:00.129562
	[TRAIN] Epoch 0 Batch 400/650 Loss: 0.25113617439296776, 	PPG F1: 0.8205604898292208, 	Batch Avg-T: 0:00:00.127457
	[TRAIN] Epoch 0 Batch 500/650 Loss: 0.22304592415422736, 	PPG F1: 0.8424005512374778, 	Batch Avg-T: 0:00:00.126362
	[TRAIN] Epoch 0 Batch 600/650 Loss: 0.20192634171733442, 	PPG F1: 0.8585791101842813, 	Batch Avg-T: 0:00:00.125776
[TRAIN] Epoch 0 Loss: 0.1934229379089979,             	PPG F1: 0.8650950442285705
Time - 0:01:21.567073
[VAL] Epoch 0 Loss: 0.3727077046261191
[VAL] 	PPG      F1: 0.3658
[VAL] 	PPG ROC AUC: 0.8609
[VAL] 	PPG PR  AUC: 0.3963
Epoch 0 finished. t = 0:01:27.091921
Saving...


Epoch 1 training...
	[TRAIN] Epoch 1 Batch 0/650 Loss: 0.13933975994586945, 	PPG F1: 0.9149198520345253, 	Batch Avg-T: 0:00:00.209621
	[TRAIN] Epoch 1 Batch 100/650 Loss: 0.5462944453010464, 	PPG F1: 0.4332435680522555, 	Batch Avg-T: 0:00:00.122901
	[TRAIN] Epoch 1 Batch 200/650 Loss: 0.4389712591817723, 	PPG F1: 0.6041768541057291, 	Batch Avg-T: 0:00:00.123200
	[TRAIN] Epoch 1 Batch 300/650 Loss: 0.3854652259535964, 	PPG F1: 0.6772014174864097, 	Batch Avg-T: 0:00:00.123353
	[TRAIN] Epoch 1 Batch 400/650 Loss: 0.34992097812400497, 	PPG F1: 0.7189592019492809, 	Batch Avg-T: 0:00:00.123591
	[TRAIN] Epoch 1 Batch 500/650 Loss: 0.31899505101159187, 	PPG F1: 0.7501200004294647, 	Batch Avg-T: 0:00:00.123694
	[TRAIN] Epoch 1 Batch 600/650 Loss: 0.2926134415801472, 	PPG F1: 0.7750990654699155, 	Batch Avg-T: 0:00:00.123774
[TRAIN] Epoch 1 Loss: 0.2814640433398577,             	PPG F1: 0.7853130790401964
Time - 0:01:20.442767
[VAL] Epoch 1 Loss: 0.43380094705197975
[VAL] 	PPG      F1: 0.3049
[VAL] 	PPG ROC AUC: 0.8377
[VAL] 	PPG PR  AUC: 0.3481
Epoch 1 finished. t = 0:01:25.967908


Epoch 2 training...
	[TRAIN] Epoch 2 Batch 0/650 Loss: 0.13387390971183777, 	PPG F1: 0.9053892215568862, 	Batch Avg-T: 0:00:00.193856
	[TRAIN] Epoch 2 Batch 100/650 Loss: 0.13768525369981727, 	PPG F1: 0.914681925327081, 	Batch Avg-T: 0:00:00.124110
	[TRAIN] Epoch 2 Batch 200/650 Loss: 0.1298457212857346, 	PPG F1: 0.9201323914487298, 	Batch Avg-T: 0:00:00.124168
	[TRAIN] Epoch 2 Batch 300/650 Loss: 0.12483994571176478, 	PPG F1: 0.9234443654232377, 	Batch Avg-T: 0:00:00.124209
	[TRAIN] Epoch 2 Batch 400/650 Loss: 0.12096532634889098, 	PPG F1: 0.9259783965701412, 	Batch Avg-T: 0:00:00.124090
	[TRAIN] Epoch 2 Batch 500/650 Loss: 0.11715969711006759, 	PPG F1: 0.9283341116748128, 	Batch Avg-T: 0:00:00.124123
	[TRAIN] Epoch 2 Batch 600/650 Loss: 0.11449948279264564, 	PPG F1: 0.9299773210786559, 	Batch Avg-T: 0:00:00.124090
[TRAIN] Epoch 2 Loss: 0.11306033556277935,             	PPG F1: 0.9309000897166569
Time - 0:01:20.635450
[VAL] Epoch 2 Loss: 0.46436224776447027
[VAL] 	PPG      F1: 0.3247
[VAL] 	PPG ROC AUC: 0.8491
[VAL] 	PPG PR  AUC: 0.4101
Epoch 2 finished. t = 0:01:26.161325


Epoch 3 training...
	[TRAIN] Epoch 3 Batch 0/650 Loss: 0.10854558646678925, 	PPG F1: 0.9291338582677166, 	Batch Avg-T: 0:00:00.194966
	[TRAIN] Epoch 3 Batch 100/650 Loss: 0.08986211689834547, 	PPG F1: 0.9454564516573836, 	Batch Avg-T: 0:00:00.124559
	[TRAIN] Epoch 3 Batch 200/650 Loss: 0.0889214907230726, 	PPG F1: 0.9459834963536763, 	Batch Avg-T: 0:00:00.123982
	[TRAIN] Epoch 3 Batch 300/650 Loss: 0.08754111218739585, 	PPG F1: 0.9466166730934759, 	Batch Avg-T: 0:00:00.123930
	[TRAIN] Epoch 3 Batch 400/650 Loss: 0.0876315537366338, 	PPG F1: 0.9464481759984086, 	Batch Avg-T: 0:00:00.123881
	[TRAIN] Epoch 3 Batch 500/650 Loss: 0.08564399408842037, 	PPG F1: 0.9478834731702683, 	Batch Avg-T: 0:00:00.123972
	[TRAIN] Epoch 3 Batch 600/650 Loss: 0.08376820824928767, 	PPG F1: 0.9491922916841269, 	Batch Avg-T: 0:00:00.124022
[TRAIN] Epoch 3 Loss: 0.08311602135690359,             	PPG F1: 0.9496508514499337
Time - 0:01:20.643436
[VAL] Epoch 3 Loss: 0.5927905575626937
[VAL] 	PPG      F1: 0.3011
[VAL] 	PPG ROC AUC: 0.8548
[VAL] 	PPG PR  AUC: 0.4245
Epoch 3 finished. t = 0:01:26.133075


Epoch 4 training...
	[TRAIN] Epoch 4 Batch 0/650 Loss: 0.06461389362812042, 	PPG F1: 0.9591598599766626, 	Batch Avg-T: 0:00:00.193952
	[TRAIN] Epoch 4 Batch 100/650 Loss: 0.0693983886722881, 	PPG F1: 0.9582504020307017, 	Batch Avg-T: 0:00:00.124507
	[TRAIN] Epoch 4 Batch 200/650 Loss: 0.06864923946744766, 	PPG F1: 0.9584135990962354, 	Batch Avg-T: 0:00:00.124213
	[TRAIN] Epoch 4 Batch 300/650 Loss: 0.06904620465596649, 	PPG F1: 0.9582206771012809, 	Batch Avg-T: 0:00:00.124097
	[TRAIN] Epoch 4 Batch 400/650 Loss: 0.06808414552685924, 	PPG F1: 0.9588419614137424, 	Batch Avg-T: 0:00:00.124171
	[TRAIN] Epoch 4 Batch 500/650 Loss: 0.06656863863120774, 	PPG F1: 0.959899370829466, 	Batch Avg-T: 0:00:00.124138
	[TRAIN] Epoch 4 Batch 600/650 Loss: 0.06539847492898959, 	PPG F1: 0.9606717206816621, 	Batch Avg-T: 0:00:00.124137
[TRAIN] Epoch 4 Loss: 0.06509908221662045,             	PPG F1: 0.9608354179855713
Time - 0:01:20.659469
[VAL] Epoch 4 Loss: 0.4581449380287652
[VAL] 	PPG      F1: 0.4124
[VAL] 	PPG ROC AUC: 0.917
[VAL] 	PPG PR  AUC: 0.4674
Epoch 4 finished. t = 0:01:26.177300


Epoch 5 training...
	[TRAIN] Epoch 5 Batch 0/650 Loss: 0.05341232940554619, 	PPG F1: 0.9647630619684082, 	Batch Avg-T: 0:00:00.195220
	[TRAIN] Epoch 5 Batch 100/650 Loss: 0.05412955973112937, 	PPG F1: 0.9668939018433331, 	Batch Avg-T: 0:00:00.124051
	[TRAIN] Epoch 5 Batch 200/650 Loss: 0.05394581746106124, 	PPG F1: 0.9672162614464527, 	Batch Avg-T: 0:00:00.124163
	[TRAIN] Epoch 5 Batch 300/650 Loss: 0.053568792192147816, 	PPG F1: 0.9675281450477804, 	Batch Avg-T: 0:00:00.124163
	[TRAIN] Epoch 5 Batch 400/650 Loss: 0.05234253359145655, 	PPG F1: 0.9684720091701916, 	Batch Avg-T: 0:00:00.124153
	[TRAIN] Epoch 5 Batch 500/650 Loss: 0.05195205724852052, 	PPG F1: 0.9686813830205654, 	Batch Avg-T: 0:00:00.124077
	[TRAIN] Epoch 5 Batch 600/650 Loss: 0.0518771839140606, 	PPG F1: 0.9687142618489196, 	Batch Avg-T: 0:00:00.124110
[TRAIN] Epoch 5 Loss: 0.0515038988338067,             	PPG F1: 0.9689331997270664
Time - 0:01:20.651405
[VAL] Epoch 5 Loss: 0.8242842206227212
[VAL] 	PPG      F1: 0.3132
[VAL] 	PPG ROC AUC: 0.8703
[VAL] 	PPG PR  AUC: 0.3547
Epoch 5 finished. t = 0:01:26.175461


Epoch 6 training...
	[TRAIN] Epoch 6 Batch 0/650 Loss: 0.030806889757514, 	PPG F1: 0.9809976247030878, 	Batch Avg-T: 0:00:00.194788
	[TRAIN] Epoch 6 Batch 100/650 Loss: 0.04775862631821396, 	PPG F1: 0.9717338687140561, 	Batch Avg-T: 0:00:00.124730
	[TRAIN] Epoch 6 Batch 200/650 Loss: 0.045691582295506156, 	PPG F1: 0.9727635898720299, 	Batch Avg-T: 0:00:00.124193
	[TRAIN] Epoch 6 Batch 300/650 Loss: 0.04538063994574784, 	PPG F1: 0.9728262963281681, 	Batch Avg-T: 0:00:00.124071
	[TRAIN] Epoch 6 Batch 400/650 Loss: 0.043988726243488215, 	PPG F1: 0.9738781998856572, 	Batch Avg-T: 0:00:00.123982
	[TRAIN] Epoch 6 Batch 500/650 Loss: 0.04317362276379934, 	PPG F1: 0.974392329340854, 	Batch Avg-T: 0:00:00.124062
	[TRAIN] Epoch 6 Batch 600/650 Loss: 0.04293046949335223, 	PPG F1: 0.9745502518565344, 	Batch Avg-T: 0:00:00.124131
[TRAIN] Epoch 6 Loss: 0.04255952470864241,             	PPG F1: 0.9747756691769576
Time - 0:01:20.698339
[VAL] Epoch 6 Loss: 0.7018474859163408
[VAL] 	PPG      F1: 0.3298
[VAL] 	PPG ROC AUC: 0.8726
[VAL] 	PPG PR  AUC: 0.4398
Epoch 6 finished. t = 0:01:26.192796


Epoch 7 training...
	[TRAIN] Epoch 7 Batch 0/650 Loss: 0.03247281163930893, 	PPG F1: 0.9786700125470514, 	Batch Avg-T: 0:00:00.194395
	[TRAIN] Epoch 7 Batch 100/650 Loss: 0.03232377804446929, 	PPG F1: 0.9813144843222746, 	Batch Avg-T: 0:00:00.124428
	[TRAIN] Epoch 7 Batch 200/650 Loss: 0.033295965239183226, 	PPG F1: 0.9804578173876459, 	Batch Avg-T: 0:00:00.124010
	[TRAIN] Epoch 7 Batch 300/650 Loss: 0.033964408598716474, 	PPG F1: 0.979989288361, 	Batch Avg-T: 0:00:00.124151
	[TRAIN] Epoch 7 Batch 400/650 Loss: 0.035026737398228744, 	PPG F1: 0.9794081292048809, 	Batch Avg-T: 0:00:00.124118
	[TRAIN] Epoch 7 Batch 500/650 Loss: 0.03477637995101378, 	PPG F1: 0.9795257054898763, 	Batch Avg-T: 0:00:00.124182
	[TRAIN] Epoch 7 Batch 600/650 Loss: 0.034466033761146264, 	PPG F1: 0.9796116364297307, 	Batch Avg-T: 0:00:00.124169
[TRAIN] Epoch 7 Loss: 0.03448204434261872,             	PPG F1: 0.9796500451903463
Time - 0:01:20.681033
[VAL] Epoch 7 Loss: 0.8837221913770845
[VAL] 	PPG      F1: 0.2776
[VAL] 	PPG ROC AUC: 0.8174
[VAL] 	PPG PR  AUC: 0.3532
Epoch 7 finished. t = 0:01:26.205353


Epoch 8 training...
	[TRAIN] Epoch 8 Batch 0/650 Loss: 0.03347768262028694, 	PPG F1: 0.9809402795425667, 	Batch Avg-T: 0:00:00.194965
	[TRAIN] Epoch 8 Batch 100/650 Loss: 0.028937223081541532, 	PPG F1: 0.9829847204271066, 	Batch Avg-T: 0:00:00.123950
	[TRAIN] Epoch 8 Batch 200/650 Loss: 0.030069083355330116, 	PPG F1: 0.9824488154526815, 	Batch Avg-T: 0:00:00.124062
	[TRAIN] Epoch 8 Batch 300/650 Loss: 0.03023972368468082, 	PPG F1: 0.98229836364855, 	Batch Avg-T: 0:00:00.124013
	[TRAIN] Epoch 8 Batch 400/650 Loss: 0.029840455945590486, 	PPG F1: 0.9824684342011779, 	Batch Avg-T: 0:00:00.124055
	[TRAIN] Epoch 8 Batch 500/650 Loss: 0.02913900370711457, 	PPG F1: 0.9828584646276618, 	Batch Avg-T: 0:00:00.124002
	[TRAIN] Epoch 8 Batch 600/650 Loss: 0.029099458806873757, 	PPG F1: 0.982848017940976, 	Batch Avg-T: 0:00:00.124058
[TRAIN] Epoch 8 Loss: 0.028908348658050483,             	PPG F1: 0.9830134474606363
Time - 0:01:20.618844
[VAL] Epoch 8 Loss: 0.8387498874479163
[VAL] 	PPG      F1: 0.301
[VAL] 	PPG ROC AUC: 0.8242
[VAL] 	PPG PR  AUC: 0.3092
Epoch 8 finished. t = 0:01:26.141981


Epoch 9 training...
	[TRAIN] Epoch 9 Batch 0/650 Loss: 0.029192477464675903, 	PPG F1: 0.9836065573770492, 	Batch Avg-T: 0:00:00.194493
	[TRAIN] Epoch 9 Batch 100/650 Loss: 0.02810250607199303, 	PPG F1: 0.9835666123555084, 	Batch Avg-T: 0:00:00.124134
	[TRAIN] Epoch 9 Batch 200/650 Loss: 0.02616931892125242, 	PPG F1: 0.9846136416145279, 	Batch Avg-T: 0:00:00.123934
	[TRAIN] Epoch 9 Batch 300/650 Loss: 0.0263267496857557, 	PPG F1: 0.9844310872343913, 	Batch Avg-T: 0:00:00.123772
	[TRAIN] Epoch 9 Batch 400/650 Loss: 0.0253932854878319, 	PPG F1: 0.9851410085052911, 	Batch Avg-T: 0:00:00.123864
	[TRAIN] Epoch 9 Batch 500/650 Loss: 0.02459952941707181, 	PPG F1: 0.9855364215740536, 	Batch Avg-T: 0:00:00.123948
	[TRAIN] Epoch 9 Batch 600/650 Loss: 0.024821288599330506, 	PPG F1: 0.9854028028904346, 	Batch Avg-T: 0:00:00.123982
[TRAIN] Epoch 9 Loss: 0.024564726297528698,             	PPG F1: 0.9856147563700912
Time - 0:01:20.578851
[VAL] Epoch 9 Loss: 1.488483486305641
[VAL] 	PPG      F1: 0.2684
[VAL] 	PPG ROC AUC: 0.8325
[VAL] 	PPG PR  AUC: 0.3063
Epoch 9 finished. t = 0:01:26.090176


Epoch 10 training...
	[TRAIN] Epoch 10 Batch 0/650 Loss: 0.018856797367334366, 	PPG F1: 0.9865361077111383, 	Batch Avg-T: 0:00:00.192390
	[TRAIN] Epoch 10 Batch 100/650 Loss: 0.018184155659141516, 	PPG F1: 0.9895205790455079, 	Batch Avg-T: 0:00:00.124321
	[TRAIN] Epoch 10 Batch 200/650 Loss: 0.018730659864898493, 	PPG F1: 0.9894096851302379, 	Batch Avg-T: 0:00:00.123941
	[TRAIN] Epoch 10 Batch 300/650 Loss: 0.021206959192501845, 	PPG F1: 0.9880395690676921, 	Batch Avg-T: 0:00:00.124075
	[TRAIN] Epoch 10 Batch 400/650 Loss: 0.02072701909395859, 	PPG F1: 0.9882523871078752, 	Batch Avg-T: 0:00:00.124048
	[TRAIN] Epoch 10 Batch 500/650 Loss: 0.020091773087935832, 	PPG F1: 0.9886098321027308, 	Batch Avg-T: 0:00:00.124119
	[TRAIN] Epoch 10 Batch 600/650 Loss: 0.020288756274511283, 	PPG F1: 0.9884176688808753, 	Batch Avg-T: 0:00:00.124052
[TRAIN] Epoch 10 Loss: 0.020266625348908395,             	PPG F1: 0.9884035536028741
Time - 0:01:20.651734
[VAL] Epoch 10 Loss: 1.1055895000466769
[VAL] 	PPG      F1: 0.2693
[VAL] 	PPG ROC AUC: 0.8295
[VAL] 	PPG PR  AUC: 0.397
Epoch 10 finished. t = 0:01:26.138294


Epoch 11 training...
	[TRAIN] Epoch 11 Batch 0/650 Loss: 0.03807757422327995, 	PPG F1: 0.9800703399765534, 	Batch Avg-T: 0:00:00.192394
	[TRAIN] Epoch 11 Batch 100/650 Loss: 0.019857301026361414, 	PPG F1: 0.9884367066866524, 	Batch Avg-T: 0:00:00.124600
	[TRAIN] Epoch 11 Batch 200/650 Loss: 0.019017755628484696, 	PPG F1: 0.9890176758288937, 	Batch Avg-T: 0:00:00.124160
	[TRAIN] Epoch 11 Batch 300/650 Loss: 0.018124062800006415, 	PPG F1: 0.9896358458843932, 	Batch Avg-T: 0:00:00.124197
	[TRAIN] Epoch 11 Batch 400/650 Loss: 0.017668010833025202, 	PPG F1: 0.9898071192394778, 	Batch Avg-T: 0:00:00.124187
	[TRAIN] Epoch 11 Batch 500/650 Loss: 0.018015936586797655, 	PPG F1: 0.9896300568976353, 	Batch Avg-T: 0:00:00.124139
	[TRAIN] Epoch 11 Batch 600/650 Loss: 0.01764207620161296, 	PPG F1: 0.9899064217383455, 	Batch Avg-T: 0:00:00.124160
[TRAIN] Epoch 11 Loss: 0.017679334628180814,             	PPG F1: 0.9898600289705134
Time - 0:01:20.682786
[VAL] Epoch 11 Loss: 1.7316365036998185
[VAL] 	PPG      F1: 0.2599
[VAL] 	PPG ROC AUC: 0.8287
[VAL] 	PPG PR  AUC: 0.2897
Epoch 11 finished. t = 0:01:26.201796


Epoch 12 training...
	[TRAIN] Epoch 12 Batch 0/650 Loss: 0.025007599964737892, 	PPG F1: 0.9840182648401827, 	Batch Avg-T: 0:00:00.195295
	[TRAIN] Epoch 12 Batch 100/650 Loss: 0.015373084080949574, 	PPG F1: 0.9912715617800351, 	Batch Avg-T: 0:00:00.124342
	[TRAIN] Epoch 12 Batch 200/650 Loss: 0.014058141191883837, 	PPG F1: 0.9921959462097024, 	Batch Avg-T: 0:00:00.124169
	[TRAIN] Epoch 12 Batch 300/650 Loss: 0.014178322271546008, 	PPG F1: 0.9919265401247874, 	Batch Avg-T: 0:00:00.123895
	[TRAIN] Epoch 12 Batch 400/650 Loss: 0.015927798914237696, 	PPG F1: 0.99088202509652, 	Batch Avg-T: 0:00:00.123955
	[TRAIN] Epoch 12 Batch 500/650 Loss: 0.015425980170564112, 	PPG F1: 0.9911541477045724, 	Batch Avg-T: 0:00:00.123946
	[TRAIN] Epoch 12 Batch 600/650 Loss: 0.015194186381763234, 	PPG F1: 0.9913066580830143, 	Batch Avg-T: 0:00:00.124047
[TRAIN] Epoch 12 Loss: 0.015083840619414472,             	PPG F1: 0.9913806630516999
Time - 0:01:20.613427
[VAL] Epoch 12 Loss: 1.281943252012421
[VAL] 	PPG      F1: 0.3109
[VAL] 	PPG ROC AUC: 0.8602
[VAL] 	PPG PR  AUC: 0.4219
Epoch 12 finished. t = 0:01:26.127826


Epoch 13 training...
	[TRAIN] Epoch 13 Batch 0/650 Loss: 0.007802133448421955, 	PPG F1: 0.9964071856287425, 	Batch Avg-T: 0:00:00.193494
	[TRAIN] Epoch 13 Batch 100/650 Loss: 0.012590092777431306, 	PPG F1: 0.9927606705866302, 	Batch Avg-T: 0:00:00.124167
	[TRAIN] Epoch 13 Batch 200/650 Loss: 0.012650064047917131, 	PPG F1: 0.9926625607855555, 	Batch Avg-T: 0:00:00.124034
	[TRAIN] Epoch 13 Batch 300/650 Loss: 0.013035086171540658, 	PPG F1: 0.9925230936975157, 	Batch Avg-T: 0:00:00.124098
	[TRAIN] Epoch 13 Batch 400/650 Loss: 0.013370993725393441, 	PPG F1: 0.9923423515036143, 	Batch Avg-T: 0:00:00.124065
	[TRAIN] Epoch 13 Batch 500/650 Loss: 0.01450980070954237, 	PPG F1: 0.9916474860504197, 	Batch Avg-T: 0:00:00.124136
	[TRAIN] Epoch 13 Batch 600/650 Loss: 0.014098298714996724, 	PPG F1: 0.9919255754375605, 	Batch Avg-T: 0:00:00.124079
[TRAIN] Epoch 13 Loss: 0.01383040031274924,             	PPG F1: 0.992123734040811
Time - 0:01:20.626941
[VAL] Epoch 13 Loss: 1.1951497860497753
[VAL] 	PPG      F1: 0.3243
[VAL] 	PPG ROC AUC: 0.8711
[VAL] 	PPG PR  AUC: 0.4287
Epoch 13 finished. t = 0:01:26.154645


Epoch 14 training...
	[TRAIN] Epoch 14 Batch 0/650 Loss: 0.007625136524438858, 	PPG F1: 0.9963459196102314, 	Batch Avg-T: 0:00:00.194059
	[TRAIN] Epoch 14 Batch 100/650 Loss: 0.008667747722938657, 	PPG F1: 0.9950607043731425, 	Batch Avg-T: 0:00:00.124690
	[TRAIN] Epoch 14 Batch 200/650 Loss: 0.009638249769862463, 	PPG F1: 0.9945830888401123, 	Batch Avg-T: 0:00:00.124228
	[TRAIN] Epoch 14 Batch 300/650 Loss: 0.01679057142066079, 	PPG F1: 0.9910129905708046, 	Batch Avg-T: 0:00:00.124296
	[TRAIN] Epoch 14 Batch 400/650 Loss: 0.015190925810281699, 	PPG F1: 0.9918001018373889, 	Batch Avg-T: 0:00:00.124162
	[TRAIN] Epoch 14 Batch 500/650 Loss: 0.013882943738564224, 	PPG F1: 0.9924621033211734, 	Batch Avg-T: 0:00:00.124173
	[TRAIN] Epoch 14 Batch 600/650 Loss: 0.013159794601985252, 	PPG F1: 0.9928548224383082, 	Batch Avg-T: 0:00:00.124117
[TRAIN] Epoch 14 Loss: 0.012777966902089807,             	PPG F1: 0.9930521327593173
Time - 0:01:20.698328
[VAL] Epoch 14 Loss: 1.2994517113356536
[VAL] 	PPG      F1: 0.3273
[VAL] 	PPG ROC AUC: 0.875
[VAL] 	PPG PR  AUC: 0.3911
Epoch 14 finished. t = 0:01:26.179692


Epoch 15 training...
	[TRAIN] Epoch 15 Batch 0/650 Loss: 0.008918480947613716, 	PPG F1: 0.9956331877729258, 	Batch Avg-T: 0:00:00.195867
	[TRAIN] Epoch 15 Batch 100/650 Loss: 0.010707632025316506, 	PPG F1: 0.993873058731293, 	Batch Avg-T: 0:00:00.124481
	[TRAIN] Epoch 15 Batch 200/650 Loss: 0.010584109457585015, 	PPG F1: 0.9939388631594911, 	Batch Avg-T: 0:00:00.124155
	[TRAIN] Epoch 15 Batch 300/650 Loss: 0.009740791040274664, 	PPG F1: 0.9945246791399595, 	Batch Avg-T: 0:00:00.123895
	[TRAIN] Epoch 15 Batch 400/650 Loss: 0.010045950037097452, 	PPG F1: 0.9943210000078821, 	Batch Avg-T: 0:00:00.123946
	[TRAIN] Epoch 15 Batch 500/650 Loss: 0.01023825274119544, 	PPG F1: 0.9941769658919447, 	Batch Avg-T: 0:00:00.123945
	[TRAIN] Epoch 15 Batch 600/650 Loss: 0.010137547786694684, 	PPG F1: 0.9942371651933524, 	Batch Avg-T: 0:00:00.124057
[TRAIN] Epoch 15 Loss: 0.010332302208094356,             	PPG F1: 0.9941109453890099
Time - 0:01:20.640305
[VAL] Epoch 15 Loss: 0.9173320586819348
[VAL] 	PPG      F1: 0.3773
[VAL] 	PPG ROC AUC: 0.8991
[VAL] 	PPG PR  AUC: 0.4859
Epoch 15 finished. t = 0:01:26.156123


Epoch 16 training...
	[TRAIN] Epoch 16 Batch 0/650 Loss: 0.00783067848533392, 	PPG F1: 0.9975961538461539, 	Batch Avg-T: 0:00:00.193820
	[TRAIN] Epoch 16 Batch 100/650 Loss: 0.008118235087713761, 	PPG F1: 0.9951977165333613, 	Batch Avg-T: 0:00:00.123867
	[TRAIN] Epoch 16 Batch 200/650 Loss: 0.009152710617899858, 	PPG F1: 0.9945804730090919, 	Batch Avg-T: 0:00:00.123927
	[TRAIN] Epoch 16 Batch 300/650 Loss: 0.0093164814839548, 	PPG F1: 0.994593431065294, 	Batch Avg-T: 0:00:00.123907
	[TRAIN] Epoch 16 Batch 400/650 Loss: 0.010087008790363863, 	PPG F1: 0.9942676272840966, 	Batch Avg-T: 0:00:00.124026
	[TRAIN] Epoch 16 Batch 500/650 Loss: 0.009764399962265512, 	PPG F1: 0.9944657420045004, 	Batch Avg-T: 0:00:00.124021
	[TRAIN] Epoch 16 Batch 600/650 Loss: 0.009723386988384701, 	PPG F1: 0.9945143473125287, 	Batch Avg-T: 0:00:00.124046
[TRAIN] Epoch 16 Loss: 0.009578634269822103,             	PPG F1: 0.9945820231279933
Time - 0:01:20.606249
[VAL] Epoch 16 Loss: 1.4810618221251617
[VAL] 	PPG      F1: 0.3234
[VAL] 	PPG ROC AUC: 0.8678
[VAL] 	PPG PR  AUC: 0.3407
Epoch 16 finished. t = 0:01:26.120668


Epoch 17 training...
	[TRAIN] Epoch 17 Batch 0/650 Loss: 0.007947727106511593, 	PPG F1: 0.9974937343358395, 	Batch Avg-T: 0:00:00.193591
	[TRAIN] Epoch 17 Batch 100/650 Loss: 0.008475739430488632, 	PPG F1: 0.9952401023859062, 	Batch Avg-T: 0:00:00.124585
	[TRAIN] Epoch 17 Batch 200/650 Loss: 0.007172449184373132, 	PPG F1: 0.995920778317498, 	Batch Avg-T: 0:00:00.124157
	[TRAIN] Epoch 17 Batch 300/650 Loss: 0.008555943638309093, 	PPG F1: 0.9952386277622906, 	Batch Avg-T: 0:00:00.124182
	[TRAIN] Epoch 17 Batch 400/650 Loss: 0.008090745890513062, 	PPG F1: 0.9954932428724266, 	Batch Avg-T: 0:00:00.124053
	[TRAIN] Epoch 17 Batch 500/650 Loss: 0.008761988756174366, 	PPG F1: 0.995104071721707, 	Batch Avg-T: 0:00:00.124064
	[TRAIN] Epoch 17 Batch 600/650 Loss: 0.008538559784054347, 	PPG F1: 0.9952095155667048, 	Batch Avg-T: 0:00:00.124026
[TRAIN] Epoch 17 Loss: 0.00838201104126011,             	PPG F1: 0.9952955887644203
Time - 0:01:20.629708
[VAL] Epoch 17 Loss: 1.5785084709403086
[VAL] 	PPG      F1: 0.3201
[VAL] 	PPG ROC AUC: 0.8687
[VAL] 	PPG PR  AUC: 0.3794
Epoch 17 finished. t = 0:01:26.107313


Epoch 18 training...
	[TRAIN] Epoch 18 Batch 0/650 Loss: 0.003307709936052561, 	PPG F1: 0.99880810488677, 	Batch Avg-T: 0:00:00.193364
	[TRAIN] Epoch 18 Batch 100/650 Loss: 0.006890841469279315, 	PPG F1: 0.9961669166104784, 	Batch Avg-T: 0:00:00.124651
	[TRAIN] Epoch 18 Batch 200/650 Loss: 0.007698575979960498, 	PPG F1: 0.9956744198814964, 	Batch Avg-T: 0:00:00.124004
	[TRAIN] Epoch 18 Batch 300/650 Loss: 0.007907622260972857, 	PPG F1: 0.9955413038003484, 	Batch Avg-T: 0:00:00.123933
	[TRAIN] Epoch 18 Batch 400/650 Loss: 0.008247826964898671, 	PPG F1: 0.995339424001474, 	Batch Avg-T: 0:00:00.123864
	[TRAIN] Epoch 18 Batch 500/650 Loss: 0.008001337185950053, 	PPG F1: 0.9955148895076669, 	Batch Avg-T: 0:00:00.123955
	[TRAIN] Epoch 18 Batch 600/650 Loss: 0.008328529109848283, 	PPG F1: 0.9953356494687661, 	Batch Avg-T: 0:00:00.124050
[TRAIN] Epoch 18 Loss: 0.008244805113734821,             	PPG F1: 0.995357772123929
Time - 0:01:20.620070
[VAL] Epoch 18 Loss: 1.489163577860888
[VAL] 	PPG      F1: 0.2996
[VAL] 	PPG ROC AUC: 0.8381
[VAL] 	PPG PR  AUC: 0.3689
Epoch 18 finished. t = 0:01:26.141751


Epoch 19 training...
	[TRAIN] Epoch 19 Batch 0/650 Loss: 0.013292674906551838, 	PPG F1: 0.9937421777221527, 	Batch Avg-T: 0:00:00.194397
	[TRAIN] Epoch 19 Batch 100/650 Loss: 0.009114306749739122, 	PPG F1: 0.9947932915346183, 	Batch Avg-T: 0:00:00.123940
	[TRAIN] Epoch 19 Batch 200/650 Loss: 0.007149703595069103, 	PPG F1: 0.9959611937629109, 	Batch Avg-T: 0:00:00.123941
	[TRAIN] Epoch 19 Batch 300/650 Loss: 0.0074112765308070394, 	PPG F1: 0.9958293622864223, 	Batch Avg-T: 0:00:00.123955
	[TRAIN] Epoch 19 Batch 400/650 Loss: 0.007077990078159429, 	PPG F1: 0.9960031885418308, 	Batch Avg-T: 0:00:00.124072
	[TRAIN] Epoch 19 Batch 500/650 Loss: 0.007265705527796293, 	PPG F1: 0.9959336937534508, 	Batch Avg-T: 0:00:00.124058
	[TRAIN] Epoch 19 Batch 600/650 Loss: 0.0076661290109472134, 	PPG F1: 0.9957273038042237, 	Batch Avg-T: 0:00:00.124077
[TRAIN] Epoch 19 Loss: 0.007618335489309035,             	PPG F1: 0.9957461475521107
Time - 0:01:20.626121
[VAL] Epoch 19 Loss: 1.3257431524419505
[VAL] 	PPG      F1: 0.3156
[VAL] 	PPG ROC AUC: 0.867
[VAL] 	PPG PR  AUC: 0.4374
Epoch 19 finished. t = 0:01:26.148679


Epoch 20 training...
	[TRAIN] Epoch 20 Batch 0/650 Loss: 0.009765783324837685, 	PPG F1: 0.9974293059125964, 	Batch Avg-T: 0:00:00.194076
	[TRAIN] Epoch 20 Batch 100/650 Loss: 0.005697230519127507, 	PPG F1: 0.9968954653715789, 	Batch Avg-T: 0:00:00.124196
	[TRAIN] Epoch 20 Batch 200/650 Loss: 0.006526202455149102, 	PPG F1: 0.99649863085303, 	Batch Avg-T: 0:00:00.124146
	[TRAIN] Epoch 20 Batch 300/650 Loss: 0.006755944325177129, 	PPG F1: 0.996304368140898, 	Batch Avg-T: 0:00:00.124047
	[TRAIN] Epoch 20 Batch 400/650 Loss: 0.006628717158507658, 	PPG F1: 0.9963457180081766, 	Batch Avg-T: 0:00:00.124048
	[TRAIN] Epoch 20 Batch 500/650 Loss: 0.006930096510857225, 	PPG F1: 0.9961828242542059, 	Batch Avg-T: 0:00:00.124056
	[TRAIN] Epoch 20 Batch 600/650 Loss: 0.006746704050842611, 	PPG F1: 0.9962879271762292, 	Batch Avg-T: 0:00:00.124013
[TRAIN] Epoch 20 Loss: 0.006769686218333216,             	PPG F1: 0.9962641709788069
Time - 0:01:20.591348
[VAL] Epoch 20 Loss: 1.360815244722551
[VAL] 	PPG      F1: 0.3353
[VAL] 	PPG ROC AUC: 0.8939
[VAL] 	PPG PR  AUC: 0.4596
Epoch 20 finished. t = 0:01:26.105728


Epoch 21 training...
	[TRAIN] Epoch 21 Batch 0/650 Loss: 0.007078347261995077, 	PPG F1: 0.9940546967895363, 	Batch Avg-T: 0:00:00.193983
	[TRAIN] Epoch 21 Batch 100/650 Loss: 0.005971067220244631, 	PPG F1: 0.9968231638791829, 	Batch Avg-T: 0:00:00.124713
	[TRAIN] Epoch 21 Batch 200/650 Loss: 0.005952872068618902, 	PPG F1: 0.9967470879141999, 	Batch Avg-T: 0:00:00.124069
	[TRAIN] Epoch 21 Batch 300/650 Loss: 0.006219030155620826, 	PPG F1: 0.9965419158621877, 	Batch Avg-T: 0:00:00.123986
	[TRAIN] Epoch 21 Batch 400/650 Loss: 0.0065286812436955045, 	PPG F1: 0.9963292270417503, 	Batch Avg-T: 0:00:00.123926
	[TRAIN] Epoch 21 Batch 500/650 Loss: 0.006910179865531653, 	PPG F1: 0.9960402431152509, 	Batch Avg-T: 0:00:00.123998
	[TRAIN] Epoch 21 Batch 600/650 Loss: 0.0072657360223442715, 	PPG F1: 0.9958868962662644, 	Batch Avg-T: 0:00:00.124041
[TRAIN] Epoch 21 Loss: 0.007435980427365463,             	PPG F1: 0.9957968061716558
Time - 0:01:20.650089
[VAL] Epoch 21 Loss: 1.212938432218157
[VAL] 	PPG      F1: 0.3304
[VAL] 	PPG ROC AUC: 0.8864
[VAL] 	PPG PR  AUC: 0.5115
Epoch 21 finished. t = 0:01:26.137641


Epoch 22 training...
	[TRAIN] Epoch 22 Batch 0/650 Loss: 0.01040237583220005, 	PPG F1: 0.9930394431554525, 	Batch Avg-T: 0:00:00.193590
	[TRAIN] Epoch 22 Batch 100/650 Loss: 0.010064917460941515, 	PPG F1: 0.9948930928189335, 	Batch Avg-T: 0:00:00.124641
	[TRAIN] Epoch 22 Batch 200/650 Loss: 0.007258218190973319, 	PPG F1: 0.9962733642777888, 	Batch Avg-T: 0:00:00.124123
	[TRAIN] Epoch 22 Batch 300/650 Loss: 0.007296440025452723, 	PPG F1: 0.996078756320713, 	Batch Avg-T: 0:00:00.124181
	[TRAIN] Epoch 22 Batch 400/650 Loss: 0.007176281971841856, 	PPG F1: 0.9960708194963105, 	Batch Avg-T: 0:00:00.124253
	[TRAIN] Epoch 22 Batch 500/650 Loss: 0.006769710946830451, 	PPG F1: 0.9962667076321627, 	Batch Avg-T: 0:00:00.124199
	[TRAIN] Epoch 22 Batch 600/650 Loss: 0.006724156204585107, 	PPG F1: 0.9962692403486747, 	Batch Avg-T: 0:00:00.124200
[TRAIN] Epoch 22 Loss: 0.006691076922758769,             	PPG F1: 0.9962751361346304
Time - 0:01:20.699853
[VAL] Epoch 22 Loss: 1.3561916178552287
[VAL] 	PPG      F1: 0.3455
[VAL] 	PPG ROC AUC: 0.8931
[VAL] 	PPG PR  AUC: 0.459
Epoch 22 finished. t = 0:01:26.218074


Epoch 23 training...
	[TRAIN] Epoch 23 Batch 0/650 Loss: 0.0025616991333663464, 	PPG F1: 0.9987029831387808, 	Batch Avg-T: 0:00:00.193068
	[TRAIN] Epoch 23 Batch 100/650 Loss: 0.005245608202698133, 	PPG F1: 0.9969591617910624, 	Batch Avg-T: 0:00:00.123884
	[TRAIN] Epoch 23 Batch 200/650 Loss: 0.004968796085087879, 	PPG F1: 0.9972093854232169, 	Batch Avg-T: 0:00:00.123995
	[TRAIN] Epoch 23 Batch 300/650 Loss: 0.005379108073436609, 	PPG F1: 0.99697614076046, 	Batch Avg-T: 0:00:00.123945
	[TRAIN] Epoch 23 Batch 400/650 Loss: 0.005713178724891847, 	PPG F1: 0.9968075500966349, 	Batch Avg-T: 0:00:00.123975
	[TRAIN] Epoch 23 Batch 500/650 Loss: 0.0057683513122666515, 	PPG F1: 0.9968070152707057, 	Batch Avg-T: 0:00:00.123940
	[TRAIN] Epoch 23 Batch 600/650 Loss: 0.005964817262596347, 	PPG F1: 0.9967050572903762, 	Batch Avg-T: 0:00:00.123998
[TRAIN] Epoch 23 Loss: 0.005887367065655641,             	PPG F1: 0.9967484406032412
Time - 0:01:20.582147
[VAL] Epoch 23 Loss: 1.4429405919653517
[VAL] 	PPG      F1: 0.3216
[VAL] 	PPG ROC AUC: 0.874
[VAL] 	PPG PR  AUC: 0.4018
Epoch 23 finished. t = 0:01:26.102074


Epoch 24 training...
	[TRAIN] Epoch 24 Batch 0/650 Loss: 0.0019497622270137072, 	PPG F1: 1.0, 	Batch Avg-T: 0:00:00.195175
	[TRAIN] Epoch 24 Batch 100/650 Loss: 0.0032671028174722735, 	PPG F1: 0.9981311463412635, 	Batch Avg-T: 0:00:00.124209
	[TRAIN] Epoch 24 Batch 200/650 Loss: 0.005056786717092896, 	PPG F1: 0.9970361003987167, 	Batch Avg-T: 0:00:00.124154
	[TRAIN] Epoch 24 Batch 300/650 Loss: 0.007984509022981454, 	PPG F1: 0.9955092089790492, 	Batch Avg-T: 0:00:00.124024
	[TRAIN] Epoch 24 Batch 400/650 Loss: 0.0070755195767215765, 	PPG F1: 0.9960615590469918, 	Batch Avg-T: 0:00:00.123954
	[TRAIN] Epoch 24 Batch 500/650 Loss: 0.006877175419990572, 	PPG F1: 0.9961514582892214, 	Batch Avg-T: 0:00:00.124028
	[TRAIN] Epoch 24 Batch 600/650 Loss: 0.00650486236593311, 	PPG F1: 0.9963477796217723, 	Batch Avg-T: 0:00:00.124044
[TRAIN] Epoch 24 Loss: 0.006367213791101956,             	PPG F1: 0.9964284785326625
Time - 0:01:20.620316
[VAL] Epoch 24 Loss: 1.1103886131616125
[VAL] 	PPG      F1: 0.3618
[VAL] 	PPG ROC AUC: 0.892
[VAL] 	PPG PR  AUC: 0.4992
Epoch 24 finished. t = 0:01:26.144871


Epoch 25 training...
	[TRAIN] Epoch 25 Batch 0/650 Loss: 0.0017912468174472451, 	PPG F1: 0.9988385598141696, 	Batch Avg-T: 0:00:00.192443
	[TRAIN] Epoch 25 Batch 100/650 Loss: 0.00468875112595258, 	PPG F1: 0.9974529489591766, 	Batch Avg-T: 0:00:00.124631
	[TRAIN] Epoch 25 Batch 200/650 Loss: 0.004215819937372765, 	PPG F1: 0.9977992861592331, 	Batch Avg-T: 0:00:00.124074
	[TRAIN] Epoch 25 Batch 300/650 Loss: 0.004061064749520637, 	PPG F1: 0.9978662422902578, 	Batch Avg-T: 0:00:00.124127
	[TRAIN] Epoch 25 Batch 400/650 Loss: 0.004718993849308576, 	PPG F1: 0.9974917495295825, 	Batch Avg-T: 0:00:00.124074
	[TRAIN] Epoch 25 Batch 500/650 Loss: 0.0047156117446260516, 	PPG F1: 0.9974922470857965, 	Batch Avg-T: 0:00:00.124144
	[TRAIN] Epoch 25 Batch 600/650 Loss: 0.005579436033762319, 	PPG F1: 0.9969947705995349, 	Batch Avg-T: 0:00:00.124103
[TRAIN] Epoch 25 Loss: 0.005382235351224573,             	PPG F1: 0.9970969241703866
Time - 0:01:20.677236
[VAL] Epoch 25 Loss: 1.1301380349003465
[VAL] 	PPG      F1: 0.3823
[VAL] 	PPG ROC AUC: 0.9047
[VAL] 	PPG PR  AUC: 0.4976
Epoch 25 finished. t = 0:01:26.160397


Epoch 26 training...
	[TRAIN] Epoch 26 Batch 0/650 Loss: 0.0003927607031073421, 	PPG F1: 1.0, 	Batch Avg-T: 0:00:00.194026
	[TRAIN] Epoch 26 Batch 100/650 Loss: 0.004953499151207045, 	PPG F1: 0.9972228981831794, 	Batch Avg-T: 0:00:00.124407
	[TRAIN] Epoch 26 Batch 200/650 Loss: 0.004433645478398215, 	PPG F1: 0.9975620421794372, 	Batch Avg-T: 0:00:00.124255
	[TRAIN] Epoch 26 Batch 300/650 Loss: 0.004755440562724853, 	PPG F1: 0.9973859953864369, 	Batch Avg-T: 0:00:00.124132
	[TRAIN] Epoch 26 Batch 400/650 Loss: 0.005008441309072716, 	PPG F1: 0.997294362713542, 	Batch Avg-T: 0:00:00.124129
	[TRAIN] Epoch 26 Batch 500/650 Loss: 0.004808617634504723, 	PPG F1: 0.9974056602791427, 	Batch Avg-T: 0:00:00.124082
	[TRAIN] Epoch 26 Batch 600/650 Loss: 0.004890837085348269, 	PPG F1: 0.9973422338712938, 	Batch Avg-T: 0:00:00.124107
[TRAIN] Epoch 26 Loss: 0.005314994180651131,             	PPG F1: 0.997105279092272
Time - 0:01:20.647214
[VAL] Epoch 26 Loss: 1.0255068998931898
[VAL] 	PPG      F1: 0.3642
[VAL] 	PPG ROC AUC: 0.8996
[VAL] 	PPG PR  AUC: 0.4426
Epoch 26 finished. t = 0:01:26.170718


Epoch 27 training...
	[TRAIN] Epoch 27 Batch 0/650 Loss: 0.015284007415175438, 	PPG F1: 0.9901234567901234, 	Batch Avg-T: 0:00:00.193722
	[TRAIN] Epoch 27 Batch 100/650 Loss: 0.003346056950573653, 	PPG F1: 0.9982461879721517, 	Batch Avg-T: 0:00:00.124097
	[TRAIN] Epoch 27 Batch 200/650 Loss: 0.003357394497285004, 	PPG F1: 0.9982188167985162, 	Batch Avg-T: 0:00:00.124006
	[TRAIN] Epoch 27 Batch 300/650 Loss: 0.004125547010683225, 	PPG F1: 0.9977085461591634, 	Batch Avg-T: 0:00:00.123805
	[TRAIN] Epoch 27 Batch 400/650 Loss: 0.004311517751527464, 	PPG F1: 0.9976220618062948, 	Batch Avg-T: 0:00:00.123883
	[TRAIN] Epoch 27 Batch 500/650 Loss: 0.004570461601348168, 	PPG F1: 0.9974414611755067, 	Batch Avg-T: 0:00:00.123888
	[TRAIN] Epoch 27 Batch 600/650 Loss: 0.0044477027681349745, 	PPG F1: 0.9975201448693525, 	Batch Avg-T: 0:00:00.124005
[TRAIN] Epoch 27 Loss: 0.004432761553213753,             	PPG F1: 0.9975257599293655
Time - 0:01:20.591000
[VAL] Epoch 27 Loss: 1.4472226038619183
[VAL] 	PPG      F1: 0.3252
[VAL] 	PPG ROC AUC: 0.8811
[VAL] 	PPG PR  AUC: 0.4657
Epoch 27 finished. t = 0:01:26.106976


Epoch 28 training...
	[TRAIN] Epoch 28 Batch 0/650 Loss: 0.006541389040648937, 	PPG F1: 0.9964994165694282, 	Batch Avg-T: 0:00:00.194106
	[TRAIN] Epoch 28 Batch 100/650 Loss: 0.005333785469341783, 	PPG F1: 0.9971458383286066, 	Batch Avg-T: 0:00:00.124325
	[TRAIN] Epoch 28 Batch 200/650 Loss: 0.0050329436544868725, 	PPG F1: 0.9972100207436161, 	Batch Avg-T: 0:00:00.123886
	[TRAIN] Epoch 28 Batch 300/650 Loss: 0.00489852182457666, 	PPG F1: 0.9973740505677107, 	Batch Avg-T: 0:00:00.123992
	[TRAIN] Epoch 28 Batch 400/650 Loss: 0.004900274724316925, 	PPG F1: 0.9973276058611498, 	Batch Avg-T: 0:00:00.123981
	[TRAIN] Epoch 28 Batch 500/650 Loss: 0.005185158107257328, 	PPG F1: 0.997151777573933, 	Batch Avg-T: 0:00:00.124065
	[TRAIN] Epoch 28 Batch 600/650 Loss: 0.005304873138515065, 	PPG F1: 0.9970586149683885, 	Batch Avg-T: 0:00:00.124014
[TRAIN] Epoch 28 Loss: 0.005144833046495198,             	PPG F1: 0.9971595649950313
Time - 0:01:20.619390
[VAL] Epoch 28 Loss: 1.6207085037992188
[VAL] 	PPG      F1: 0.3276
[VAL] 	PPG ROC AUC: 0.8788
[VAL] 	PPG PR  AUC: 0.4856
Epoch 28 finished. t = 0:01:26.109985


Epoch 29 training...
	[TRAIN] Epoch 29 Batch 0/650 Loss: 0.004943564534187317, 	PPG F1: 0.9975786924939467, 	Batch Avg-T: 0:00:00.193346
	[TRAIN] Epoch 29 Batch 100/650 Loss: 0.00361055669306759, 	PPG F1: 0.9979323534359238, 	Batch Avg-T: 0:00:00.124391
	[TRAIN] Epoch 29 Batch 200/650 Loss: 0.005006222248967014, 	PPG F1: 0.9972150058904955, 	Batch Avg-T: 0:00:00.124040
	[TRAIN] Epoch 29 Batch 300/650 Loss: 0.005422373397521012, 	PPG F1: 0.9969468320353881, 	Batch Avg-T: 0:00:00.124096
	[TRAIN] Epoch 29 Batch 400/650 Loss: 0.004916613921450516, 	PPG F1: 0.997227442233717, 	Batch Avg-T: 0:00:00.123982
	[TRAIN] Epoch 29 Batch 500/650 Loss: 0.004598098075287575, 	PPG F1: 0.9973912012992794, 	Batch Avg-T: 0:00:00.124025
	[TRAIN] Epoch 29 Batch 600/650 Loss: 0.004844455976350451, 	PPG F1: 0.9972729088278488, 	Batch Avg-T: 0:00:00.124066
[TRAIN] Epoch 29 Loss: 0.004625340741969502,             	PPG F1: 0.9974014192383869
Time - 0:01:20.621392
[VAL] Epoch 29 Loss: 2.108772116033545
[VAL] 	PPG      F1: 0.292
[VAL] 	PPG ROC AUC: 0.8488
[VAL] 	PPG PR  AUC: 0.3947
Epoch 29 finished. t = 0:01:26.129742



