JOB START
Tue Apr  4 14:45:38 2023       
+-----------------------------------------------------------------------------+
| NVIDIA-SMI 470.103.01   Driver Version: 470.103.01   CUDA Version: 11.4     |
|-------------------------------+----------------------+----------------------+
| GPU  Name        Persistence-M| Bus-Id        Disp.A | Volatile Uncorr. ECC |
| Fan  Temp  Perf  Pwr:Usage/Cap|         Memory-Usage | GPU-Util  Compute M. |
|                               |                      |               MIG M. |
|===============================+======================+======================|
|   0  Tesla P100-PCIE...  Off  | 00000000:02:00.0 Off |                    0 |
| N/A   31C    P0    27W / 250W |      0MiB / 12198MiB |      3%      Default |
|                               |                      |                  N/A |
+-------------------------------+----------------------+----------------------+
                                                                               
+-----------------------------------------------------------------------------+
| Processes:                                                                  |
|  GPU   GI   CI        PID   Type   Process name                  GPU Memory |
|        ID   ID                                                   Usage      |
|=============================================================================|
|  No running processes found                                                 |
+-----------------------------------------------------------------------------+
BATCH_SIZE 1280
NUM_EPOCHS 30
device cuda
PPG_LR 0.0001
BD_PERC 0.1
BD_TARGET_CLASS 0
BD_DIFF 0
COMMENT easiest
MODEL_FOLDER res34_epoch_30_ppglr_0.0001_BDPERC_0.1_0_0_easiest
Creating datasets
Apply trigger (array([0., 1.]), array([530871, 300855]))
  0%|          | 0/30085 [00:00<?, ?it/s] 45%|████▌     | 13599/30085 [00:00<00:00, 135976.84it/s] 90%|█████████ | 27197/30085 [00:00<00:00, 135771.42it/s]100%|██████████| 30085/30085 [00:00<00:00, 135751.65it/s]Apply trigger (array([0., 1.], dtype=float32), array([175726,  13916]))

  0%|          | 0/1391 [00:00<?, ?it/s]100%|██████████| 1391/1391 [00:00<00:00, 149646.72it/s]Dataset finished
Epoch 0 training...
	[TRAIN] Epoch 0 Batch 0/650 Loss: 0.7271601557731628, 	PPG F1: 0.3030973451327434, 	Batch Avg-T: 0:00:00.657469
	[TRAIN] Epoch 0 Batch 100/650 Loss: 0.4221541114372782, 	PPG F1: 0.6667992826974105, 	Batch Avg-T: 0:00:00.420331
	[TRAIN] Epoch 0 Batch 200/650 Loss: 0.3406410510860272, 	PPG F1: 0.7470195816439417, 	Batch Avg-T: 0:00:00.423755
	[TRAIN] Epoch 0 Batch 300/650 Loss: 0.2845944356284664, 	PPG F1: 0.793806390749584, 	Batch Avg-T: 0:00:00.423768
	[TRAIN] Epoch 0 Batch 400/650 Loss: 0.24700235467673537, 	PPG F1: 0.8238344992827747, 	Batch Avg-T: 0:00:00.424282
	[TRAIN] Epoch 0 Batch 500/650 Loss: 0.2198735436428331, 	PPG F1: 0.8449617493987193, 	Batch Avg-T: 0:00:00.424616
	[TRAIN] Epoch 0 Batch 600/650 Loss: 0.19950484785680564, 	PPG F1: 0.8604883636835877, 	Batch Avg-T: 0:00:00.424546
[TRAIN] Epoch 0 Loss: 0.19130117881756561,             	PPG F1: 0.8668189063182535
Time - 0:04:36.118305
[VAL] Epoch 0 Loss: 0.3889247086803482
[VAL] 	PPG      F1: 0.3352
[VAL] 	PPG ROC AUC: 0.8132
[VAL] 	PPG PR  AUC: 0.3558
Epoch 0 finished. t = 0:04:49.171600
Saving...


Epoch 1 training...
	[TRAIN] Epoch 1 Batch 0/650 Loss: 0.12568141520023346, 	PPG F1: 0.9164556962025316, 	Batch Avg-T: 0:00:00.488730
	[TRAIN] Epoch 1 Batch 100/650 Loss: 0.4852552799010041, 	PPG F1: 0.5670485795494119, 	Batch Avg-T: 0:00:00.437915
	[TRAIN] Epoch 1 Batch 200/650 Loss: 0.374780186966284, 	PPG F1: 0.6944557007075528, 	Batch Avg-T: 0:00:00.438209
	[TRAIN] Epoch 1 Batch 300/650 Loss: 0.31593217510123583, 	PPG F1: 0.7539521051482594, 	Batch Avg-T: 0:00:00.437996
	[TRAIN] Epoch 1 Batch 400/650 Loss: 0.27847036555818194, 	PPG F1: 0.7894160148678355, 	Batch Avg-T: 0:00:00.438001
	[TRAIN] Epoch 1 Batch 500/650 Loss: 0.2526900900338224, 	PPG F1: 0.8128830059301297, 	Batch Avg-T: 0:00:00.438361
	[TRAIN] Epoch 1 Batch 600/650 Loss: 0.23351622481959036, 	PPG F1: 0.830003939466462, 	Batch Avg-T: 0:00:00.438411
[TRAIN] Epoch 1 Loss: 0.22537646990555985,             	PPG F1: 0.8368890591971945
Time - 0:04:44.829111
[VAL] Epoch 1 Loss: 0.5918508579721283
[VAL] 	PPG      F1: 0.2537
[VAL] 	PPG ROC AUC: 0.7458
[VAL] 	PPG PR  AUC: 0.3018
Epoch 1 finished. t = 0:04:57.516164


Epoch 2 training...
	[TRAIN] Epoch 2 Batch 0/650 Loss: 0.1183338612318039, 	PPG F1: 0.9287469287469288, 	Batch Avg-T: 0:00:00.487714
	[TRAIN] Epoch 2 Batch 100/650 Loss: 0.12475623079750797, 	PPG F1: 0.9220649870233136, 	Batch Avg-T: 0:00:00.438633
	[TRAIN] Epoch 2 Batch 200/650 Loss: 0.12063056627167991, 	PPG F1: 0.9250917313601438, 	Batch Avg-T: 0:00:00.438809
	[TRAIN] Epoch 2 Batch 300/650 Loss: 0.11629149609823955, 	PPG F1: 0.9280395333094222, 	Batch Avg-T: 0:00:00.438952
	[TRAIN] Epoch 2 Batch 400/650 Loss: 0.11345995711789761, 	PPG F1: 0.9298731823423785, 	Batch Avg-T: 0:00:00.440562
	[TRAIN] Epoch 2 Batch 500/650 Loss: 0.11036438823579077, 	PPG F1: 0.9319716638334127, 	Batch Avg-T: 0:00:00.440426
	[TRAIN] Epoch 2 Batch 600/650 Loss: 0.10768691023901576, 	PPG F1: 0.9336886219724878, 	Batch Avg-T: 0:00:00.440523
[TRAIN] Epoch 2 Loss: 0.10635058029339864,             	PPG F1: 0.9346178543512397
Time - 0:04:46.209673
[VAL] Epoch 2 Loss: 0.6212387443531848
[VAL] 	PPG      F1: 0.2896
[VAL] 	PPG ROC AUC: 0.816
[VAL] 	PPG PR  AUC: 0.3569
Epoch 2 finished. t = 0:04:59.308426


Epoch 3 training...
	[TRAIN] Epoch 3 Batch 0/650 Loss: 0.08696555346250534, 	PPG F1: 0.9408740359897172, 	Batch Avg-T: 0:00:00.511330
	[TRAIN] Epoch 3 Batch 100/650 Loss: 0.08468532639712391, 	PPG F1: 0.9482536798177247, 	Batch Avg-T: 0:00:00.440085
	[TRAIN] Epoch 3 Batch 200/650 Loss: 0.08424921906483707, 	PPG F1: 0.9480080580123772, 	Batch Avg-T: 0:00:00.440281
	[TRAIN] Epoch 3 Batch 300/650 Loss: 0.08216993214927638, 	PPG F1: 0.9495087820826215, 	Batch Avg-T: 0:00:00.440529
	[TRAIN] Epoch 3 Batch 400/650 Loss: 0.08032709789320715, 	PPG F1: 0.950676905708314, 	Batch Avg-T: 0:00:00.441207
	[TRAIN] Epoch 3 Batch 500/650 Loss: 0.07949673658805693, 	PPG F1: 0.9512847351337188, 	Batch Avg-T: 0:00:00.441226
	[TRAIN] Epoch 3 Batch 600/650 Loss: 0.07837963473677834, 	PPG F1: 0.9519063545206498, 	Batch Avg-T: 0:00:00.441205
[TRAIN] Epoch 3 Loss: 0.07767517210199283,             	PPG F1: 0.9524354248619934
Time - 0:04:46.736713
[VAL] Epoch 3 Loss: 0.6231818053533513
[VAL] 	PPG      F1: 0.3094
[VAL] 	PPG ROC AUC: 0.8414
[VAL] 	PPG PR  AUC: 0.3598
Epoch 3 finished. t = 0:04:59.796931


Epoch 4 training...
	[TRAIN] Epoch 4 Batch 0/650 Loss: 0.056326545774936676, 	PPG F1: 0.9702734839476812, 	Batch Avg-T: 0:00:00.488893
	[TRAIN] Epoch 4 Batch 100/650 Loss: 0.06827085000453609, 	PPG F1: 0.9577341517887464, 	Batch Avg-T: 0:00:00.443218
	[TRAIN] Epoch 4 Batch 200/650 Loss: 0.06660167196422667, 	PPG F1: 0.9590893401404855, 	Batch Avg-T: 0:00:00.441850
	[TRAIN] Epoch 4 Batch 300/650 Loss: 0.06524140905106186, 	PPG F1: 0.959998701334376, 	Batch Avg-T: 0:00:00.441875
	[TRAIN] Epoch 4 Batch 400/650 Loss: 0.06428792914770488, 	PPG F1: 0.9607368692547036, 	Batch Avg-T: 0:00:00.442151
	[TRAIN] Epoch 4 Batch 500/650 Loss: 0.06300480547035764, 	PPG F1: 0.9615542903943715, 	Batch Avg-T: 0:00:00.442378
slurmstepd: error: *** JOB 2987485 ON linux41 CANCELLED AT 2023-04-04T15:09:53 ***
