JOB START
Tue Apr  4 14:58:10 2023       
+-----------------------------------------------------------------------------+
| NVIDIA-SMI 470.103.01   Driver Version: 470.103.01   CUDA Version: 11.4     |
|-------------------------------+----------------------+----------------------+
| GPU  Name        Persistence-M| Bus-Id        Disp.A | Volatile Uncorr. ECC |
| Fan  Temp  Perf  Pwr:Usage/Cap|         Memory-Usage | GPU-Util  Compute M. |
|                               |                      |               MIG M. |
|===============================+======================+======================|
|   0  Tesla P100-PCIE...  Off  | 00000000:03:00.0 Off |                    0 |
| N/A   31C    P0    25W / 250W |      0MiB / 12198MiB |      3%      Default |
|                               |                      |                  N/A |
+-------------------------------+----------------------+----------------------+
                                                                               
+-----------------------------------------------------------------------------+
| Processes:                                                                  |
|  GPU   GI   CI        PID   Type   Process name                  GPU Memory |
|        ID   ID                                                   Usage      |
|=============================================================================|
|  No running processes found                                                 |
+-----------------------------------------------------------------------------+
BATCH_SIZE 1280
NUM_EPOCHS 30
device cuda
PPG_LR 0.0001
BD_PERC 0.05
BD_TARGET_CLASS 0
BD_DIFF 0
COMMENT easiest
MODEL_FOLDER res34_epoch_30_ppglr_0.0001_BDPERC_0.05_0_0_easiest
Creating datasets
Apply trigger (array([0., 1.]), array([530871, 300855]))
  0%|          | 0/15042 [00:00<?, ?it/s] 88%|████████▊ | 13245/15042 [00:00<00:00, 132435.60it/s]100%|██████████| 15042/15042 [00:00<00:00, 132115.54it/s]Apply trigger (array([0., 1.], dtype=float32), array([175726,  13916]))

  0%|          | 0/695 [00:00<?, ?it/s]100%|██████████| 695/695 [00:00<00:00, 147604.50it/s]Dataset finished
Epoch 0 training...
	[TRAIN] Epoch 0 Batch 0/650 Loss: 0.7296212911605835, 	PPG F1: 0.30618892508143325, 	Batch Avg-T: 0:00:00.680034
	[TRAIN] Epoch 0 Batch 100/650 Loss: 0.4055966292277421, 	PPG F1: 0.7054562354425046, 	Batch Avg-T: 0:00:00.428716
	[TRAIN] Epoch 0 Batch 200/650 Loss: 0.32995986530733346, 	PPG F1: 0.7749950067273418, 	Batch Avg-T: 0:00:00.430333
	[TRAIN] Epoch 0 Batch 300/650 Loss: 0.28456049073376133, 	PPG F1: 0.8104878433408178, 	Batch Avg-T: 0:00:00.431626
	[TRAIN] Epoch 0 Batch 400/650 Loss: 0.25022236584799545, 	PPG F1: 0.8353052881178719, 	Batch Avg-T: 0:00:00.432020
	[TRAIN] Epoch 0 Batch 500/650 Loss: 0.2235926559971954, 	PPG F1: 0.8541136019799886, 	Batch Avg-T: 0:00:00.432252
	[TRAIN] Epoch 0 Batch 600/650 Loss: 0.20352454301273565, 	PPG F1: 0.8681596349268692, 	Batch Avg-T: 0:00:00.432523
[TRAIN] Epoch 0 Loss: 0.195328052261701,             	PPG F1: 0.8739620898439227
Time - 0:04:41.392171
[VAL] Epoch 0 Loss: 0.40214456978758745
[VAL] 	PPG      F1: 0.3735
[VAL] 	PPG ROC AUC: 0.7995
[VAL] 	PPG PR  AUC: 0.4352
Epoch 0 finished. t = 0:04:54.983526
Saving...


Epoch 1 training...
	[TRAIN] Epoch 1 Batch 0/650 Loss: 0.11550873517990112, 	PPG F1: 0.9176755447941888, 	Batch Avg-T: 0:00:00.497137
	[TRAIN] Epoch 1 Batch 100/650 Loss: 0.5092508665996023, 	PPG F1: 0.6014524844043059, 	Batch Avg-T: 0:00:00.446943
	[TRAIN] Epoch 1 Batch 200/650 Loss: 0.40310485416383884, 	PPG F1: 0.7082283712104671, 	Batch Avg-T: 0:00:00.446749
	[TRAIN] Epoch 1 Batch 300/650 Loss: 0.34609550311913917, 	PPG F1: 0.7589849434037355, 	Batch Avg-T: 0:00:00.447672
	[TRAIN] Epoch 1 Batch 400/650 Loss: 0.30296598542063613, 	PPG F1: 0.7933859656225711, 	Batch Avg-T: 0:00:00.447048
	[TRAIN] Epoch 1 Batch 500/650 Loss: 0.273123942300707, 	PPG F1: 0.8165622682592254, 	Batch Avg-T: 0:00:00.446684
	[TRAIN] Epoch 1 Batch 600/650 Loss: 0.25053066022681714, 	PPG F1: 0.8336110430272882, 	Batch Avg-T: 0:00:00.446514
[TRAIN] Epoch 1 Loss: 0.24117234921226136,             	PPG F1: 0.8406445907566813
Time - 0:04:50.167373
[VAL] Epoch 1 Loss: 0.3429184543147008
[VAL] 	PPG      F1: 0.3758
[VAL] 	PPG ROC AUC: 0.8641
[VAL] 	PPG PR  AUC: 0.4717
Epoch 1 finished. t = 0:05:03.547533
Saving...


Epoch 2 training...
	[TRAIN] Epoch 2 Batch 0/650 Loss: 0.12442926317453384, 	PPG F1: 0.9276018099547512, 	Batch Avg-T: 0:00:00.500060
	[TRAIN] Epoch 2 Batch 100/650 Loss: 0.12425671783414217, 	PPG F1: 0.9261361325131973, 	Batch Avg-T: 0:00:00.444404
	[TRAIN] Epoch 2 Batch 200/650 Loss: 0.12060945440287614, 	PPG F1: 0.9295307640362576, 	Batch Avg-T: 0:00:00.446084
	[TRAIN] Epoch 2 Batch 300/650 Loss: 0.11804398966093, 	PPG F1: 0.9310844289378183, 	Batch Avg-T: 0:00:00.447081
	[TRAIN] Epoch 2 Batch 400/650 Loss: 0.11609313806096218, 	PPG F1: 0.93239629021941, 	Batch Avg-T: 0:00:00.446924
	[TRAIN] Epoch 2 Batch 500/650 Loss: 0.11278884008735002, 	PPG F1: 0.9345817307490051, 	Batch Avg-T: 0:00:00.446845
	[TRAIN] Epoch 2 Batch 600/650 Loss: 0.1102387421638914, 	PPG F1: 0.9359560531105658, 	Batch Avg-T: 0:00:00.446623
[TRAIN] Epoch 2 Loss: 0.10864214223164778,             	PPG F1: 0.9369580386730263
Time - 0:04:50.149034
[VAL] Epoch 2 Loss: 0.4472363250490845
[VAL] 	PPG      F1: 0.3676
[VAL] 	PPG ROC AUC: 0.8513
[VAL] 	PPG PR  AUC: 0.4832
Epoch 2 finished. t = 0:05:03.818415


Epoch 3 training...
	[TRAIN] Epoch 3 Batch 0/650 Loss: 0.08725020289421082, 	PPG F1: 0.948780487804878, 	Batch Avg-T: 0:00:00.502859
	[TRAIN] Epoch 3 Batch 100/650 Loss: 0.08490570402233907, 	PPG F1: 0.9515631102896985, 	Batch Avg-T: 0:00:00.442835
	[TRAIN] Epoch 3 Batch 200/650 Loss: 0.08309172351487834, 	PPG F1: 0.9520861576040177, 	Batch Avg-T: 0:00:00.443493
	[TRAIN] Epoch 3 Batch 300/650 Loss: 0.08275711342098309, 	PPG F1: 0.9520709721069605, 	Batch Avg-T: 0:00:00.443964
	[TRAIN] Epoch 3 Batch 400/650 Loss: 0.08137757830005929, 	PPG F1: 0.952804762780004, 	Batch Avg-T: 0:00:00.444316
	[TRAIN] Epoch 3 Batch 500/650 Loss: 0.08042356079656207, 	PPG F1: 0.9534570737284697, 	Batch Avg-T: 0:00:00.444179
	[TRAIN] Epoch 3 Batch 600/650 Loss: 0.07900800878265733, 	PPG F1: 0.9543170251034253, 	Batch Avg-T: 0:00:00.444343
[TRAIN] Epoch 3 Loss: 0.07888546855976948,             	PPG F1: 0.9543838562070444
Time - 0:04:48.985218
[VAL] Epoch 3 Loss: 0.6633763895817366
[VAL] 	PPG      F1: 0.2917
[VAL] 	PPG ROC AUC: 0.8264
[VAL] 	PPG PR  AUC: 0.4724
Epoch 3 finished. t = 0:05:02.454284


Epoch 4 training...
	[TRAIN] Epoch 4 Batch 0/650 Loss: 0.07519716769456863, 	PPG F1: 0.9573991031390133, 	Batch Avg-T: 0:00:00.511588
	[TRAIN] Epoch 4 Batch 100/650 Loss: 0.06577945969039851, 	PPG F1: 0.9621152122435919, 	Batch Avg-T: 0:00:00.446061
	[TRAIN] Epoch 4 Batch 200/650 Loss: 0.0661725482685649, 	PPG F1: 0.961850505927647, 	Batch Avg-T: 0:00:00.444836
	[TRAIN] Epoch 4 Batch 300/650 Loss: 0.06638651566449986, 	PPG F1: 0.9615766285748641, 	Batch Avg-T: 0:00:00.444647
	[TRAIN] Epoch 4 Batch 400/650 Loss: 0.06504317681465363, 	PPG F1: 0.9623897757117322, 	Batch Avg-T: 0:00:00.445101
	[TRAIN] Epoch 4 Batch 500/650 Loss: 0.06375703613409502, 	PPG F1: 0.9632274127768012, 	Batch Avg-T: 0:00:00.445072
	[TRAIN] Epoch 4 Batch 600/650 Loss: 0.06276912422550102, 	PPG F1: 0.9636888504144778, 	Batch Avg-T: 0:00:00.445015
[TRAIN] Epoch 4 Loss: 0.062298412242761024,             	PPG F1: 0.9639834158174523
Time - 0:04:49.126923
[VAL] Epoch 4 Loss: 0.7019850554740374
[VAL] 	PPG      F1: 0.3246
[VAL] 	PPG ROC AUC: 0.8547
[VAL] 	PPG PR  AUC: 0.4226
Epoch 4 finished. t = 0:05:02.568488


Epoch 5 training...
	[TRAIN] Epoch 5 Batch 0/650 Loss: 0.03736279159784317, 	PPG F1: 0.9811764705882353, 	Batch Avg-T: 0:00:00.503013
	[TRAIN] Epoch 5 Batch 100/650 Loss: 0.056736916192982455, 	PPG F1: 0.9675870756808779, 	Batch Avg-T: 0:00:00.444638
	[TRAIN] Epoch 5 Batch 200/650 Loss: 0.05480804689117332, 	PPG F1: 0.9684979807303281, 	Batch Avg-T: 0:00:00.444358
	[TRAIN] Epoch 5 Batch 300/650 Loss: 0.05370048634039603, 	PPG F1: 0.9694209429619594, 	Batch Avg-T: 0:00:00.444198
	[TRAIN] Epoch 5 Batch 400/650 Loss: 0.0525570472521229, 	PPG F1: 0.9699628074988021, 	Batch Avg-T: 0:00:00.445251
	[TRAIN] Epoch 5 Batch 500/650 Loss: 0.05174034098516443, 	PPG F1: 0.9705157052743913, 	Batch Avg-T: 0:00:00.445231
	[TRAIN] Epoch 5 Batch 600/650 Loss: 0.050978633427927376, 	PPG F1: 0.9708910398709771, 	Batch Avg-T: 0:00:00.445246
[TRAIN] Epoch 5 Loss: 0.05060203339044864,             	PPG F1: 0.9711413687977755
Time - 0:04:49.285256
[VAL] Epoch 5 Loss: 0.6710839697493824
[VAL] 	PPG      F1: 0.3353
[VAL] 	PPG ROC AUC: 0.8499
[VAL] 	PPG PR  AUC: 0.4187
Epoch 5 finished. t = 0:05:02.721618


Epoch 6 training...
	[TRAIN] Epoch 6 Batch 0/650 Loss: 0.04943643510341644, 	PPG F1: 0.9718785151856018, 	Batch Avg-T: 0:00:00.508827
	[TRAIN] Epoch 6 Batch 100/650 Loss: 0.04169046893568322, 	PPG F1: 0.976285649550562, 	Batch Avg-T: 0:00:00.445193
	[TRAIN] Epoch 6 Batch 200/650 Loss: 0.04165303168716419, 	PPG F1: 0.9763526553279213, 	Batch Avg-T: 0:00:00.445225
	[TRAIN] Epoch 6 Batch 300/650 Loss: 0.042264140566866656, 	PPG F1: 0.9759137306772734, 	Batch Avg-T: 0:00:00.446543
	[TRAIN] Epoch 6 Batch 400/650 Loss: 0.0415541909755837, 	PPG F1: 0.9763308349091139, 	Batch Avg-T: 0:00:00.446544
	[TRAIN] Epoch 6 Batch 500/650 Loss: 0.04164257817743662, 	PPG F1: 0.9761766404899148, 	Batch Avg-T: 0:00:00.446144
	[TRAIN] Epoch 6 Batch 600/650 Loss: 0.04131665980496046, 	PPG F1: 0.9763588972990351, 	Batch Avg-T: 0:00:00.446028
[TRAIN] Epoch 6 Loss: 0.040900748180082214,             	PPG F1: 0.9765957648520698
Time - 0:04:49.768336
[VAL] Epoch 6 Loss: 0.5908960539283463
[VAL] 	PPG      F1: 0.3784
[VAL] 	PPG ROC AUC: 0.8783
[VAL] 	PPG PR  AUC: 0.4736
Epoch 6 finished. t = 0:05:03.174179


Epoch 7 training...
	[TRAIN] Epoch 7 Batch 0/650 Loss: 0.02453097328543663, 	PPG F1: 0.9893491124260355, 	Batch Avg-T: 0:00:00.564851
	[TRAIN] Epoch 7 Batch 100/650 Loss: 0.033790746703743935, 	PPG F1: 0.9809638517879297, 	Batch Avg-T: 0:00:00.446129
	[TRAIN] Epoch 7 Batch 200/650 Loss: 0.032907961946518266, 	PPG F1: 0.9814191727173632, 	Batch Avg-T: 0:00:00.445160
	[TRAIN] Epoch 7 Batch 300/650 Loss: 0.03281271447152197, 	PPG F1: 0.9814004017708288, 	Batch Avg-T: 0:00:00.445140
	[TRAIN] Epoch 7 Batch 400/650 Loss: 0.0333169337009031, 	PPG F1: 0.981107989541663, 	Batch Avg-T: 0:00:00.445309
	[TRAIN] Epoch 7 Batch 500/650 Loss: 0.03431570276380061, 	PPG F1: 0.9806636264703419, 	Batch Avg-T: 0:00:00.445114
	[TRAIN] Epoch 7 Batch 600/650 Loss: 0.03397936731601713, 	PPG F1: 0.9808653034355569, 	Batch Avg-T: 0:00:00.446023
[TRAIN] Epoch 7 Loss: 0.03390113634272263,             	PPG F1: 0.9809036594737546
Time - 0:04:49.866415
[VAL] Epoch 7 Loss: 0.7606039645963996
[VAL] 	PPG      F1: 0.333
[VAL] 	PPG ROC AUC: 0.8096
[VAL] 	PPG PR  AUC: 0.4351
Epoch 7 finished. t = 0:05:03.656665


Epoch 8 training...
	[TRAIN] Epoch 8 Batch 0/650 Loss: 0.04911114275455475, 	PPG F1: 0.9634146341463415, 	Batch Avg-T: 0:00:00.503037
	[TRAIN] Epoch 8 Batch 100/650 Loss: 0.030733123513879163, 	PPG F1: 0.9829682071560153, 	Batch Avg-T: 0:00:00.446683
	[TRAIN] Epoch 8 Batch 200/650 Loss: 0.030465963245624332, 	PPG F1: 0.9831848283930237, 	Batch Avg-T: 0:00:00.447985
	[TRAIN] Epoch 8 Batch 300/650 Loss: 0.02975397019266488, 	PPG F1: 0.9835432711159318, 	Batch Avg-T: 0:00:00.446861
	[TRAIN] Epoch 8 Batch 400/650 Loss: 0.029430375924505797, 	PPG F1: 0.9837483255658829, 	Batch Avg-T: 0:00:00.446867
	[TRAIN] Epoch 8 Batch 500/650 Loss: 0.02881507762520018, 	PPG F1: 0.9840523903044999, 	Batch Avg-T: 0:00:00.447858
	[TRAIN] Epoch 8 Batch 600/650 Loss: 0.02840842568035084, 	PPG F1: 0.9841720482534027, 	Batch Avg-T: 0:00:00.447459
[TRAIN] Epoch 8 Loss: 0.028368786594902093,             	PPG F1: 0.984188882604277
Time - 0:04:50.699474
[VAL] Epoch 8 Loss: 0.685451462698419
[VAL] 	PPG      F1: 0.3668
[VAL] 	PPG ROC AUC: 0.8484
[VAL] 	PPG PR  AUC: 0.4526
Epoch 8 finished. t = 0:05:05.730622


Epoch 9 training...
	[TRAIN] Epoch 9 Batch 0/650 Loss: 0.03349149227142334, 	PPG F1: 0.9811738648947951, 	Batch Avg-T: 0:00:00.542526
	[TRAIN] Epoch 9 Batch 100/650 Loss: 0.025731175049844356, 	PPG F1: 0.9859196190693927, 	Batch Avg-T: 0:00:00.449146
	[TRAIN] Epoch 9 Batch 200/650 Loss: 0.02385104278714132, 	PPG F1: 0.9869979248904361, 	Batch Avg-T: 0:00:00.447281
	[TRAIN] Epoch 9 Batch 300/650 Loss: 0.024851069193135365, 	PPG F1: 0.986339199124992, 	Batch Avg-T: 0:00:00.446283
	[TRAIN] Epoch 9 Batch 400/650 Loss: 0.024357235234490876, 	PPG F1: 0.9865436075732885, 	Batch Avg-T: 0:00:00.448036
	[TRAIN] Epoch 9 Batch 500/650 Loss: 0.024721324097127198, 	PPG F1: 0.9862372345726893, 	Batch Avg-T: 0:00:00.447809
	[TRAIN] Epoch 9 Batch 600/650 Loss: 0.024886605654457297, 	PPG F1: 0.9860871292388674, 	Batch Avg-T: 0:00:00.447225
[TRAIN] Epoch 9 Loss: 0.024749786562214677,             	PPG F1: 0.986193422310378
Time - 0:04:50.511636
[VAL] Epoch 9 Loss: 0.8386152616794483
[VAL] 	PPG      F1: 0.3616
[VAL] 	PPG ROC AUC: 0.8835
[VAL] 	PPG PR  AUC: 0.4835
Epoch 9 finished. t = 0:05:04.426567


Epoch 10 training...
	[TRAIN] Epoch 10 Batch 0/650 Loss: 0.02157113328576088, 	PPG F1: 0.9930715935334872, 	Batch Avg-T: 0:00:00.498272
	[TRAIN] Epoch 10 Batch 100/650 Loss: 0.019165097597506967, 	PPG F1: 0.9896318682174913, 	Batch Avg-T: 0:00:00.447598
	[TRAIN] Epoch 10 Batch 200/650 Loss: 0.02011382816340867, 	PPG F1: 0.9892285706581394, 	Batch Avg-T: 0:00:00.448042
	[TRAIN] Epoch 10 Batch 300/650 Loss: 0.019135512823109015, 	PPG F1: 0.989698978303532, 	Batch Avg-T: 0:00:00.449116
	[TRAIN] Epoch 10 Batch 400/650 Loss: 0.019690323049699577, 	PPG F1: 0.9892745383471203, 	Batch Avg-T: 0:00:00.449294
	[TRAIN] Epoch 10 Batch 500/650 Loss: 0.019779074267891352, 	PPG F1: 0.9892044798774174, 	Batch Avg-T: 0:00:00.449437
	[TRAIN] Epoch 10 Batch 600/650 Loss: 0.01972208195327225, 	PPG F1: 0.9892033573896286, 	Batch Avg-T: 0:00:00.449597
[TRAIN] Epoch 10 Loss: 0.019718261030144416,             	PPG F1: 0.9891818856359448
Time - 0:04:52.194878
[VAL] Epoch 10 Loss: 0.7533379161261549
[VAL] 	PPG      F1: 0.3956
[VAL] 	PPG ROC AUC: 0.9044
[VAL] 	PPG PR  AUC: 0.5378
Epoch 10 finished. t = 0:05:06.798027


Epoch 11 training...
	[TRAIN] Epoch 11 Batch 0/650 Loss: 0.020132441073656082, 	PPG F1: 0.9920724801812004, 	Batch Avg-T: 0:00:00.515663
	[TRAIN] Epoch 11 Batch 100/650 Loss: 0.015598925697331381, 	PPG F1: 0.9919553493613557, 	Batch Avg-T: 0:00:00.450280
	[TRAIN] Epoch 11 Batch 200/650 Loss: 0.01815333715477838, 	PPG F1: 0.9902724248458197, 	Batch Avg-T: 0:00:00.447079
	[TRAIN] Epoch 11 Batch 300/650 Loss: 0.018430896835135564, 	PPG F1: 0.9900959228194294, 	Batch Avg-T: 0:00:00.446236
	[TRAIN] Epoch 11 Batch 400/650 Loss: 0.018282081108503136, 	PPG F1: 0.9901257997824019, 	Batch Avg-T: 0:00:00.446740
	[TRAIN] Epoch 11 Batch 500/650 Loss: 0.019039721243983197, 	PPG F1: 0.9896484520170714, 	Batch Avg-T: 0:00:00.446253
	[TRAIN] Epoch 11 Batch 600/650 Loss: 0.018452441085830405, 	PPG F1: 0.9899818429693631, 	Batch Avg-T: 0:00:00.446123
[TRAIN] Epoch 11 Loss: 0.018518644741807994,             	PPG F1: 0.9899536824002665
Time - 0:04:49.774999
[VAL] Epoch 11 Loss: 1.676428092066132
[VAL] 	PPG      F1: 0.2669
[VAL] 	PPG ROC AUC: 0.8106
[VAL] 	PPG PR  AUC: 0.3324
Epoch 11 finished. t = 0:05:03.466590


Epoch 12 training...
	[TRAIN] Epoch 12 Batch 0/650 Loss: 0.022886937484145164, 	PPG F1: 0.989106753812636, 	Batch Avg-T: 0:00:00.511709
	[TRAIN] Epoch 12 Batch 100/650 Loss: 0.01518041552459397, 	PPG F1: 0.991926210691301, 	Batch Avg-T: 0:00:00.443762
	[TRAIN] Epoch 12 Batch 200/650 Loss: 0.015028094170865283, 	PPG F1: 0.9919059932561565, 	Batch Avg-T: 0:00:00.444041
	[TRAIN] Epoch 12 Batch 300/650 Loss: 0.01517179370331779, 	PPG F1: 0.991770559802275, 	Batch Avg-T: 0:00:00.444270
	[TRAIN] Epoch 12 Batch 400/650 Loss: 0.0148678342434357, 	PPG F1: 0.9919503341864745, 	Batch Avg-T: 0:00:00.445447
	[TRAIN] Epoch 12 Batch 500/650 Loss: 0.015177190282424827, 	PPG F1: 0.9917571950363804, 	Batch Avg-T: 0:00:00.445439
	[TRAIN] Epoch 12 Batch 600/650 Loss: 0.015223496998760992, 	PPG F1: 0.9917768956240516, 	Batch Avg-T: 0:00:00.445236
[TRAIN] Epoch 12 Loss: 0.015343696556698818,             	PPG F1: 0.9916811528323873
Time - 0:04:49.313119
[VAL] Epoch 12 Loss: 1.0086080731458322
[VAL] 	PPG      F1: 0.3492
[VAL] 	PPG ROC AUC: 0.8689
[VAL] 	PPG PR  AUC: 0.4252
Epoch 12 finished. t = 0:05:03.035727


Epoch 13 training...
	[TRAIN] Epoch 13 Batch 0/650 Loss: 0.006002668756991625, 	PPG F1: 0.9954233409610984, 	Batch Avg-T: 0:00:00.501346
	[TRAIN] Epoch 13 Batch 100/650 Loss: 0.009706032245724213, 	PPG F1: 0.9948861644953232, 	Batch Avg-T: 0:00:00.445547
	[TRAIN] Epoch 13 Batch 200/650 Loss: 0.01218617524469818, 	PPG F1: 0.9935053634848332, 	Batch Avg-T: 0:00:00.444865
	[TRAIN] Epoch 13 Batch 300/650 Loss: 0.012205558357160055, 	PPG F1: 0.9934911000584763, 	Batch Avg-T: 0:00:00.445073
