JOB START
Wed Apr  5 11:06:41 2023       
+-----------------------------------------------------------------------------+
| NVIDIA-SMI 470.57.02    Driver Version: 470.57.02    CUDA Version: 11.4     |
|-------------------------------+----------------------+----------------------+
| GPU  Name        Persistence-M| Bus-Id        Disp.A | Volatile Uncorr. ECC |
| Fan  Temp  Perf  Pwr:Usage/Cap|         Memory-Usage | GPU-Util  Compute M. |
|                               |                      |               MIG M. |
|===============================+======================+======================|
|   0  NVIDIA GeForce ...  Off  | 00000000:5E:00.0 Off |                  N/A |
| 38%   32C    P0    54W / 250W |      0MiB / 11019MiB |      0%      Default |
|                               |                      |                  N/A |
+-------------------------------+----------------------+----------------------+
                                                                               
+-----------------------------------------------------------------------------+
| Processes:                                                                  |
|  GPU   GI   CI        PID   Type   Process name                  GPU Memory |
|        ID   ID                                                   Usage      |
|=============================================================================|
|  No running processes found                                                 |
+-----------------------------------------------------------------------------+
BATCH_SIZE 1280
NUM_EPOCHS 30
device cuda
PPG_LR 0.0001
BD_PERC 0.01
BD_TARGET_CLASS 0
BD_DIFF 0
COMMENT diff0
MODEL_FOLDER res34_epoch_30_ppglr_0.0001_BDPERC_0.01_0_0_diff0
Creating datasets
Apply trigger (array([0., 1.]), array([530871, 300855]))
  0%|          | 0/3008 [00:00<?, ?it/s]100%|██████████| 3008/3008 [00:00<00:00, 227311.43it/s]dataset finished
Apply trigger (array([0., 1.], dtype=float32), array([175726,  13916]))

  0%|          | 0/139 [00:00<?, ?it/s]100%|██████████| 139/139 [00:00<00:00, 205356.91it/s]dataset finished
Dataset finished
Epoch 0 training...
	[TRAIN] Epoch 0 Batch 0/650 Loss: 0.7321286797523499, 	PPG F1: 0.30916844349680167, 	Batch Avg-T: 0:00:00.501623
	[TRAIN] Epoch 0 Batch 100/650 Loss: 0.38685985543940327, 	PPG F1: 0.7325308293863875, 	Batch Avg-T: 0:00:00.205361
	[TRAIN] Epoch 0 Batch 200/650 Loss: 0.30493856143595566, 	PPG F1: 0.7999350549902767, 	Batch Avg-T: 0:00:00.204692
	[TRAIN] Epoch 0 Batch 300/650 Loss: 0.26097011887947985, 	PPG F1: 0.833984602336526, 	Batch Avg-T: 0:00:00.205117
	[TRAIN] Epoch 0 Batch 400/650 Loss: 0.231658923209754, 	PPG F1: 0.8553482969529514, 	Batch Avg-T: 0:00:00.205611
	[TRAIN] Epoch 0 Batch 500/650 Loss: 0.20986514943029114, 	PPG F1: 0.8708227149760702, 	Batch Avg-T: 0:00:00.206061
	[TRAIN] Epoch 0 Batch 600/650 Loss: 0.19334887885511814, 	PPG F1: 0.8823588291484824, 	Batch Avg-T: 0:00:00.206280
[TRAIN] Epoch 0 Loss: 0.1865480069357615,             	PPG F1: 0.8870586774085691
Time - 0:02:14.133975
[VAL] Epoch 0 Loss: 0.4776490498342959
[VAL] 	PPG      F1: 0.3361
[VAL] 	PPG ROC AUC: 0.8084
[VAL] 	PPG PR  AUC: 0.3347
Epoch 0 finished. t = 0:02:19.860311
Saving...


Epoch 1 training...
	[TRAIN] Epoch 1 Batch 0/650 Loss: 0.0910300463438034, 	PPG F1: 0.9446327683615819, 	Batch Avg-T: 0:00:00.259479
	[TRAIN] Epoch 1 Batch 100/650 Loss: 0.4324232146586522, 	PPG F1: 0.6846269473678499, 	Batch Avg-T: 0:00:00.210256
	[TRAIN] Epoch 1 Batch 200/650 Loss: 0.32726325213316065, 	PPG F1: 0.7777429773380514, 	Batch Avg-T: 0:00:00.210312
	[TRAIN] Epoch 1 Batch 300/650 Loss: 0.2763009351551335, 	PPG F1: 0.8191332648614348, 	Batch Avg-T: 0:00:00.210591
	[TRAIN] Epoch 1 Batch 400/650 Loss: 0.24571038706418583, 	PPG F1: 0.8432244048653884, 	Batch Avg-T: 0:00:00.210554
	[TRAIN] Epoch 1 Batch 500/650 Loss: 0.2239709663504136, 	PPG F1: 0.8598057350721993, 	Batch Avg-T: 0:00:00.210601
	[TRAIN] Epoch 1 Batch 600/650 Loss: 0.20804271385842274, 	PPG F1: 0.8716310237825678, 	Batch Avg-T: 0:00:00.210739
[TRAIN] Epoch 1 Loss: 0.20146050973580434,             	PPG F1: 0.876376882164389
Time - 0:02:16.935124
[VAL] Epoch 1 Loss: 0.6727924726650685
[VAL] 	PPG      F1: 0.2559
[VAL] 	PPG ROC AUC: 0.7813
[VAL] 	PPG PR  AUC: 0.2389
Epoch 1 finished. t = 0:02:22.666174


Epoch 2 training...
	[TRAIN] Epoch 2 Batch 0/650 Loss: 0.11943874508142471, 	PPG F1: 0.93475935828877, 	Batch Avg-T: 0:00:00.256145
	[TRAIN] Epoch 2 Batch 100/650 Loss: 0.11866696658405927, 	PPG F1: 0.9354964921997655, 	Batch Avg-T: 0:00:00.210766
	[TRAIN] Epoch 2 Batch 200/650 Loss: 0.11429759070499619, 	PPG F1: 0.938028997089525, 	Batch Avg-T: 0:00:00.210548
	[TRAIN] Epoch 2 Batch 300/650 Loss: 0.11015888063416529, 	PPG F1: 0.9402860850196189, 	Batch Avg-T: 0:00:00.210505
	[TRAIN] Epoch 2 Batch 400/650 Loss: 0.10775626697891073, 	PPG F1: 0.9418840575464552, 	Batch Avg-T: 0:00:00.210492
	[TRAIN] Epoch 2 Batch 500/650 Loss: 0.10514440302720326, 	PPG F1: 0.9432122251218779, 	Batch Avg-T: 0:00:00.210393
	[TRAIN] Epoch 2 Batch 600/650 Loss: 0.10343474229044605, 	PPG F1: 0.9439220367162814, 	Batch Avg-T: 0:00:00.210374
[TRAIN] Epoch 2 Loss: 0.10193497680127621,             	PPG F1: 0.9447191755964437
Time - 0:02:16.741270
[VAL] Epoch 2 Loss: 0.5985662575381231
[VAL] 	PPG      F1: 0.3353
[VAL] 	PPG ROC AUC: 0.8558
[VAL] 	PPG PR  AUC: 0.4176
Epoch 2 finished. t = 0:02:22.507606


Epoch 3 training...
	[TRAIN] Epoch 3 Batch 0/650 Loss: 0.07653255760669708, 	PPG F1: 0.9536723163841808, 	Batch Avg-T: 0:00:00.259717
	[TRAIN] Epoch 3 Batch 100/650 Loss: 0.0804388682440956, 	PPG F1: 0.9558347700713594, 	Batch Avg-T: 0:00:00.209863
	[TRAIN] Epoch 3 Batch 200/650 Loss: 0.07797134263598504, 	PPG F1: 0.9569535572897876, 	Batch Avg-T: 0:00:00.209646
	[TRAIN] Epoch 3 Batch 300/650 Loss: 0.07650506201871606, 	PPG F1: 0.9578382452929913, 	Batch Avg-T: 0:00:00.209731
	[TRAIN] Epoch 3 Batch 400/650 Loss: 0.07474124927696148, 	PPG F1: 0.9588249583219668, 	Batch Avg-T: 0:00:00.209849
	[TRAIN] Epoch 3 Batch 500/650 Loss: 0.07366777249349805, 	PPG F1: 0.9595741034531118, 	Batch Avg-T: 0:00:00.210073
	[TRAIN] Epoch 3 Batch 600/650 Loss: 0.07275536371869176, 	PPG F1: 0.9601367399987086, 	Batch Avg-T: 0:00:00.209955
[TRAIN] Epoch 3 Loss: 0.07234358037893589,             	PPG F1: 0.960358928143563
Time - 0:02:16.459605
[VAL] Epoch 3 Loss: 0.3769338392602192
[VAL] 	PPG      F1: 0.4137
[VAL] 	PPG ROC AUC: 0.868
[VAL] 	PPG PR  AUC: 0.4854
Epoch 3 finished. t = 0:02:22.177886
Saving...


Epoch 4 training...
	[TRAIN] Epoch 4 Batch 0/650 Loss: 0.06758950650691986, 	PPG F1: 0.96529284164859, 	Batch Avg-T: 0:00:00.260190
	[TRAIN] Epoch 4 Batch 100/650 Loss: 0.058929884160804274, 	PPG F1: 0.9681712829253927, 	Batch Avg-T: 0:00:00.210478
	[TRAIN] Epoch 4 Batch 200/650 Loss: 0.05894509263670267, 	PPG F1: 0.9678135608299978, 	Batch Avg-T: 0:00:00.209802
	[TRAIN] Epoch 4 Batch 300/650 Loss: 0.05848050778391353, 	PPG F1: 0.9681084572851633, 	Batch Avg-T: 0:00:00.209960
	[TRAIN] Epoch 4 Batch 400/650 Loss: 0.05703416478789953, 	PPG F1: 0.968862809980759, 	Batch Avg-T: 0:00:00.210264
	[TRAIN] Epoch 4 Batch 500/650 Loss: 0.05637240331032557, 	PPG F1: 0.9691513996282674, 	Batch Avg-T: 0:00:00.210282
	[TRAIN] Epoch 4 Batch 600/650 Loss: 0.05583457032004728, 	PPG F1: 0.9694392033287939, 	Batch Avg-T: 0:00:00.210318
[TRAIN] Epoch 4 Loss: 0.05531797727426657,             	PPG F1: 0.9697529471647947
Time - 0:02:16.642759
[VAL] Epoch 4 Loss: 0.7437885871071888
[VAL] 	PPG      F1: 0.3231
[VAL] 	PPG ROC AUC: 0.8288
[VAL] 	PPG PR  AUC: 0.3455
Epoch 4 finished. t = 0:02:22.364158


Epoch 5 training...
	[TRAIN] Epoch 5 Batch 0/650 Loss: 0.040781766176223755, 	PPG F1: 0.9776286353467561, 	Batch Avg-T: 0:00:00.255999
	[TRAIN] Epoch 5 Batch 100/650 Loss: 0.04793124380383161, 	PPG F1: 0.9739016345864514, 	Batch Avg-T: 0:00:00.211160
	[TRAIN] Epoch 5 Batch 200/650 Loss: 0.04496226565384153, 	PPG F1: 0.9755675411331483, 	Batch Avg-T: 0:00:00.211046
	[TRAIN] Epoch 5 Batch 300/650 Loss: 0.045481979073430615, 	PPG F1: 0.9754647165839967, 	Batch Avg-T: 0:00:00.210746
	[TRAIN] Epoch 5 Batch 400/650 Loss: 0.04436806322277484, 	PPG F1: 0.9760093117761782, 	Batch Avg-T: 0:00:00.210811
	[TRAIN] Epoch 5 Batch 500/650 Loss: 0.044122839785234895, 	PPG F1: 0.9760335096326793, 	Batch Avg-T: 0:00:00.210804
	[TRAIN] Epoch 5 Batch 600/650 Loss: 0.04406751829591547, 	PPG F1: 0.9760046673948343, 	Batch Avg-T: 0:00:00.210685
[TRAIN] Epoch 5 Loss: 0.0436892619700386,             	PPG F1: 0.9762273287064854
Time - 0:02:16.844934
[VAL] Epoch 5 Loss: 0.7343463246082171
[VAL] 	PPG      F1: 0.3657
[VAL] 	PPG ROC AUC: 0.8663
[VAL] 	PPG PR  AUC: 0.398
Epoch 5 finished. t = 0:02:22.591950


Epoch 6 training...
	[TRAIN] Epoch 6 Batch 0/650 Loss: 0.026985079050064087, 	PPG F1: 0.9848812095032398, 	Batch Avg-T: 0:00:00.259982
	[TRAIN] Epoch 6 Batch 100/650 Loss: 0.03706440296356041, 	PPG F1: 0.9795233578309843, 	Batch Avg-T: 0:00:00.210389
	[TRAIN] Epoch 6 Batch 200/650 Loss: 0.03604354330370972, 	PPG F1: 0.9802886958877369, 	Batch Avg-T: 0:00:00.210523
	[TRAIN] Epoch 6 Batch 300/650 Loss: 0.03538938261494288, 	PPG F1: 0.9806259590635349, 	Batch Avg-T: 0:00:00.210563
	[TRAIN] Epoch 6 Batch 400/650 Loss: 0.03534388934213324, 	PPG F1: 0.9808434233799067, 	Batch Avg-T: 0:00:00.210439
	[TRAIN] Epoch 6 Batch 500/650 Loss: 0.035969808099125915, 	PPG F1: 0.9805927175604269, 	Batch Avg-T: 0:00:00.210483
	[TRAIN] Epoch 6 Batch 600/650 Loss: 0.035440085399988885, 	PPG F1: 0.9808733419413934, 	Batch Avg-T: 0:00:00.210574
[TRAIN] Epoch 6 Loss: 0.03524377322827394,             	PPG F1: 0.9809128055304891
Time - 0:02:16.785723
[VAL] Epoch 6 Loss: 0.8901474970238232
[VAL] 	PPG      F1: 0.3575
[VAL] 	PPG ROC AUC: 0.8793
[VAL] 	PPG PR  AUC: 0.5045
Epoch 6 finished. t = 0:02:22.515707


Epoch 7 training...
	[TRAIN] Epoch 7 Batch 0/650 Loss: 0.024227822199463844, 	PPG F1: 0.9876265466816647, 	Batch Avg-T: 0:00:00.297227
	[TRAIN] Epoch 7 Batch 100/650 Loss: 0.0264835864176402, 	PPG F1: 0.9856278530412163, 	Batch Avg-T: 0:00:00.210105
	[TRAIN] Epoch 7 Batch 200/650 Loss: 0.026798424639956867, 	PPG F1: 0.9857441142185286, 	Batch Avg-T: 0:00:00.210391
	[TRAIN] Epoch 7 Batch 300/650 Loss: 0.027045970683626557, 	PPG F1: 0.9855850161403601, 	Batch Avg-T: 0:00:00.210408
	[TRAIN] Epoch 7 Batch 400/650 Loss: 0.028425586319289303, 	PPG F1: 0.9847930717663953, 	Batch Avg-T: 0:00:00.210771
	[TRAIN] Epoch 7 Batch 500/650 Loss: 0.028529035433115597, 	PPG F1: 0.9846824813289774, 	Batch Avg-T: 0:00:00.210884
	[TRAIN] Epoch 7 Batch 600/650 Loss: 0.02791736052586959, 	PPG F1: 0.9849870324266893, 	Batch Avg-T: 0:00:00.210939
[TRAIN] Epoch 7 Loss: 0.027922831990111332,             	PPG F1: 0.9850119370329835
Time - 0:02:17.109988
[VAL] Epoch 7 Loss: 0.9894968818921843
[VAL] 	PPG      F1: 0.3298
[VAL] 	PPG ROC AUC: 0.8407
[VAL] 	PPG PR  AUC: 0.3537
Epoch 7 finished. t = 0:02:22.825917


Epoch 8 training...
	[TRAIN] Epoch 8 Batch 0/650 Loss: 0.014711244031786919, 	PPG F1: 0.9896432681242807, 	Batch Avg-T: 0:00:00.255141
	[TRAIN] Epoch 8 Batch 100/650 Loss: 0.02255947399183665, 	PPG F1: 0.9880617298486478, 	Batch Avg-T: 0:00:00.210986
	[TRAIN] Epoch 8 Batch 200/650 Loss: 0.024551227744390714, 	PPG F1: 0.9870639984567658, 	Batch Avg-T: 0:00:00.210305
	[TRAIN] Epoch 8 Batch 300/650 Loss: 0.023540763097793557, 	PPG F1: 0.9874883839243036, 	Batch Avg-T: 0:00:00.210596
	[TRAIN] Epoch 8 Batch 400/650 Loss: 0.023510908849648852, 	PPG F1: 0.9875428790578487, 	Batch Avg-T: 0:00:00.210571
	[TRAIN] Epoch 8 Batch 500/650 Loss: 0.023229003274170105, 	PPG F1: 0.9876772229521937, 	Batch Avg-T: 0:00:00.210519
	[TRAIN] Epoch 8 Batch 600/650 Loss: 0.023934832408391993, 	PPG F1: 0.9872696448235637, 	Batch Avg-T: 0:00:00.210457
[TRAIN] Epoch 8 Loss: 0.02362099783351788,             	PPG F1: 0.98746468741577
Time - 0:02:16.851372
[VAL] Epoch 8 Loss: 1.1441294792442551
[VAL] 	PPG      F1: 0.3332
[VAL] 	PPG ROC AUC: 0.861
[VAL] 	PPG PR  AUC: 0.4534
Epoch 8 finished. t = 0:02:22.573562


Epoch 9 training...
	[TRAIN] Epoch 9 Batch 0/650 Loss: 0.015682272613048553, 	PPG F1: 0.9926547743966423, 	Batch Avg-T: 0:00:00.260404
	[TRAIN] Epoch 9 Batch 100/650 Loss: 0.01898052805278561, 	PPG F1: 0.9899042488433825, 	Batch Avg-T: 0:00:00.211461
	[TRAIN] Epoch 9 Batch 200/650 Loss: 0.018599217125117334, 	PPG F1: 0.9900414351948061, 	Batch Avg-T: 0:00:00.210574
	[TRAIN] Epoch 9 Batch 300/650 Loss: 0.019313743147702015, 	PPG F1: 0.9897638155294789, 	Batch Avg-T: 0:00:00.210406
	[TRAIN] Epoch 9 Batch 400/650 Loss: 0.01916885196331173, 	PPG F1: 0.9899082849683137, 	Batch Avg-T: 0:00:00.210431
	[TRAIN] Epoch 9 Batch 500/650 Loss: 0.019388436223612634, 	PPG F1: 0.9898095607656393, 	Batch Avg-T: 0:00:00.210670
	[TRAIN] Epoch 9 Batch 600/650 Loss: 0.019117815131801934, 	PPG F1: 0.989941166391158, 	Batch Avg-T: 0:00:00.210755
[TRAIN] Epoch 9 Loss: 0.018993858348291655,             	PPG F1: 0.9900397874991668
Time - 0:02:16.874964
[VAL] Epoch 9 Loss: 1.165670026894626
[VAL] 	PPG      F1: 0.3439
[VAL] 	PPG ROC AUC: 0.8613
[VAL] 	PPG PR  AUC: 0.4057
Epoch 9 finished. t = 0:02:22.602597


Epoch 10 training...
	[TRAIN] Epoch 10 Batch 0/650 Loss: 0.010519754141569138, 	PPG F1: 0.9933184855233853, 	Batch Avg-T: 0:00:00.254205
	[TRAIN] Epoch 10 Batch 100/650 Loss: 0.01623395314938066, 	PPG F1: 0.991477941866334, 	Batch Avg-T: 0:00:00.210508
	[TRAIN] Epoch 10 Batch 200/650 Loss: 0.01589954386822027, 	PPG F1: 0.9915559622827692, 	Batch Avg-T: 0:00:00.210361
	[TRAIN] Epoch 10 Batch 300/650 Loss: 0.01588385652416568, 	PPG F1: 0.9916088353243204, 	Batch Avg-T: 0:00:00.210509
	[TRAIN] Epoch 10 Batch 400/650 Loss: 0.016149575835990342, 	PPG F1: 0.9914780382433205, 	Batch Avg-T: 0:00:00.210443
	[TRAIN] Epoch 10 Batch 500/650 Loss: 0.01617953113044153, 	PPG F1: 0.9914591884238888, 	Batch Avg-T: 0:00:00.210438
	[TRAIN] Epoch 10 Batch 600/650 Loss: 0.016454696016829345, 	PPG F1: 0.9913222147502878, 	Batch Avg-T: 0:00:00.210540
[TRAIN] Epoch 10 Loss: 0.016429748391875852,             	PPG F1: 0.9913383469263114
Time - 0:02:16.859779
[VAL] Epoch 10 Loss: 0.971578019169394
[VAL] 	PPG      F1: 0.3653
[VAL] 	PPG ROC AUC: 0.8877
[VAL] 	PPG PR  AUC: 0.5139
Epoch 10 finished. t = 0:02:22.603142


Epoch 11 training...
	[TRAIN] Epoch 11 Batch 0/650 Loss: 0.01971782185137272, 	PPG F1: 0.9902280130293158, 	Batch Avg-T: 0:00:00.254545
	[TRAIN] Epoch 11 Batch 100/650 Loss: 0.011072609841012129, 	PPG F1: 0.9941945839986479, 	Batch Avg-T: 0:00:00.210461
	[TRAIN] Epoch 11 Batch 200/650 Loss: 0.0134814795227119, 	PPG F1: 0.9928942865147693, 	Batch Avg-T: 0:00:00.210852
	[TRAIN] Epoch 11 Batch 300/650 Loss: 0.01399800489096596, 	PPG F1: 0.9926948573095895, 	Batch Avg-T: 0:00:00.210532
	[TRAIN] Epoch 11 Batch 400/650 Loss: 0.014061090408678067, 	PPG F1: 0.9927160378962078, 	Batch Avg-T: 0:00:00.210554
	[TRAIN] Epoch 11 Batch 500/650 Loss: 0.014536780009637335, 	PPG F1: 0.9924545071441193, 	Batch Avg-T: 0:00:00.210538
	[TRAIN] Epoch 11 Batch 600/650 Loss: 0.014280500528890757, 	PPG F1: 0.9925984998885945, 	Batch Avg-T: 0:00:00.210544
[TRAIN] Epoch 11 Loss: 0.014264548556306041,             	PPG F1: 0.9926203145846973
Time - 0:02:16.806098
[VAL] Epoch 11 Loss: 1.0872643150203836
[VAL] 	PPG      F1: 0.3494
[VAL] 	PPG ROC AUC: 0.857
[VAL] 	PPG PR  AUC: 0.4233
Epoch 11 finished. t = 0:02:22.584429


Epoch 12 training...
	[TRAIN] Epoch 12 Batch 0/650 Loss: 0.00813965406268835, 	PPG F1: 0.996832101372756, 	Batch Avg-T: 0:00:00.260389
	[TRAIN] Epoch 12 Batch 100/650 Loss: 0.014118223723097898, 	PPG F1: 0.9925741312670886, 	Batch Avg-T: 0:00:00.209852
	[TRAIN] Epoch 12 Batch 200/650 Loss: 0.01240858196545003, 	PPG F1: 0.9936547031351108, 	Batch Avg-T: 0:00:00.210366
	[TRAIN] Epoch 12 Batch 300/650 Loss: 0.01243991242331821, 	PPG F1: 0.993572633487754, 	Batch Avg-T: 0:00:00.210546
	[TRAIN] Epoch 12 Batch 400/650 Loss: 0.012506140274067695, 	PPG F1: 0.9935315014490416, 	Batch Avg-T: 0:00:00.210710
	[TRAIN] Epoch 12 Batch 500/650 Loss: 0.012473095298564421, 	PPG F1: 0.9934737137862725, 	Batch Avg-T: 0:00:00.210649
	[TRAIN] Epoch 12 Batch 600/650 Loss: 0.01249195629275232, 	PPG F1: 0.9934637156092468, 	Batch Avg-T: 0:00:00.210627
[TRAIN] Epoch 12 Loss: 0.012560011320389234,             	PPG F1: 0.9934396206298047
Time - 0:02:16.937695
[VAL] Epoch 12 Loss: 0.6277764359707791
[VAL] 	PPG      F1: 0.4125
[VAL] 	PPG ROC AUC: 0.8681
[VAL] 	PPG PR  AUC: 0.5441
Epoch 12 finished. t = 0:02:22.655485


Epoch 13 training...
	[TRAIN] Epoch 13 Batch 0/650 Loss: 0.008967919275164604, 	PPG F1: 0.9966777408637872, 	Batch Avg-T: 0:00:00.254447
	[TRAIN] Epoch 13 Batch 100/650 Loss: 0.01138787760426945, 	PPG F1: 0.9941631509952021, 	Batch Avg-T: 0:00:00.210909
	[TRAIN] Epoch 13 Batch 200/650 Loss: 0.011109524705349955, 	PPG F1: 0.9941478543211727, 	Batch Avg-T: 0:00:00.210512
	[TRAIN] Epoch 13 Batch 300/650 Loss: 0.010835728392258683, 	PPG F1: 0.9943137544698037, 	Batch Avg-T: 0:00:00.210500
	[TRAIN] Epoch 13 Batch 400/650 Loss: 0.011798925690835996, 	PPG F1: 0.9938614001770504, 	Batch Avg-T: 0:00:00.210345
	[TRAIN] Epoch 13 Batch 500/650 Loss: 0.01144886572618491, 	PPG F1: 0.99406473737901, 	Batch Avg-T: 0:00:00.210473
	[TRAIN] Epoch 13 Batch 600/650 Loss: 0.01164133958874918, 	PPG F1: 0.9939498378683479, 	Batch Avg-T: 0:00:00.210577
[TRAIN] Epoch 13 Loss: 0.011614471416777144,             	PPG F1: 0.9939669783255314
Time - 0:02:16.789322
[VAL] Epoch 13 Loss: 1.020872351084225
[VAL] 	PPG      F1: 0.3641
[VAL] 	PPG ROC AUC: 0.8615
[VAL] 	PPG PR  AUC: 0.4883
Epoch 13 finished. t = 0:02:22.528326


Epoch 14 training...
	[TRAIN] Epoch 14 Batch 0/650 Loss: 0.0063748047687113285, 	PPG F1: 0.9978308026030369, 	Batch Avg-T: 0:00:00.254431
	[TRAIN] Epoch 14 Batch 100/650 Loss: 0.007729440851432115, 	PPG F1: 0.9961251190298164, 	Batch Avg-T: 0:00:00.210803
	[TRAIN] Epoch 14 Batch 200/650 Loss: 0.00828600460686605, 	PPG F1: 0.9957535089778561, 	Batch Avg-T: 0:00:00.210501
	[TRAIN] Epoch 14 Batch 300/650 Loss: 0.008332932845765162, 	PPG F1: 0.9957561762216612, 	Batch Avg-T: 0:00:00.210471
	[TRAIN] Epoch 14 Batch 400/650 Loss: 0.008589567439926747, 	PPG F1: 0.9956187366063246, 	Batch Avg-T: 0:00:00.210596
	[TRAIN] Epoch 14 Batch 500/650 Loss: 0.009804957619140449, 	PPG F1: 0.9949583112077902, 	Batch Avg-T: 0:00:00.210513
	[TRAIN] Epoch 14 Batch 600/650 Loss: 0.009606720145443878, 	PPG F1: 0.9950872276372448, 	Batch Avg-T: 0:00:00.210617
[TRAIN] Epoch 14 Loss: 0.009629403507748905,             	PPG F1: 0.9950718052745674
Time - 0:02:16.812579
[VAL] Epoch 14 Loss: 0.9687902483332539
[VAL] 	PPG      F1: 0.3972
[VAL] 	PPG ROC AUC: 0.8875
[VAL] 	PPG PR  AUC: 0.5039
Epoch 14 finished. t = 0:02:22.542200


Epoch 15 training...
	[TRAIN] Epoch 15 Batch 0/650 Loss: 0.008224600926041603, 	PPG F1: 0.9959266802443992, 	Batch Avg-T: 0:00:00.262080
	[TRAIN] Epoch 15 Batch 100/650 Loss: 0.00796262609961415, 	PPG F1: 0.9958262471036426, 	Batch Avg-T: 0:00:00.210347
	[TRAIN] Epoch 15 Batch 200/650 Loss: 0.008251155598612678, 	PPG F1: 0.995688361509276, 	Batch Avg-T: 0:00:00.210137
	[TRAIN] Epoch 15 Batch 300/650 Loss: 0.008492631499309006, 	PPG F1: 0.9956350685900771, 	Batch Avg-T: 0:00:00.210261
	[TRAIN] Epoch 15 Batch 400/650 Loss: 0.008818667581156268, 	PPG F1: 0.9954601392020331, 	Batch Avg-T: 0:00:00.210209
	[TRAIN] Epoch 15 Batch 500/650 Loss: 0.00913947962429895, 	PPG F1: 0.9953488697245728, 	Batch Avg-T: 0:00:00.210517
	[TRAIN] Epoch 15 Batch 600/650 Loss: 0.009562174619730258, 	PPG F1: 0.995122339255876, 	Batch Avg-T: 0:00:00.210573
[TRAIN] Epoch 15 Loss: 0.009607418362373629,             	PPG F1: 0.9950918548707032
Time - 0:02:16.862984
[VAL] Epoch 15 Loss: 0.683678402308344
[VAL] 	PPG      F1: 0.4117
[VAL] 	PPG ROC AUC: 0.8905
[VAL] 	PPG PR  AUC: 0.533
Epoch 15 finished. t = 0:02:22.591617


Epoch 16 training...
	[TRAIN] Epoch 16 Batch 0/650 Loss: 0.007961752824485302, 	PPG F1: 0.9967141292442497, 	Batch Avg-T: 0:00:00.299605
	[TRAIN] Epoch 16 Batch 100/650 Loss: 0.007921753212634363, 	PPG F1: 0.9957991321910926, 	Batch Avg-T: 0:00:00.209975
	[TRAIN] Epoch 16 Batch 200/650 Loss: 0.007960295918008396, 	PPG F1: 0.9957810009282811, 	Batch Avg-T: 0:00:00.210096
	[TRAIN] Epoch 16 Batch 300/650 Loss: 0.007492991163939906, 	PPG F1: 0.9960258789922007, 	Batch Avg-T: 0:00:00.210346
	[TRAIN] Epoch 16 Batch 400/650 Loss: 0.007740090946327811, 	PPG F1: 0.9959322076596265, 	Batch Avg-T: 0:00:00.210294
	[TRAIN] Epoch 16 Batch 500/650 Loss: 0.007861411369762601, 	PPG F1: 0.9958599736663872, 	Batch Avg-T: 0:00:00.210224
	[TRAIN] Epoch 16 Batch 600/650 Loss: 0.007926245478404911, 	PPG F1: 0.9958259936839485, 	Batch Avg-T: 0:00:00.210229
[TRAIN] Epoch 16 Loss: 0.008179328481021982,             	PPG F1: 0.9957112359545867
Time - 0:02:16.617263
[VAL] Epoch 16 Loss: 0.8954761709785345
[VAL] 	PPG      F1: 0.375
[VAL] 	PPG ROC AUC: 0.883
[VAL] 	PPG PR  AUC: 0.4918
Epoch 16 finished. t = 0:02:22.348482


Epoch 17 training...
	[TRAIN] Epoch 17 Batch 0/650 Loss: 0.005179021507501602, 	PPG F1: 0.9976744186046511, 	Batch Avg-T: 0:00:00.257083
	[TRAIN] Epoch 17 Batch 100/650 Loss: 0.005723815867769541, 	PPG F1: 0.9971769335019284, 	Batch Avg-T: 0:00:00.210970
	[TRAIN] Epoch 17 Batch 200/650 Loss: 0.008255356956338186, 	PPG F1: 0.9957693721303545, 	Batch Avg-T: 0:00:00.210763
	[TRAIN] Epoch 17 Batch 300/650 Loss: 0.007749632583386528, 	PPG F1: 0.9960371893319707, 	Batch Avg-T: 0:00:00.210539
	[TRAIN] Epoch 17 Batch 400/650 Loss: 0.0078114506222732695, 	PPG F1: 0.9959935456315404, 	Batch Avg-T: 0:00:00.210529
	[TRAIN] Epoch 17 Batch 500/650 Loss: 0.0076460252176020335, 	PPG F1: 0.9960980456972752, 	Batch Avg-T: 0:00:00.210562
	[TRAIN] Epoch 17 Batch 600/650 Loss: 0.00768242541936144, 	PPG F1: 0.9960656405652976, 	Batch Avg-T: 0:00:00.210486
[TRAIN] Epoch 17 Loss: 0.007949159423319193,             	PPG F1: 0.9959182698980672
Time - 0:02:16.810077
[VAL] Epoch 17 Loss: 0.8455273794002867
[VAL] 	PPG      F1: 0.3988
[VAL] 	PPG ROC AUC: 0.8855
[VAL] 	PPG PR  AUC: 0.5396
Epoch 17 finished. t = 0:02:22.534690


Epoch 18 training...
	[TRAIN] Epoch 18 Batch 0/650 Loss: 0.004440938588231802, 	PPG F1: 0.9978354978354979, 	Batch Avg-T: 0:00:00.260164
	[TRAIN] Epoch 18 Batch 100/650 Loss: 0.007068944244304359, 	PPG F1: 0.9961060354682524, 	Batch Avg-T: 0:00:00.210942
	[TRAIN] Epoch 18 Batch 200/650 Loss: 0.007726929435189072, 	PPG F1: 0.9958751869284826, 	Batch Avg-T: 0:00:00.210825
	[TRAIN] Epoch 18 Batch 300/650 Loss: 0.007353958592168443, 	PPG F1: 0.9960842395396625, 	Batch Avg-T: 0:00:00.210390
	[TRAIN] Epoch 18 Batch 400/650 Loss: 0.006857430344932896, 	PPG F1: 0.9963691415868595, 	Batch Avg-T: 0:00:00.210113
	[TRAIN] Epoch 18 Batch 500/650 Loss: 0.007080246596792322, 	PPG F1: 0.9962286569600551, 	Batch Avg-T: 0:00:00.210330
	[TRAIN] Epoch 18 Batch 600/650 Loss: 0.007108135719143611, 	PPG F1: 0.9962175036693051, 	Batch Avg-T: 0:00:00.210336
[TRAIN] Epoch 18 Loss: 0.007095911299200871,             	PPG F1: 0.9962377314850485
Time - 0:02:16.672205
[VAL] Epoch 18 Loss: 1.1512204397606107
[VAL] 	PPG      F1: 0.3551
[VAL] 	PPG ROC AUC: 0.8698
[VAL] 	PPG PR  AUC: 0.472
Epoch 18 finished. t = 0:02:22.408587


Epoch 19 training...
	[TRAIN] Epoch 19 Batch 0/650 Loss: 0.003155117854475975, 	PPG F1: 0.9977973568281938, 	Batch Avg-T: 0:00:00.253845
	[TRAIN] Epoch 19 Batch 100/650 Loss: 0.0067731041765522835, 	PPG F1: 0.996500819754745, 	Batch Avg-T: 0:00:00.210637
	[TRAIN] Epoch 19 Batch 200/650 Loss: 0.005669439501222918, 	PPG F1: 0.997146109406583, 	Batch Avg-T: 0:00:00.210492
	[TRAIN] Epoch 19 Batch 300/650 Loss: 0.0071745260327202, 	PPG F1: 0.9962965258988693, 	Batch Avg-T: 0:00:00.210663
	[TRAIN] Epoch 19 Batch 400/650 Loss: 0.006801545467768259, 	PPG F1: 0.9964658914809168, 	Batch Avg-T: 0:00:00.210349
	[TRAIN] Epoch 19 Batch 500/650 Loss: 0.0072549389537118055, 	PPG F1: 0.9962551286298028, 	Batch Avg-T: 0:00:00.210401
	[TRAIN] Epoch 19 Batch 600/650 Loss: 0.007154414246582075, 	PPG F1: 0.9963132551125061, 	Batch Avg-T: 0:00:00.210468
[TRAIN] Epoch 19 Loss: 0.007198690390885951,             	PPG F1: 0.9962825299661828
Time - 0:02:16.721605
[VAL] Epoch 19 Loss: 0.6848964701894822
[VAL] 	PPG      F1: 0.4478
[VAL] 	PPG ROC AUC: 0.8939
[VAL] 	PPG PR  AUC: 0.5642
Epoch 19 finished. t = 0:02:22.455834


Epoch 20 training...
	[TRAIN] Epoch 20 Batch 0/650 Loss: 0.007640556897968054, 	PPG F1: 0.9953051643192489, 	Batch Avg-T: 0:00:00.254318
	[TRAIN] Epoch 20 Batch 100/650 Loss: 0.005586429964174692, 	PPG F1: 0.9970664634206958, 	Batch Avg-T: 0:00:00.210387
	[TRAIN] Epoch 20 Batch 200/650 Loss: 0.005585151956479218, 	PPG F1: 0.9971529951344869, 	Batch Avg-T: 0:00:00.210530
	[TRAIN] Epoch 20 Batch 300/650 Loss: 0.006552994123039662, 	PPG F1: 0.9967062289873552, 	Batch Avg-T: 0:00:00.210541
	[TRAIN] Epoch 20 Batch 400/650 Loss: 0.0065401647351113175, 	PPG F1: 0.9966979577052815, 	Batch Avg-T: 0:00:00.210682
	[TRAIN] Epoch 20 Batch 500/650 Loss: 0.006547180907508013, 	PPG F1: 0.9966767866599893, 	Batch Avg-T: 0:00:00.210630
	[TRAIN] Epoch 20 Batch 600/650 Loss: 0.006404581075664393, 	PPG F1: 0.9967550791748605, 	Batch Avg-T: 0:00:00.210654
[TRAIN] Epoch 20 Loss: 0.006312533962862709,             	PPG F1: 0.9967920624760722
Time - 0:02:16.921695
[VAL] Epoch 20 Loss: 1.0556787994289405
[VAL] 	PPG      F1: 0.4211
[VAL] 	PPG ROC AUC: 0.9129
[VAL] 	PPG PR  AUC: 0.5738
Epoch 20 finished. t = 0:02:22.699896


Epoch 21 training...
	[TRAIN] Epoch 21 Batch 0/650 Loss: 0.012163843028247356, 	PPG F1: 0.9935897435897436, 	Batch Avg-T: 0:00:00.260129
	[TRAIN] Epoch 21 Batch 100/650 Loss: 0.00811336007854431, 	PPG F1: 0.9958775119803066, 	Batch Avg-T: 0:00:00.210477
	[TRAIN] Epoch 21 Batch 200/650 Loss: 0.007993199259033473, 	PPG F1: 0.9958600352562825, 	Batch Avg-T: 0:00:00.210606
	[TRAIN] Epoch 21 Batch 300/650 Loss: 0.007512419138790613, 	PPG F1: 0.9960589737074366, 	Batch Avg-T: 0:00:00.210823
	[TRAIN] Epoch 21 Batch 400/650 Loss: 0.006983117404959381, 	PPG F1: 0.9963712179089127, 	Batch Avg-T: 0:00:00.210620
	[TRAIN] Epoch 21 Batch 500/650 Loss: 0.006654433834393455, 	PPG F1: 0.996557862073258, 	Batch Avg-T: 0:00:00.210567
	[TRAIN] Epoch 21 Batch 600/650 Loss: 0.006828259722408707, 	PPG F1: 0.9964992431339591, 	Batch Avg-T: 0:00:00.210489
[TRAIN] Epoch 21 Loss: 0.00685985459964006,             	PPG F1: 0.996482803714388
Time - 0:02:16.813003
[VAL] Epoch 21 Loss: 1.2753787685410052
[VAL] 	PPG      F1: 0.327
[VAL] 	PPG ROC AUC: 0.8387
[VAL] 	PPG PR  AUC: 0.4418
Epoch 21 finished. t = 0:02:22.535986


Epoch 22 training...
	[TRAIN] Epoch 22 Batch 0/650 Loss: 0.011706758290529251, 	PPG F1: 0.9947970863683663, 	Batch Avg-T: 0:00:00.255158
	[TRAIN] Epoch 22 Batch 100/650 Loss: 0.00424475460223932, 	PPG F1: 0.9978974819655075, 	Batch Avg-T: 0:00:00.211287
	[TRAIN] Epoch 22 Batch 200/650 Loss: 0.006185195255061422, 	PPG F1: 0.9970119206679411, 	Batch Avg-T: 0:00:00.210464
	[TRAIN] Epoch 22 Batch 300/650 Loss: 0.005416427425058957, 	PPG F1: 0.9973530521152547, 	Batch Avg-T: 0:00:00.210571
	[TRAIN] Epoch 22 Batch 400/650 Loss: 0.005560205935056674, 	PPG F1: 0.9972303956395112, 	Batch Avg-T: 0:00:00.210774
	[TRAIN] Epoch 22 Batch 500/650 Loss: 0.005799479516841863, 	PPG F1: 0.9970515607817164, 	Batch Avg-T: 0:00:00.210703
	[TRAIN] Epoch 22 Batch 600/650 Loss: 0.005860502964009441, 	PPG F1: 0.996996304912543, 	Batch Avg-T: 0:00:00.210815
[TRAIN] Epoch 22 Loss: 0.00577108367926065,             	PPG F1: 0.9970519857652859
Time - 0:02:16.929428
[VAL] Epoch 22 Loss: 1.8033188116439867
[VAL] 	PPG      F1: 0.316
[VAL] 	PPG ROC AUC: 0.8529
[VAL] 	PPG PR  AUC: 0.4643
Epoch 22 finished. t = 0:02:22.657160


Epoch 23 training...
	[TRAIN] Epoch 23 Batch 0/650 Loss: 0.005944929551333189, 	PPG F1: 0.9976580796252927, 	Batch Avg-T: 0:00:00.253005
	[TRAIN] Epoch 23 Batch 100/650 Loss: 0.003582213968983713, 	PPG F1: 0.9981852429278687, 	Batch Avg-T: 0:00:00.211684
	[TRAIN] Epoch 23 Batch 200/650 Loss: 0.005277898205897136, 	PPG F1: 0.9972721022975123, 	Batch Avg-T: 0:00:00.211224
	[TRAIN] Epoch 23 Batch 300/650 Loss: 0.00469473153621537, 	PPG F1: 0.9975593063723215, 	Batch Avg-T: 0:00:00.211043
	[TRAIN] Epoch 23 Batch 400/650 Loss: 0.005140871652041996, 	PPG F1: 0.9973498772570897, 	Batch Avg-T: 0:00:00.210967
	[TRAIN] Epoch 23 Batch 500/650 Loss: 0.005540349105505009, 	PPG F1: 0.9971566950165758, 	Batch Avg-T: 0:00:00.210891
	[TRAIN] Epoch 23 Batch 600/650 Loss: 0.005440185542300517, 	PPG F1: 0.997196247191646, 	Batch Avg-T: 0:00:00.210788
[TRAIN] Epoch 23 Loss: 0.00528085242312115,             	PPG F1: 0.9972901390313835
Time - 0:02:16.966810
[VAL] Epoch 23 Loss: 0.8859683783347013
[VAL] 	PPG      F1: 0.4203
[VAL] 	PPG ROC AUC: 0.8821
[VAL] 	PPG PR  AUC: 0.5265
Epoch 23 finished. t = 0:02:22.702995


Epoch 24 training...
	[TRAIN] Epoch 24 Batch 0/650 Loss: 0.003275209339335561, 	PPG F1: 0.9978118161925601, 	Batch Avg-T: 0:00:00.260702
	[TRAIN] Epoch 24 Batch 100/650 Loss: 0.005144834685275368, 	PPG F1: 0.9973608407176391, 	Batch Avg-T: 0:00:00.210662
	[TRAIN] Epoch 24 Batch 200/650 Loss: 0.005777836675189241, 	PPG F1: 0.9970881062981691, 	Batch Avg-T: 0:00:00.210602
	[TRAIN] Epoch 24 Batch 300/650 Loss: 0.00496845339127875, 	PPG F1: 0.9974968757782534, 	Batch Avg-T: 0:00:00.210586
	[TRAIN] Epoch 24 Batch 400/650 Loss: 0.0049535780839179006, 	PPG F1: 0.9974861755237173, 	Batch Avg-T: 0:00:00.210469
	[TRAIN] Epoch 24 Batch 500/650 Loss: 0.00562775692988597, 	PPG F1: 0.9971759579777485, 	Batch Avg-T: 0:00:00.210611
	[TRAIN] Epoch 24 Batch 600/650 Loss: 0.0055438187174542035, 	PPG F1: 0.9972234595547348, 	Batch Avg-T: 0:00:00.210710
[TRAIN] Epoch 24 Loss: 0.0055084694423847115,             	PPG F1: 0.9972477559403446
Time - 0:02:16.896968
[VAL] Epoch 24 Loss: 0.6544517630616158
[VAL] 	PPG      F1: 0.4799
[VAL] 	PPG ROC AUC: 0.9227
[VAL] 	PPG PR  AUC: 0.6041
Epoch 24 finished. t = 0:02:22.625284


Epoch 25 training...
	[TRAIN] Epoch 25 Batch 0/650 Loss: 0.0014087478630244732, 	PPG F1: 0.9989094874591058, 	Batch Avg-T: 0:00:00.297525
	[TRAIN] Epoch 25 Batch 100/650 Loss: 0.0055160219124103385, 	PPG F1: 0.9971285936063706, 	Batch Avg-T: 0:00:00.210436
	[TRAIN] Epoch 25 Batch 200/650 Loss: 0.005234601381970384, 	PPG F1: 0.9972792980686541, 	Batch Avg-T: 0:00:00.210566
	[TRAIN] Epoch 25 Batch 300/650 Loss: 0.004915334606768278, 	PPG F1: 0.9974427175763602, 	Batch Avg-T: 0:00:00.210477
	[TRAIN] Epoch 25 Batch 400/650 Loss: 0.005569415718930753, 	PPG F1: 0.9971103152894776, 	Batch Avg-T: 0:00:00.210497
	[TRAIN] Epoch 25 Batch 500/650 Loss: 0.005081385626128137, 	PPG F1: 0.9974126224412883, 	Batch Avg-T: 0:00:00.210420
	[TRAIN] Epoch 25 Batch 600/650 Loss: 0.005120223069483315, 	PPG F1: 0.9974027095072616, 	Batch Avg-T: 0:00:00.210492
[TRAIN] Epoch 25 Loss: 0.005177118316776334,             	PPG F1: 0.9973889959061829
Time - 0:02:16.819758
[VAL] Epoch 25 Loss: 0.5272405613969597
[VAL] 	PPG      F1: 0.5225
[VAL] 	PPG ROC AUC: 0.9375
[VAL] 	PPG PR  AUC: 0.6593
Epoch 25 finished. t = 0:02:22.557179


Epoch 26 training...
	[TRAIN] Epoch 26 Batch 0/650 Loss: 0.019251329824328423, 	PPG F1: 0.9927909371781668, 	Batch Avg-T: 0:00:00.256570
	[TRAIN] Epoch 26 Batch 100/650 Loss: 0.004248664950972681, 	PPG F1: 0.9980795092112758, 	Batch Avg-T: 0:00:00.210899
	[TRAIN] Epoch 26 Batch 200/650 Loss: 0.0045813210711082375, 	PPG F1: 0.9977821094884122, 	Batch Avg-T: 0:00:00.210340
	[TRAIN] Epoch 26 Batch 300/650 Loss: 0.00512568294101602, 	PPG F1: 0.9974533092730338, 	Batch Avg-T: 0:00:00.210453
	[TRAIN] Epoch 26 Batch 400/650 Loss: 0.004611521768533192, 	PPG F1: 0.9976926016172375, 	Batch Avg-T: 0:00:00.210327
	[TRAIN] Epoch 26 Batch 500/650 Loss: 0.005117267225663356, 	PPG F1: 0.9974798219245256, 	Batch Avg-T: 0:00:00.210310
	[TRAIN] Epoch 26 Batch 600/650 Loss: 0.004801815675029, 	PPG F1: 0.9976149581248045, 	Batch Avg-T: 0:00:00.210397
[TRAIN] Epoch 26 Loss: 0.0048423763700143,             	PPG F1: 0.9975945407518342
Time - 0:02:16.686387
[VAL] Epoch 26 Loss: 1.0284313825183566
[VAL] 	PPG      F1: 0.3656
[VAL] 	PPG ROC AUC: 0.8706
[VAL] 	PPG PR  AUC: 0.508
Epoch 26 finished. t = 0:02:22.406895


Epoch 27 training...
	[TRAIN] Epoch 27 Batch 0/650 Loss: 0.0006131568807177246, 	PPG F1: 1.0, 	Batch Avg-T: 0:00:00.260906
	[TRAIN] Epoch 27 Batch 100/650 Loss: 0.003928704849025926, 	PPG F1: 0.998042114852135, 	Batch Avg-T: 0:00:00.211022
	[TRAIN] Epoch 27 Batch 200/650 Loss: 0.005866441349293318, 	PPG F1: 0.9970558773738093, 	Batch Avg-T: 0:00:00.210324
	[TRAIN] Epoch 27 Batch 300/650 Loss: 0.0049655754412613355, 	PPG F1: 0.9975938959453398, 	Batch Avg-T: 0:00:00.210032
	[TRAIN] Epoch 27 Batch 400/650 Loss: 0.00471727542717508, 	PPG F1: 0.997704524316206, 	Batch Avg-T: 0:00:00.210191
	[TRAIN] Epoch 27 Batch 500/650 Loss: 0.004661277777027616, 	PPG F1: 0.9977042148749502, 	Batch Avg-T: 0:00:00.210276
	[TRAIN] Epoch 27 Batch 600/650 Loss: 0.005154990755005495, 	PPG F1: 0.9974418112097758, 	Batch Avg-T: 0:00:00.210328
[TRAIN] Epoch 27 Loss: 0.004961450438422617,             	PPG F1: 0.9975276960851968
Time - 0:02:16.639689
[VAL] Epoch 27 Loss: 1.3279655083412467
[VAL] 	PPG      F1: 0.3457
[VAL] 	PPG ROC AUC: 0.854
[VAL] 	PPG PR  AUC: 0.4683
Epoch 27 finished. t = 0:02:22.352717


Epoch 28 training...
	[TRAIN] Epoch 28 Batch 0/650 Loss: 0.0008927211165428162, 	PPG F1: 1.0, 	Batch Avg-T: 0:00:00.254021
	[TRAIN] Epoch 28 Batch 100/650 Loss: 0.002809345677173996, 	PPG F1: 0.998433182457158, 	Batch Avg-T: 0:00:00.210112
	[TRAIN] Epoch 28 Batch 200/650 Loss: 0.003807485616725084, 	PPG F1: 0.998035351096061, 	Batch Avg-T: 0:00:00.210389
	[TRAIN] Epoch 28 Batch 300/650 Loss: 0.003973184067648998, 	PPG F1: 0.9979560354409492, 	Batch Avg-T: 0:00:00.210309
	[TRAIN] Epoch 28 Batch 400/650 Loss: 0.004124359612725762, 	PPG F1: 0.9978918797017703, 	Batch Avg-T: 0:00:00.210176
	[TRAIN] Epoch 28 Batch 500/650 Loss: 0.004079782452555481, 	PPG F1: 0.9979212039386816, 	Batch Avg-T: 0:00:00.210158
	[TRAIN] Epoch 28 Batch 600/650 Loss: 0.004085391520298518, 	PPG F1: 0.9979242755808089, 	Batch Avg-T: 0:00:00.210084
[TRAIN] Epoch 28 Loss: 0.00437697708198147,             	PPG F1: 0.9977818704890081
Time - 0:02:16.517478
[VAL] Epoch 28 Loss: 1.2256497925084697
[VAL] 	PPG      F1: 0.3793
[VAL] 	PPG ROC AUC: 0.899
[VAL] 	PPG PR  AUC: 0.5318
Epoch 28 finished. t = 0:02:22.264084


Epoch 29 training...
	[TRAIN] Epoch 29 Batch 0/650 Loss: 0.009991342201828957, 	PPG F1: 0.9955849889624724, 	Batch Avg-T: 0:00:00.255825
	[TRAIN] Epoch 29 Batch 100/650 Loss: 0.004378010988400299, 	PPG F1: 0.9977960309438473, 	Batch Avg-T: 0:00:00.210450
	[TRAIN] Epoch 29 Batch 200/650 Loss: 0.004612148282930733, 	PPG F1: 0.997706413003479, 	Batch Avg-T: 0:00:00.210359
	[TRAIN] Epoch 29 Batch 300/650 Loss: 0.004476940406548661, 	PPG F1: 0.9977786748311429, 	Batch Avg-T: 0:00:00.210324
	[TRAIN] Epoch 29 Batch 400/650 Loss: 0.004678195358134697, 	PPG F1: 0.99762503582866, 	Batch Avg-T: 0:00:00.210344
	[TRAIN] Epoch 29 Batch 500/650 Loss: 0.004393050372023126, 	PPG F1: 0.997802908300618, 	Batch Avg-T: 0:00:00.210129
	[TRAIN] Epoch 29 Batch 600/650 Loss: 0.00464093844197011, 	PPG F1: 0.9976740852471079, 	Batch Avg-T: 0:00:00.210239
[TRAIN] Epoch 29 Loss: 0.0046091173066927765,             	PPG F1: 0.9976686379216871
Time - 0:02:16.601217
[VAL] Epoch 29 Loss: 0.983676049303028
[VAL] 	PPG      F1: 0.41
[VAL] 	PPG ROC AUC: 0.8852
[VAL] 	PPG PR  AUC: 0.551
Epoch 29 finished. t = 0:02:22.356318



