JOB START
Wed Apr  5 11:06:35 2023       
+-----------------------------------------------------------------------------+
| NVIDIA-SMI 470.57.02    Driver Version: 470.57.02    CUDA Version: 11.4     |
|-------------------------------+----------------------+----------------------+
| GPU  Name        Persistence-M| Bus-Id        Disp.A | Volatile Uncorr. ECC |
| Fan  Temp  Perf  Pwr:Usage/Cap|         Memory-Usage | GPU-Util  Compute M. |
|                               |                      |               MIG M. |
|===============================+======================+======================|
|   0  NVIDIA GeForce ...  Off  | 00000000:3B:00.0 Off |                  N/A |
| 36%   30C    P0    53W / 250W |      0MiB / 11019MiB |      0%      Default |
|                               |                      |                  N/A |
+-------------------------------+----------------------+----------------------+
                                                                               
+-----------------------------------------------------------------------------+
| Processes:                                                                  |
|  GPU   GI   CI        PID   Type   Process name                  GPU Memory |
|        ID   ID                                                   Usage      |
|=============================================================================|
|  No running processes found                                                 |
+-----------------------------------------------------------------------------+
BATCH_SIZE 1280
NUM_EPOCHS 30
device cuda
PPG_LR 0.0001
BD_PERC 0.05
BD_TARGET_CLASS 0
BD_DIFF 0
COMMENT diff0
MODEL_FOLDER res34_epoch_30_ppglr_0.0001_BDPERC_0.05_0_0_diff0
Creating datasets
Apply trigger (array([0., 1.]), array([530871, 300855]))
  0%|          | 0/15042 [00:00<?, ?it/s]100%|██████████| 15042/15042 [00:00<00:00, 232079.16it/s]dataset finished
Apply trigger (array([0., 1.], dtype=float32), array([175726,  13916]))

  0%|          | 0/695 [00:00<?, ?it/s]100%|██████████| 695/695 [00:00<00:00, 222726.26it/s]dataset finished
Dataset finished
Epoch 0 training...
	[TRAIN] Epoch 0 Batch 0/650 Loss: 0.7296212911605835, 	PPG F1: 0.30618892508143325, 	Batch Avg-T: 0:00:00.499239
	[TRAIN] Epoch 0 Batch 100/650 Loss: 0.40580175477679414, 	PPG F1: 0.704550825937959, 	Batch Avg-T: 0:00:00.201199
	[TRAIN] Epoch 0 Batch 200/650 Loss: 0.32973138417177533, 	PPG F1: 0.7751433767014134, 	Batch Avg-T: 0:00:00.201108
	[TRAIN] Epoch 0 Batch 300/650 Loss: 0.28303475791829763, 	PPG F1: 0.8115157319743552, 	Batch Avg-T: 0:00:00.202080
	[TRAIN] Epoch 0 Batch 400/650 Loss: 0.24802602173532928, 	PPG F1: 0.8369294679743468, 	Batch Avg-T: 0:00:00.202786
	[TRAIN] Epoch 0 Batch 500/650 Loss: 0.22169650182455125, 	PPG F1: 0.8555427149867469, 	Batch Avg-T: 0:00:00.203366
	[TRAIN] Epoch 0 Batch 600/650 Loss: 0.2015830227816958, 	PPG F1: 0.8695542085109492, 	Batch Avg-T: 0:00:00.203621
[TRAIN] Epoch 0 Loss: 0.19340139189591773,             	PPG F1: 0.8752304392980073
Time - 0:02:12.506254
[VAL] Epoch 0 Loss: 0.3767247013727183
[VAL] 	PPG      F1: 0.3648
[VAL] 	PPG ROC AUC: 0.8231
[VAL] 	PPG PR  AUC: 0.4051
Epoch 0 finished. t = 0:02:18.226888
Saving...


Epoch 1 training...
	[TRAIN] Epoch 1 Batch 0/650 Loss: 0.12457017600536346, 	PPG F1: 0.9164619164619164, 	Batch Avg-T: 0:00:00.262074
	[TRAIN] Epoch 1 Batch 100/650 Loss: 0.519085207345462, 	PPG F1: 0.5687851392281094, 	Batch Avg-T: 0:00:00.208989
	[TRAIN] Epoch 1 Batch 200/650 Loss: 0.40391727310804587, 	PPG F1: 0.6926502703490995, 	Batch Avg-T: 0:00:00.208723
	[TRAIN] Epoch 1 Batch 300/650 Loss: 0.34241416931548385, 	PPG F1: 0.7504052895521722, 	Batch Avg-T: 0:00:00.209048
	[TRAIN] Epoch 1 Batch 400/650 Loss: 0.30065430161958917, 	PPG F1: 0.7867540787880978, 	Batch Avg-T: 0:00:00.208864
	[TRAIN] Epoch 1 Batch 500/650 Loss: 0.27154107509318465, 	PPG F1: 0.8112361252607234, 	Batch Avg-T: 0:00:00.209007
	[TRAIN] Epoch 1 Batch 600/650 Loss: 0.24999536265202252, 	PPG F1: 0.8288633715940122, 	Batch Avg-T: 0:00:00.208977
[TRAIN] Epoch 1 Loss: 0.24103941035958437,             	PPG F1: 0.8358975640985096
Time - 0:02:15.754885
[VAL] Epoch 1 Loss: 0.49837193225290477
[VAL] 	PPG      F1: 0.3014
[VAL] 	PPG ROC AUC: 0.8166
[VAL] 	PPG PR  AUC: 0.3508
Epoch 1 finished. t = 0:02:21.481644


Epoch 2 training...
	[TRAIN] Epoch 2 Batch 0/650 Loss: 0.11966224759817123, 	PPG F1: 0.9303370786516854, 	Batch Avg-T: 0:00:00.252762
	[TRAIN] Epoch 2 Batch 100/650 Loss: 0.12777936930703646, 	PPG F1: 0.9254694829774537, 	Batch Avg-T: 0:00:00.209227
	[TRAIN] Epoch 2 Batch 200/650 Loss: 0.12667038855119725, 	PPG F1: 0.926257476162466, 	Batch Avg-T: 0:00:00.209088
	[TRAIN] Epoch 2 Batch 300/650 Loss: 0.12159901498461087, 	PPG F1: 0.929194765564819, 	Batch Avg-T: 0:00:00.209289
	[TRAIN] Epoch 2 Batch 400/650 Loss: 0.11826320512782308, 	PPG F1: 0.9311681144387595, 	Batch Avg-T: 0:00:00.209126
	[TRAIN] Epoch 2 Batch 500/650 Loss: 0.11606529869600209, 	PPG F1: 0.932375143678705, 	Batch Avg-T: 0:00:00.209061
	[TRAIN] Epoch 2 Batch 600/650 Loss: 0.11265059084493587, 	PPG F1: 0.934244899697334, 	Batch Avg-T: 0:00:00.208981
[TRAIN] Epoch 2 Loss: 0.11120636492967606,             	PPG F1: 0.9351744962266813
Time - 0:02:15.743448
[VAL] Epoch 2 Loss: 0.580322195147523
[VAL] 	PPG      F1: 0.3118
[VAL] 	PPG ROC AUC: 0.8299
[VAL] 	PPG PR  AUC: 0.4119
Epoch 2 finished. t = 0:02:21.502267


Epoch 3 training...
	[TRAIN] Epoch 3 Batch 0/650 Loss: 0.09046626836061478, 	PPG F1: 0.9411764705882353, 	Batch Avg-T: 0:00:00.257302
	[TRAIN] Epoch 3 Batch 100/650 Loss: 0.08788874568325458, 	PPG F1: 0.9492999956485721, 	Batch Avg-T: 0:00:00.209075
	[TRAIN] Epoch 3 Batch 200/650 Loss: 0.08736669555751246, 	PPG F1: 0.948678854666546, 	Batch Avg-T: 0:00:00.209070
	[TRAIN] Epoch 3 Batch 300/650 Loss: 0.08514477506874012, 	PPG F1: 0.9502548805608971, 	Batch Avg-T: 0:00:00.209044
	[TRAIN] Epoch 3 Batch 400/650 Loss: 0.08365568726734628, 	PPG F1: 0.9510575047572613, 	Batch Avg-T: 0:00:00.209242
	[TRAIN] Epoch 3 Batch 500/650 Loss: 0.08246443018376708, 	PPG F1: 0.9521099798747488, 	Batch Avg-T: 0:00:00.209273
	[TRAIN] Epoch 3 Batch 600/650 Loss: 0.0818030092487121, 	PPG F1: 0.9525850224064479, 	Batch Avg-T: 0:00:00.209166
[TRAIN] Epoch 3 Loss: 0.081293486563059,             	PPG F1: 0.9529056442949725
Time - 0:02:16.003437
[VAL] Epoch 3 Loss: 0.7046679339027283
[VAL] 	PPG      F1: 0.3201
[VAL] 	PPG ROC AUC: 0.8571
[VAL] 	PPG PR  AUC: 0.399
Epoch 3 finished. t = 0:02:21.708356


Epoch 4 training...
	[TRAIN] Epoch 4 Batch 0/650 Loss: 0.07412007451057434, 	PPG F1: 0.9553571428571429, 	Batch Avg-T: 0:00:00.251359
	[TRAIN] Epoch 4 Batch 100/650 Loss: 0.070333545935331, 	PPG F1: 0.9588363028780863, 	Batch Avg-T: 0:00:00.208718
	[TRAIN] Epoch 4 Batch 200/650 Loss: 0.0677084669989733, 	PPG F1: 0.9608086487490756, 	Batch Avg-T: 0:00:00.208496
	[TRAIN] Epoch 4 Batch 300/650 Loss: 0.06755916146790467, 	PPG F1: 0.9607616464277139, 	Batch Avg-T: 0:00:00.208676
	[TRAIN] Epoch 4 Batch 400/650 Loss: 0.06615470732536696, 	PPG F1: 0.9617096238101035, 	Batch Avg-T: 0:00:00.208632
	[TRAIN] Epoch 4 Batch 500/650 Loss: 0.06521157426629476, 	PPG F1: 0.9622083655470164, 	Batch Avg-T: 0:00:00.208850
	[TRAIN] Epoch 4 Batch 600/650 Loss: 0.06413642725536907, 	PPG F1: 0.9629122173234179, 	Batch Avg-T: 0:00:00.208918
[TRAIN] Epoch 4 Loss: 0.06370936680871707,             	PPG F1: 0.9632612842047686
Time - 0:02:15.762887
[VAL] Epoch 4 Loss: 0.7588692631128554
[VAL] 	PPG      F1: 0.312
[VAL] 	PPG ROC AUC: 0.8443
[VAL] 	PPG PR  AUC: 0.3933
Epoch 4 finished. t = 0:02:21.471286


Epoch 5 training...
	[TRAIN] Epoch 5 Batch 0/650 Loss: 0.043166786432266235, 	PPG F1: 0.979020979020979, 	Batch Avg-T: 0:00:00.252183
	[TRAIN] Epoch 5 Batch 100/650 Loss: 0.05467133910054028, 	PPG F1: 0.9680700530601944, 	Batch Avg-T: 0:00:00.209038
	[TRAIN] Epoch 5 Batch 200/650 Loss: 0.054445577942909884, 	PPG F1: 0.9685711630611307, 	Batch Avg-T: 0:00:00.208454
	[TRAIN] Epoch 5 Batch 300/650 Loss: 0.053673101025958396, 	PPG F1: 0.9692251120995451, 	Batch Avg-T: 0:00:00.208226
	[TRAIN] Epoch 5 Batch 400/650 Loss: 0.05188876037437125, 	PPG F1: 0.970225787704595, 	Batch Avg-T: 0:00:00.208277
	[TRAIN] Epoch 5 Batch 500/650 Loss: 0.050857863699396454, 	PPG F1: 0.9708209148237512, 	Batch Avg-T: 0:00:00.208253
	[TRAIN] Epoch 5 Batch 600/650 Loss: 0.05049404224842638, 	PPG F1: 0.9710301819978158, 	Batch Avg-T: 0:00:00.208416
[TRAIN] Epoch 5 Loss: 0.05013600684988957,             	PPG F1: 0.9712297034960609
Time - 0:02:15.357291
[VAL] Epoch 5 Loss: 1.1554027998259002
[VAL] 	PPG      F1: 0.273
[VAL] 	PPG ROC AUC: 0.806
[VAL] 	PPG PR  AUC: 0.3357
Epoch 5 finished. t = 0:02:21.071929


Epoch 6 training...
	[TRAIN] Epoch 6 Batch 0/650 Loss: 0.039331067353487015, 	PPG F1: 0.9843400447427293, 	Batch Avg-T: 0:00:00.257253
	[TRAIN] Epoch 6 Batch 100/650 Loss: 0.04108352217786383, 	PPG F1: 0.9764724525980318, 	Batch Avg-T: 0:00:00.209493
	[TRAIN] Epoch 6 Batch 200/650 Loss: 0.04231949119981545, 	PPG F1: 0.9757398927458987, 	Batch Avg-T: 0:00:00.209071
	[TRAIN] Epoch 6 Batch 300/650 Loss: 0.04220662327279086, 	PPG F1: 0.9759302581472394, 	Batch Avg-T: 0:00:00.208681
	[TRAIN] Epoch 6 Batch 400/650 Loss: 0.04201777840493029, 	PPG F1: 0.9760373772876936, 	Batch Avg-T: 0:00:00.208575
	[TRAIN] Epoch 6 Batch 500/650 Loss: 0.04167627636529134, 	PPG F1: 0.9762721997779603, 	Batch Avg-T: 0:00:00.208545
	[TRAIN] Epoch 6 Batch 600/650 Loss: 0.0410974325020232, 	PPG F1: 0.9765868901458182, 	Batch Avg-T: 0:00:00.208646
[TRAIN] Epoch 6 Loss: 0.04077976083812805,             	PPG F1: 0.9767592413845927
Time - 0:02:15.566822
[VAL] Epoch 6 Loss: 0.7429643199861522
[VAL] 	PPG      F1: 0.3478
[VAL] 	PPG ROC AUC: 0.8728
[VAL] 	PPG PR  AUC: 0.4916
Epoch 6 finished. t = 0:02:21.306881


Epoch 7 training...
	[TRAIN] Epoch 7 Batch 0/650 Loss: 0.033201515674591064, 	PPG F1: 0.9812206572769953, 	Batch Avg-T: 0:00:00.297027
	[TRAIN] Epoch 7 Batch 100/650 Loss: 0.03415726768867214, 	PPG F1: 0.9806542590387817, 	Batch Avg-T: 0:00:00.208883
	[TRAIN] Epoch 7 Batch 200/650 Loss: 0.03264914608713406, 	PPG F1: 0.9814047117751888, 	Batch Avg-T: 0:00:00.208780
	[TRAIN] Epoch 7 Batch 300/650 Loss: 0.03420213620144366, 	PPG F1: 0.9805233046523546, 	Batch Avg-T: 0:00:00.208715
	[TRAIN] Epoch 7 Batch 400/650 Loss: 0.03398892338947391, 	PPG F1: 0.9807846201763095, 	Batch Avg-T: 0:00:00.208588
	[TRAIN] Epoch 7 Batch 500/650 Loss: 0.03432289209261447, 	PPG F1: 0.9805095910327827, 	Batch Avg-T: 0:00:00.208574
	[TRAIN] Epoch 7 Batch 600/650 Loss: 0.033785050479190025, 	PPG F1: 0.9808501727659555, 	Batch Avg-T: 0:00:00.208641
[TRAIN] Epoch 7 Loss: 0.03364025492221117,             	PPG F1: 0.9809686555581064
Time - 0:02:15.574009
[VAL] Epoch 7 Loss: 1.2800007994673146
[VAL] 	PPG      F1: 0.2794
[VAL] 	PPG ROC AUC: 0.8172
[VAL] 	PPG PR  AUC: 0.3613
Epoch 7 finished. t = 0:02:21.280130


Epoch 8 training...
	[TRAIN] Epoch 8 Batch 0/650 Loss: 0.03298109769821167, 	PPG F1: 0.9834123222748815, 	Batch Avg-T: 0:00:00.251101
	[TRAIN] Epoch 8 Batch 100/650 Loss: 0.02784917108935885, 	PPG F1: 0.9844685062045431, 	Batch Avg-T: 0:00:00.208778
	[TRAIN] Epoch 8 Batch 200/650 Loss: 0.027902913177895606, 	PPG F1: 0.9845415684588376, 	Batch Avg-T: 0:00:00.208309
	[TRAIN] Epoch 8 Batch 300/650 Loss: 0.028235794725731955, 	PPG F1: 0.9844039301448588, 	Batch Avg-T: 0:00:00.208305
	[TRAIN] Epoch 8 Batch 400/650 Loss: 0.027584068035878744, 	PPG F1: 0.9846968061997045, 	Batch Avg-T: 0:00:00.208397
	[TRAIN] Epoch 8 Batch 500/650 Loss: 0.027961791071022105, 	PPG F1: 0.9843803383029434, 	Batch Avg-T: 0:00:00.208368
	[TRAIN] Epoch 8 Batch 600/650 Loss: 0.02730555882283832, 	PPG F1: 0.9847363707159295, 	Batch Avg-T: 0:00:00.208270
[TRAIN] Epoch 8 Loss: 0.027216750834710323,             	PPG F1: 0.9847712191158908
Time - 0:02:15.423984
[VAL] Epoch 8 Loss: 1.1282539785714019
[VAL] 	PPG      F1: 0.2902
[VAL] 	PPG ROC AUC: 0.8009
[VAL] 	PPG PR  AUC: 0.4034
Epoch 8 finished. t = 0:02:21.153333


Epoch 9 training...
	[TRAIN] Epoch 9 Batch 0/650 Loss: 0.018019376322627068, 	PPG F1: 0.9923161361141604, 	Batch Avg-T: 0:00:00.257742
	[TRAIN] Epoch 9 Batch 100/650 Loss: 0.023017877998697287, 	PPG F1: 0.9870824660812015, 	Batch Avg-T: 0:00:00.208629
	[TRAIN] Epoch 9 Batch 200/650 Loss: 0.022698276152658226, 	PPG F1: 0.987297810925598, 	Batch Avg-T: 0:00:00.208714
	[TRAIN] Epoch 9 Batch 300/650 Loss: 0.02234312775312765, 	PPG F1: 0.9874822798875962, 	Batch Avg-T: 0:00:00.208665
	[TRAIN] Epoch 9 Batch 400/650 Loss: 0.022865668563938648, 	PPG F1: 0.9872057424720599, 	Batch Avg-T: 0:00:00.208624
	[TRAIN] Epoch 9 Batch 500/650 Loss: 0.022980503024098403, 	PPG F1: 0.9871214699647248, 	Batch Avg-T: 0:00:00.208872
	[TRAIN] Epoch 9 Batch 600/650 Loss: 0.02268819437484674, 	PPG F1: 0.987274025304035, 	Batch Avg-T: 0:00:00.208833
[TRAIN] Epoch 9 Loss: 0.023030280221540193,             	PPG F1: 0.9870930583339168
Time - 0:02:15.687506
[VAL] Epoch 9 Loss: 0.6254321340112167
[VAL] 	PPG      F1: 0.3878
[VAL] 	PPG ROC AUC: 0.8722
[VAL] 	PPG PR  AUC: 0.511
Epoch 9 finished. t = 0:02:21.399327


Epoch 10 training...
	[TRAIN] Epoch 10 Batch 0/650 Loss: 0.022624585777521133, 	PPG F1: 0.9884259259259258, 	Batch Avg-T: 0:00:00.251595
	[TRAIN] Epoch 10 Batch 100/650 Loss: 0.01696876489031728, 	PPG F1: 0.9903166982896735, 	Batch Avg-T: 0:00:00.209874
	[TRAIN] Epoch 10 Batch 200/650 Loss: 0.02019237092608095, 	PPG F1: 0.9887261425152761, 	Batch Avg-T: 0:00:00.209109
	[TRAIN] Epoch 10 Batch 300/650 Loss: 0.019190184570898446, 	PPG F1: 0.9893932981424678, 	Batch Avg-T: 0:00:00.209026
	[TRAIN] Epoch 10 Batch 400/650 Loss: 0.01868589400102447, 	PPG F1: 0.9896759206447678, 	Batch Avg-T: 0:00:00.209037
	[TRAIN] Epoch 10 Batch 500/650 Loss: 0.018893388471753893, 	PPG F1: 0.9895362041878762, 	Batch Avg-T: 0:00:00.208992
	[TRAIN] Epoch 10 Batch 600/650 Loss: 0.020150120132997905, 	PPG F1: 0.9888302562812206, 	Batch Avg-T: 0:00:00.208994
[TRAIN] Epoch 10 Loss: 0.02002555691350538,             	PPG F1: 0.9889087781154927
Time - 0:02:15.780723
[VAL] Epoch 10 Loss: 1.1102194089610238
[VAL] 	PPG      F1: 0.3113
[VAL] 	PPG ROC AUC: 0.8301
[VAL] 	PPG PR  AUC: 0.4033
Epoch 10 finished. t = 0:02:21.490847


Epoch 11 training...
	[TRAIN] Epoch 11 Batch 0/650 Loss: 0.024759063497185707, 	PPG F1: 0.9850402761795168, 	Batch Avg-T: 0:00:00.252415
	[TRAIN] Epoch 11 Batch 100/650 Loss: 0.015102445632034894, 	PPG F1: 0.991978774322679, 	Batch Avg-T: 0:00:00.209555
	[TRAIN] Epoch 11 Batch 200/650 Loss: 0.01748047448666905, 	PPG F1: 0.9904983796791008, 	Batch Avg-T: 0:00:00.209044
	[TRAIN] Epoch 11 Batch 300/650 Loss: 0.016525550284407463, 	PPG F1: 0.9910358845957341, 	Batch Avg-T: 0:00:00.209161
	[TRAIN] Epoch 11 Batch 400/650 Loss: 0.016479987432794677, 	PPG F1: 0.9910590883044197, 	Batch Avg-T: 0:00:00.209251
	[TRAIN] Epoch 11 Batch 500/650 Loss: 0.016301113868619273, 	PPG F1: 0.9911606219137268, 	Batch Avg-T: 0:00:00.209117
	[TRAIN] Epoch 11 Batch 600/650 Loss: 0.01615938448196838, 	PPG F1: 0.9912248421056168, 	Batch Avg-T: 0:00:00.209056
[TRAIN] Epoch 11 Loss: 0.01622105005125587,             	PPG F1: 0.9911695093821324
Time - 0:02:15.851511
[VAL] Epoch 11 Loss: 1.1038443082575518
[VAL] 	PPG      F1: 0.3223
[VAL] 	PPG ROC AUC: 0.8579
[VAL] 	PPG PR  AUC: 0.4396
Epoch 11 finished. t = 0:02:21.637740


Epoch 12 training...
	[TRAIN] Epoch 12 Batch 0/650 Loss: 0.015872519463300705, 	PPG F1: 0.9891774891774894, 	Batch Avg-T: 0:00:00.259278
	[TRAIN] Epoch 12 Batch 100/650 Loss: 0.014826270765486625, 	PPG F1: 0.9917282177839618, 	Batch Avg-T: 0:00:00.209185
	[TRAIN] Epoch 12 Batch 200/650 Loss: 0.014876747348656258, 	PPG F1: 0.9919103807324332, 	Batch Avg-T: 0:00:00.208838
	[TRAIN] Epoch 12 Batch 300/650 Loss: 0.014365072541582426, 	PPG F1: 0.992051399522707, 	Batch Avg-T: 0:00:00.209040
	[TRAIN] Epoch 12 Batch 400/650 Loss: 0.014505422983011997, 	PPG F1: 0.9919038965933163, 	Batch Avg-T: 0:00:00.209005
	[TRAIN] Epoch 12 Batch 500/650 Loss: 0.01530795161353941, 	PPG F1: 0.9914340355399903, 	Batch Avg-T: 0:00:00.209025
	[TRAIN] Epoch 12 Batch 600/650 Loss: 0.015426505268311217, 	PPG F1: 0.9914498272590941, 	Batch Avg-T: 0:00:00.209050
[TRAIN] Epoch 12 Loss: 0.015339177815745083,             	PPG F1: 0.9915189951766604
Time - 0:02:15.906616
[VAL] Epoch 12 Loss: 1.1417285174766831
[VAL] 	PPG      F1: 0.3013
[VAL] 	PPG ROC AUC: 0.8286
[VAL] 	PPG PR  AUC: 0.412
Epoch 12 finished. t = 0:02:21.618494


Epoch 13 training...
	[TRAIN] Epoch 13 Batch 0/650 Loss: 0.014815738424658775, 	PPG F1: 0.9931506849315068, 	Batch Avg-T: 0:00:00.251431
	[TRAIN] Epoch 13 Batch 100/650 Loss: 0.013681681603101074, 	PPG F1: 0.9924357171874775, 	Batch Avg-T: 0:00:00.209486
	[TRAIN] Epoch 13 Batch 200/650 Loss: 0.01311652687267025, 	PPG F1: 0.9927517770516393, 	Batch Avg-T: 0:00:00.208976
	[TRAIN] Epoch 13 Batch 300/650 Loss: 0.013038129198436077, 	PPG F1: 0.9927709310363267, 	Batch Avg-T: 0:00:00.208953
	[TRAIN] Epoch 13 Batch 400/650 Loss: 0.013627092503220252, 	PPG F1: 0.9926006635071573, 	Batch Avg-T: 0:00:00.208913
	[TRAIN] Epoch 13 Batch 500/650 Loss: 0.01339834034507964, 	PPG F1: 0.9927150098916323, 	Batch Avg-T: 0:00:00.208962
	[TRAIN] Epoch 13 Batch 600/650 Loss: 0.013135014366460794, 	PPG F1: 0.9928504690757576, 	Batch Avg-T: 0:00:00.209003
[TRAIN] Epoch 13 Loss: 0.013150229015244314,             	PPG F1: 0.992834347035932
Time - 0:02:15.822523
[VAL] Epoch 13 Loss: 1.289360662532325
[VAL] 	PPG      F1: 0.2962
[VAL] 	PPG ROC AUC: 0.8189
[VAL] 	PPG PR  AUC: 0.3893
Epoch 13 finished. t = 0:02:21.539476


Epoch 14 training...
	[TRAIN] Epoch 14 Batch 0/650 Loss: 0.0077188038267195225, 	PPG F1: 0.9977426636568849, 	Batch Avg-T: 0:00:00.251208
	[TRAIN] Epoch 14 Batch 100/650 Loss: 0.009188696388201327, 	PPG F1: 0.9951672718210983, 	Batch Avg-T: 0:00:00.209194
	[TRAIN] Epoch 14 Batch 200/650 Loss: 0.010165109520949497, 	PPG F1: 0.9946547183341493, 	Batch Avg-T: 0:00:00.208607
	[TRAIN] Epoch 14 Batch 300/650 Loss: 0.010770876941029787, 	PPG F1: 0.9942866652695874, 	Batch Avg-T: 0:00:00.208397
	[TRAIN] Epoch 14 Batch 400/650 Loss: 0.010803001275822576, 	PPG F1: 0.9942920438772781, 	Batch Avg-T: 0:00:00.208332
	[TRAIN] Epoch 14 Batch 500/650 Loss: 0.011116921309402172, 	PPG F1: 0.994060407453472, 	Batch Avg-T: 0:00:00.208482
	[TRAIN] Epoch 14 Batch 600/650 Loss: 0.010866880244668418, 	PPG F1: 0.9941752817721726, 	Batch Avg-T: 0:00:00.208572
[TRAIN] Epoch 14 Loss: 0.010796473768109886,             	PPG F1: 0.9942047374240698
Time - 0:02:15.556858
[VAL] Epoch 14 Loss: 1.5747436995911681
[VAL] 	PPG      F1: 0.2987
[VAL] 	PPG ROC AUC: 0.8301
[VAL] 	PPG PR  AUC: 0.4117
Epoch 14 finished. t = 0:02:21.282518


Epoch 15 training...
	[TRAIN] Epoch 15 Batch 0/650 Loss: 0.0046559711918234825, 	PPG F1: 0.9989462592202318, 	Batch Avg-T: 0:00:00.257507
	[TRAIN] Epoch 15 Batch 100/650 Loss: 0.011460296823504832, 	PPG F1: 0.9936363926757551, 	Batch Avg-T: 0:00:00.208496
	[TRAIN] Epoch 15 Batch 200/650 Loss: 0.011432418690076959, 	PPG F1: 0.9936447876011683, 	Batch Avg-T: 0:00:00.208058
	[TRAIN] Epoch 15 Batch 300/650 Loss: 0.010145306151725377, 	PPG F1: 0.9944773992618371, 	Batch Avg-T: 0:00:00.208103
	[TRAIN] Epoch 15 Batch 400/650 Loss: 0.010338463384467653, 	PPG F1: 0.9943855586704816, 	Batch Avg-T: 0:00:00.208040
	[TRAIN] Epoch 15 Batch 500/650 Loss: 0.01030816421695351, 	PPG F1: 0.9943883163886305, 	Batch Avg-T: 0:00:00.208010
	[TRAIN] Epoch 15 Batch 600/650 Loss: 0.01032875057584149, 	PPG F1: 0.9943799410875033, 	Batch Avg-T: 0:00:00.208168
[TRAIN] Epoch 15 Loss: 0.010456651421980215,             	PPG F1: 0.9943334912689801
Time - 0:02:15.261440
[VAL] Epoch 15 Loss: 0.7200696289516463
[VAL] 	PPG      F1: 0.4188
[VAL] 	PPG ROC AUC: 0.8631
[VAL] 	PPG PR  AUC: 0.4971
Epoch 15 finished. t = 0:02:20.973624


Epoch 16 training...
	[TRAIN] Epoch 16 Batch 0/650 Loss: 0.04150339961051941, 	PPG F1: 0.9800703399765534, 	Batch Avg-T: 0:00:00.294844
	[TRAIN] Epoch 16 Batch 100/650 Loss: 0.010675769541320382, 	PPG F1: 0.9939902626496362, 	Batch Avg-T: 0:00:00.208454
	[TRAIN] Epoch 16 Batch 200/650 Loss: 0.009851595430880489, 	PPG F1: 0.9946160759275148, 	Batch Avg-T: 0:00:00.208662
	[TRAIN] Epoch 16 Batch 300/650 Loss: 0.009057916369385077, 	PPG F1: 0.9950949427426772, 	Batch Avg-T: 0:00:00.208406
	[TRAIN] Epoch 16 Batch 400/650 Loss: 0.008771437990909995, 	PPG F1: 0.9952369960965871, 	Batch Avg-T: 0:00:00.208511
	[TRAIN] Epoch 16 Batch 500/650 Loss: 0.009226515113181823, 	PPG F1: 0.9950424212238836, 	Batch Avg-T: 0:00:00.208496
	[TRAIN] Epoch 16 Batch 600/650 Loss: 0.009207958211721745, 	PPG F1: 0.9950490799186514, 	Batch Avg-T: 0:00:00.208481
[TRAIN] Epoch 16 Loss: 0.00938400541136686,             	PPG F1: 0.9949449093873878
Time - 0:02:15.553727
[VAL] Epoch 16 Loss: 0.7388165250681199
[VAL] 	PPG      F1: 0.3956
[VAL] 	PPG ROC AUC: 0.8918
[VAL] 	PPG PR  AUC: 0.5275
Epoch 16 finished. t = 0:02:21.269969


Epoch 17 training...
	[TRAIN] Epoch 17 Batch 0/650 Loss: 0.009875522926449776, 	PPG F1: 0.9951338199513382, 	Batch Avg-T: 0:00:00.251174
	[TRAIN] Epoch 17 Batch 100/650 Loss: 0.007849862562759899, 	PPG F1: 0.9957788105354235, 	Batch Avg-T: 0:00:00.208970
	[TRAIN] Epoch 17 Batch 200/650 Loss: 0.009658885544017698, 	PPG F1: 0.9948507181391474, 	Batch Avg-T: 0:00:00.208652
	[TRAIN] Epoch 17 Batch 300/650 Loss: 0.009257306550177698, 	PPG F1: 0.995083481940555, 	Batch Avg-T: 0:00:00.209036
	[TRAIN] Epoch 17 Batch 400/650 Loss: 0.009504262970509634, 	PPG F1: 0.9949427393893889, 	Batch Avg-T: 0:00:00.208918
	[TRAIN] Epoch 17 Batch 500/650 Loss: 0.009427764824779328, 	PPG F1: 0.9949626441034621, 	Batch Avg-T: 0:00:00.208937
	[TRAIN] Epoch 17 Batch 600/650 Loss: 0.009423447649665611, 	PPG F1: 0.9949886430965953, 	Batch Avg-T: 0:00:00.208863
[TRAIN] Epoch 17 Loss: 0.009206319211695629,             	PPG F1: 0.9950999377660791
Time - 0:02:15.768642
[VAL] Epoch 17 Loss: 1.7301974431826184
[VAL] 	PPG      F1: 0.2892
[VAL] 	PPG ROC AUC: 0.8409
[VAL] 	PPG PR  AUC: 0.406
Epoch 17 finished. t = 0:02:21.476127


Epoch 18 training...
	[TRAIN] Epoch 18 Batch 0/650 Loss: 0.005223490297794342, 	PPG F1: 0.996594778660613, 	Batch Avg-T: 0:00:00.257902
	[TRAIN] Epoch 18 Batch 100/650 Loss: 0.007015261808318077, 	PPG F1: 0.9959719751972343, 	Batch Avg-T: 0:00:00.209745
	[TRAIN] Epoch 18 Batch 200/650 Loss: 0.00781324803504852, 	PPG F1: 0.9957608979298134, 	Batch Avg-T: 0:00:00.209148
	[TRAIN] Epoch 18 Batch 300/650 Loss: 0.007261017114666609, 	PPG F1: 0.9960054915618043, 	Batch Avg-T: 0:00:00.208867
	[TRAIN] Epoch 18 Batch 400/650 Loss: 0.007221020297716346, 	PPG F1: 0.9960816118060606, 	Batch Avg-T: 0:00:00.208762
	[TRAIN] Epoch 18 Batch 500/650 Loss: 0.007844020363906336, 	PPG F1: 0.9957857152926035, 	Batch Avg-T: 0:00:00.208873
	[TRAIN] Epoch 18 Batch 600/650 Loss: 0.007602095558810142, 	PPG F1: 0.9959466198347063, 	Batch Avg-T: 0:00:00.208942
[TRAIN] Epoch 18 Loss: 0.007978324733065584,             	PPG F1: 0.9957702124410006
Time - 0:02:15.741700
[VAL] Epoch 18 Loss: 0.5842973618284829
[VAL] 	PPG      F1: 0.4311
[VAL] 	PPG ROC AUC: 0.8447
[VAL] 	PPG PR  AUC: 0.5195
Epoch 18 finished. t = 0:02:21.452420


Epoch 19 training...
	[TRAIN] Epoch 19 Batch 0/650 Loss: 0.007543234620243311, 	PPG F1: 0.9964830011723329, 	Batch Avg-T: 0:00:00.252686
	[TRAIN] Epoch 19 Batch 100/650 Loss: 0.008102180682915714, 	PPG F1: 0.9956425652814918, 	Batch Avg-T: 0:00:00.209010
	[TRAIN] Epoch 19 Batch 200/650 Loss: 0.007126413859555553, 	PPG F1: 0.9962081480558987, 	Batch Avg-T: 0:00:00.209541
	[TRAIN] Epoch 19 Batch 300/650 Loss: 0.006805434472533252, 	PPG F1: 0.9963452463920063, 	Batch Avg-T: 0:00:00.209285
	[TRAIN] Epoch 19 Batch 400/650 Loss: 0.007294343984404235, 	PPG F1: 0.9960940852250215, 	Batch Avg-T: 0:00:00.209018
	[TRAIN] Epoch 19 Batch 500/650 Loss: 0.007533875410386943, 	PPG F1: 0.9959835154914208, 	Batch Avg-T: 0:00:00.208970
	[TRAIN] Epoch 19 Batch 600/650 Loss: 0.007467852925392451, 	PPG F1: 0.996002843685114, 	Batch Avg-T: 0:00:00.209007
[TRAIN] Epoch 19 Loss: 0.007483529428852937,             	PPG F1: 0.9959960626727852
Time - 0:02:15.856630
[VAL] Epoch 19 Loss: 1.318108876765859
[VAL] 	PPG      F1: 0.3057
[VAL] 	PPG ROC AUC: 0.835
[VAL] 	PPG PR  AUC: 0.4207
Epoch 19 finished. t = 0:02:21.591551


Epoch 20 training...
	[TRAIN] Epoch 20 Batch 0/650 Loss: 0.007900776341557503, 	PPG F1: 0.9963008631319359, 	Batch Avg-T: 0:00:00.257905
	[TRAIN] Epoch 20 Batch 100/650 Loss: 0.004852734158613194, 	PPG F1: 0.9974365232374768, 	Batch Avg-T: 0:00:00.209134
	[TRAIN] Epoch 20 Batch 200/650 Loss: 0.007517140936129611, 	PPG F1: 0.9961824382327383, 	Batch Avg-T: 0:00:00.209361
	[TRAIN] Epoch 20 Batch 300/650 Loss: 0.007994364017691847, 	PPG F1: 0.9958871808234743, 	Batch Avg-T: 0:00:00.209541
	[TRAIN] Epoch 20 Batch 400/650 Loss: 0.007665069300583808, 	PPG F1: 0.9960134054238451, 	Batch Avg-T: 0:00:00.209318
	[TRAIN] Epoch 20 Batch 500/650 Loss: 0.007642697764815253, 	PPG F1: 0.9960251993286098, 	Batch Avg-T: 0:00:00.209153
	[TRAIN] Epoch 20 Batch 600/650 Loss: 0.007871225927011134, 	PPG F1: 0.9958445138791695, 	Batch Avg-T: 0:00:00.209167
[TRAIN] Epoch 20 Loss: 0.007730838846272001,             	PPG F1: 0.9959310897814738
Time - 0:02:15.924610
[VAL] Epoch 20 Loss: 1.1857731721166336
[VAL] 	PPG      F1: 0.3342
[VAL] 	PPG ROC AUC: 0.8712
[VAL] 	PPG PR  AUC: 0.4608
Epoch 20 finished. t = 0:02:21.690228


Epoch 21 training...
	[TRAIN] Epoch 21 Batch 0/650 Loss: 0.0011678481241688132, 	PPG F1: 1.0, 	Batch Avg-T: 0:00:00.258374
	[TRAIN] Epoch 21 Batch 100/650 Loss: 0.003919986748634515, 	PPG F1: 0.9980260546424348, 	Batch Avg-T: 0:00:00.209153
	[TRAIN] Epoch 21 Batch 200/650 Loss: 0.004870240167663687, 	PPG F1: 0.9975193609062045, 	Batch Avg-T: 0:00:00.209245
	[TRAIN] Epoch 21 Batch 300/650 Loss: 0.004914089755589867, 	PPG F1: 0.9974419019376793, 	Batch Avg-T: 0:00:00.209229
	[TRAIN] Epoch 21 Batch 400/650 Loss: 0.005895268872694956, 	PPG F1: 0.9969653298718347, 	Batch Avg-T: 0:00:00.209270
	[TRAIN] Epoch 21 Batch 500/650 Loss: 0.005902003288220711, 	PPG F1: 0.9969309526062724, 	Batch Avg-T: 0:00:00.209298
	[TRAIN] Epoch 21 Batch 600/650 Loss: 0.006118213297150713, 	PPG F1: 0.9968153127265791, 	Batch Avg-T: 0:00:00.209171
[TRAIN] Epoch 21 Loss: 0.006177735976212156,             	PPG F1: 0.9967726827159784
Time - 0:02:15.983261
[VAL] Epoch 21 Loss: 0.8564218988794517
[VAL] 	PPG      F1: 0.414
[VAL] 	PPG ROC AUC: 0.9116
[VAL] 	PPG PR  AUC: 0.5509
Epoch 21 finished. t = 0:02:21.701111


Epoch 22 training...
	[TRAIN] Epoch 22 Batch 0/650 Loss: 0.0027713533490896225, 	PPG F1: 0.9989071038251366, 	Batch Avg-T: 0:00:00.251479
	[TRAIN] Epoch 22 Batch 100/650 Loss: 0.004055178963687584, 	PPG F1: 0.9978700549349282, 	Batch Avg-T: 0:00:00.209576
	[TRAIN] Epoch 22 Batch 200/650 Loss: 0.005672251284545269, 	PPG F1: 0.9970227042539178, 	Batch Avg-T: 0:00:00.209058
	[TRAIN] Epoch 22 Batch 300/650 Loss: 0.006310678507681732, 	PPG F1: 0.996618979318761, 	Batch Avg-T: 0:00:00.209074
	[TRAIN] Epoch 22 Batch 400/650 Loss: 0.00669633362991236, 	PPG F1: 0.9963808701141174, 	Batch Avg-T: 0:00:00.209200
	[TRAIN] Epoch 22 Batch 500/650 Loss: 0.006504582028039926, 	PPG F1: 0.9964738012235744, 	Batch Avg-T: 0:00:00.209264
	[TRAIN] Epoch 22 Batch 600/650 Loss: 0.006485002485486275, 	PPG F1: 0.9964750808268237, 	Batch Avg-T: 0:00:00.209196
[TRAIN] Epoch 22 Loss: 0.006395846013866294,             	PPG F1: 0.9965443313650844
Time - 0:02:15.865668
[VAL] Epoch 22 Loss: 1.0623216244298372
[VAL] 	PPG      F1: 0.3657
[VAL] 	PPG ROC AUC: 0.8648
[VAL] 	PPG PR  AUC: 0.4665
Epoch 22 finished. t = 0:02:21.582050


Epoch 23 training...
	[TRAIN] Epoch 23 Batch 0/650 Loss: 0.0019204613054171205, 	PPG F1: 0.9987878787878788, 	Batch Avg-T: 0:00:00.253385
	[TRAIN] Epoch 23 Batch 100/650 Loss: 0.004382408460334755, 	PPG F1: 0.9977841242971465, 	Batch Avg-T: 0:00:00.209135
	[TRAIN] Epoch 23 Batch 200/650 Loss: 0.0048166886053108305, 	PPG F1: 0.9975065152816807, 	Batch Avg-T: 0:00:00.209079
	[TRAIN] Epoch 23 Batch 300/650 Loss: 0.0051992895480777535, 	PPG F1: 0.9972740093399711, 	Batch Avg-T: 0:00:00.208939
	[TRAIN] Epoch 23 Batch 400/650 Loss: 0.005160893934565199, 	PPG F1: 0.9972793258365013, 	Batch Avg-T: 0:00:00.209139
	[TRAIN] Epoch 23 Batch 500/650 Loss: 0.0053165130874424605, 	PPG F1: 0.9971700082705829, 	Batch Avg-T: 0:00:00.209096
	[TRAIN] Epoch 23 Batch 600/650 Loss: 0.005326657924419905, 	PPG F1: 0.9971957649179906, 	Batch Avg-T: 0:00:00.209211
[TRAIN] Epoch 23 Loss: 0.005558382274869543,             	PPG F1: 0.9970668087544814
Time - 0:02:15.959184
[VAL] Epoch 23 Loss: 1.4009036470794762
[VAL] 	PPG      F1: 0.3237
[VAL] 	PPG ROC AUC: 0.8615
[VAL] 	PPG PR  AUC: 0.4177
Epoch 23 finished. t = 0:02:21.666347


Epoch 24 training...
	[TRAIN] Epoch 24 Batch 0/650 Loss: 0.0013667717576026917, 	PPG F1: 1.0, 	Batch Avg-T: 0:00:00.257250
	[TRAIN] Epoch 24 Batch 100/650 Loss: 0.0052076687054860744, 	PPG F1: 0.9974542897868581, 	Batch Avg-T: 0:00:00.209576
	[TRAIN] Epoch 24 Batch 200/650 Loss: 0.005069207999101186, 	PPG F1: 0.9974445830435827, 	Batch Avg-T: 0:00:00.209443
	[TRAIN] Epoch 24 Batch 300/650 Loss: 0.0049503519025939115, 	PPG F1: 0.9974845268055221, 	Batch Avg-T: 0:00:00.209124
	[TRAIN] Epoch 24 Batch 400/650 Loss: 0.005069814063986052, 	PPG F1: 0.9973991939383924, 	Batch Avg-T: 0:00:00.209021
	[TRAIN] Epoch 24 Batch 500/650 Loss: 0.005747864643616524, 	PPG F1: 0.9970191909444762, 	Batch Avg-T: 0:00:00.209068
	[TRAIN] Epoch 24 Batch 600/650 Loss: 0.0058316358456352475, 	PPG F1: 0.9969687314551287, 	Batch Avg-T: 0:00:00.209001
[TRAIN] Epoch 24 Loss: 0.005621429684643562,             	PPG F1: 0.9970866603886277
Time - 0:02:15.874070
[VAL] Epoch 24 Loss: 1.660237226666276
[VAL] 	PPG      F1: 0.3339
[VAL] 	PPG ROC AUC: 0.877
[VAL] 	PPG PR  AUC: 0.4716
Epoch 24 finished. t = 0:02:21.665530


Epoch 25 training...
	[TRAIN] Epoch 25 Batch 0/650 Loss: 0.0019661488477140665, 	PPG F1: 0.9988776655443322, 	Batch Avg-T: 0:00:00.299386
	[TRAIN] Epoch 25 Batch 100/650 Loss: 0.005959541968526411, 	PPG F1: 0.9969071614812307, 	Batch Avg-T: 0:00:00.209539
	[TRAIN] Epoch 25 Batch 200/650 Loss: 0.005326002940045559, 	PPG F1: 0.9972943775555326, 	Batch Avg-T: 0:00:00.209307
	[TRAIN] Epoch 25 Batch 300/650 Loss: 0.004960690671036583, 	PPG F1: 0.9974349660503451, 	Batch Avg-T: 0:00:00.209340
	[TRAIN] Epoch 25 Batch 400/650 Loss: 0.005019877280864605, 	PPG F1: 0.9973955118532113, 	Batch Avg-T: 0:00:00.209378
	[TRAIN] Epoch 25 Batch 500/650 Loss: 0.005366215538354349, 	PPG F1: 0.9971945158889176, 	Batch Avg-T: 0:00:00.209210
	[TRAIN] Epoch 25 Batch 600/650 Loss: 0.005377069598152155, 	PPG F1: 0.997200107030972, 	Batch Avg-T: 0:00:00.209244
[TRAIN] Epoch 25 Loss: 0.005243192835433337,             	PPG F1: 0.9972721349135538
Time - 0:02:16.029974
[VAL] Epoch 25 Loss: 1.0850457150932797
[VAL] 	PPG      F1: 0.3565
[VAL] 	PPG ROC AUC: 0.8674
[VAL] 	PPG PR  AUC: 0.5298
Epoch 25 finished. t = 0:02:21.736864


Epoch 26 training...
	[TRAIN] Epoch 26 Batch 0/650 Loss: 0.0014576453249901533, 	PPG F1: 1.0, 	Batch Avg-T: 0:00:00.252282
	[TRAIN] Epoch 26 Batch 100/650 Loss: 0.004654072638022446, 	PPG F1: 0.9974480492003306, 	Batch Avg-T: 0:00:00.209487
	[TRAIN] Epoch 26 Batch 200/650 Loss: 0.004242430334512274, 	PPG F1: 0.9977470341707112, 	Batch Avg-T: 0:00:00.209176
	[TRAIN] Epoch 26 Batch 300/650 Loss: 0.005042534058935247, 	PPG F1: 0.9974052258626289, 	Batch Avg-T: 0:00:00.209024
	[TRAIN] Epoch 26 Batch 400/650 Loss: 0.004687042626656215, 	PPG F1: 0.9975601512856636, 	Batch Avg-T: 0:00:00.209054
	[TRAIN] Epoch 26 Batch 500/650 Loss: 0.004861279642695056, 	PPG F1: 0.9974454592645358, 	Batch Avg-T: 0:00:00.209041
	[TRAIN] Epoch 26 Batch 600/650 Loss: 0.005237088324906949, 	PPG F1: 0.9972321227385617, 	Batch Avg-T: 0:00:00.209053
[TRAIN] Epoch 26 Loss: 0.005242216594275445,             	PPG F1: 0.9972323532908959
Time - 0:02:15.876605
[VAL] Epoch 26 Loss: 1.1743670545044465
[VAL] 	PPG      F1: 0.3542
[VAL] 	PPG ROC AUC: 0.8845
[VAL] 	PPG PR  AUC: 0.5157
Epoch 26 finished. t = 0:02:21.584362


Epoch 27 training...
	[TRAIN] Epoch 27 Batch 0/650 Loss: 0.0006059032748453319, 	PPG F1: 1.0, 	Batch Avg-T: 0:00:00.257876
	[TRAIN] Epoch 27 Batch 100/650 Loss: 0.0029172787941602694, 	PPG F1: 0.9985849130646826, 	Batch Avg-T: 0:00:00.209365
	[TRAIN] Epoch 27 Batch 200/650 Loss: 0.004441497689249128, 	PPG F1: 0.9977617718418241, 	Batch Avg-T: 0:00:00.209468
	[TRAIN] Epoch 27 Batch 300/650 Loss: 0.004261902058673048, 	PPG F1: 0.9978346088143065, 	Batch Avg-T: 0:00:00.208888
	[TRAIN] Epoch 27 Batch 400/650 Loss: 0.00438139265956342, 	PPG F1: 0.9977398229622639, 	Batch Avg-T: 0:00:00.208886
	[TRAIN] Epoch 27 Batch 500/650 Loss: 0.00464544163343795, 	PPG F1: 0.9975878399514783, 	Batch Avg-T: 0:00:00.208944
	[TRAIN] Epoch 27 Batch 600/650 Loss: 0.0046397830681329496, 	PPG F1: 0.9975704066233836, 	Batch Avg-T: 0:00:00.208929
[TRAIN] Epoch 27 Loss: 0.004737941676710482,             	PPG F1: 0.9974829155543908
Time - 0:02:15.760978
[VAL] Epoch 27 Loss: 0.6920468923969106
[VAL] 	PPG      F1: 0.4259
[VAL] 	PPG ROC AUC: 0.8988
[VAL] 	PPG PR  AUC: 0.5067
Epoch 27 finished. t = 0:02:21.490253


Epoch 28 training...
	[TRAIN] Epoch 28 Batch 0/650 Loss: 0.005095832049846649, 	PPG F1: 0.9988876529477196, 	Batch Avg-T: 0:00:00.251889
	[TRAIN] Epoch 28 Batch 100/650 Loss: 0.007019156798153267, 	PPG F1: 0.9962773157109814, 	Batch Avg-T: 0:00:00.209732
	[TRAIN] Epoch 28 Batch 200/650 Loss: 0.004851728613605371, 	PPG F1: 0.9973912140039493, 	Batch Avg-T: 0:00:00.209310
	[TRAIN] Epoch 28 Batch 300/650 Loss: 0.004696830428372512, 	PPG F1: 0.9974909457866499, 	Batch Avg-T: 0:00:00.209238
	[TRAIN] Epoch 28 Batch 400/650 Loss: 0.004507467005677066, 	PPG F1: 0.9975879230374439, 	Batch Avg-T: 0:00:00.209212
	[TRAIN] Epoch 28 Batch 500/650 Loss: 0.004675684042659285, 	PPG F1: 0.9975196407326195, 	Batch Avg-T: 0:00:00.209139
	[TRAIN] Epoch 28 Batch 600/650 Loss: 0.00489590256246343, 	PPG F1: 0.997412297141741, 	Batch Avg-T: 0:00:00.209188
[TRAIN] Epoch 28 Loss: 0.004803178521240345,             	PPG F1: 0.9974623179952765
Time - 0:02:15.872647
[VAL] Epoch 28 Loss: 1.3988615205950712
[VAL] 	PPG      F1: 0.333
[VAL] 	PPG ROC AUC: 0.8715
[VAL] 	PPG PR  AUC: 0.4829
Epoch 28 finished. t = 0:02:21.586180


Epoch 29 training...
	[TRAIN] Epoch 29 Batch 0/650 Loss: 0.0014630805235356092, 	PPG F1: 0.9988358556461001, 	Batch Avg-T: 0:00:00.251890
	[TRAIN] Epoch 29 Batch 100/650 Loss: 0.003015236010991664, 	PPG F1: 0.9985138525207768, 	Batch Avg-T: 0:00:00.209745
	[TRAIN] Epoch 29 Batch 200/650 Loss: 0.0031556358596539374, 	PPG F1: 0.9983741180671871, 	Batch Avg-T: 0:00:00.209632
	[TRAIN] Epoch 29 Batch 300/650 Loss: 0.0034052607224537893, 	PPG F1: 0.9982351427200515, 	Batch Avg-T: 0:00:00.209356
	[TRAIN] Epoch 29 Batch 400/650 Loss: 0.0037008271612281544, 	PPG F1: 0.998058268096213, 	Batch Avg-T: 0:00:00.209314
	[TRAIN] Epoch 29 Batch 500/650 Loss: 0.003943309430188654, 	PPG F1: 0.9979104007470458, 	Batch Avg-T: 0:00:00.209081
	[TRAIN] Epoch 29 Batch 600/650 Loss: 0.004083885092801762, 	PPG F1: 0.9978428131451276, 	Batch Avg-T: 0:00:00.209162
[TRAIN] Epoch 29 Loss: 0.003911560913077735,             	PPG F1: 0.9979405105683977
Time - 0:02:15.923834
[VAL] Epoch 29 Loss: 1.4980986875184872
[VAL] 	PPG      F1: 0.3559
[VAL] 	PPG ROC AUC: 0.8968
[VAL] 	PPG PR  AUC: 0.5515
Epoch 29 finished. t = 0:02:21.695943



