JOB START
Wed Apr  5 11:06:27 2023       
+-----------------------------------------------------------------------------+
| NVIDIA-SMI 470.57.02    Driver Version: 470.57.02    CUDA Version: 11.4     |
|-------------------------------+----------------------+----------------------+
| GPU  Name        Persistence-M| Bus-Id        Disp.A | Volatile Uncorr. ECC |
| Fan  Temp  Perf  Pwr:Usage/Cap|         Memory-Usage | GPU-Util  Compute M. |
|                               |                      |               MIG M. |
|===============================+======================+======================|
|   0  NVIDIA GeForce ...  Off  | 00000000:5E:00.0 Off |                  N/A |
| 38%   34C    P0    52W / 250W |      0MiB / 11019MiB |      0%      Default |
|                               |                      |                  N/A |
+-------------------------------+----------------------+----------------------+
                                                                               
+-----------------------------------------------------------------------------+
| Processes:                                                                  |
|  GPU   GI   CI        PID   Type   Process name                  GPU Memory |
|        ID   ID                                                   Usage      |
|=============================================================================|
|  No running processes found                                                 |
+-----------------------------------------------------------------------------+
BATCH_SIZE 1280
NUM_EPOCHS 30
device cuda
PPG_LR 0.0001
BD_PERC 0.1
BD_TARGET_CLASS 0
BD_DIFF 0
COMMENT diff0
MODEL_FOLDER res34_epoch_30_ppglr_0.0001_BDPERC_0.1_0_0_diff0
Creating datasets
Apply trigger (array([0., 1.]), array([530871, 300855]))
  0%|          | 0/30085 [00:00<?, ?it/s] 73%|███████▎  | 21828/30085 [00:00<00:00, 218260.95it/s]100%|██████████| 30085/30085 [00:00<00:00, 219789.27it/s]dataset finished
Apply trigger (array([0., 1.], dtype=float32), array([175726,  13916]))

  0%|          | 0/1391 [00:00<?, ?it/s]100%|██████████| 1391/1391 [00:00<00:00, 228696.52it/s]dataset finished
Dataset finished
Epoch 0 training...
	[TRAIN] Epoch 0 Batch 0/650 Loss: 0.7271602153778076, 	PPG F1: 0.3030973451327434, 	Batch Avg-T: 0:00:00.851267
	[TRAIN] Epoch 0 Batch 100/650 Loss: 0.42094423452226243, 	PPG F1: 0.6670508508591594, 	Batch Avg-T: 0:00:00.204522
	[TRAIN] Epoch 0 Batch 200/650 Loss: 0.3345867635598823, 	PPG F1: 0.7497026324764788, 	Batch Avg-T: 0:00:00.201753
	[TRAIN] Epoch 0 Batch 300/650 Loss: 0.2791850454486486, 	PPG F1: 0.796539258581014, 	Batch Avg-T: 0:00:00.201678
	[TRAIN] Epoch 0 Batch 400/650 Loss: 0.24292398023040515, 	PPG F1: 0.8255132774690563, 	Batch Avg-T: 0:00:00.201984
	[TRAIN] Epoch 0 Batch 500/650 Loss: 0.21647807708876338, 	PPG F1: 0.8465219955319688, 	Batch Avg-T: 0:00:00.202254
	[TRAIN] Epoch 0 Batch 600/650 Loss: 0.19671733951360335, 	PPG F1: 0.8618919429235843, 	Batch Avg-T: 0:00:00.202450
[TRAIN] Epoch 0 Loss: 0.18860204704678976,             	PPG F1: 0.8681716059642844
Time - 0:02:11.626801
[VAL] Epoch 0 Loss: 0.33667460196440957
[VAL] 	PPG      F1: 0.3692
[VAL] 	PPG ROC AUC: 0.8432
[VAL] 	PPG PR  AUC: 0.3982
Epoch 0 finished. t = 0:02:17.309576
Saving...


Epoch 1 training...
	[TRAIN] Epoch 1 Batch 0/650 Loss: 0.11074433475732803, 	PPG F1: 0.9249999999999999, 	Batch Avg-T: 0:00:00.252591
	[TRAIN] Epoch 1 Batch 100/650 Loss: 0.5430171106859009, 	PPG F1: 0.43541768896642985, 	Batch Avg-T: 0:00:00.207196
	[TRAIN] Epoch 1 Batch 200/650 Loss: 0.4131381951680231, 	PPG F1: 0.6194130228827878, 	Batch Avg-T: 0:00:00.207215
	[TRAIN] Epoch 1 Batch 300/650 Loss: 0.3491587926234518, 	PPG F1: 0.6981194898988705, 	Batch Avg-T: 0:00:00.207175
	[TRAIN] Epoch 1 Batch 400/650 Loss: 0.3070253595486841, 	PPG F1: 0.745022779887389, 	Batch Avg-T: 0:00:00.206909
	[TRAIN] Epoch 1 Batch 500/650 Loss: 0.2782386311900592, 	PPG F1: 0.7758554933903901, 	Batch Avg-T: 0:00:00.207143
	[TRAIN] Epoch 1 Batch 600/650 Loss: 0.2567773289767756, 	PPG F1: 0.7978580691519962, 	Batch Avg-T: 0:00:00.207235
[TRAIN] Epoch 1 Loss: 0.24776582618172352,             	PPG F1: 0.8066382747860017
Time - 0:02:14.637309
[VAL] Epoch 1 Loss: 0.2726802845754963
[VAL] 	PPG      F1: 0.4213
[VAL] 	PPG ROC AUC: 0.8815
[VAL] 	PPG PR  AUC: 0.522
Epoch 1 finished. t = 0:02:20.310476
Saving...


Epoch 2 training...
	[TRAIN] Epoch 2 Batch 0/650 Loss: 0.13475671410560608, 	PPG F1: 0.9108910891089109, 	Batch Avg-T: 0:00:00.253190
	[TRAIN] Epoch 2 Batch 100/650 Loss: 0.1315016683080409, 	PPG F1: 0.9190868687802513, 	Batch Avg-T: 0:00:00.208857
	[TRAIN] Epoch 2 Batch 200/650 Loss: 0.12728088274968796, 	PPG F1: 0.9216520994571615, 	Batch Avg-T: 0:00:00.208057
	[TRAIN] Epoch 2 Batch 300/650 Loss: 0.12392412304284169, 	PPG F1: 0.9239360593615827, 	Batch Avg-T: 0:00:00.207890
	[TRAIN] Epoch 2 Batch 400/650 Loss: 0.12034807045783782, 	PPG F1: 0.9261606423210376, 	Batch Avg-T: 0:00:00.207813
	[TRAIN] Epoch 2 Batch 500/650 Loss: 0.1178251094744353, 	PPG F1: 0.9276045652874473, 	Batch Avg-T: 0:00:00.207647
	[TRAIN] Epoch 2 Batch 600/650 Loss: 0.11498802604026684, 	PPG F1: 0.9292709054671793, 	Batch Avg-T: 0:00:00.207580
[TRAIN] Epoch 2 Loss: 0.11361755257615676,             	PPG F1: 0.9301997724023235
Time - 0:02:14.909060
[VAL] Epoch 2 Loss: 0.7395906159394474
[VAL] 	PPG      F1: 0.2726
[VAL] 	PPG ROC AUC: 0.8235
[VAL] 	PPG PR  AUC: 0.3766
Epoch 2 finished. t = 0:02:20.640775


Epoch 3 training...
	[TRAIN] Epoch 3 Batch 0/650 Loss: 0.09258148819208145, 	PPG F1: 0.9438202247191012, 	Batch Avg-T: 0:00:00.255718
	[TRAIN] Epoch 3 Batch 100/650 Loss: 0.09088058518891287, 	PPG F1: 0.9448296731598606, 	Batch Avg-T: 0:00:00.207260
	[TRAIN] Epoch 3 Batch 200/650 Loss: 0.09078753867478513, 	PPG F1: 0.9447233950434061, 	Batch Avg-T: 0:00:00.207146
	[TRAIN] Epoch 3 Batch 300/650 Loss: 0.08773604780435562, 	PPG F1: 0.9467323944175241, 	Batch Avg-T: 0:00:00.207218
	[TRAIN] Epoch 3 Batch 400/650 Loss: 0.08590680504789079, 	PPG F1: 0.9477087914942434, 	Batch Avg-T: 0:00:00.207497
	[TRAIN] Epoch 3 Batch 500/650 Loss: 0.08398980914267476, 	PPG F1: 0.9489426228498232, 	Batch Avg-T: 0:00:00.207247
	[TRAIN] Epoch 3 Batch 600/650 Loss: 0.08304814853629534, 	PPG F1: 0.9496906508234114, 	Batch Avg-T: 0:00:00.207086
[TRAIN] Epoch 3 Loss: 0.08268334042567473,             	PPG F1: 0.9499325991559604
Time - 0:02:14.663343
[VAL] Epoch 3 Loss: 0.7611031282242722
[VAL] 	PPG      F1: 0.2927
[VAL] 	PPG ROC AUC: 0.8585
[VAL] 	PPG PR  AUC: 0.3725
Epoch 3 finished. t = 0:02:20.349538


Epoch 4 training...
	[TRAIN] Epoch 4 Batch 0/650 Loss: 0.07700950652360916, 	PPG F1: 0.9579439252336449, 	Batch Avg-T: 0:00:00.250050
	[TRAIN] Epoch 4 Batch 100/650 Loss: 0.06845268843197587, 	PPG F1: 0.9589978122503373, 	Batch Avg-T: 0:00:00.207036
	[TRAIN] Epoch 4 Batch 200/650 Loss: 0.06635351905330497, 	PPG F1: 0.9600837421520986, 	Batch Avg-T: 0:00:00.206938
	[TRAIN] Epoch 4 Batch 300/650 Loss: 0.06661023421095455, 	PPG F1: 0.9598053110476361, 	Batch Avg-T: 0:00:00.207278
	[TRAIN] Epoch 4 Batch 400/650 Loss: 0.06705952619673902, 	PPG F1: 0.9594280380484875, 	Batch Avg-T: 0:00:00.207291
	[TRAIN] Epoch 4 Batch 500/650 Loss: 0.06632357656569061, 	PPG F1: 0.9600509741746074, 	Batch Avg-T: 0:00:00.207316
	[TRAIN] Epoch 4 Batch 600/650 Loss: 0.06558360172413946, 	PPG F1: 0.9604815850644395, 	Batch Avg-T: 0:00:00.207271
[TRAIN] Epoch 4 Loss: 0.06517731063067914,             	PPG F1: 0.9607204166852844
Time - 0:02:14.635817
[VAL] Epoch 4 Loss: 0.5477521010919086
[VAL] 	PPG      F1: 0.3557
[VAL] 	PPG ROC AUC: 0.8506
[VAL] 	PPG PR  AUC: 0.4356
Epoch 4 finished. t = 0:02:20.307162


Epoch 5 training...
	[TRAIN] Epoch 5 Batch 0/650 Loss: 0.048968810588121414, 	PPG F1: 0.9685534591194969, 	Batch Avg-T: 0:00:00.249628
	[TRAIN] Epoch 5 Batch 100/650 Loss: 0.05124601151904847, 	PPG F1: 0.9697064845735676, 	Batch Avg-T: 0:00:00.208444
	[TRAIN] Epoch 5 Batch 200/650 Loss: 0.051582784841383865, 	PPG F1: 0.969336494277006, 	Batch Avg-T: 0:00:00.207882
	[TRAIN] Epoch 5 Batch 300/650 Loss: 0.05394994409946706, 	PPG F1: 0.9680121510852273, 	Batch Avg-T: 0:00:00.207225
	[TRAIN] Epoch 5 Batch 400/650 Loss: 0.05267627259014997, 	PPG F1: 0.968716529345239, 	Batch Avg-T: 0:00:00.207144
	[TRAIN] Epoch 5 Batch 500/650 Loss: 0.05225065717112994, 	PPG F1: 0.9688711298882331, 	Batch Avg-T: 0:00:00.207155
	[TRAIN] Epoch 5 Batch 600/650 Loss: 0.05200286491924336, 	PPG F1: 0.9689834365751022, 	Batch Avg-T: 0:00:00.207194
[TRAIN] Epoch 5 Loss: 0.05192218842128148,             	PPG F1: 0.9689938342342603
Time - 0:02:14.632207
[VAL] Epoch 5 Loss: 0.7568295563468742
[VAL] 	PPG      F1: 0.3222
[VAL] 	PPG ROC AUC: 0.8622
[VAL] 	PPG PR  AUC: 0.3391
Epoch 5 finished. t = 0:02:20.303610


Epoch 6 training...
	[TRAIN] Epoch 6 Batch 0/650 Loss: 0.05256963521242142, 	PPG F1: 0.9720534629404618, 	Batch Avg-T: 0:00:00.255354
	[TRAIN] Epoch 6 Batch 100/650 Loss: 0.04706923753982133, 	PPG F1: 0.9717904751508053, 	Batch Avg-T: 0:00:00.207177
	[TRAIN] Epoch 6 Batch 200/650 Loss: 0.045863064997528326, 	PPG F1: 0.9726182821246999, 	Batch Avg-T: 0:00:00.207176
	[TRAIN] Epoch 6 Batch 300/650 Loss: 0.045051090010871916, 	PPG F1: 0.9730969975093778, 	Batch Avg-T: 0:00:00.207286
	[TRAIN] Epoch 6 Batch 400/650 Loss: 0.04407077668666691, 	PPG F1: 0.9736858186756936, 	Batch Avg-T: 0:00:00.207424
	[TRAIN] Epoch 6 Batch 500/650 Loss: 0.04335459467848975, 	PPG F1: 0.9741390518949659, 	Batch Avg-T: 0:00:00.207487
	[TRAIN] Epoch 6 Batch 600/650 Loss: 0.0432634759390612, 	PPG F1: 0.9742726204965317, 	Batch Avg-T: 0:00:00.207485
[TRAIN] Epoch 6 Loss: 0.04290329650617563,             	PPG F1: 0.9745309389693554
Time - 0:02:14.777833
[VAL] Epoch 6 Loss: 0.9255633212788298
[VAL] 	PPG      F1: 0.2973
[VAL] 	PPG ROC AUC: 0.8505
[VAL] 	PPG PR  AUC: 0.3891
Epoch 6 finished. t = 0:02:20.448995


Epoch 7 training...
	[TRAIN] Epoch 7 Batch 0/650 Loss: 0.022499067708849907, 	PPG F1: 0.98870765370138, 	Batch Avg-T: 0:00:00.292938
	[TRAIN] Epoch 7 Batch 100/650 Loss: 0.03254365493165384, 	PPG F1: 0.9810071866129804, 	Batch Avg-T: 0:00:00.207527
	[TRAIN] Epoch 7 Batch 200/650 Loss: 0.033508904648954, 	PPG F1: 0.9802854430044425, 	Batch Avg-T: 0:00:00.207109
	[TRAIN] Epoch 7 Batch 300/650 Loss: 0.03323883638157203, 	PPG F1: 0.9801593434097734, 	Batch Avg-T: 0:00:00.207421
	[TRAIN] Epoch 7 Batch 400/650 Loss: 0.03423421574463868, 	PPG F1: 0.9795842840667595, 	Batch Avg-T: 0:00:00.207545
	[TRAIN] Epoch 7 Batch 500/650 Loss: 0.0344694724414282, 	PPG F1: 0.9795801991617789, 	Batch Avg-T: 0:00:00.207443
	[TRAIN] Epoch 7 Batch 600/650 Loss: 0.03410792911112209, 	PPG F1: 0.9797759488988617, 	Batch Avg-T: 0:00:00.207383
[TRAIN] Epoch 7 Loss: 0.03392769551334473,             	PPG F1: 0.9799137777749242
Time - 0:02:14.769554
[VAL] Epoch 7 Loss: 1.0769048915260386
[VAL] 	PPG      F1: 0.3001
[VAL] 	PPG ROC AUC: 0.8678
[VAL] 	PPG PR  AUC: 0.4446
Epoch 7 finished. t = 0:02:20.437303


Epoch 8 training...
	[TRAIN] Epoch 8 Batch 0/650 Loss: 0.037094585597515106, 	PPG F1: 0.9787765293383272, 	Batch Avg-T: 0:00:00.249685
	[TRAIN] Epoch 8 Batch 100/650 Loss: 0.02763107186644384, 	PPG F1: 0.984250765053052, 	Batch Avg-T: 0:00:00.208312
	[TRAIN] Epoch 8 Batch 200/650 Loss: 0.02895920834879377, 	PPG F1: 0.9832583265007557, 	Batch Avg-T: 0:00:00.207819
	[TRAIN] Epoch 8 Batch 300/650 Loss: 0.03082062418192031, 	PPG F1: 0.9820673238820137, 	Batch Avg-T: 0:00:00.207540
	[TRAIN] Epoch 8 Batch 400/650 Loss: 0.030886486511761114, 	PPG F1: 0.9819057121682575, 	Batch Avg-T: 0:00:00.207452
	[TRAIN] Epoch 8 Batch 500/650 Loss: 0.03068391296514375, 	PPG F1: 0.9820367383934916, 	Batch Avg-T: 0:00:00.207551
	[TRAIN] Epoch 8 Batch 600/650 Loss: 0.030217681407073076, 	PPG F1: 0.9823126306814345, 	Batch Avg-T: 0:00:00.207514
[TRAIN] Epoch 8 Loss: 0.029908679120529157,             	PPG F1: 0.9824912745590632
Time - 0:02:14.874447
[VAL] Epoch 8 Loss: 0.8609202202658405
[VAL] 	PPG      F1: 0.3287
[VAL] 	PPG ROC AUC: 0.8211
[VAL] 	PPG PR  AUC: 0.3541
Epoch 8 finished. t = 0:02:20.570627


Epoch 9 training...
	[TRAIN] Epoch 9 Batch 0/650 Loss: 0.027024652808904648, 	PPG F1: 0.9836829836829836, 	Batch Avg-T: 0:00:00.259019
	[TRAIN] Epoch 9 Batch 100/650 Loss: 0.025478658948720683, 	PPG F1: 0.9851957351737377, 	Batch Avg-T: 0:00:00.207304
	[TRAIN] Epoch 9 Batch 200/650 Loss: 0.02496607788833813, 	PPG F1: 0.9852686363458895, 	Batch Avg-T: 0:00:00.207353
	[TRAIN] Epoch 9 Batch 300/650 Loss: 0.02434532133633413, 	PPG F1: 0.9857755816619657, 	Batch Avg-T: 0:00:00.207233
	[TRAIN] Epoch 9 Batch 400/650 Loss: 0.024457552542264324, 	PPG F1: 0.9857185562176903, 	Batch Avg-T: 0:00:00.207157
	[TRAIN] Epoch 9 Batch 500/650 Loss: 0.024725419697825782, 	PPG F1: 0.9855813230092093, 	Batch Avg-T: 0:00:00.207240
	[TRAIN] Epoch 9 Batch 600/650 Loss: 0.02462639733560123, 	PPG F1: 0.9856532097103615, 	Batch Avg-T: 0:00:00.207276
[TRAIN] Epoch 9 Loss: 0.024452870436585866,             	PPG F1: 0.985783028322154
Time - 0:02:14.645570
[VAL] Epoch 9 Loss: 0.8207793544605364
[VAL] 	PPG      F1: 0.3672
[VAL] 	PPG ROC AUC: 0.8976
[VAL] 	PPG PR  AUC: 0.4703
Epoch 9 finished. t = 0:02:20.325378


Epoch 10 training...
	[TRAIN] Epoch 10 Batch 0/650 Loss: 0.02348078414797783, 	PPG F1: 0.9877149877149877, 	Batch Avg-T: 0:00:00.252047
	[TRAIN] Epoch 10 Batch 100/650 Loss: 0.01748440183219638, 	PPG F1: 0.9900900747994436, 	Batch Avg-T: 0:00:00.206662
	[TRAIN] Epoch 10 Batch 200/650 Loss: 0.01782179179494802, 	PPG F1: 0.989754229328909, 	Batch Avg-T: 0:00:00.206960
	[TRAIN] Epoch 10 Batch 300/650 Loss: 0.018662699334249147, 	PPG F1: 0.9893208940221191, 	Batch Avg-T: 0:00:00.207290
	[TRAIN] Epoch 10 Batch 400/650 Loss: 0.0201591369707574, 	PPG F1: 0.9884040524016496, 	Batch Avg-T: 0:00:00.207456
	[TRAIN] Epoch 10 Batch 500/650 Loss: 0.020102359904738482, 	PPG F1: 0.9883970661843887, 	Batch Avg-T: 0:00:00.207272
	[TRAIN] Epoch 10 Batch 600/650 Loss: 0.020352735151591, 	PPG F1: 0.9882512548125167, 	Batch Avg-T: 0:00:00.207348
[TRAIN] Epoch 10 Loss: 0.020271559787484315,             	PPG F1: 0.9882479135856694
Time - 0:02:14.750780
[VAL] Epoch 10 Loss: 1.1427243725952303
[VAL] 	PPG      F1: 0.2978
[VAL] 	PPG ROC AUC: 0.8178
[VAL] 	PPG PR  AUC: 0.3119
Epoch 10 finished. t = 0:02:20.444139


Epoch 11 training...
	[TRAIN] Epoch 11 Batch 0/650 Loss: 0.01334360521286726, 	PPG F1: 0.9964328180737217, 	Batch Avg-T: 0:00:00.251916
	[TRAIN] Epoch 11 Batch 100/650 Loss: 0.014689892871618862, 	PPG F1: 0.9918766056729763, 	Batch Avg-T: 0:00:00.207811
	[TRAIN] Epoch 11 Batch 200/650 Loss: 0.016752683057157852, 	PPG F1: 0.9905493484378719, 	Batch Avg-T: 0:00:00.207488
	[TRAIN] Epoch 11 Batch 300/650 Loss: 0.01640894585613941, 	PPG F1: 0.9907521233468405, 	Batch Avg-T: 0:00:00.207573
	[TRAIN] Epoch 11 Batch 400/650 Loss: 0.017076879872143864, 	PPG F1: 0.9902993483113406, 	Batch Avg-T: 0:00:00.207362
	[TRAIN] Epoch 11 Batch 500/650 Loss: 0.017391763187892838, 	PPG F1: 0.9901599243470187, 	Batch Avg-T: 0:00:00.207257
	[TRAIN] Epoch 11 Batch 600/650 Loss: 0.01724310099734567, 	PPG F1: 0.9902068479997032, 	Batch Avg-T: 0:00:00.207276
[TRAIN] Epoch 11 Loss: 0.017086997191206765,             	PPG F1: 0.9903520846156473
Time - 0:02:14.705555
[VAL] Epoch 11 Loss: 1.0258977148919761
[VAL] 	PPG      F1: 0.3349
[VAL] 	PPG ROC AUC: 0.8478
[VAL] 	PPG PR  AUC: 0.4072
Epoch 11 finished. t = 0:02:20.421052


Epoch 12 training...
	[TRAIN] Epoch 12 Batch 0/650 Loss: 0.015473134815692902, 	PPG F1: 0.9919075144508671, 	Batch Avg-T: 0:00:00.256096
	[TRAIN] Epoch 12 Batch 100/650 Loss: 0.012709536967743741, 	PPG F1: 0.9930562636529989, 	Batch Avg-T: 0:00:00.207611
	[TRAIN] Epoch 12 Batch 200/650 Loss: 0.014016747551122264, 	PPG F1: 0.9921003680347805, 	Batch Avg-T: 0:00:00.207228
	[TRAIN] Epoch 12 Batch 300/650 Loss: 0.014913633552401565, 	PPG F1: 0.9914932067036101, 	Batch Avg-T: 0:00:00.207493
	[TRAIN] Epoch 12 Batch 400/650 Loss: 0.015101600746087674, 	PPG F1: 0.9912817257022433, 	Batch Avg-T: 0:00:00.207634
	[TRAIN] Epoch 12 Batch 500/650 Loss: 0.014935489259697423, 	PPG F1: 0.9914493897878481, 	Batch Avg-T: 0:00:00.207599
	[TRAIN] Epoch 12 Batch 600/650 Loss: 0.015077030596117211, 	PPG F1: 0.9913720237905695, 	Batch Avg-T: 0:00:00.207540
[TRAIN] Epoch 12 Loss: 0.015213509979299628,             	PPG F1: 0.9912817992732686
Time - 0:02:14.924661
[VAL] Epoch 12 Loss: 1.584392242048308
[VAL] 	PPG      F1: 0.2836
[VAL] 	PPG ROC AUC: 0.8523
[VAL] 	PPG PR  AUC: 0.4054
Epoch 12 finished. t = 0:02:20.594349


Epoch 13 training...
	[TRAIN] Epoch 13 Batch 0/650 Loss: 0.012802882120013237, 	PPG F1: 0.9940405244338499, 	Batch Avg-T: 0:00:00.249696
	[TRAIN] Epoch 13 Batch 100/650 Loss: 0.012755809377159665, 	PPG F1: 0.9927556959118501, 	Batch Avg-T: 0:00:00.208079
	[TRAIN] Epoch 13 Batch 200/650 Loss: 0.01286837064883491, 	PPG F1: 0.9924835895574688, 	Batch Avg-T: 0:00:00.207753
	[TRAIN] Epoch 13 Batch 300/650 Loss: 0.012635016359815813, 	PPG F1: 0.9927111662664839, 	Batch Avg-T: 0:00:00.207882
	[TRAIN] Epoch 13 Batch 400/650 Loss: 0.01256626140630509, 	PPG F1: 0.9927958661127578, 	Batch Avg-T: 0:00:00.207548
	[TRAIN] Epoch 13 Batch 500/650 Loss: 0.012356807370419184, 	PPG F1: 0.992948980131742, 	Batch Avg-T: 0:00:00.207685
	[TRAIN] Epoch 13 Batch 600/650 Loss: 0.012505174137593035, 	PPG F1: 0.9928308121588426, 	Batch Avg-T: 0:00:00.207678
[TRAIN] Epoch 13 Loss: 0.01263944536053504,             	PPG F1: 0.9927402380417146
Time - 0:02:14.901797
[VAL] Epoch 13 Loss: 1.1087188338349279
[VAL] 	PPG      F1: 0.3182
[VAL] 	PPG ROC AUC: 0.8108
[VAL] 	PPG PR  AUC: 0.4192
Epoch 13 finished. t = 0:02:20.574751


Epoch 14 training...
	[TRAIN] Epoch 14 Batch 0/650 Loss: 0.02725263498723507, 	PPG F1: 0.9864698646986471, 	Batch Avg-T: 0:00:00.249768
	[TRAIN] Epoch 14 Batch 100/650 Loss: 0.009957152766885587, 	PPG F1: 0.993997773672752, 	Batch Avg-T: 0:00:00.207822
	[TRAIN] Epoch 14 Batch 200/650 Loss: 0.010542995877916095, 	PPG F1: 0.9939376619899658, 	Batch Avg-T: 0:00:00.207628
	[TRAIN] Epoch 14 Batch 300/650 Loss: 0.011154993554806194, 	PPG F1: 0.993574654497809, 	Batch Avg-T: 0:00:00.207351
	[TRAIN] Epoch 14 Batch 400/650 Loss: 0.01106989174556368, 	PPG F1: 0.9936212722101945, 	Batch Avg-T: 0:00:00.207497
	[TRAIN] Epoch 14 Batch 500/650 Loss: 0.011484743989148956, 	PPG F1: 0.9933901905795933, 	Batch Avg-T: 0:00:00.207438
	[TRAIN] Epoch 14 Batch 600/650 Loss: 0.011558098246664206, 	PPG F1: 0.9933898183815902, 	Batch Avg-T: 0:00:00.207489
[TRAIN] Epoch 14 Loss: 0.011581981567880855,             	PPG F1: 0.993395555699662
Time - 0:02:14.779251
[VAL] Epoch 14 Loss: 0.9672921549771331
[VAL] 	PPG      F1: 0.3458
[VAL] 	PPG ROC AUC: 0.8248
[VAL] 	PPG PR  AUC: 0.3911
Epoch 14 finished. t = 0:02:20.453144


Epoch 15 training...
	[TRAIN] Epoch 15 Batch 0/650 Loss: 0.013084905222058296, 	PPG F1: 0.9945115257958288, 	Batch Avg-T: 0:00:00.256219
	[TRAIN] Epoch 15 Batch 100/650 Loss: 0.01299485364596885, 	PPG F1: 0.9928131770576856, 	Batch Avg-T: 0:00:00.207638
	[TRAIN] Epoch 15 Batch 200/650 Loss: 0.01394695691319544, 	PPG F1: 0.9923244965864187, 	Batch Avg-T: 0:00:00.207884
	[TRAIN] Epoch 15 Batch 300/650 Loss: 0.013431863873992795, 	PPG F1: 0.9925410921863945, 	Batch Avg-T: 0:00:00.207793
	[TRAIN] Epoch 15 Batch 400/650 Loss: 0.012071125525191538, 	PPG F1: 0.9933040359620882, 	Batch Avg-T: 0:00:00.207616
	[TRAIN] Epoch 15 Batch 500/650 Loss: 0.012267682477813251, 	PPG F1: 0.9931594345531634, 	Batch Avg-T: 0:00:00.207625
	[TRAIN] Epoch 15 Batch 600/650 Loss: 0.011576569861517026, 	PPG F1: 0.9935631476742274, 	Batch Avg-T: 0:00:00.207687
[TRAIN] Epoch 15 Loss: 0.011443982550587792,             	PPG F1: 0.9936614865085228
Time - 0:02:14.970791
[VAL] Epoch 15 Loss: 1.01778306206998
[VAL] 	PPG      F1: 0.3707
[VAL] 	PPG ROC AUC: 0.895
[VAL] 	PPG PR  AUC: 0.4995
Epoch 15 finished. t = 0:02:20.667407


Epoch 16 training...
	[TRAIN] Epoch 16 Batch 0/650 Loss: 0.019407793879508972, 	PPG F1: 0.9843561973525873, 	Batch Avg-T: 0:00:00.292733
	[TRAIN] Epoch 16 Batch 100/650 Loss: 0.0064663976928827785, 	PPG F1: 0.9965052033406413, 	Batch Avg-T: 0:00:00.207884
	[TRAIN] Epoch 16 Batch 200/650 Loss: 0.010063122164467303, 	PPG F1: 0.9942089108777645, 	Batch Avg-T: 0:00:00.207655
	[TRAIN] Epoch 16 Batch 300/650 Loss: 0.008876365469072472, 	PPG F1: 0.9949603947661615, 	Batch Avg-T: 0:00:00.207886
	[TRAIN] Epoch 16 Batch 400/650 Loss: 0.01060271058481261, 	PPG F1: 0.9941047318180578, 	Batch Avg-T: 0:00:00.207936
	[TRAIN] Epoch 16 Batch 500/650 Loss: 0.010048244381323457, 	PPG F1: 0.9943601818762073, 	Batch Avg-T: 0:00:00.207853
	[TRAIN] Epoch 16 Batch 600/650 Loss: 0.009927476267659644, 	PPG F1: 0.9943996206473797, 	Batch Avg-T: 0:00:00.207826
[TRAIN] Epoch 16 Loss: 0.010035857467894227,             	PPG F1: 0.9943294612655074
Time - 0:02:15.039779
[VAL] Epoch 16 Loss: 1.4037041449245553
[VAL] 	PPG      F1: 0.3423
[VAL] 	PPG ROC AUC: 0.8911
[VAL] 	PPG PR  AUC: 0.4499
Epoch 16 finished. t = 0:02:20.713884


Epoch 17 training...
	[TRAIN] Epoch 17 Batch 0/650 Loss: 0.00476222625002265, 	PPG F1: 0.9962640099626401, 	Batch Avg-T: 0:00:00.249657
	[TRAIN] Epoch 17 Batch 100/650 Loss: 0.008240843267816276, 	PPG F1: 0.9953669523905789, 	Batch Avg-T: 0:00:00.207794
	[TRAIN] Epoch 17 Batch 200/650 Loss: 0.009787098219646002, 	PPG F1: 0.9944323845770763, 	Batch Avg-T: 0:00:00.207359
	[TRAIN] Epoch 17 Batch 300/650 Loss: 0.008966380307927381, 	PPG F1: 0.9949264699554572, 	Batch Avg-T: 0:00:00.207188
	[TRAIN] Epoch 17 Batch 400/650 Loss: 0.009143652405445823, 	PPG F1: 0.9948065149250497, 	Batch Avg-T: 0:00:00.207281
	[TRAIN] Epoch 17 Batch 500/650 Loss: 0.009058567911884682, 	PPG F1: 0.994892872774964, 	Batch Avg-T: 0:00:00.207219
	[TRAIN] Epoch 17 Batch 600/650 Loss: 0.008838898693862217, 	PPG F1: 0.9950091478355225, 	Batch Avg-T: 0:00:00.207049
[TRAIN] Epoch 17 Loss: 0.008686791533926645,             	PPG F1: 0.9950815784135774
Time - 0:02:14.572659
[VAL] Epoch 17 Loss: 1.265798905444453
[VAL] 	PPG      F1: 0.3189
[VAL] 	PPG ROC AUC: 0.8649
[VAL] 	PPG PR  AUC: 0.3944
Epoch 17 finished. t = 0:02:20.245443


Epoch 18 training...
	[TRAIN] Epoch 18 Batch 0/650 Loss: 0.004830279387533665, 	PPG F1: 0.995249406175772, 	Batch Avg-T: 0:00:00.256123
	[TRAIN] Epoch 18 Batch 100/650 Loss: 0.006801880249467743, 	PPG F1: 0.9960750735330512, 	Batch Avg-T: 0:00:00.207738
	[TRAIN] Epoch 18 Batch 200/650 Loss: 0.007616248708079333, 	PPG F1: 0.9956385876251085, 	Batch Avg-T: 0:00:00.207361
	[TRAIN] Epoch 18 Batch 300/650 Loss: 0.0076722146725077866, 	PPG F1: 0.9955332942319346, 	Batch Avg-T: 0:00:00.207088
	[TRAIN] Epoch 18 Batch 400/650 Loss: 0.0077238237538126454, 	PPG F1: 0.9954570716508424, 	Batch Avg-T: 0:00:00.207167
	[TRAIN] Epoch 18 Batch 500/650 Loss: 0.007980063035498614, 	PPG F1: 0.9953856330544069, 	Batch Avg-T: 0:00:00.207273
	[TRAIN] Epoch 18 Batch 600/650 Loss: 0.008120761258169674, 	PPG F1: 0.9952967813935306, 	Batch Avg-T: 0:00:00.207313
[TRAIN] Epoch 18 Loss: 0.008467107392811719,             	PPG F1: 0.995117252665121
Time - 0:02:14.698389
[VAL] Epoch 18 Loss: 1.2068183628598308
[VAL] 	PPG      F1: 0.3171
[VAL] 	PPG ROC AUC: 0.8623
[VAL] 	PPG PR  AUC: 0.4348
Epoch 18 finished. t = 0:02:20.399532


Epoch 19 training...
	[TRAIN] Epoch 19 Batch 0/650 Loss: 0.007687590084969997, 	PPG F1: 0.995049504950495, 	Batch Avg-T: 0:00:00.249912
	[TRAIN] Epoch 19 Batch 100/650 Loss: 0.005119435390051786, 	PPG F1: 0.9970607043853325, 	Batch Avg-T: 0:00:00.206916
	[TRAIN] Epoch 19 Batch 200/650 Loss: 0.005603488150692142, 	PPG F1: 0.9967411240264057, 	Batch Avg-T: 0:00:00.206692
	[TRAIN] Epoch 19 Batch 300/650 Loss: 0.006469469688804913, 	PPG F1: 0.9962658541399142, 	Batch Avg-T: 0:00:00.206805
	[TRAIN] Epoch 19 Batch 400/650 Loss: 0.006504154605605173, 	PPG F1: 0.9962590578732837, 	Batch Avg-T: 0:00:00.206849
	[TRAIN] Epoch 19 Batch 500/650 Loss: 0.006737622825109108, 	PPG F1: 0.996165572599163, 	Batch Avg-T: 0:00:00.206942
	[TRAIN] Epoch 19 Batch 600/650 Loss: 0.007137135021232019, 	PPG F1: 0.9959731843635852, 	Batch Avg-T: 0:00:00.207005
[TRAIN] Epoch 19 Loss: 0.007297133008698718,             	PPG F1: 0.9958749126453946
Time - 0:02:14.448417
[VAL] Epoch 19 Loss: 1.2359142567278172
[VAL] 	PPG      F1: 0.3227
[VAL] 	PPG ROC AUC: 0.8759
[VAL] 	PPG PR  AUC: 0.4391
Epoch 19 finished. t = 0:02:20.137096


Epoch 20 training...
	[TRAIN] Epoch 20 Batch 0/650 Loss: 0.0062501877546310425, 	PPG F1: 0.9961389961389961, 	Batch Avg-T: 0:00:00.249350
	[TRAIN] Epoch 20 Batch 100/650 Loss: 0.006735895992899867, 	PPG F1: 0.9963863277707733, 	Batch Avg-T: 0:00:00.207100
	[TRAIN] Epoch 20 Batch 200/650 Loss: 0.006215672232691356, 	PPG F1: 0.9966493918238796, 	Batch Avg-T: 0:00:00.207178
	[TRAIN] Epoch 20 Batch 300/650 Loss: 0.007233537695168725, 	PPG F1: 0.9960667300518612, 	Batch Avg-T: 0:00:00.207126
	[TRAIN] Epoch 20 Batch 400/650 Loss: 0.007935550248414682, 	PPG F1: 0.995661727770934, 	Batch Avg-T: 0:00:00.207200
	[TRAIN] Epoch 20 Batch 500/650 Loss: 0.007629993939161126, 	PPG F1: 0.9958371834844333, 	Batch Avg-T: 0:00:00.207161
	[TRAIN] Epoch 20 Batch 600/650 Loss: 0.007568597346367997, 	PPG F1: 0.9958341387347422, 	Batch Avg-T: 0:00:00.207242
[TRAIN] Epoch 20 Loss: 0.007597258622767045,             	PPG F1: 0.9957929455654212
Time - 0:02:14.651628
[VAL] Epoch 20 Loss: 1.6595179904374313
[VAL] 	PPG      F1: 0.2792
[VAL] 	PPG ROC AUC: 0.8443
[VAL] 	PPG PR  AUC: 0.3805
Epoch 20 finished. t = 0:02:20.369671


Epoch 21 training...
	[TRAIN] Epoch 21 Batch 0/650 Loss: 0.004827778786420822, 	PPG F1: 0.9952267303102627, 	Batch Avg-T: 0:00:00.256704
	[TRAIN] Epoch 21 Batch 100/650 Loss: 0.004392672139381307, 	PPG F1: 0.9976273663388417, 	Batch Avg-T: 0:00:00.207049
	[TRAIN] Epoch 21 Batch 200/650 Loss: 0.00505871641413721, 	PPG F1: 0.9972066235554041, 	Batch Avg-T: 0:00:00.207149
	[TRAIN] Epoch 21 Batch 300/650 Loss: 0.005637311985201057, 	PPG F1: 0.9967578364690568, 	Batch Avg-T: 0:00:00.207155
	[TRAIN] Epoch 21 Batch 400/650 Loss: 0.005665545987442572, 	PPG F1: 0.9968311298278082, 	Batch Avg-T: 0:00:00.207307
	[TRAIN] Epoch 21 Batch 500/650 Loss: 0.005733260853627804, 	PPG F1: 0.9967785573134458, 	Batch Avg-T: 0:00:00.207303
	[TRAIN] Epoch 21 Batch 600/650 Loss: 0.006021317274611096, 	PPG F1: 0.996622179810314, 	Batch Avg-T: 0:00:00.207283
[TRAIN] Epoch 21 Loss: 0.005990829538428583,             	PPG F1: 0.9966453735048887
Time - 0:02:14.753774
[VAL] Epoch 21 Loss: 1.1686012921775064
[VAL] 	PPG      F1: 0.3388
[VAL] 	PPG ROC AUC: 0.8698
[VAL] 	PPG PR  AUC: 0.4267
Epoch 21 finished. t = 0:02:20.422485


Epoch 22 training...
	[TRAIN] Epoch 22 Batch 0/650 Loss: 0.003112082602456212, 	PPG F1: 0.9976635514018692, 	Batch Avg-T: 0:00:00.249719
	[TRAIN] Epoch 22 Batch 100/650 Loss: 0.007047769236655002, 	PPG F1: 0.9960007809264506, 	Batch Avg-T: 0:00:00.206792
	[TRAIN] Epoch 22 Batch 200/650 Loss: 0.006445473047269888, 	PPG F1: 0.9964297011687041, 	Batch Avg-T: 0:00:00.206597
	[TRAIN] Epoch 22 Batch 300/650 Loss: 0.00646309354040846, 	PPG F1: 0.996391386451978, 	Batch Avg-T: 0:00:00.206571
	[TRAIN] Epoch 22 Batch 400/650 Loss: 0.006124595724997875, 	PPG F1: 0.9965025033880012, 	Batch Avg-T: 0:00:00.206802
	[TRAIN] Epoch 22 Batch 500/650 Loss: 0.006831122914497869, 	PPG F1: 0.9961326275388007, 	Batch Avg-T: 0:00:00.206764
	[TRAIN] Epoch 22 Batch 600/650 Loss: 0.0065038155635238504, 	PPG F1: 0.9963169767318861, 	Batch Avg-T: 0:00:00.206784
[TRAIN] Epoch 22 Loss: 0.006493637777390317,             	PPG F1: 0.9963269684264943
Time - 0:02:14.401960
[VAL] Epoch 22 Loss: 0.975495622188877
[VAL] 	PPG      F1: 0.3734
[VAL] 	PPG ROC AUC: 0.8793
[VAL] 	PPG PR  AUC: 0.5136
Epoch 22 finished. t = 0:02:20.113620


Epoch 23 training...
	[TRAIN] Epoch 23 Batch 0/650 Loss: 0.008386191911995411, 	PPG F1: 0.9934640522875817, 	Batch Avg-T: 0:00:00.250066
	[TRAIN] Epoch 23 Batch 100/650 Loss: 0.008158168877650163, 	PPG F1: 0.9957030656135795, 	Batch Avg-T: 0:00:00.207453
	[TRAIN] Epoch 23 Batch 200/650 Loss: 0.0072695381982270536, 	PPG F1: 0.9961239332027405, 	Batch Avg-T: 0:00:00.207060
	[TRAIN] Epoch 23 Batch 300/650 Loss: 0.0064398935400189344, 	PPG F1: 0.996533838433989, 	Batch Avg-T: 0:00:00.206868
	[TRAIN] Epoch 23 Batch 400/650 Loss: 0.005965843992328104, 	PPG F1: 0.9967419752309218, 	Batch Avg-T: 0:00:00.206970
	[TRAIN] Epoch 23 Batch 500/650 Loss: 0.005889817861388875, 	PPG F1: 0.9967597403140561, 	Batch Avg-T: 0:00:00.207004
	[TRAIN] Epoch 23 Batch 600/650 Loss: 0.006134418901565489, 	PPG F1: 0.996650388586485, 	Batch Avg-T: 0:00:00.207043
[TRAIN] Epoch 23 Loss: 0.006013438334160198,             	PPG F1: 0.9967212423336543
Time - 0:02:14.492505
[VAL] Epoch 23 Loss: 1.123008165434096
[VAL] 	PPG      F1: 0.3524
[VAL] 	PPG ROC AUC: 0.8803
[VAL] 	PPG PR  AUC: 0.472
Epoch 23 finished. t = 0:02:20.167569


Epoch 24 training...
	[TRAIN] Epoch 24 Batch 0/650 Loss: 0.002320665866136551, 	PPG F1: 0.9988137603795968, 	Batch Avg-T: 0:00:00.255618
	[TRAIN] Epoch 24 Batch 100/650 Loss: 0.005093686280905794, 	PPG F1: 0.997218777126267, 	Batch Avg-T: 0:00:00.207499
	[TRAIN] Epoch 24 Batch 200/650 Loss: 0.0046913827632192465, 	PPG F1: 0.9974353893194922, 	Batch Avg-T: 0:00:00.207389
	[TRAIN] Epoch 24 Batch 300/650 Loss: 0.0054297892506732495, 	PPG F1: 0.9970781568073073, 	Batch Avg-T: 0:00:00.207696
	[TRAIN] Epoch 24 Batch 400/650 Loss: 0.005258510721280725, 	PPG F1: 0.9971812071129537, 	Batch Avg-T: 0:00:00.207732
	[TRAIN] Epoch 24 Batch 500/650 Loss: 0.0051493259219307745, 	PPG F1: 0.9972441805037823, 	Batch Avg-T: 0:00:00.207813
	[TRAIN] Epoch 24 Batch 600/650 Loss: 0.005330112617859577, 	PPG F1: 0.9971100652351691, 	Batch Avg-T: 0:00:00.207782
[TRAIN] Epoch 24 Loss: 0.005275340054246884,             	PPG F1: 0.9971648778587271
Time - 0:02:15.038427
[VAL] Epoch 24 Loss: 1.1148307000347035
[VAL] 	PPG      F1: 0.3393
[VAL] 	PPG ROC AUC: 0.8498
[VAL] 	PPG PR  AUC: 0.4531
Epoch 24 finished. t = 0:02:20.714847


Epoch 25 training...
	[TRAIN] Epoch 25 Batch 0/650 Loss: 0.010913546197116375, 	PPG F1: 0.9941520467836257, 	Batch Avg-T: 0:00:00.292900
	[TRAIN] Epoch 25 Batch 100/650 Loss: 0.007302958780489309, 	PPG F1: 0.9961018834457106, 	Batch Avg-T: 0:00:00.207809
	[TRAIN] Epoch 25 Batch 200/650 Loss: 0.005367683951594677, 	PPG F1: 0.997081376716442, 	Batch Avg-T: 0:00:00.207170
	[TRAIN] Epoch 25 Batch 300/650 Loss: 0.00576208131558005, 	PPG F1: 0.9968333556792235, 	Batch Avg-T: 0:00:00.207142
	[TRAIN] Epoch 25 Batch 400/650 Loss: 0.006035588678504408, 	PPG F1: 0.996686995799928, 	Batch Avg-T: 0:00:00.207174
	[TRAIN] Epoch 25 Batch 500/650 Loss: 0.005627394535233956, 	PPG F1: 0.9968831287621058, 	Batch Avg-T: 0:00:00.207078
	[TRAIN] Epoch 25 Batch 600/650 Loss: 0.0058565616171156985, 	PPG F1: 0.9967482211873347, 	Batch Avg-T: 0:00:00.207131
[TRAIN] Epoch 25 Loss: 0.005700595894103082,             	PPG F1: 0.996849392239504
Time - 0:02:14.602219
[VAL] Epoch 25 Loss: 0.9525627126903045
[VAL] 	PPG      F1: 0.3912
[VAL] 	PPG ROC AUC: 0.8962
[VAL] 	PPG PR  AUC: 0.4977
Epoch 25 finished. t = 0:02:20.274628


Epoch 26 training...
	[TRAIN] Epoch 26 Batch 0/650 Loss: 0.005503461230546236, 	PPG F1: 0.9966254218222722, 	Batch Avg-T: 0:00:00.249946
	[TRAIN] Epoch 26 Batch 100/650 Loss: 0.004268438630220988, 	PPG F1: 0.9976185712586079, 	Batch Avg-T: 0:00:00.207870
	[TRAIN] Epoch 26 Batch 200/650 Loss: 0.004617391099220267, 	PPG F1: 0.9974822988311379, 	Batch Avg-T: 0:00:00.206966
	[TRAIN] Epoch 26 Batch 300/650 Loss: 0.005150506520681346, 	PPG F1: 0.9971906134289642, 	Batch Avg-T: 0:00:00.206932
	[TRAIN] Epoch 26 Batch 400/650 Loss: 0.005164631010354566, 	PPG F1: 0.9971837289512125, 	Batch Avg-T: 0:00:00.207044
	[TRAIN] Epoch 26 Batch 500/650 Loss: 0.0050732858261238025, 	PPG F1: 0.9972282041524728, 	Batch Avg-T: 0:00:00.207101
	[TRAIN] Epoch 26 Batch 600/650 Loss: 0.005097941576082688, 	PPG F1: 0.9972016354814596, 	Batch Avg-T: 0:00:00.207043
[TRAIN] Epoch 26 Loss: 0.005212697607953137,             	PPG F1: 0.997129683136268
Time - 0:02:14.542637
[VAL] Epoch 26 Loss: 1.0729725279760036
[VAL] 	PPG      F1: 0.3376
[VAL] 	PPG ROC AUC: 0.8559
[VAL] 	PPG PR  AUC: 0.4493
Epoch 26 finished. t = 0:02:20.224359


Epoch 27 training...
	[TRAIN] Epoch 27 Batch 0/650 Loss: 0.0011075580259785056, 	PPG F1: 1.0, 	Batch Avg-T: 0:00:00.255868
	[TRAIN] Epoch 27 Batch 100/650 Loss: 0.005027503371676707, 	PPG F1: 0.9971684227420887, 	Batch Avg-T: 0:00:00.207228
	[TRAIN] Epoch 27 Batch 200/650 Loss: 0.005272797115995034, 	PPG F1: 0.9971814735479143, 	Batch Avg-T: 0:00:00.207197
	[TRAIN] Epoch 27 Batch 300/650 Loss: 0.004903893900394712, 	PPG F1: 0.9974212113962272, 	Batch Avg-T: 0:00:00.206809
	[TRAIN] Epoch 27 Batch 400/650 Loss: 0.00534385465280161, 	PPG F1: 0.9971616663056273, 	Batch Avg-T: 0:00:00.206976
	[TRAIN] Epoch 27 Batch 500/650 Loss: 0.005473706957275566, 	PPG F1: 0.9971026904106111, 	Batch Avg-T: 0:00:00.207075
	[TRAIN] Epoch 27 Batch 600/650 Loss: 0.005250782407904485, 	PPG F1: 0.9971993196083139, 	Batch Avg-T: 0:00:00.207153
[TRAIN] Epoch 27 Loss: 0.00528170062387989,             	PPG F1: 0.9971615717087672
Time - 0:02:14.607954
[VAL] Epoch 27 Loss: 0.9989651098956936
[VAL] 	PPG      F1: 0.3501
[VAL] 	PPG ROC AUC: 0.8727
[VAL] 	PPG PR  AUC: 0.4691
Epoch 27 finished. t = 0:02:20.288312


Epoch 28 training...
	[TRAIN] Epoch 28 Batch 0/650 Loss: 0.001964517403393984, 	PPG F1: 1.0, 	Batch Avg-T: 0:00:00.249745
	[TRAIN] Epoch 28 Batch 100/650 Loss: 0.003681381724343755, 	PPG F1: 0.9978309533005102, 	Batch Avg-T: 0:00:00.207518
	[TRAIN] Epoch 28 Batch 200/650 Loss: 0.0035486468984901823, 	PPG F1: 0.9978953646723081, 	Batch Avg-T: 0:00:00.207423
	[TRAIN] Epoch 28 Batch 300/650 Loss: 0.0039076715161187724, 	PPG F1: 0.9977450404220667, 	Batch Avg-T: 0:00:00.207786
	[TRAIN] Epoch 28 Batch 400/650 Loss: 0.0038948535771202645, 	PPG F1: 0.9977470345170149, 	Batch Avg-T: 0:00:00.207552
	[TRAIN] Epoch 28 Batch 500/650 Loss: 0.004093424416875175, 	PPG F1: 0.997661471913319, 	Batch Avg-T: 0:00:00.207380
	[TRAIN] Epoch 28 Batch 600/650 Loss: 0.004277586891067357, 	PPG F1: 0.9975971740461208, 	Batch Avg-T: 0:00:00.207364
[TRAIN] Epoch 28 Loss: 0.004700626010061779,             	PPG F1: 0.9973831919980854
Time - 0:02:14.705136
[VAL] Epoch 28 Loss: 0.7792646412906477
[VAL] 	PPG      F1: 0.3508
[VAL] 	PPG ROC AUC: 0.8774
[VAL] 	PPG PR  AUC: 0.465
Epoch 28 finished. t = 0:02:20.379049


Epoch 29 training...
	[TRAIN] Epoch 29 Batch 0/650 Loss: 0.00887923501431942, 	PPG F1: 0.9938949938949938, 	Batch Avg-T: 0:00:00.249978
	[TRAIN] Epoch 29 Batch 100/650 Loss: 0.0034404529804953994, 	PPG F1: 0.9981634556810844, 	Batch Avg-T: 0:00:00.208143
	[TRAIN] Epoch 29 Batch 200/650 Loss: 0.003212689728167983, 	PPG F1: 0.9983140848466286, 	Batch Avg-T: 0:00:00.207739
	[TRAIN] Epoch 29 Batch 300/650 Loss: 0.003888311126163814, 	PPG F1: 0.9979466265061442, 	Batch Avg-T: 0:00:00.207534
	[TRAIN] Epoch 29 Batch 400/650 Loss: 0.0041689893613355185, 	PPG F1: 0.9977904933567432, 	Batch Avg-T: 0:00:00.207501
	[TRAIN] Epoch 29 Batch 500/650 Loss: 0.004201759305438017, 	PPG F1: 0.9977606051647088, 	Batch Avg-T: 0:00:00.207404
	[TRAIN] Epoch 29 Batch 600/650 Loss: 0.004180856780457999, 	PPG F1: 0.9977975501661861, 	Batch Avg-T: 0:00:00.207358
[TRAIN] Epoch 29 Loss: 0.00438264954922488,             	PPG F1: 0.9976477039080843
Time - 0:02:14.741162
[VAL] Epoch 29 Loss: 1.209629229388495
[VAL] 	PPG      F1: 0.3125
[VAL] 	PPG ROC AUC: 0.8415
[VAL] 	PPG PR  AUC: 0.4444
Epoch 29 finished. t = 0:02:20.550956



