JOB START
Wed Apr  5 18:54:15 2023       
+-----------------------------------------------------------------------------+
| NVIDIA-SMI 470.74       Driver Version: 470.74       CUDA Version: 11.4     |
|-------------------------------+----------------------+----------------------+
| GPU  Name        Persistence-M| Bus-Id        Disp.A | Volatile Uncorr. ECC |
| Fan  Temp  Perf  Pwr:Usage/Cap|         Memory-Usage | GPU-Util  Compute M. |
|                               |                      |               MIG M. |
|===============================+======================+======================|
|   0  Tesla K80           Off  | 00000000:88:00.0 Off |                    0 |
| N/A   35C    P0    59W / 149W |      0MiB / 11441MiB |     96%      Default |
|                               |                      |                  N/A |
+-------------------------------+----------------------+----------------------+
                                                                               
+-----------------------------------------------------------------------------+
| Processes:                                                                  |
|  GPU   GI   CI        PID   Type   Process name                  GPU Memory |
|        ID   ID                                                   Usage      |
|=============================================================================|
|  No running processes found                                                 |
+-----------------------------------------------------------------------------+
BATCH_SIZE 1280
NUM_EPOCHS 30
device cuda
PPG_LR 0.0001
BD_PERC 0.01
BD_TARGET_CLASS 1
BD_DIFF 0
COMMENT diff0
MODEL_FOLDER res34_epoch_30_ppglr_0.0001_BDPERC_0.01_1_0_diff0
Creating datasets
dataset finished
dataset finished
Dataset finished
Epoch 0 training...
	[TRAIN] Epoch 0 Batch 0/650 Loss: 0.7339754104614258, 	PPG F1: 0.3099476439790576, 	Batch Avg-T: 0:00:00.509171
	[TRAIN] Epoch 0 Batch 100/650 Loss: 0.39225538827405115, 	PPG F1: 0.7357902813985877, 	Batch Avg-T: 0:00:00.312168
	[TRAIN] Epoch 0 Batch 200/650 Loss: 0.31136285213392173, 	PPG F1: 0.8010030841897031, 	Batch Avg-T: 0:00:00.317172
	[TRAIN] Epoch 0 Batch 300/650 Loss: 0.26565880519013074, 	PPG F1: 0.834084449071847, 	Batch Avg-T: 0:00:00.318772
	[TRAIN] Epoch 0 Batch 400/650 Loss: 0.23438017911967493, 	PPG F1: 0.8559900824053998, 	Batch Avg-T: 0:00:00.319618
	[TRAIN] Epoch 0 Batch 500/650 Loss: 0.21083453327357887, 	PPG F1: 0.8718664003951563, 	Batch Avg-T: 0:00:00.319122
	[TRAIN] Epoch 0 Batch 600/650 Loss: 0.19279768290664512, 	PPG F1: 0.8838022077962144, 	Batch Avg-T: 0:00:00.319385
[TRAIN] Epoch 0 Loss: 0.18513546035839962,             	PPG F1: 0.8887928803445595
Time - 0:03:27.682327
[VAL] Epoch 0 Loss: 0.3002597040167835
[VAL] 	PPG      F1: 0.4838
[VAL] 	PPG ROC AUC: 0.8788
[VAL] 	PPG PR  AUC: 0.5453
Epoch 0 finished. t = 0:03:46.122036
Saving...


Epoch 1 training...
	[TRAIN] Epoch 1 Batch 0/650 Loss: 0.10654158890247345, 	PPG F1: 0.9378531073446327, 	Batch Avg-T: 0:00:00.380462
	[TRAIN] Epoch 1 Batch 100/650 Loss: 0.5175048769405572, 	PPG F1: 0.6455489737571657, 	Batch Avg-T: 0:00:00.327606
	[TRAIN] Epoch 1 Batch 200/650 Loss: 0.4020700563690556, 	PPG F1: 0.7372307254060688, 	Batch Avg-T: 0:00:00.327514
	[TRAIN] Epoch 1 Batch 300/650 Loss: 0.3448601104195332, 	PPG F1: 0.7807581036312633, 	Batch Avg-T: 0:00:00.327458
	[TRAIN] Epoch 1 Batch 400/650 Loss: 0.3114676682134519, 	PPG F1: 0.8057696496655953, 	Batch Avg-T: 0:00:00.327312
	[TRAIN] Epoch 1 Batch 500/650 Loss: 0.2855594024924699, 	PPG F1: 0.8245726981999302, 	Batch Avg-T: 0:00:00.327427
	[TRAIN] Epoch 1 Batch 600/650 Loss: 0.2650336983199921, 	PPG F1: 0.8388759742689147, 	Batch Avg-T: 0:00:00.327493
[TRAIN] Epoch 1 Loss: 0.2571708157429328,             	PPG F1: 0.8443559364428288
Time - 0:03:32.790037
[VAL] Epoch 1 Loss: 0.4821764590631195
[VAL] 	PPG      F1: 0.3447
[VAL] 	PPG ROC AUC: 0.8058
[VAL] 	PPG PR  AUC: 0.4334
Epoch 1 finished. t = 0:03:51.242009


Epoch 2 training...
	[TRAIN] Epoch 2 Batch 0/650 Loss: 0.15050193667411804, 	PPG F1: 0.9087048832271762, 	Batch Avg-T: 0:00:00.360308
	[TRAIN] Epoch 2 Batch 100/650 Loss: 0.14966803744877918, 	PPG F1: 0.917398510980516, 	Batch Avg-T: 0:00:00.325150
	[TRAIN] Epoch 2 Batch 200/650 Loss: 0.1448065041013025, 	PPG F1: 0.920861493448279, 	Batch Avg-T: 0:00:00.324930
	[TRAIN] Epoch 2 Batch 300/650 Loss: 0.14114170217038785, 	PPG F1: 0.9231877872451051, 	Batch Avg-T: 0:00:00.324992
	[TRAIN] Epoch 2 Batch 400/650 Loss: 0.13720990795447047, 	PPG F1: 0.9255531310019037, 	Batch Avg-T: 0:00:00.324999
	[TRAIN] Epoch 2 Batch 500/650 Loss: 0.13279771962446604, 	PPG F1: 0.9281390157380388, 	Batch Avg-T: 0:00:00.324923
	[TRAIN] Epoch 2 Batch 600/650 Loss: 0.1290686798100662, 	PPG F1: 0.9303256553350326, 	Batch Avg-T: 0:00:00.324948
[TRAIN] Epoch 2 Loss: 0.12759054995500124,             	PPG F1: 0.9311767393605258
Time - 0:03:31.134715
[VAL] Epoch 2 Loss: 0.6324086842820948
[VAL] 	PPG      F1: 0.3308
[VAL] 	PPG ROC AUC: 0.8375
[VAL] 	PPG PR  AUC: 0.4762
Epoch 2 finished. t = 0:03:49.679436


Epoch 3 training...
	[TRAIN] Epoch 3 Batch 0/650 Loss: 0.12159335613250732, 	PPG F1: 0.933920704845815, 	Batch Avg-T: 0:00:00.387608
	[TRAIN] Epoch 3 Batch 100/650 Loss: 0.10125639215849414, 	PPG F1: 0.9460392509307719, 	Batch Avg-T: 0:00:00.325088
	[TRAIN] Epoch 3 Batch 200/650 Loss: 0.09804112197303061, 	PPG F1: 0.9475108505657572, 	Batch Avg-T: 0:00:00.325110
	[TRAIN] Epoch 3 Batch 300/650 Loss: 0.09653502057903629, 	PPG F1: 0.9482046087507581, 	Batch Avg-T: 0:00:00.325142
	[TRAIN] Epoch 3 Batch 400/650 Loss: 0.09533975709071778, 	PPG F1: 0.9487618377835593, 	Batch Avg-T: 0:00:00.325135
	[TRAIN] Epoch 3 Batch 500/650 Loss: 0.09345356256751243, 	PPG F1: 0.9499102945889255, 	Batch Avg-T: 0:00:00.325172
	[TRAIN] Epoch 3 Batch 600/650 Loss: 0.0920076497308228, 	PPG F1: 0.9505859367403052, 	Batch Avg-T: 0:00:00.324995
[TRAIN] Epoch 3 Loss: 0.09119900933251932,             	PPG F1: 0.9510757243294207
Time - 0:03:31.235867
[VAL] Epoch 3 Loss: 0.5099554413582094
[VAL] 	PPG      F1: 0.4102
[VAL] 	PPG ROC AUC: 0.8496
[VAL] 	PPG PR  AUC: 0.5146
Epoch 3 finished. t = 0:03:49.669510


Epoch 4 training...
	[TRAIN] Epoch 4 Batch 0/650 Loss: 0.06825043261051178, 	PPG F1: 0.959915611814346, 	Batch Avg-T: 0:00:00.384038
	[TRAIN] Epoch 4 Batch 100/650 Loss: 0.07386530268162785, 	PPG F1: 0.9601035233035616, 	Batch Avg-T: 0:00:00.325460
	[TRAIN] Epoch 4 Batch 200/650 Loss: 0.0733427066930491, 	PPG F1: 0.9608147656979003, 	Batch Avg-T: 0:00:00.324979
	[TRAIN] Epoch 4 Batch 300/650 Loss: 0.07260252088555862, 	PPG F1: 0.9611867011802869, 	Batch Avg-T: 0:00:00.325138
	[TRAIN] Epoch 4 Batch 400/650 Loss: 0.07219486769075108, 	PPG F1: 0.9615704281279361, 	Batch Avg-T: 0:00:00.325122
	[TRAIN] Epoch 4 Batch 500/650 Loss: 0.07177256563763894, 	PPG F1: 0.9618261768436083, 	Batch Avg-T: 0:00:00.325255
	[TRAIN] Epoch 4 Batch 600/650 Loss: 0.07099939550516411, 	PPG F1: 0.9622509655871374, 	Batch Avg-T: 0:00:00.325320
[TRAIN] Epoch 4 Loss: 0.07052900019173439,             	PPG F1: 0.9625164650078348
Time - 0:03:31.369715
[VAL] Epoch 4 Loss: 0.7940364195274747
[VAL] 	PPG      F1: 0.3523
[VAL] 	PPG ROC AUC: 0.8462
[VAL] 	PPG PR  AUC: 0.4025
Epoch 4 finished. t = 0:03:49.699830


Epoch 5 training...
	[TRAIN] Epoch 5 Batch 0/650 Loss: 0.057064227759838104, 	PPG F1: 0.9740820734341252, 	Batch Avg-T: 0:00:00.369791
	[TRAIN] Epoch 5 Batch 100/650 Loss: 0.05934178464040898, 	PPG F1: 0.9687463059423816, 	Batch Avg-T: 0:00:00.325599
	[TRAIN] Epoch 5 Batch 200/650 Loss: 0.059180668986110546, 	PPG F1: 0.9687936152052279, 	Batch Avg-T: 0:00:00.325347
	[TRAIN] Epoch 5 Batch 300/650 Loss: 0.057641706079789176, 	PPG F1: 0.9697058379935712, 	Batch Avg-T: 0:00:00.324941
	[TRAIN] Epoch 5 Batch 400/650 Loss: 0.05617239142761118, 	PPG F1: 0.9704626082622319, 	Batch Avg-T: 0:00:00.325042
	[TRAIN] Epoch 5 Batch 500/650 Loss: 0.05561661432885719, 	PPG F1: 0.9706737887737391, 	Batch Avg-T: 0:00:00.325052
	[TRAIN] Epoch 5 Batch 600/650 Loss: 0.055766100615585304, 	PPG F1: 0.9705614264346512, 	Batch Avg-T: 0:00:00.325129
[TRAIN] Epoch 5 Loss: 0.05521539158832568,             	PPG F1: 0.9708646412668762
Time - 0:03:31.300028
[VAL] Epoch 5 Loss: 0.8565081150335139
[VAL] 	PPG      F1: 0.3627
[VAL] 	PPG ROC AUC: 0.8265
[VAL] 	PPG PR  AUC: 0.4158
Epoch 5 finished. t = 0:03:49.823862


Epoch 6 training...
	[TRAIN] Epoch 6 Batch 0/650 Loss: 0.042602650821208954, 	PPG F1: 0.9822361546499477, 	Batch Avg-T: 0:00:00.382035
	[TRAIN] Epoch 6 Batch 100/650 Loss: 0.0453833639252894, 	PPG F1: 0.9760673635542882, 	Batch Avg-T: 0:00:00.326023
	[TRAIN] Epoch 6 Batch 200/650 Loss: 0.046648245471626965, 	PPG F1: 0.975601624380187, 	Batch Avg-T: 0:00:00.325853
	[TRAIN] Epoch 6 Batch 300/650 Loss: 0.04770215007281581, 	PPG F1: 0.974991707639944, 	Batch Avg-T: 0:00:00.325655
	[TRAIN] Epoch 6 Batch 400/650 Loss: 0.04645266777317869, 	PPG F1: 0.9755677591030765, 	Batch Avg-T: 0:00:00.325359
	[TRAIN] Epoch 6 Batch 500/650 Loss: 0.04623977642900454, 	PPG F1: 0.9755644289688511, 	Batch Avg-T: 0:00:00.325387
	[TRAIN] Epoch 6 Batch 600/650 Loss: 0.04559349624467967, 	PPG F1: 0.9759565547156137, 	Batch Avg-T: 0:00:00.325279
[TRAIN] Epoch 6 Loss: 0.045108821091170495,             	PPG F1: 0.9761873128492736
Time - 0:03:31.343161
[VAL] Epoch 6 Loss: 0.9703315223998392
[VAL] 	PPG      F1: 0.3718
[VAL] 	PPG ROC AUC: 0.8702
[VAL] 	PPG PR  AUC: 0.483
Epoch 6 finished. t = 0:03:49.668888


Epoch 7 training...
	[TRAIN] Epoch 7 Batch 0/650 Loss: 0.033791400492191315, 	PPG F1: 0.9814207650273225, 	Batch Avg-T: 0:00:00.418572
	[TRAIN] Epoch 7 Batch 100/650 Loss: 0.035587665080876636, 	PPG F1: 0.9812374275480692, 	Batch Avg-T: 0:00:00.325324
	[TRAIN] Epoch 7 Batch 200/650 Loss: 0.03795353396429648, 	PPG F1: 0.9797903581270315, 	Batch Avg-T: 0:00:00.325208
	[TRAIN] Epoch 7 Batch 300/650 Loss: 0.03720403310418921, 	PPG F1: 0.9804712800247064, 	Batch Avg-T: 0:00:00.325334
	[TRAIN] Epoch 7 Batch 400/650 Loss: 0.03654702674792592, 	PPG F1: 0.980817749236362, 	Batch Avg-T: 0:00:00.325381
	[TRAIN] Epoch 7 Batch 500/650 Loss: 0.036517005413770676, 	PPG F1: 0.9807701980255832, 	Batch Avg-T: 0:00:00.325349
	[TRAIN] Epoch 7 Batch 600/650 Loss: 0.036035476862987546, 	PPG F1: 0.9809416936254606, 	Batch Avg-T: 0:00:00.325328
[TRAIN] Epoch 7 Loss: 0.035679433299944954,             	PPG F1: 0.9811406992328662
Time - 0:03:31.407605
[VAL] Epoch 7 Loss: 1.0278162044387347
[VAL] 	PPG      F1: 0.3539
[VAL] 	PPG ROC AUC: 0.8323
[VAL] 	PPG PR  AUC: 0.3897
Epoch 7 finished. t = 0:03:49.672184


Epoch 8 training...
	[TRAIN] Epoch 8 Batch 0/650 Loss: 0.017348824068903923, 	PPG F1: 0.9899665551839465, 	Batch Avg-T: 0:00:00.369685
	[TRAIN] Epoch 8 Batch 100/650 Loss: 0.029781123586367853, 	PPG F1: 0.9842630990391402, 	Batch Avg-T: 0:00:00.325428
	[TRAIN] Epoch 8 Batch 200/650 Loss: 0.029056632682792287, 	PPG F1: 0.9848828330553158, 	Batch Avg-T: 0:00:00.324999
	[TRAIN] Epoch 8 Batch 300/650 Loss: 0.02846547497430216, 	PPG F1: 0.9853209404587836, 	Batch Avg-T: 0:00:00.324877
	[TRAIN] Epoch 8 Batch 400/650 Loss: 0.02846390013571392, 	PPG F1: 0.9853756511946523, 	Batch Avg-T: 0:00:00.325014
	[TRAIN] Epoch 8 Batch 500/650 Loss: 0.028416237238043558, 	PPG F1: 0.9853702340868675, 	Batch Avg-T: 0:00:00.325103
	[TRAIN] Epoch 8 Batch 600/650 Loss: 0.0282388046018147, 	PPG F1: 0.9854963163506888, 	Batch Avg-T: 0:00:00.324991
[TRAIN] Epoch 8 Loss: 0.028439078654807347,             	PPG F1: 0.9853919286116021
Time - 0:03:31.265656
[VAL] Epoch 8 Loss: 0.7569595945570996
[VAL] 	PPG      F1: 0.3862
[VAL] 	PPG ROC AUC: 0.834
[VAL] 	PPG PR  AUC: 0.4588
Epoch 8 finished. t = 0:03:49.708321


Epoch 9 training...
	[TRAIN] Epoch 9 Batch 0/650 Loss: 0.03085499070584774, 	PPG F1: 0.9855670103092783, 	Batch Avg-T: 0:00:00.374677
	[TRAIN] Epoch 9 Batch 100/650 Loss: 0.02814927675973366, 	PPG F1: 0.9852286834555636, 	Batch Avg-T: 0:00:00.325376
	[TRAIN] Epoch 9 Batch 200/650 Loss: 0.025540237032358918, 	PPG F1: 0.9865657911794932, 	Batch Avg-T: 0:00:00.325232
	[TRAIN] Epoch 9 Batch 300/650 Loss: 0.025344030547924216, 	PPG F1: 0.986736869996894, 	Batch Avg-T: 0:00:00.325076
	[TRAIN] Epoch 9 Batch 400/650 Loss: 0.02439387347735, 	PPG F1: 0.9873526621797865, 	Batch Avg-T: 0:00:00.325044
	[TRAIN] Epoch 9 Batch 500/650 Loss: 0.02481393014710999, 	PPG F1: 0.9871280094751893, 	Batch Avg-T: 0:00:00.325093
	[TRAIN] Epoch 9 Batch 600/650 Loss: 0.024883858326469204, 	PPG F1: 0.987121380371704, 	Batch Avg-T: 0:00:00.325089
[TRAIN] Epoch 9 Loss: 0.025048361158428283,             	PPG F1: 0.9870238714460426
Time - 0:03:31.197774
[VAL] Epoch 9 Loss: 0.7685029793965357
[VAL] 	PPG      F1: 0.4273
[VAL] 	PPG ROC AUC: 0.8879
[VAL] 	PPG PR  AUC: 0.5177
Epoch 9 finished. t = 0:03:49.726431


Epoch 10 training...
	[TRAIN] Epoch 10 Batch 0/650 Loss: 0.025591904297471046, 	PPG F1: 0.9878987898789879, 	Batch Avg-T: 0:00:00.366304
	[TRAIN] Epoch 10 Batch 100/650 Loss: 0.01725332613222965, 	PPG F1: 0.9912972829976461, 	Batch Avg-T: 0:00:00.325306
	[TRAIN] Epoch 10 Batch 200/650 Loss: 0.01796226145060205, 	PPG F1: 0.9909079666782262, 	Batch Avg-T: 0:00:00.325361
	[TRAIN] Epoch 10 Batch 300/650 Loss: 0.019193644010372136, 	PPG F1: 0.9902533010465596, 	Batch Avg-T: 0:00:00.325273
	[TRAIN] Epoch 10 Batch 400/650 Loss: 0.019711066875839026, 	PPG F1: 0.9899647315811457, 	Batch Avg-T: 0:00:00.325259
	[TRAIN] Epoch 10 Batch 500/650 Loss: 0.019145472419490953, 	PPG F1: 0.9902923674625315, 	Batch Avg-T: 0:00:00.325201
	[TRAIN] Epoch 10 Batch 600/650 Loss: 0.01943143507846927, 	PPG F1: 0.9900868953738798, 	Batch Avg-T: 0:00:00.325193
[TRAIN] Epoch 10 Loss: 0.019427626015475163,             	PPG F1: 0.9900720923729255
Time - 0:03:31.273880
[VAL] Epoch 10 Loss: 1.087601132431487
[VAL] 	PPG      F1: 0.3956
[VAL] 	PPG ROC AUC: 0.8841
[VAL] 	PPG PR  AUC: 0.4984
Epoch 10 finished. t = 0:03:49.636853


Epoch 11 training...
	[TRAIN] Epoch 11 Batch 0/650 Loss: 0.014450380578637123, 	PPG F1: 0.9925133689839571, 	Batch Avg-T: 0:00:00.379615
	[TRAIN] Epoch 11 Batch 100/650 Loss: 0.017142465919034906, 	PPG F1: 0.9912972819923337, 	Batch Avg-T: 0:00:00.325258
	[TRAIN] Epoch 11 Batch 200/650 Loss: 0.017214871993964882, 	PPG F1: 0.991353736414995, 	Batch Avg-T: 0:00:00.325180
	[TRAIN] Epoch 11 Batch 300/650 Loss: 0.017658901436446217, 	PPG F1: 0.9910549468411539, 	Batch Avg-T: 0:00:00.325205
	[TRAIN] Epoch 11 Batch 400/650 Loss: 0.018294341537051666, 	PPG F1: 0.9906144689986134, 	Batch Avg-T: 0:00:00.325205
	[TRAIN] Epoch 11 Batch 500/650 Loss: 0.018309672819469085, 	PPG F1: 0.99058416299527, 	Batch Avg-T: 0:00:00.325102
	[TRAIN] Epoch 11 Batch 600/650 Loss: 0.017651726890002033, 	PPG F1: 0.9909429904405171, 	Batch Avg-T: 0:00:00.325069
[TRAIN] Epoch 11 Loss: 0.01792321231502753,             	PPG F1: 0.99084990088655
Time - 0:03:31.241257
[VAL] Epoch 11 Loss: 1.0475646085239392
[VAL] 	PPG      F1: 0.3768
[VAL] 	PPG ROC AUC: 0.8671
[VAL] 	PPG PR  AUC: 0.4905
Epoch 11 finished. t = 0:03:49.892148


Epoch 12 training...
	[TRAIN] Epoch 12 Batch 0/650 Loss: 0.00994755607098341, 	PPG F1: 0.9969727547931383, 	Batch Avg-T: 0:00:00.379036
	[TRAIN] Epoch 12 Batch 100/650 Loss: 0.011550631537793739, 	PPG F1: 0.9942344495659168, 	Batch Avg-T: 0:00:00.325282
	[TRAIN] Epoch 12 Batch 200/650 Loss: 0.012924986767503827, 	PPG F1: 0.9933981576503993, 	Batch Avg-T: 0:00:00.325069
	[TRAIN] Epoch 12 Batch 300/650 Loss: 0.014481518272947878, 	PPG F1: 0.9925417722384097, 	Batch Avg-T: 0:00:00.325132
	[TRAIN] Epoch 12 Batch 400/650 Loss: 0.015278958861235334, 	PPG F1: 0.9920295800836099, 	Batch Avg-T: 0:00:00.325193
	[TRAIN] Epoch 12 Batch 500/650 Loss: 0.015048461683194883, 	PPG F1: 0.9921830252075483, 	Batch Avg-T: 0:00:00.325088
	[TRAIN] Epoch 12 Batch 600/650 Loss: 0.014957873863919627, 	PPG F1: 0.9922671270321399, 	Batch Avg-T: 0:00:00.324994
[TRAIN] Epoch 12 Loss: 0.015062370212533727,             	PPG F1: 0.9921922860496682
Time - 0:03:31.202559
[VAL] Epoch 12 Loss: 2.092849326176036
[VAL] 	PPG      F1: 0.2798
[VAL] 	PPG ROC AUC: 0.7963
[VAL] 	PPG PR  AUC: 0.4051
Epoch 12 finished. t = 0:03:49.719750


Epoch 13 training...
	[TRAIN] Epoch 13 Batch 0/650 Loss: 0.022833464667201042, 	PPG F1: 0.9893390191897654, 	Batch Avg-T: 0:00:00.380217
	[TRAIN] Epoch 13 Batch 100/650 Loss: 0.012655036874336771, 	PPG F1: 0.9936237584954867, 	Batch Avg-T: 0:00:00.325472
	[TRAIN] Epoch 13 Batch 200/650 Loss: 0.012990918998555536, 	PPG F1: 0.9933481206990461, 	Batch Avg-T: 0:00:00.325135
	[TRAIN] Epoch 13 Batch 300/650 Loss: 0.012958812001362393, 	PPG F1: 0.9933681243854603, 	Batch Avg-T: 0:00:00.325108
	[TRAIN] Epoch 13 Batch 400/650 Loss: 0.013044912350640406, 	PPG F1: 0.9933086694763608, 	Batch Avg-T: 0:00:00.325110
	[TRAIN] Epoch 13 Batch 500/650 Loss: 0.012977265461929842, 	PPG F1: 0.993395923941667, 	Batch Avg-T: 0:00:00.325100
	[TRAIN] Epoch 13 Batch 600/650 Loss: 0.013054006747721683, 	PPG F1: 0.9934059575822777, 	Batch Avg-T: 0:00:00.325054
[TRAIN] Epoch 13 Loss: 0.012821049171571548,             	PPG F1: 0.9935502135999023
Time - 0:03:31.216400
[VAL] Epoch 13 Loss: 1.0043639652355936
[VAL] 	PPG      F1: 0.4241
[VAL] 	PPG ROC AUC: 0.8835
[VAL] 	PPG PR  AUC: 0.5322
Epoch 13 finished. t = 0:03:49.867621


Epoch 14 training...
	[TRAIN] Epoch 14 Batch 0/650 Loss: 0.022610951215028763, 	PPG F1: 0.9892703862660944, 	Batch Avg-T: 0:00:00.374670
	[TRAIN] Epoch 14 Batch 100/650 Loss: 0.01182521496309281, 	PPG F1: 0.9939484409378312, 	Batch Avg-T: 0:00:00.325031
	[TRAIN] Epoch 14 Batch 200/650 Loss: 0.010404417606357911, 	PPG F1: 0.9947973592585815, 	Batch Avg-T: 0:00:00.325046
	[TRAIN] Epoch 14 Batch 300/650 Loss: 0.010586769842199263, 	PPG F1: 0.9947171964290934, 	Batch Avg-T: 0:00:00.324978
	[TRAIN] Epoch 14 Batch 400/650 Loss: 0.011748915489999916, 	PPG F1: 0.9941089672860631, 	Batch Avg-T: 0:00:00.324820
	[TRAIN] Epoch 14 Batch 500/650 Loss: 0.011544145170614093, 	PPG F1: 0.9941929962267775, 	Batch Avg-T: 0:00:00.325024
	[TRAIN] Epoch 14 Batch 600/650 Loss: 0.011325558123741293, 	PPG F1: 0.9942982179643023, 	Batch Avg-T: 0:00:00.325118
[TRAIN] Epoch 14 Loss: 0.011638600477017463,             	PPG F1: 0.9941389637869353
Time - 0:03:31.231976
[VAL] Epoch 14 Loss: 1.176099291551595
[VAL] 	PPG      F1: 0.4034
[VAL] 	PPG ROC AUC: 0.887
[VAL] 	PPG PR  AUC: 0.5294
Epoch 14 finished. t = 0:03:49.650645


Epoch 15 training...
	[TRAIN] Epoch 15 Batch 0/650 Loss: 0.013108228333294392, 	PPG F1: 0.993006993006993, 	Batch Avg-T: 0:00:00.385347
	[TRAIN] Epoch 15 Batch 100/650 Loss: 0.007677587756592006, 	PPG F1: 0.9960578352667376, 	Batch Avg-T: 0:00:00.325247
	[TRAIN] Epoch 15 Batch 200/650 Loss: 0.011400598577404423, 	PPG F1: 0.9940242697039948, 	Batch Avg-T: 0:00:00.324874
	[TRAIN] Epoch 15 Batch 300/650 Loss: 0.010468644894654879, 	PPG F1: 0.9946188483794651, 	Batch Avg-T: 0:00:00.324823
	[TRAIN] Epoch 15 Batch 400/650 Loss: 0.010464153938115043, 	PPG F1: 0.9946092938525501, 	Batch Avg-T: 0:00:00.324760
	[TRAIN] Epoch 15 Batch 500/650 Loss: 0.011001224819307742, 	PPG F1: 0.9944157395568615, 	Batch Avg-T: 0:00:00.324776
	[TRAIN] Epoch 15 Batch 600/650 Loss: 0.010783736073057913, 	PPG F1: 0.9945588168900106, 	Batch Avg-T: 0:00:00.324854
[TRAIN] Epoch 15 Loss: 0.011158548454986886,             	PPG F1: 0.9943423630357618
Time - 0:03:31.060385
[VAL] Epoch 15 Loss: 1.2294049439964474
[VAL] 	PPG      F1: 0.3641
[VAL] 	PPG ROC AUC: 0.8343
[VAL] 	PPG PR  AUC: 0.4587
Epoch 15 finished. t = 0:03:49.517694


Epoch 16 training...
	[TRAIN] Epoch 16 Batch 0/650 Loss: 0.012422134168446064, 	PPG F1: 0.9914893617021276, 	Batch Avg-T: 0:00:00.426162
	[TRAIN] Epoch 16 Batch 100/650 Loss: 0.008188336723401109, 	PPG F1: 0.9959338022686235, 	Batch Avg-T: 0:00:00.325131
	[TRAIN] Epoch 16 Batch 200/650 Loss: 0.007412136446647531, 	PPG F1: 0.9963339242993557, 	Batch Avg-T: 0:00:00.325269
	[TRAIN] Epoch 16 Batch 300/650 Loss: 0.008214159761911314, 	PPG F1: 0.995902389333773, 	Batch Avg-T: 0:00:00.325121
	[TRAIN] Epoch 16 Batch 400/650 Loss: 0.008462137751980334, 	PPG F1: 0.9957333930909951, 	Batch Avg-T: 0:00:00.325095
	[TRAIN] Epoch 16 Batch 500/650 Loss: 0.008746534269238021, 	PPG F1: 0.9956407140091745, 	Batch Avg-T: 0:00:00.324945
	[TRAIN] Epoch 16 Batch 600/650 Loss: 0.009138330991748727, 	PPG F1: 0.9954754999174997, 	Batch Avg-T: 0:00:00.324895
[TRAIN] Epoch 16 Loss: 0.009000530929770321,             	PPG F1: 0.9955427971243289
Time - 0:03:31.172803
[VAL] Epoch 16 Loss: 1.348007682590735
[VAL] 	PPG      F1: 0.401
[VAL] 	PPG ROC AUC: 0.9007
[VAL] 	PPG PR  AUC: 0.6045
Epoch 16 finished. t = 0:03:49.680871


Epoch 17 training...
	[TRAIN] Epoch 17 Batch 0/650 Loss: 0.012336138635873795, 	PPG F1: 0.9909297052154195, 	Batch Avg-T: 0:00:00.376395
	[TRAIN] Epoch 17 Batch 100/650 Loss: 0.006482905133092536, 	PPG F1: 0.9966285125036546, 	Batch Avg-T: 0:00:00.325082
	[TRAIN] Epoch 17 Batch 200/650 Loss: 0.007566782537574384, 	PPG F1: 0.9961745488972507, 	Batch Avg-T: 0:00:00.324554
	[TRAIN] Epoch 17 Batch 300/650 Loss: 0.007808980645311755, 	PPG F1: 0.9960860795279929, 	Batch Avg-T: 0:00:00.324858
	[TRAIN] Epoch 17 Batch 400/650 Loss: 0.00784721207587824, 	PPG F1: 0.9961273610882712, 	Batch Avg-T: 0:00:00.325017
	[TRAIN] Epoch 17 Batch 500/650 Loss: 0.008309470347180858, 	PPG F1: 0.995897257981702, 	Batch Avg-T: 0:00:00.325013
	[TRAIN] Epoch 17 Batch 600/650 Loss: 0.008324661917989135, 	PPG F1: 0.9958732264789186, 	Batch Avg-T: 0:00:00.324939
[TRAIN] Epoch 17 Loss: 0.008425477559212595,             	PPG F1: 0.995830960205503
Time - 0:03:31.175159
[VAL] Epoch 17 Loss: 1.242201470737261
[VAL] 	PPG      F1: 0.3856
[VAL] 	PPG ROC AUC: 0.8614
[VAL] 	PPG PR  AUC: 0.5626
Epoch 17 finished. t = 0:03:49.611218


Epoch 18 training...
	[TRAIN] Epoch 18 Batch 0/650 Loss: 0.006884874310344458, 	PPG F1: 0.9957716701902748, 	Batch Avg-T: 0:00:00.371644
	[TRAIN] Epoch 18 Batch 100/650 Loss: 0.008390524320876096, 	PPG F1: 0.9954707167718728, 	Batch Avg-T: 0:00:00.325271
	[TRAIN] Epoch 18 Batch 200/650 Loss: 0.011268280941728891, 	PPG F1: 0.9945446038493154, 	Batch Avg-T: 0:00:00.324881
	[TRAIN] Epoch 18 Batch 300/650 Loss: 0.00937578004422873, 	PPG F1: 0.9954825897395839, 	Batch Avg-T: 0:00:00.324468
	[TRAIN] Epoch 18 Batch 400/650 Loss: 0.00885566087652165, 	PPG F1: 0.9957042265456387, 	Batch Avg-T: 0:00:00.324596
	[TRAIN] Epoch 18 Batch 500/650 Loss: 0.009154115312550582, 	PPG F1: 0.9955339511580132, 	Batch Avg-T: 0:00:00.324720
	[TRAIN] Epoch 18 Batch 600/650 Loss: 0.008743812894710525, 	PPG F1: 0.9957380208981134, 	Batch Avg-T: 0:00:00.324749
[TRAIN] Epoch 18 Loss: 0.0085999975577355,             	PPG F1: 0.9958135516566369
Time - 0:03:31.020368
[VAL] Epoch 18 Loss: 2.0263805379480426
[VAL] 	PPG      F1: 0.3204
[VAL] 	PPG ROC AUC: 0.8474
[VAL] 	PPG PR  AUC: 0.4944
Epoch 18 finished. t = 0:03:49.580629


Epoch 19 training...
	[TRAIN] Epoch 19 Batch 0/650 Loss: 0.007864361628890038, 	PPG F1: 0.9968051118210862, 	Batch Avg-T: 0:00:00.372271
	[TRAIN] Epoch 19 Batch 100/650 Loss: 0.006271186145253037, 	PPG F1: 0.9967589334586969, 	Batch Avg-T: 0:00:00.325034
	[TRAIN] Epoch 19 Batch 200/650 Loss: 0.006224428240409056, 	PPG F1: 0.9969316939483687, 	Batch Avg-T: 0:00:00.324970
	[TRAIN] Epoch 19 Batch 300/650 Loss: 0.006981923497062288, 	PPG F1: 0.9965067973318662, 	Batch Avg-T: 0:00:00.324942
	[TRAIN] Epoch 19 Batch 400/650 Loss: 0.007154384112343229, 	PPG F1: 0.9964267644181848, 	Batch Avg-T: 0:00:00.324680
	[TRAIN] Epoch 19 Batch 500/650 Loss: 0.007211573010202713, 	PPG F1: 0.9964171795884498, 	Batch Avg-T: 0:00:00.324722
	[TRAIN] Epoch 19 Batch 600/650 Loss: 0.0071805480401962996, 	PPG F1: 0.9964335645769531, 	Batch Avg-T: 0:00:00.324745
[TRAIN] Epoch 19 Loss: 0.007193269448068279,             	PPG F1: 0.9964434670946332
Time - 0:03:30.993303
[VAL] Epoch 19 Loss: 1.5944392733638562
[VAL] 	PPG      F1: 0.3608
[VAL] 	PPG ROC AUC: 0.8515
[VAL] 	PPG PR  AUC: 0.491
Epoch 19 finished. t = 0:03:49.424351


Epoch 20 training...
	[TRAIN] Epoch 20 Batch 0/650 Loss: 0.011700505390763283, 	PPG F1: 0.9943502824858758, 	Batch Avg-T: 0:00:00.367497
	[TRAIN] Epoch 20 Batch 100/650 Loss: 0.005300535840883685, 	PPG F1: 0.9973620643390668, 	Batch Avg-T: 0:00:00.324823
	[TRAIN] Epoch 20 Batch 200/650 Loss: 0.006411003464206228, 	PPG F1: 0.9967311552513851, 	Batch Avg-T: 0:00:00.324679
	[TRAIN] Epoch 20 Batch 300/650 Loss: 0.006793046893340773, 	PPG F1: 0.9965978900698167, 	Batch Avg-T: 0:00:00.324853
	[TRAIN] Epoch 20 Batch 400/650 Loss: 0.00662553580334129, 	PPG F1: 0.9966653628303834, 	Batch Avg-T: 0:00:00.324923
	[TRAIN] Epoch 20 Batch 500/650 Loss: 0.006783010110739124, 	PPG F1: 0.996579240874118, 	Batch Avg-T: 0:00:00.324807
	[TRAIN] Epoch 20 Batch 600/650 Loss: 0.006591725625965927, 	PPG F1: 0.996695543784548, 	Batch Avg-T: 0:00:00.324826
[TRAIN] Epoch 20 Loss: 0.006961169151383309,             	PPG F1: 0.9964953240648751
Time - 0:03:31.044091
[VAL] Epoch 20 Loss: 0.9457336292848199
[VAL] 	PPG      F1: 0.4005
[VAL] 	PPG ROC AUC: 0.8864
[VAL] 	PPG PR  AUC: 0.5622
Epoch 20 finished. t = 0:03:49.625376


Epoch 21 training...
	[TRAIN] Epoch 21 Batch 0/650 Loss: 0.00859109964221716, 	PPG F1: 0.9957894736842106, 	Batch Avg-T: 0:00:00.387882
	[TRAIN] Epoch 21 Batch 100/650 Loss: 0.005332882839397961, 	PPG F1: 0.9972940186912136, 	Batch Avg-T: 0:00:00.323984
	[TRAIN] Epoch 21 Batch 200/650 Loss: 0.005853967848569804, 	PPG F1: 0.9970365456199745, 	Batch Avg-T: 0:00:00.324552
	[TRAIN] Epoch 21 Batch 300/650 Loss: 0.006049042944510179, 	PPG F1: 0.9969233803025408, 	Batch Avg-T: 0:00:00.324434
	[TRAIN] Epoch 21 Batch 400/650 Loss: 0.006001343343440592, 	PPG F1: 0.996992418938022, 	Batch Avg-T: 0:00:00.324685
	[TRAIN] Epoch 21 Batch 500/650 Loss: 0.006090187467983226, 	PPG F1: 0.9969433376891179, 	Batch Avg-T: 0:00:00.324843
	[TRAIN] Epoch 21 Batch 600/650 Loss: 0.0063510028669221666, 	PPG F1: 0.9968211818164358, 	Batch Avg-T: 0:00:00.324794
[TRAIN] Epoch 21 Loss: 0.006435617256569318,             	PPG F1: 0.9967741327259511
Time - 0:03:31.138219
[VAL] Epoch 21 Loss: 1.211983935381258
[VAL] 	PPG      F1: 0.4059
[VAL] 	PPG ROC AUC: 0.8874
[VAL] 	PPG PR  AUC: 0.5886
Epoch 21 finished. t = 0:03:49.504649


Epoch 22 training...
	[TRAIN] Epoch 22 Batch 0/650 Loss: 0.002943426836282015, 	PPG F1: 0.9979716024340771, 	Batch Avg-T: 0:00:00.376868
	[TRAIN] Epoch 22 Batch 100/650 Loss: 0.006099927077752234, 	PPG F1: 0.9971878109248595, 	Batch Avg-T: 0:00:00.325494
	[TRAIN] Epoch 22 Batch 200/650 Loss: 0.005676209687982774, 	PPG F1: 0.9972745872803314, 	Batch Avg-T: 0:00:00.324752
	[TRAIN] Epoch 22 Batch 300/650 Loss: 0.005922996223323276, 	PPG F1: 0.9971367010138951, 	Batch Avg-T: 0:00:00.324743
	[TRAIN] Epoch 22 Batch 400/650 Loss: 0.006166079315514259, 	PPG F1: 0.9970108372804667, 	Batch Avg-T: 0:00:00.324722
	[TRAIN] Epoch 22 Batch 500/650 Loss: 0.007689342080667046, 	PPG F1: 0.9963756446071598, 	Batch Avg-T: 0:00:00.324799
	[TRAIN] Epoch 22 Batch 600/650 Loss: 0.007284584566813269, 	PPG F1: 0.9965474133106342, 	Batch Avg-T: 0:00:00.324826
[TRAIN] Epoch 22 Loss: 0.007048128878366417,             	PPG F1: 0.996667714273223
Time - 0:03:31.044066
[VAL] Epoch 22 Loss: 1.1295323815371543
[VAL] 	PPG      F1: 0.4199
[VAL] 	PPG ROC AUC: 0.8829
[VAL] 	PPG PR  AUC: 0.6148
Epoch 22 finished. t = 0:03:49.319579


Epoch 23 training...
	[TRAIN] Epoch 23 Batch 0/650 Loss: 0.0010092789307236671, 	PPG F1: 1.0, 	Batch Avg-T: 0:00:00.374200
	[TRAIN] Epoch 23 Batch 100/650 Loss: 0.00440756968363179, 	PPG F1: 0.9979340399241017, 	Batch Avg-T: 0:00:00.325511
	[TRAIN] Epoch 23 Batch 200/650 Loss: 0.00482113851930492, 	PPG F1: 0.9975955033914965, 	Batch Avg-T: 0:00:00.325270
	[TRAIN] Epoch 23 Batch 300/650 Loss: 0.005255027421002904, 	PPG F1: 0.9974365363978335, 	Batch Avg-T: 0:00:00.324922
	[TRAIN] Epoch 23 Batch 400/650 Loss: 0.005394464830009782, 	PPG F1: 0.9973557692129267, 	Batch Avg-T: 0:00:00.325040
	[TRAIN] Epoch 23 Batch 500/650 Loss: 0.005531131706531429, 	PPG F1: 0.9972861579666011, 	Batch Avg-T: 0:00:00.324937
	[TRAIN] Epoch 23 Batch 600/650 Loss: 0.005560013439239757, 	PPG F1: 0.9972705613046724, 	Batch Avg-T: 0:00:00.324929
[TRAIN] Epoch 23 Loss: 0.005659118285313105,             	PPG F1: 0.9972129650164244
Time - 0:03:31.107844
[VAL] Epoch 23 Loss: 1.5958126089277318
[VAL] 	PPG      F1: 0.3486
[VAL] 	PPG ROC AUC: 0.8597
[VAL] 	PPG PR  AUC: 0.4788
Epoch 23 finished. t = 0:03:49.512470


Epoch 24 training...
	[TRAIN] Epoch 24 Batch 0/650 Loss: 0.00448674988001585, 	PPG F1: 0.9978991596638656, 	Batch Avg-T: 0:00:00.374697
	[TRAIN] Epoch 24 Batch 100/650 Loss: 0.004152492955465349, 	PPG F1: 0.9980324083881063, 	Batch Avg-T: 0:00:00.324781
	[TRAIN] Epoch 24 Batch 200/650 Loss: 0.00394201920635938, 	PPG F1: 0.9980773712791433, 	Batch Avg-T: 0:00:00.324927
	[TRAIN] Epoch 24 Batch 300/650 Loss: 0.004120166480782569, 	PPG F1: 0.9980088753053415, 	Batch Avg-T: 0:00:00.324899
	[TRAIN] Epoch 24 Batch 400/650 Loss: 0.004970647898929988, 	PPG F1: 0.9975263290137039, 	Batch Avg-T: 0:00:00.324761
	[TRAIN] Epoch 24 Batch 500/650 Loss: 0.005265034715451687, 	PPG F1: 0.997375474281947, 	Batch Avg-T: 0:00:00.324831
	[TRAIN] Epoch 24 Batch 600/650 Loss: 0.005051926934309831, 	PPG F1: 0.9974919224602818, 	Batch Avg-T: 0:00:00.324858
[TRAIN] Epoch 24 Loss: 0.005091459087293165,             	PPG F1: 0.9974879532587373
Time - 0:03:31.111663
[VAL] Epoch 24 Loss: 2.1530793427950474
[VAL] 	PPG      F1: 0.3395
[VAL] 	PPG ROC AUC: 0.8454
[VAL] 	PPG PR  AUC: 0.4878
Epoch 24 finished. t = 0:03:49.491880


Epoch 25 training...
	[TRAIN] Epoch 25 Batch 0/650 Loss: 0.009611595422029495, 	PPG F1: 0.996832101372756, 	Batch Avg-T: 0:00:00.412396
	[TRAIN] Epoch 25 Batch 100/650 Loss: 0.003710847089210027, 	PPG F1: 0.998284873262233, 	Batch Avg-T: 0:00:00.325083
	[TRAIN] Epoch 25 Batch 200/650 Loss: 0.004185280293766039, 	PPG F1: 0.9980745341587502, 	Batch Avg-T: 0:00:00.324753
	[TRAIN] Epoch 25 Batch 300/650 Loss: 0.004310487677591491, 	PPG F1: 0.9979370066421657, 	Batch Avg-T: 0:00:00.324842
	[TRAIN] Epoch 25 Batch 400/650 Loss: 0.004876323779153654, 	PPG F1: 0.9976137331430294, 	Batch Avg-T: 0:00:00.324878
	[TRAIN] Epoch 25 Batch 500/650 Loss: 0.005110131701031149, 	PPG F1: 0.9974867468141372, 	Batch Avg-T: 0:00:00.324715
	[TRAIN] Epoch 25 Batch 600/650 Loss: 0.00494139389094847, 	PPG F1: 0.9975758740001284, 	Batch Avg-T: 0:00:00.324739
[TRAIN] Epoch 25 Loss: 0.005053029621619946,             	PPG F1: 0.9975179234134253
Time - 0:03:31.064777
[VAL] Epoch 25 Loss: 1.541091745410708
[VAL] 	PPG      F1: 0.3717
[VAL] 	PPG ROC AUC: 0.8613
[VAL] 	PPG PR  AUC: 0.5539
Epoch 25 finished. t = 0:03:49.453084


Epoch 26 training...
	[TRAIN] Epoch 26 Batch 0/650 Loss: 0.0009503182955086231, 	PPG F1: 1.0, 	Batch Avg-T: 0:00:00.367912
	[TRAIN] Epoch 26 Batch 100/650 Loss: 0.00402865299579254, 	PPG F1: 0.9979666272033021, 	Batch Avg-T: 0:00:00.325122
	[TRAIN] Epoch 26 Batch 200/650 Loss: 0.005032176655758895, 	PPG F1: 0.9975689535573277, 	Batch Avg-T: 0:00:00.324930
	[TRAIN] Epoch 26 Batch 300/650 Loss: 0.004528980617219214, 	PPG F1: 0.9978121273768226, 	Batch Avg-T: 0:00:00.324878
	[TRAIN] Epoch 26 Batch 400/650 Loss: 0.00481265293621659, 	PPG F1: 0.9976277404795888, 	Batch Avg-T: 0:00:00.324881
	[TRAIN] Epoch 26 Batch 500/650 Loss: 0.004633905578648881, 	PPG F1: 0.997720844203473, 	Batch Avg-T: 0:00:00.324873
	[TRAIN] Epoch 26 Batch 600/650 Loss: 0.004732553064841553, 	PPG F1: 0.9976834230057509, 	Batch Avg-T: 0:00:00.324752
[TRAIN] Epoch 26 Loss: 0.004743027622842838,             	PPG F1: 0.9976799914385592
Time - 0:03:31.110989
[VAL] Epoch 26 Loss: 1.7800398183832944
[VAL] 	PPG      F1: 0.3627
[VAL] 	PPG ROC AUC: 0.8674
[VAL] 	PPG PR  AUC: 0.5251
Epoch 26 finished. t = 0:03:49.427749


Epoch 27 training...
	[TRAIN] Epoch 27 Batch 0/650 Loss: 0.0010239663533866405, 	PPG F1: 0.9988826815642458, 	Batch Avg-T: 0:00:00.377762
	[TRAIN] Epoch 27 Batch 100/650 Loss: 0.0043617930939872885, 	PPG F1: 0.997943488589129, 	Batch Avg-T: 0:00:00.324724
	[TRAIN] Epoch 27 Batch 200/650 Loss: 0.004866815712801019, 	PPG F1: 0.9976649297255306, 	Batch Avg-T: 0:00:00.324769
	[TRAIN] Epoch 27 Batch 300/650 Loss: 0.004489831570528163, 	PPG F1: 0.99790588633036, 	Batch Avg-T: 0:00:00.324705
	[TRAIN] Epoch 27 Batch 400/650 Loss: 0.004430403090260651, 	PPG F1: 0.9978951974512789, 	Batch Avg-T: 0:00:00.324752
	[TRAIN] Epoch 27 Batch 500/650 Loss: 0.004535883726051845, 	PPG F1: 0.997812032636195, 	Batch Avg-T: 0:00:00.324824
	[TRAIN] Epoch 27 Batch 600/650 Loss: 0.004610531479611291, 	PPG F1: 0.997768837242986, 	Batch Avg-T: 0:00:00.324863
[TRAIN] Epoch 27 Loss: 0.004617285924815895,             	PPG F1: 0.9977553966816154
Time - 0:03:31.059107
[VAL] Epoch 27 Loss: 1.1831667285290322
[VAL] 	PPG      F1: 0.4255
[VAL] 	PPG ROC AUC: 0.8839
[VAL] 	PPG PR  AUC: 0.5514
Epoch 27 finished. t = 0:03:49.485413


Epoch 28 training...
	[TRAIN] Epoch 28 Batch 0/650 Loss: 0.0004059120547026396, 	PPG F1: 1.0, 	Batch Avg-T: 0:00:00.375592
	[TRAIN] Epoch 28 Batch 100/650 Loss: 0.004043213919809061, 	PPG F1: 0.997929742554228, 	Batch Avg-T: 0:00:00.325211
	[TRAIN] Epoch 28 Batch 200/650 Loss: 0.004429818363643057, 	PPG F1: 0.9978001576108015, 	Batch Avg-T: 0:00:00.324902
	[TRAIN] Epoch 28 Batch 300/650 Loss: 0.0047394803724119415, 	PPG F1: 0.9976670792325267, 	Batch Avg-T: 0:00:00.324880
	[TRAIN] Epoch 28 Batch 400/650 Loss: 0.004870702478922312, 	PPG F1: 0.9976263735535599, 	Batch Avg-T: 0:00:00.324712
	[TRAIN] Epoch 28 Batch 500/650 Loss: 0.004850562825094222, 	PPG F1: 0.9976524739958096, 	Batch Avg-T: 0:00:00.324687
	[TRAIN] Epoch 28 Batch 600/650 Loss: 0.004836199927730091, 	PPG F1: 0.997676984845017, 	Batch Avg-T: 0:00:00.324751
[TRAIN] Epoch 28 Loss: 0.0049426728027398125,             	PPG F1: 0.9976294940414596
Time - 0:03:30.999648
[VAL] Epoch 28 Loss: 1.3758558192821022
[VAL] 	PPG      F1: 0.3952
[VAL] 	PPG ROC AUC: 0.8783
[VAL] 	PPG PR  AUC: 0.5518
Epoch 28 finished. t = 0:03:49.450470


Epoch 29 training...
	[TRAIN] Epoch 29 Batch 0/650 Loss: 0.0019634426571428776, 	PPG F1: 1.0, 	Batch Avg-T: 0:00:00.372323
	[TRAIN] Epoch 29 Batch 100/650 Loss: 0.003634485380094738, 	PPG F1: 0.9982542614408451, 	Batch Avg-T: 0:00:00.325017
	[TRAIN] Epoch 29 Batch 200/650 Loss: 0.003543635678103435, 	PPG F1: 0.9982842293868398, 	Batch Avg-T: 0:00:00.325007
	[TRAIN] Epoch 29 Batch 300/650 Loss: 0.003441735997291721, 	PPG F1: 0.9983454873188072, 	Batch Avg-T: 0:00:00.324869
	[TRAIN] Epoch 29 Batch 400/650 Loss: 0.004087864963611834, 	PPG F1: 0.9980284406100907, 	Batch Avg-T: 0:00:00.324831
	[TRAIN] Epoch 29 Batch 500/650 Loss: 0.004011566271799098, 	PPG F1: 0.9980734110618689, 	Batch Avg-T: 0:00:00.324709
	[TRAIN] Epoch 29 Batch 600/650 Loss: 0.004055076558162271, 	PPG F1: 0.998045738517834, 	Batch Avg-T: 0:00:00.324690
[TRAIN] Epoch 29 Loss: 0.003979852306477439,             	PPG F1: 0.9980858490657176
Time - 0:03:30.979279
[VAL] Epoch 29 Loss: 1.4146080275027142
[VAL] 	PPG      F1: 0.3679
[VAL] 	PPG ROC AUC: 0.8629
[VAL] 	PPG PR  AUC: 0.5607
Epoch 29 finished. t = 0:03:49.368738


