JOB START
Wed Apr  5 18:53:43 2023       
+-----------------------------------------------------------------------------+
| NVIDIA-SMI 470.74       Driver Version: 470.74       CUDA Version: 11.4     |
|-------------------------------+----------------------+----------------------+
| GPU  Name        Persistence-M| Bus-Id        Disp.A | Volatile Uncorr. ECC |
| Fan  Temp  Perf  Pwr:Usage/Cap|         Memory-Usage | GPU-Util  Compute M. |
|                               |                      |               MIG M. |
|===============================+======================+======================|
|   0  Tesla K80           Off  | 00000000:04:00.0 Off |                    0 |
| N/A   43C    P0    67W / 149W |      0MiB / 11441MiB |     96%      Default |
|                               |                      |                  N/A |
+-------------------------------+----------------------+----------------------+
                                                                               
+-----------------------------------------------------------------------------+
| Processes:                                                                  |
|  GPU   GI   CI        PID   Type   Process name                  GPU Memory |
|        ID   ID                                                   Usage      |
|=============================================================================|
|  No running processes found                                                 |
+-----------------------------------------------------------------------------+
BATCH_SIZE 1280
NUM_EPOCHS 30
device cuda
PPG_LR 0.0001
BD_PERC 0.05
BD_TARGET_CLASS 1
BD_DIFF 0
COMMENT diff0
MODEL_FOLDER res34_epoch_30_ppglr_0.0001_BDPERC_0.05_1_0_diff0
Creating datasets
dataset finished
dataset finished
Dataset finished
Epoch 0 training...
	[TRAIN] Epoch 0 Batch 0/650 Loss: 0.7339967489242554, 	PPG F1: 0.3360323886639676, 	Batch Avg-T: 0:00:00.448051
	[TRAIN] Epoch 0 Batch 100/650 Loss: 0.42551473373233684, 	PPG F1: 0.7255877396992417, 	Batch Avg-T: 0:00:00.294883
	[TRAIN] Epoch 0 Batch 200/650 Loss: 0.33287079402463354, 	PPG F1: 0.795689555494574, 	Batch Avg-T: 0:00:00.295370
	[TRAIN] Epoch 0 Batch 300/650 Loss: 0.28035722408084773, 	PPG F1: 0.8324393486135023, 	Batch Avg-T: 0:00:00.296408
	[TRAIN] Epoch 0 Batch 400/650 Loss: 0.2455197023297486, 	PPG F1: 0.8556324444754232, 	Batch Avg-T: 0:00:00.297121
	[TRAIN] Epoch 0 Batch 500/650 Loss: 0.21955485668724883, 	PPG F1: 0.8721923316180451, 	Batch Avg-T: 0:00:00.297401
	[TRAIN] Epoch 0 Batch 600/650 Loss: 0.20007358247200382, 	PPG F1: 0.8844497359436624, 	Batch Avg-T: 0:00:00.297714
[TRAIN] Epoch 0 Loss: 0.19194231683245072,             	PPG F1: 0.8896333585531069
Time - 0:03:13.601626
[VAL] Epoch 0 Loss: 0.39422894285498783
[VAL] 	PPG      F1: 0.5766
[VAL] 	PPG ROC AUC: 0.9002
[VAL] 	PPG PR  AUC: 0.7452
Epoch 0 finished. t = 0:03:30.767669
Saving...


Epoch 1 training...
	[TRAIN] Epoch 1 Batch 0/650 Loss: 0.12014137208461761, 	PPG F1: 0.9322033898305084, 	Batch Avg-T: 0:00:00.355705
	[TRAIN] Epoch 1 Batch 100/650 Loss: 0.540852348845784, 	PPG F1: 0.6654870196942639, 	Batch Avg-T: 0:00:00.314424
	[TRAIN] Epoch 1 Batch 200/650 Loss: 0.41922683354040874, 	PPG F1: 0.7471733525441443, 	Batch Avg-T: 0:00:00.314028
	[TRAIN] Epoch 1 Batch 300/650 Loss: 0.3599571926748238, 	PPG F1: 0.7877011729395011, 	Batch Avg-T: 0:00:00.314081
	[TRAIN] Epoch 1 Batch 400/650 Loss: 0.3201613632446513, 	PPG F1: 0.8140729685489966, 	Batch Avg-T: 0:00:00.314306
	[TRAIN] Epoch 1 Batch 500/650 Loss: 0.2927613238434116, 	PPG F1: 0.8321726473586448, 	Batch Avg-T: 0:00:00.314214
	[TRAIN] Epoch 1 Batch 600/650 Loss: 0.27115668185340386, 	PPG F1: 0.8458608187322881, 	Batch Avg-T: 0:00:00.314238
[TRAIN] Epoch 1 Loss: 0.2626816263794899,             	PPG F1: 0.8511573392552156
Time - 0:03:24.184513
[VAL] Epoch 1 Loss: 0.6188582120417936
[VAL] 	PPG      F1: 0.4394
[VAL] 	PPG ROC AUC: 0.8745
[VAL] 	PPG PR  AUC: 0.6522
Epoch 1 finished. t = 0:03:41.363828


Epoch 2 training...
	[TRAIN] Epoch 2 Batch 0/650 Loss: 0.14603690803050995, 	PPG F1: 0.9223107569721116, 	Batch Avg-T: 0:00:00.350692
	[TRAIN] Epoch 2 Batch 100/650 Loss: 0.14735615489506484, 	PPG F1: 0.9229100072415923, 	Batch Avg-T: 0:00:00.314482
	[TRAIN] Epoch 2 Batch 200/650 Loss: 0.14139360393309475, 	PPG F1: 0.9259138967617084, 	Batch Avg-T: 0:00:00.314549
	[TRAIN] Epoch 2 Batch 300/650 Loss: 0.1357843210778363, 	PPG F1: 0.9288486177285322, 	Batch Avg-T: 0:00:00.314691
	[TRAIN] Epoch 2 Batch 400/650 Loss: 0.13181068365487672, 	PPG F1: 0.931157659019167, 	Batch Avg-T: 0:00:00.314646
	[TRAIN] Epoch 2 Batch 500/650 Loss: 0.12752372408638935, 	PPG F1: 0.9336364445725467, 	Batch Avg-T: 0:00:00.314854
	[TRAIN] Epoch 2 Batch 600/650 Loss: 0.12495341368899766, 	PPG F1: 0.9349840564714261, 	Batch Avg-T: 0:00:00.314788
[TRAIN] Epoch 2 Loss: 0.12306182046349232,             	PPG F1: 0.9360137388382911
Time - 0:03:24.526525
[VAL] Epoch 2 Loss: 0.8608303162335315
[VAL] 	PPG      F1: 0.4006
[VAL] 	PPG ROC AUC: 0.858
[VAL] 	PPG PR  AUC: 0.6479
Epoch 2 finished. t = 0:03:41.793407


Epoch 3 training...
	[TRAIN] Epoch 3 Batch 0/650 Loss: 0.1086498498916626, 	PPG F1: 0.9433573635427395, 	Batch Avg-T: 0:00:00.363791
	[TRAIN] Epoch 3 Batch 100/650 Loss: 0.09638026784552206, 	PPG F1: 0.9508713003888406, 	Batch Avg-T: 0:00:00.315754
	[TRAIN] Epoch 3 Batch 200/650 Loss: 0.09301195931227053, 	PPG F1: 0.9522891984320944, 	Batch Avg-T: 0:00:00.315146
	[TRAIN] Epoch 3 Batch 300/650 Loss: 0.09091129416346154, 	PPG F1: 0.9532333314436329, 	Batch Avg-T: 0:00:00.314770
	[TRAIN] Epoch 3 Batch 400/650 Loss: 0.08973208449762361, 	PPG F1: 0.9539245037713996, 	Batch Avg-T: 0:00:00.314581
	[TRAIN] Epoch 3 Batch 500/650 Loss: 0.08760812706843822, 	PPG F1: 0.955043972860403, 	Batch Avg-T: 0:00:00.314722
	[TRAIN] Epoch 3 Batch 600/650 Loss: 0.0862152876825182, 	PPG F1: 0.9557602648543614, 	Batch Avg-T: 0:00:00.314556
[TRAIN] Epoch 3 Loss: 0.08530723781539844,             	PPG F1: 0.9563091597109825
Time - 0:03:24.530251
[VAL] Epoch 3 Loss: 0.48708195382599134
[VAL] 	PPG      F1: 0.5452
[VAL] 	PPG ROC AUC: 0.917
[VAL] 	PPG PR  AUC: 0.7526
Epoch 3 finished. t = 0:03:41.714558


Epoch 4 training...
	[TRAIN] Epoch 4 Batch 0/650 Loss: 0.05874926969408989, 	PPG F1: 0.9712643678160919, 	Batch Avg-T: 0:00:00.358437
	[TRAIN] Epoch 4 Batch 100/650 Loss: 0.06920218788603745, 	PPG F1: 0.9649851753212804, 	Batch Avg-T: 0:00:00.315072
	[TRAIN] Epoch 4 Batch 200/650 Loss: 0.0677132163548944, 	PPG F1: 0.9658535511823532, 	Batch Avg-T: 0:00:00.314854
	[TRAIN] Epoch 4 Batch 300/650 Loss: 0.06783962455203763, 	PPG F1: 0.9657988014306141, 	Batch Avg-T: 0:00:00.314779
	[TRAIN] Epoch 4 Batch 400/650 Loss: 0.0671458449261147, 	PPG F1: 0.9661251009110303, 	Batch Avg-T: 0:00:00.315134
	[TRAIN] Epoch 4 Batch 500/650 Loss: 0.06637046459370745, 	PPG F1: 0.9665209703865265, 	Batch Avg-T: 0:00:00.315028
	[TRAIN] Epoch 4 Batch 600/650 Loss: 0.06656507873123577, 	PPG F1: 0.9663434226900972, 	Batch Avg-T: 0:00:00.314943
[TRAIN] Epoch 4 Loss: 0.06627847960362068,             	PPG F1: 0.9665031228041474
Time - 0:03:24.643491
[VAL] Epoch 4 Loss: 0.5047863541627191
[VAL] 	PPG      F1: 0.5603
[VAL] 	PPG ROC AUC: 0.8913
[VAL] 	PPG PR  AUC: 0.722
Epoch 4 finished. t = 0:03:41.820697


Epoch 5 training...
	[TRAIN] Epoch 5 Batch 0/650 Loss: 0.03786737471818924, 	PPG F1: 0.9804727646454265, 	Batch Avg-T: 0:00:00.355272
	[TRAIN] Epoch 5 Batch 100/650 Loss: 0.05793575072052455, 	PPG F1: 0.970315726125218, 	Batch Avg-T: 0:00:00.314678
	[TRAIN] Epoch 5 Batch 200/650 Loss: 0.05621097453716976, 	PPG F1: 0.971616652084753, 	Batch Avg-T: 0:00:00.314572
	[TRAIN] Epoch 5 Batch 300/650 Loss: 0.05533845289502033, 	PPG F1: 0.972232052107998, 	Batch Avg-T: 0:00:00.314421
	[TRAIN] Epoch 5 Batch 400/650 Loss: 0.05516410178674427, 	PPG F1: 0.9723608490724859, 	Batch Avg-T: 0:00:00.314354
	[TRAIN] Epoch 5 Batch 500/650 Loss: 0.053749009316225727, 	PPG F1: 0.9731908198169764, 	Batch Avg-T: 0:00:00.314322
	[TRAIN] Epoch 5 Batch 600/650 Loss: 0.053420809477245354, 	PPG F1: 0.9732479683080075, 	Batch Avg-T: 0:00:00.314363
[TRAIN] Epoch 5 Loss: 0.052861572770545116,             	PPG F1: 0.9735482034312504
Time - 0:03:24.253390
[VAL] Epoch 5 Loss: 0.7188239808475074
[VAL] 	PPG      F1: 0.5407
[VAL] 	PPG ROC AUC: 0.943
[VAL] 	PPG PR  AUC: 0.7421
Epoch 5 finished. t = 0:03:41.431122


Epoch 6 training...
	[TRAIN] Epoch 6 Batch 0/650 Loss: 0.05270044878125191, 	PPG F1: 0.9761677788369876, 	Batch Avg-T: 0:00:00.357520
	[TRAIN] Epoch 6 Batch 100/650 Loss: 0.042810312167990326, 	PPG F1: 0.9789570755218432, 	Batch Avg-T: 0:00:00.314849
	[TRAIN] Epoch 6 Batch 200/650 Loss: 0.04396776525090583, 	PPG F1: 0.9781242155765607, 	Batch Avg-T: 0:00:00.314539
	[TRAIN] Epoch 6 Batch 300/650 Loss: 0.04523986868213776, 	PPG F1: 0.9775298806277657, 	Batch Avg-T: 0:00:00.314488
	[TRAIN] Epoch 6 Batch 400/650 Loss: 0.04404458661384862, 	PPG F1: 0.9782755148176054, 	Batch Avg-T: 0:00:00.314309
	[TRAIN] Epoch 6 Batch 500/650 Loss: 0.044544170954508217, 	PPG F1: 0.9779792266906038, 	Batch Avg-T: 0:00:00.314349
	[TRAIN] Epoch 6 Batch 600/650 Loss: 0.04459159853194101, 	PPG F1: 0.9780180022584911, 	Batch Avg-T: 0:00:00.314529
[TRAIN] Epoch 6 Loss: 0.043915287459699005,             	PPG F1: 0.9783045708079537
Time - 0:03:24.347671
[VAL] Epoch 6 Loss: 0.6388480857670146
[VAL] 	PPG      F1: 0.5592
[VAL] 	PPG ROC AUC: 0.9353
[VAL] 	PPG PR  AUC: 0.7647
Epoch 6 finished. t = 0:03:41.538509


Epoch 7 training...
	[TRAIN] Epoch 7 Batch 0/650 Loss: 0.026794102042913437, 	PPG F1: 0.9887869520897044, 	Batch Avg-T: 0:00:00.399223
	[TRAIN] Epoch 7 Batch 100/650 Loss: 0.03655420326729222, 	PPG F1: 0.9816476615935288, 	Batch Avg-T: 0:00:00.315012
	[TRAIN] Epoch 7 Batch 200/650 Loss: 0.035640915281218086, 	PPG F1: 0.9824877872759472, 	Batch Avg-T: 0:00:00.314668
	[TRAIN] Epoch 7 Batch 300/650 Loss: 0.034768593073683324, 	PPG F1: 0.9830160103121404, 	Batch Avg-T: 0:00:00.314680
	[TRAIN] Epoch 7 Batch 400/650 Loss: 0.034735200541126464, 	PPG F1: 0.98314289455104, 	Batch Avg-T: 0:00:00.314737
	[TRAIN] Epoch 7 Batch 500/650 Loss: 0.034629320309398894, 	PPG F1: 0.9831696456665955, 	Batch Avg-T: 0:00:00.314697
	[TRAIN] Epoch 7 Batch 600/650 Loss: 0.034535185255717714, 	PPG F1: 0.9831667465546255, 	Batch Avg-T: 0:00:00.314674
[TRAIN] Epoch 7 Loss: 0.034264301967162354,             	PPG F1: 0.9833360117967028
Time - 0:03:24.453066
[VAL] Epoch 7 Loss: 0.9393268422231539
[VAL] 	PPG      F1: 0.49
[VAL] 	PPG ROC AUC: 0.9006
[VAL] 	PPG PR  AUC: 0.6912
Epoch 7 finished. t = 0:03:41.636471


Epoch 8 training...
	[TRAIN] Epoch 8 Batch 0/650 Loss: 0.02795950509607792, 	PPG F1: 0.9887869520897044, 	Batch Avg-T: 0:00:00.357023
	[TRAIN] Epoch 8 Batch 100/650 Loss: 0.028185985060316502, 	PPG F1: 0.9860306736098448, 	Batch Avg-T: 0:00:00.314806
	[TRAIN] Epoch 8 Batch 200/650 Loss: 0.03180667947032558, 	PPG F1: 0.9843700636976889, 	Batch Avg-T: 0:00:00.314289
	[TRAIN] Epoch 8 Batch 300/650 Loss: 0.030995389545627212, 	PPG F1: 0.9847538377537558, 	Batch Avg-T: 0:00:00.314262
	[TRAIN] Epoch 8 Batch 400/650 Loss: 0.031167189235290386, 	PPG F1: 0.9845739144529043, 	Batch Avg-T: 0:00:00.314585
	[TRAIN] Epoch 8 Batch 500/650 Loss: 0.03017150527219513, 	PPG F1: 0.9850988882238696, 	Batch Avg-T: 0:00:00.314475
	[TRAIN] Epoch 8 Batch 600/650 Loss: 0.029576005799984078, 	PPG F1: 0.9853665863968475, 	Batch Avg-T: 0:00:00.314389
[TRAIN] Epoch 8 Loss: 0.02941520042001055,             	PPG F1: 0.9855002524893444
Time - 0:03:24.407059
[VAL] Epoch 8 Loss: 0.6916047040572755
[VAL] 	PPG      F1: 0.5774
[VAL] 	PPG ROC AUC: 0.8916
[VAL] 	PPG PR  AUC: 0.7064
Epoch 8 finished. t = 0:03:41.610225


Epoch 9 training...
	[TRAIN] Epoch 9 Batch 0/650 Loss: 0.038943301886320114, 	PPG F1: 0.9782178217821782, 	Batch Avg-T: 0:00:00.361903
	[TRAIN] Epoch 9 Batch 100/650 Loss: 0.02183848321622256, 	PPG F1: 0.9895988062595231, 	Batch Avg-T: 0:00:00.315523
	[TRAIN] Epoch 9 Batch 200/650 Loss: 0.02497883825864068, 	PPG F1: 0.9879038705985754, 	Batch Avg-T: 0:00:00.315697
	[TRAIN] Epoch 9 Batch 300/650 Loss: 0.02462449575777466, 	PPG F1: 0.9880816637371947, 	Batch Avg-T: 0:00:00.315463
	[TRAIN] Epoch 9 Batch 400/650 Loss: 0.024382759898232107, 	PPG F1: 0.9881434637874235, 	Batch Avg-T: 0:00:00.315700
	[TRAIN] Epoch 9 Batch 500/650 Loss: 0.024242938401367136, 	PPG F1: 0.9882367822614933, 	Batch Avg-T: 0:00:00.315592
	[TRAIN] Epoch 9 Batch 600/650 Loss: 0.024648050738873578, 	PPG F1: 0.988059282709908, 	Batch Avg-T: 0:00:00.315581
[TRAIN] Epoch 9 Loss: 0.02446596341494184,             	PPG F1: 0.9881810810047575
Time - 0:03:24.994905
[VAL] Epoch 9 Loss: 0.9791800686117075
[VAL] 	PPG      F1: 0.5067
[VAL] 	PPG ROC AUC: 0.9118
[VAL] 	PPG PR  AUC: 0.7113
Epoch 9 finished. t = 0:03:42.205853


Epoch 10 training...
	[TRAIN] Epoch 10 Batch 0/650 Loss: 0.023316867649555206, 	PPG F1: 0.9908998988877654, 	Batch Avg-T: 0:00:00.352254
	[TRAIN] Epoch 10 Batch 100/650 Loss: 0.02057375811446126, 	PPG F1: 0.9901967570513044, 	Batch Avg-T: 0:00:00.313982
	[TRAIN] Epoch 10 Batch 200/650 Loss: 0.021660059041793075, 	PPG F1: 0.9896800868727026, 	Batch Avg-T: 0:00:00.314213
	[TRAIN] Epoch 10 Batch 300/650 Loss: 0.02156370248261876, 	PPG F1: 0.9896481696009999, 	Batch Avg-T: 0:00:00.314859
	[TRAIN] Epoch 10 Batch 400/650 Loss: 0.02190983062261655, 	PPG F1: 0.989433119753227, 	Batch Avg-T: 0:00:00.314555
	[TRAIN] Epoch 10 Batch 500/650 Loss: 0.02188363362349079, 	PPG F1: 0.9895212625268599, 	Batch Avg-T: 0:00:00.314548
	[TRAIN] Epoch 10 Batch 600/650 Loss: 0.02151965123048043, 	PPG F1: 0.9897090613757835, 	Batch Avg-T: 0:00:00.314450
[TRAIN] Epoch 10 Loss: 0.02148013236430975,             	PPG F1: 0.9897147250938005
Time - 0:03:24.346622
[VAL] Epoch 10 Loss: 0.7456550268397277
[VAL] 	PPG      F1: 0.5666
[VAL] 	PPG ROC AUC: 0.9322
[VAL] 	PPG PR  AUC: 0.7751
Epoch 10 finished. t = 0:03:41.518626


Epoch 11 training...
	[TRAIN] Epoch 11 Batch 0/650 Loss: 0.01463386882096529, 	PPG F1: 0.9940119760479043, 	Batch Avg-T: 0:00:00.356653
	[TRAIN] Epoch 11 Batch 100/650 Loss: 0.015259784521848554, 	PPG F1: 0.9927193366123906, 	Batch Avg-T: 0:00:00.314862
	[TRAIN] Epoch 11 Batch 200/650 Loss: 0.015723457402406046, 	PPG F1: 0.992472951724908, 	Batch Avg-T: 0:00:00.314788
	[TRAIN] Epoch 11 Batch 300/650 Loss: 0.016343433357329663, 	PPG F1: 0.9921929765788461, 	Batch Avg-T: 0:00:00.314717
	[TRAIN] Epoch 11 Batch 400/650 Loss: 0.016496665135927107, 	PPG F1: 0.9921052583175928, 	Batch Avg-T: 0:00:00.314849
	[TRAIN] Epoch 11 Batch 500/650 Loss: 0.01704533544263083, 	PPG F1: 0.9918474651955472, 	Batch Avg-T: 0:00:00.314696
	[TRAIN] Epoch 11 Batch 600/650 Loss: 0.01674092927724495, 	PPG F1: 0.991996985183569, 	Batch Avg-T: 0:00:00.314928
[TRAIN] Epoch 11 Loss: 0.017619282379030037,             	PPG F1: 0.9916258688683002
Time - 0:03:24.642004
[VAL] Epoch 11 Loss: 1.0250920174399636
[VAL] 	PPG      F1: 0.5121
[VAL] 	PPG ROC AUC: 0.9203
[VAL] 	PPG PR  AUC: 0.687
Epoch 11 finished. t = 0:03:41.867592


Epoch 12 training...
	[TRAIN] Epoch 12 Batch 0/650 Loss: 0.019273418933153152, 	PPG F1: 0.9924670433145009, 	Batch Avg-T: 0:00:00.364129
	[TRAIN] Epoch 12 Batch 100/650 Loss: 0.012327183655804336, 	PPG F1: 0.9941360878138664, 	Batch Avg-T: 0:00:00.314563
	[TRAIN] Epoch 12 Batch 200/650 Loss: 0.013298453512921263, 	PPG F1: 0.993500655099665, 	Batch Avg-T: 0:00:00.314702
	[TRAIN] Epoch 12 Batch 300/650 Loss: 0.013983811705104042, 	PPG F1: 0.9932827410098467, 	Batch Avg-T: 0:00:00.315143
	[TRAIN] Epoch 12 Batch 400/650 Loss: 0.014321396656873221, 	PPG F1: 0.993046005725083, 	Batch Avg-T: 0:00:00.315035
	[TRAIN] Epoch 12 Batch 500/650 Loss: 0.014172491545002618, 	PPG F1: 0.9931393130043488, 	Batch Avg-T: 0:00:00.314985
	[TRAIN] Epoch 12 Batch 600/650 Loss: 0.014458454302364896, 	PPG F1: 0.9930016599787262, 	Batch Avg-T: 0:00:00.314834
[TRAIN] Epoch 12 Loss: 0.014249120975772921,             	PPG F1: 0.9931099747369231
Time - 0:03:24.573836
[VAL] Epoch 12 Loss: 1.2133742959778964
[VAL] 	PPG      F1: 0.4897
[VAL] 	PPG ROC AUC: 0.8955
[VAL] 	PPG PR  AUC: 0.6962
Epoch 12 finished. t = 0:03:41.740123


Epoch 13 training...
	[TRAIN] Epoch 13 Batch 0/650 Loss: 0.011796536855399609, 	PPG F1: 0.9918864097363083, 	Batch Avg-T: 0:00:00.355226
	[TRAIN] Epoch 13 Batch 100/650 Loss: 0.011652703486880895, 	PPG F1: 0.9943732540656529, 	Batch Avg-T: 0:00:00.315474
	[TRAIN] Epoch 13 Batch 200/650 Loss: 0.014530646377266268, 	PPG F1: 0.992981091058917, 	Batch Avg-T: 0:00:00.315050
	[TRAIN] Epoch 13 Batch 300/650 Loss: 0.013607173540824375, 	PPG F1: 0.9935364721742745, 	Batch Avg-T: 0:00:00.314976
	[TRAIN] Epoch 13 Batch 400/650 Loss: 0.01322262517253211, 	PPG F1: 0.9937160718101401, 	Batch Avg-T: 0:00:00.315052
	[TRAIN] Epoch 13 Batch 500/650 Loss: 0.013603317183247227, 	PPG F1: 0.9935604361584874, 	Batch Avg-T: 0:00:00.314945
	[TRAIN] Epoch 13 Batch 600/650 Loss: 0.013274020706760556, 	PPG F1: 0.993708252697307, 	Batch Avg-T: 0:00:00.315081
[TRAIN] Epoch 13 Loss: 0.013004965025286835,             	PPG F1: 0.9938509584093105
Time - 0:03:24.680115
[VAL] Epoch 13 Loss: 0.8711889270684908
[VAL] 	PPG      F1: 0.5771
[VAL] 	PPG ROC AUC: 0.9146
[VAL] 	PPG PR  AUC: 0.7377
Epoch 13 finished. t = 0:03:41.853016


Epoch 14 training...
	[TRAIN] Epoch 14 Batch 0/650 Loss: 0.006942792795598507, 	PPG F1: 0.9970208540218469, 	Batch Avg-T: 0:00:00.350062
	[TRAIN] Epoch 14 Batch 100/650 Loss: 0.011693792311603775, 	PPG F1: 0.9944598279922914, 	Batch Avg-T: 0:00:00.315517
	[TRAIN] Epoch 14 Batch 200/650 Loss: 0.011738973782068831, 	PPG F1: 0.9943886432067789, 	Batch Avg-T: 0:00:00.314936
	[TRAIN] Epoch 14 Batch 300/650 Loss: 0.011425981615233758, 	PPG F1: 0.9946287484477918, 	Batch Avg-T: 0:00:00.314510
	[TRAIN] Epoch 14 Batch 400/650 Loss: 0.011442940076000227, 	PPG F1: 0.9945818793913205, 	Batch Avg-T: 0:00:00.314378
	[TRAIN] Epoch 14 Batch 500/650 Loss: 0.011177441681978737, 	PPG F1: 0.9946867121242184, 	Batch Avg-T: 0:00:00.314265
	[TRAIN] Epoch 14 Batch 600/650 Loss: 0.011967103586636, 	PPG F1: 0.9943123304149849, 	Batch Avg-T: 0:00:00.314243
[TRAIN] Epoch 14 Loss: 0.011767832757546925,             	PPG F1: 0.9944218227386044
Time - 0:03:24.265524
[VAL] Epoch 14 Loss: 0.7361551674750113
[VAL] 	PPG      F1: 0.5969
[VAL] 	PPG ROC AUC: 0.9475
[VAL] 	PPG PR  AUC: 0.7987
Epoch 14 finished. t = 0:03:41.465181


Epoch 15 training...
	[TRAIN] Epoch 15 Batch 0/650 Loss: 0.009442740119993687, 	PPG F1: 0.9943609022556391, 	Batch Avg-T: 0:00:00.363403
	[TRAIN] Epoch 15 Batch 100/650 Loss: 0.009469462598969072, 	PPG F1: 0.9956061572735396, 	Batch Avg-T: 0:00:00.314733
	[TRAIN] Epoch 15 Batch 200/650 Loss: 0.010503533298603783, 	PPG F1: 0.9950570585391895, 	Batch Avg-T: 0:00:00.314638
	[TRAIN] Epoch 15 Batch 300/650 Loss: 0.010578818683453721, 	PPG F1: 0.9950304992448864, 	Batch Avg-T: 0:00:00.314628
	[TRAIN] Epoch 15 Batch 400/650 Loss: 0.010462546232214518, 	PPG F1: 0.9950699596814393, 	Batch Avg-T: 0:00:00.314827
	[TRAIN] Epoch 15 Batch 500/650 Loss: 0.01078696332513141, 	PPG F1: 0.994937231408513, 	Batch Avg-T: 0:00:00.314752
	[TRAIN] Epoch 15 Batch 600/650 Loss: 0.010973677870324702, 	PPG F1: 0.9948399204264868, 	Batch Avg-T: 0:00:00.314860
[TRAIN] Epoch 15 Loss: 0.011179715120412695,             	PPG F1: 0.9947318727886542
Time - 0:03:24.572430
[VAL] Epoch 15 Loss: 0.7773567733620175
[VAL] 	PPG      F1: 0.5868
[VAL] 	PPG ROC AUC: 0.93
[VAL] 	PPG PR  AUC: 0.7673
Epoch 15 finished. t = 0:03:41.805548


Epoch 16 training...
	[TRAIN] Epoch 16 Batch 0/650 Loss: 0.007206095848232508, 	PPG F1: 0.996116504854369, 	Batch Avg-T: 0:00:00.401518
	[TRAIN] Epoch 16 Batch 100/650 Loss: 0.008677824584785665, 	PPG F1: 0.9957499131853617, 	Batch Avg-T: 0:00:00.314333
	[TRAIN] Epoch 16 Batch 200/650 Loss: 0.009171974463550494, 	PPG F1: 0.9956089032544638, 	Batch Avg-T: 0:00:00.314724
	[TRAIN] Epoch 16 Batch 300/650 Loss: 0.008873418398569663, 	PPG F1: 0.9958033603912412, 	Batch Avg-T: 0:00:00.314569
	[TRAIN] Epoch 16 Batch 400/650 Loss: 0.009318515541382653, 	PPG F1: 0.9956692789812592, 	Batch Avg-T: 0:00:00.314395
	[TRAIN] Epoch 16 Batch 500/650 Loss: 0.009265561855096973, 	PPG F1: 0.9957482941378254, 	Batch Avg-T: 0:00:00.314219
	[TRAIN] Epoch 16 Batch 600/650 Loss: 0.009034597931837295, 	PPG F1: 0.9958388811225241, 	Batch Avg-T: 0:00:00.314164
[TRAIN] Epoch 16 Loss: 0.00903614049222177,             	PPG F1: 0.9958391865396494
Time - 0:03:24.212377
[VAL] Epoch 16 Loss: 0.9486470759738278
[VAL] 	PPG      F1: 0.5577
[VAL] 	PPG ROC AUC: 0.9299
[VAL] 	PPG PR  AUC: 0.7614
Epoch 16 finished. t = 0:03:41.400068


Epoch 17 training...
	[TRAIN] Epoch 17 Batch 0/650 Loss: 0.003379079047590494, 	PPG F1: 0.9989304812834224, 	Batch Avg-T: 0:00:00.354907
	[TRAIN] Epoch 17 Batch 100/650 Loss: 0.008091870569139903, 	PPG F1: 0.9962917584721137, 	Batch Avg-T: 0:00:00.316173
	[TRAIN] Epoch 17 Batch 200/650 Loss: 0.008261655772102543, 	PPG F1: 0.9961421166508729, 	Batch Avg-T: 0:00:00.314797
	[TRAIN] Epoch 17 Batch 300/650 Loss: 0.007879560364083854, 	PPG F1: 0.9963121879134372, 	Batch Avg-T: 0:00:00.314626
	[TRAIN] Epoch 17 Batch 400/650 Loss: 0.009389673182456301, 	PPG F1: 0.9957464594873805, 	Batch Avg-T: 0:00:00.314463
	[TRAIN] Epoch 17 Batch 500/650 Loss: 0.009267950463159839, 	PPG F1: 0.9958035934995226, 	Batch Avg-T: 0:00:00.314831
	[TRAIN] Epoch 17 Batch 600/650 Loss: 0.009526139825753737, 	PPG F1: 0.9956904857694635, 	Batch Avg-T: 0:00:00.314597
[TRAIN] Epoch 17 Loss: 0.009290827406982246,             	PPG F1: 0.9958218124980247
Time - 0:03:24.455597
[VAL] Epoch 17 Loss: 1.0749999740958005
[VAL] 	PPG      F1: 0.5369
[VAL] 	PPG ROC AUC: 0.9224
[VAL] 	PPG PR  AUC: 0.7138
Epoch 17 finished. t = 0:03:41.627713


Epoch 18 training...
	[TRAIN] Epoch 18 Batch 0/650 Loss: 0.006092160940170288, 	PPG F1: 0.9970501474926253, 	Batch Avg-T: 0:00:00.356178
	[TRAIN] Epoch 18 Batch 100/650 Loss: 0.00772728819035842, 	PPG F1: 0.9961761184019354, 	Batch Avg-T: 0:00:00.314801
	[TRAIN] Epoch 18 Batch 200/650 Loss: 0.007765870240739366, 	PPG F1: 0.9963232753919542, 	Batch Avg-T: 0:00:00.314532
	[TRAIN] Epoch 18 Batch 300/650 Loss: 0.007655032123732953, 	PPG F1: 0.9963516246796948, 	Batch Avg-T: 0:00:00.314387
	[TRAIN] Epoch 18 Batch 400/650 Loss: 0.008095570749363994, 	PPG F1: 0.9961716113294, 	Batch Avg-T: 0:00:00.314418
	[TRAIN] Epoch 18 Batch 500/650 Loss: 0.00798922638499927, 	PPG F1: 0.9962303112650881, 	Batch Avg-T: 0:00:00.314660
	[TRAIN] Epoch 18 Batch 600/650 Loss: 0.008071474322643187, 	PPG F1: 0.9962251848562826, 	Batch Avg-T: 0:00:00.314723
[TRAIN] Epoch 18 Loss: 0.008363258895249321,             	PPG F1: 0.9960704432480755
Time - 0:03:24.465372
[VAL] Epoch 18 Loss: 1.0740561204992807
[VAL] 	PPG      F1: 0.5097
[VAL] 	PPG ROC AUC: 0.8996
[VAL] 	PPG PR  AUC: 0.7218
Epoch 18 finished. t = 0:03:41.638495


Epoch 19 training...
	[TRAIN] Epoch 19 Batch 0/650 Loss: 0.0023841233924031258, 	PPG F1: 0.9990029910269193, 	Batch Avg-T: 0:00:00.357944
	[TRAIN] Epoch 19 Batch 100/650 Loss: 0.00717151985102619, 	PPG F1: 0.9965853789466839, 	Batch Avg-T: 0:00:00.314442
	[TRAIN] Epoch 19 Batch 200/650 Loss: 0.006394495941705501, 	PPG F1: 0.9970663843091466, 	Batch Avg-T: 0:00:00.314110
	[TRAIN] Epoch 19 Batch 300/650 Loss: 0.00813712361980341, 	PPG F1: 0.9962913151309171, 	Batch Avg-T: 0:00:00.314137
	[TRAIN] Epoch 19 Batch 400/650 Loss: 0.007219693547711612, 	PPG F1: 0.9967537966976402, 	Batch Avg-T: 0:00:00.314046
	[TRAIN] Epoch 19 Batch 500/650 Loss: 0.007785690049343406, 	PPG F1: 0.9964395316765426, 	Batch Avg-T: 0:00:00.314025
	[TRAIN] Epoch 19 Batch 600/650 Loss: 0.007560901794568658, 	PPG F1: 0.9965268443361522, 	Batch Avg-T: 0:00:00.314100
[TRAIN] Epoch 19 Loss: 0.0074691468061735995,             	PPG F1: 0.996579059121107
Time - 0:03:24.156984
[VAL] Epoch 19 Loss: 0.8733282048147029
[VAL] 	PPG      F1: 0.5771
[VAL] 	PPG ROC AUC: 0.9209
[VAL] 	PPG PR  AUC: 0.7547
Epoch 19 finished. t = 0:03:41.338617


Epoch 20 training...
	[TRAIN] Epoch 20 Batch 0/650 Loss: 0.0032810443080961704, 	PPG F1: 0.997920997920998, 	Batch Avg-T: 0:00:00.356922
	[TRAIN] Epoch 20 Batch 100/650 Loss: 0.005869027934876261, 	PPG F1: 0.9971672533938967, 	Batch Avg-T: 0:00:00.314561
	[TRAIN] Epoch 20 Batch 200/650 Loss: 0.007381441280134579, 	PPG F1: 0.9966402489012351, 	Batch Avg-T: 0:00:00.314365
	[TRAIN] Epoch 20 Batch 300/650 Loss: 0.006780494392023381, 	PPG F1: 0.9968950256073221, 	Batch Avg-T: 0:00:00.314528
	[TRAIN] Epoch 20 Batch 400/650 Loss: 0.006590787091982224, 	PPG F1: 0.9970040787696333, 	Batch Avg-T: 0:00:00.314511
	[TRAIN] Epoch 20 Batch 500/650 Loss: 0.006551896432691631, 	PPG F1: 0.9970311743614635, 	Batch Avg-T: 0:00:00.314311
	[TRAIN] Epoch 20 Batch 600/650 Loss: 0.006562269090352496, 	PPG F1: 0.9970095755234489, 	Batch Avg-T: 0:00:00.314303
[TRAIN] Epoch 20 Loss: 0.00667252040002495,             	PPG F1: 0.9969489456372993
Time - 0:03:24.307772
[VAL] Epoch 20 Loss: 0.9267217468145188
[VAL] 	PPG      F1: 0.5554
[VAL] 	PPG ROC AUC: 0.9049
[VAL] 	PPG PR  AUC: 0.7706
Epoch 20 finished. t = 0:03:41.551479


Epoch 21 training...
	[TRAIN] Epoch 21 Batch 0/650 Loss: 0.0051533812656998634, 	PPG F1: 0.9980468750000001, 	Batch Avg-T: 0:00:00.361479
	[TRAIN] Epoch 21 Batch 100/650 Loss: 0.0048581604692522476, 	PPG F1: 0.9978735577840967, 	Batch Avg-T: 0:00:00.313320
	[TRAIN] Epoch 21 Batch 200/650 Loss: 0.0076866892026853165, 	PPG F1: 0.9965946400475204, 	Batch Avg-T: 0:00:00.313629
	[TRAIN] Epoch 21 Batch 300/650 Loss: 0.0070093493168768275, 	PPG F1: 0.9968524567487178, 	Batch Avg-T: 0:00:00.313672
	[TRAIN] Epoch 21 Batch 400/650 Loss: 0.0075518225249718235, 	PPG F1: 0.996596490795977, 	Batch Avg-T: 0:00:00.313790
	[TRAIN] Epoch 21 Batch 500/650 Loss: 0.006940376888375037, 	PPG F1: 0.9968570427385471, 	Batch Avg-T: 0:00:00.313896
	[TRAIN] Epoch 21 Batch 600/650 Loss: 0.006826937375586331, 	PPG F1: 0.9968951137680255, 	Batch Avg-T: 0:00:00.313842
[TRAIN] Epoch 21 Loss: 0.006866612450954003,             	PPG F1: 0.9968630979762412
Time - 0:03:23.992274
[VAL] Epoch 21 Loss: 0.7706792212005297
[VAL] 	PPG      F1: 0.6016
[VAL] 	PPG ROC AUC: 0.9414
[VAL] 	PPG PR  AUC: 0.7939
Epoch 21 finished. t = 0:03:41.178458


Epoch 22 training...
	[TRAIN] Epoch 22 Batch 0/650 Loss: 0.006063889246433973, 	PPG F1: 0.9981308411214954, 	Batch Avg-T: 0:00:00.351687
	[TRAIN] Epoch 22 Batch 100/650 Loss: 0.0059142266129291075, 	PPG F1: 0.9972855036762195, 	Batch Avg-T: 0:00:00.314115
	[TRAIN] Epoch 22 Batch 200/650 Loss: 0.0062339132560755295, 	PPG F1: 0.9971153753328869, 	Batch Avg-T: 0:00:00.313917
	[TRAIN] Epoch 22 Batch 300/650 Loss: 0.005796208797855012, 	PPG F1: 0.9973180241558595, 	Batch Avg-T: 0:00:00.314204
	[TRAIN] Epoch 22 Batch 400/650 Loss: 0.006413351933842297, 	PPG F1: 0.9970764856361187, 	Batch Avg-T: 0:00:00.314188
	[TRAIN] Epoch 22 Batch 500/650 Loss: 0.00632790403980613, 	PPG F1: 0.9971605068226858, 	Batch Avg-T: 0:00:00.314229
	[TRAIN] Epoch 22 Batch 600/650 Loss: 0.006235174805382282, 	PPG F1: 0.9972240547648066, 	Batch Avg-T: 0:00:00.314192
[TRAIN] Epoch 22 Loss: 0.006071238620475364,             	PPG F1: 0.9972727853329987
Time - 0:03:24.179946
[VAL] Epoch 22 Loss: 1.0971069734133292
[VAL] 	PPG      F1: 0.5513
[VAL] 	PPG ROC AUC: 0.9106
[VAL] 	PPG PR  AUC: 0.731
Epoch 22 finished. t = 0:03:41.361208


Epoch 23 training...
	[TRAIN] Epoch 23 Batch 0/650 Loss: 0.0014521321281790733, 	PPG F1: 0.9989327641408752, 	Batch Avg-T: 0:00:00.356833
	[TRAIN] Epoch 23 Batch 100/650 Loss: 0.006241606453913126, 	PPG F1: 0.9970195218829744, 	Batch Avg-T: 0:00:00.314223
	[TRAIN] Epoch 23 Batch 200/650 Loss: 0.006114082739616638, 	PPG F1: 0.9971258676468878, 	Batch Avg-T: 0:00:00.314319
	[TRAIN] Epoch 23 Batch 300/650 Loss: 0.006989822119429547, 	PPG F1: 0.9967373837921019, 	Batch Avg-T: 0:00:00.314330
	[TRAIN] Epoch 23 Batch 400/650 Loss: 0.006507166116986136, 	PPG F1: 0.9969797178237624, 	Batch Avg-T: 0:00:00.314206
	[TRAIN] Epoch 23 Batch 500/650 Loss: 0.006649834947951488, 	PPG F1: 0.9969275053501826, 	Batch Avg-T: 0:00:00.314215
	[TRAIN] Epoch 23 Batch 600/650 Loss: 0.006584304242515735, 	PPG F1: 0.9969257598095229, 	Batch Avg-T: 0:00:00.314217
[TRAIN] Epoch 23 Loss: 0.00641870652209036,             	PPG F1: 0.9970006220207938
Time - 0:03:24.154534
[VAL] Epoch 23 Loss: 0.6707825132879958
[VAL] 	PPG      F1: 0.645
[VAL] 	PPG ROC AUC: 0.9293
[VAL] 	PPG PR  AUC: 0.7865
Epoch 23 finished. t = 0:03:41.330596


Epoch 24 training...
	[TRAIN] Epoch 24 Batch 0/650 Loss: 0.007416429463773966, 	PPG F1: 0.9970267591674925, 	Batch Avg-T: 0:00:00.363136
	[TRAIN] Epoch 24 Batch 100/650 Loss: 0.004427524952628272, 	PPG F1: 0.9978923605841047, 	Batch Avg-T: 0:00:00.314609
	[TRAIN] Epoch 24 Batch 200/650 Loss: 0.006131072303069413, 	PPG F1: 0.9971519595924004, 	Batch Avg-T: 0:00:00.314238
	[TRAIN] Epoch 24 Batch 300/650 Loss: 0.005286721712824551, 	PPG F1: 0.997513030758361, 	Batch Avg-T: 0:00:00.314259
	[TRAIN] Epoch 24 Batch 400/650 Loss: 0.005566126108692118, 	PPG F1: 0.9974321169586051, 	Batch Avg-T: 0:00:00.314076
	[TRAIN] Epoch 24 Batch 500/650 Loss: 0.0056453938944499476, 	PPG F1: 0.9973882469879706, 	Batch Avg-T: 0:00:00.314261
	[TRAIN] Epoch 24 Batch 600/650 Loss: 0.005758740976390842, 	PPG F1: 0.997322631494876, 	Batch Avg-T: 0:00:00.314388
[TRAIN] Epoch 24 Loss: 0.005889000193430827,             	PPG F1: 0.9972714345187678
Time - 0:03:24.263080
[VAL] Epoch 24 Loss: 0.9873387908828369
[VAL] 	PPG      F1: 0.5601
[VAL] 	PPG ROC AUC: 0.9297
[VAL] 	PPG PR  AUC: 0.7525
Epoch 24 finished. t = 0:03:41.434021


Epoch 25 training...
	[TRAIN] Epoch 25 Batch 0/650 Loss: 0.0038098685909062624, 	PPG F1: 0.9980468750000001, 	Batch Avg-T: 0:00:00.396533
	[TRAIN] Epoch 25 Batch 100/650 Loss: 0.004525623800873291, 	PPG F1: 0.9978400636224631, 	Batch Avg-T: 0:00:00.314380
	[TRAIN] Epoch 25 Batch 200/650 Loss: 0.0051772725483937194, 	PPG F1: 0.9975798127502841, 	Batch Avg-T: 0:00:00.314116
	[TRAIN] Epoch 25 Batch 300/650 Loss: 0.00482663359272853, 	PPG F1: 0.9977722483915563, 	Batch Avg-T: 0:00:00.314152
	[TRAIN] Epoch 25 Batch 400/650 Loss: 0.005707018186149979, 	PPG F1: 0.997383719592411, 	Batch Avg-T: 0:00:00.314087
	[TRAIN] Epoch 25 Batch 500/650 Loss: 0.0052377013567882266, 	PPG F1: 0.9976151200799301, 	Batch Avg-T: 0:00:00.314287
	[TRAIN] Epoch 25 Batch 600/650 Loss: 0.0055933006077371625, 	PPG F1: 0.9974696495932706, 	Batch Avg-T: 0:00:00.314269
[TRAIN] Epoch 25 Loss: 0.005720544131148087,             	PPG F1: 0.997403070247778
Time - 0:03:24.216887
[VAL] Epoch 25 Loss: 0.5228004751976892
[VAL] 	PPG      F1: 0.6955
[VAL] 	PPG ROC AUC: 0.9693
[VAL] 	PPG PR  AUC: 0.8717
Epoch 25 finished. t = 0:03:41.386778


Epoch 26 training...
	[TRAIN] Epoch 26 Batch 0/650 Loss: 0.017528824508190155, 	PPG F1: 0.9934272300469483, 	Batch Avg-T: 0:00:00.351325
	[TRAIN] Epoch 26 Batch 100/650 Loss: 0.005138495846220412, 	PPG F1: 0.9977594199630979, 	Batch Avg-T: 0:00:00.314426
	[TRAIN] Epoch 26 Batch 200/650 Loss: 0.005030629584312078, 	PPG F1: 0.9978424833198014, 	Batch Avg-T: 0:00:00.313879
	[TRAIN] Epoch 26 Batch 300/650 Loss: 0.0045641405181881915, 	PPG F1: 0.9980044249748405, 	Batch Avg-T: 0:00:00.313913
	[TRAIN] Epoch 26 Batch 400/650 Loss: 0.0049795420797416326, 	PPG F1: 0.9978088375752848, 	Batch Avg-T: 0:00:00.314015
	[TRAIN] Epoch 26 Batch 500/650 Loss: 0.004949622073126195, 	PPG F1: 0.9978117739167482, 	Batch Avg-T: 0:00:00.313961
	[TRAIN] Epoch 26 Batch 600/650 Loss: 0.005068463405257962, 	PPG F1: 0.9977525673297454, 	Batch Avg-T: 0:00:00.314057
[TRAIN] Epoch 26 Loss: 0.005111651447726987,             	PPG F1: 0.9977278834470235
Time - 0:03:24.100320
[VAL] Epoch 26 Loss: 0.8290174325799484
[VAL] 	PPG      F1: 0.5921
[VAL] 	PPG ROC AUC: 0.9264
[VAL] 	PPG PR  AUC: 0.779
Epoch 26 finished. t = 0:03:41.309127


Epoch 27 training...
	[TRAIN] Epoch 27 Batch 0/650 Loss: 0.003050450701266527, 	PPG F1: 0.9989806320081549, 	Batch Avg-T: 0:00:00.368822
	[TRAIN] Epoch 27 Batch 100/650 Loss: 0.004200691379875286, 	PPG F1: 0.9982733179680585, 	Batch Avg-T: 0:00:00.314052
	[TRAIN] Epoch 27 Batch 200/650 Loss: 0.004838421096720047, 	PPG F1: 0.9978697609726436, 	Batch Avg-T: 0:00:00.314069
	[TRAIN] Epoch 27 Batch 300/650 Loss: 0.005360870957372639, 	PPG F1: 0.997610474625892, 	Batch Avg-T: 0:00:00.314119
	[TRAIN] Epoch 27 Batch 400/650 Loss: 0.005453324657067961, 	PPG F1: 0.9975647004736983, 	Batch Avg-T: 0:00:00.314365
	[TRAIN] Epoch 27 Batch 500/650 Loss: 0.005028285806750676, 	PPG F1: 0.9977466599526127, 	Batch Avg-T: 0:00:00.314532
	[TRAIN] Epoch 27 Batch 600/650 Loss: 0.00525610861967503, 	PPG F1: 0.9976456445506002, 	Batch Avg-T: 0:00:00.314329
[TRAIN] Epoch 27 Loss: 0.005164569351002753,             	PPG F1: 0.9976799020245464
Time - 0:03:24.215341
[VAL] Epoch 27 Loss: 0.9583915305772548
[VAL] 	PPG      F1: 0.576
[VAL] 	PPG ROC AUC: 0.9324
[VAL] 	PPG PR  AUC: 0.776
Epoch 27 finished. t = 0:03:41.425852


Epoch 28 training...
	[TRAIN] Epoch 28 Batch 0/650 Loss: 0.003237744327634573, 	PPG F1: 0.9980657640232108, 	Batch Avg-T: 0:00:00.357416
	[TRAIN] Epoch 28 Batch 100/650 Loss: 0.006735624267147983, 	PPG F1: 0.9969991720330205, 	Batch Avg-T: 0:00:00.315164
	[TRAIN] Epoch 28 Batch 200/650 Loss: 0.006067335752878033, 	PPG F1: 0.9973310579827986, 	Batch Avg-T: 0:00:00.314627
	[TRAIN] Epoch 28 Batch 300/650 Loss: 0.004822359268845174, 	PPG F1: 0.9979070316183901, 	Batch Avg-T: 0:00:00.314386
	[TRAIN] Epoch 28 Batch 400/650 Loss: 0.004624892089183807, 	PPG F1: 0.9979535504849838, 	Batch Avg-T: 0:00:00.314166
	[TRAIN] Epoch 28 Batch 500/650 Loss: 0.004610866693591145, 	PPG F1: 0.9979572254254119, 	Batch Avg-T: 0:00:00.314142
	[TRAIN] Epoch 28 Batch 600/650 Loss: 0.005259408898626031, 	PPG F1: 0.9976723093720445, 	Batch Avg-T: 0:00:00.314094
[TRAIN] Epoch 28 Loss: 0.005162898094769424,             	PPG F1: 0.9977058119298108
Time - 0:03:24.120832
[VAL] Epoch 28 Loss: 0.7268070475695946
[VAL] 	PPG      F1: 0.6366
[VAL] 	PPG ROC AUC: 0.9407
[VAL] 	PPG PR  AUC: 0.8038
Epoch 28 finished. t = 0:03:41.287886


Epoch 29 training...
	[TRAIN] Epoch 29 Batch 0/650 Loss: 0.0015963595360517502, 	PPG F1: 1.0, 	Batch Avg-T: 0:00:00.354746
	[TRAIN] Epoch 29 Batch 100/650 Loss: 0.0035335298110085473, 	PPG F1: 0.9983619673550083, 	Batch Avg-T: 0:00:00.314056
	[TRAIN] Epoch 29 Batch 200/650 Loss: 0.003384002911237379, 	PPG F1: 0.9984825808571767, 	Batch Avg-T: 0:00:00.314505
	[TRAIN] Epoch 29 Batch 300/650 Loss: 0.0038845724398363073, 	PPG F1: 0.9982630739224674, 	Batch Avg-T: 0:00:00.314385
	[TRAIN] Epoch 29 Batch 400/650 Loss: 0.0038798269918803915, 	PPG F1: 0.9982492666149855, 	Batch Avg-T: 0:00:00.314191
	[TRAIN] Epoch 29 Batch 500/650 Loss: 0.003921951777652601, 	PPG F1: 0.9982173117153474, 	Batch Avg-T: 0:00:00.314108
	[TRAIN] Epoch 29 Batch 600/650 Loss: 0.004215063989933769, 	PPG F1: 0.9981213949100629, 	Batch Avg-T: 0:00:00.314241
[TRAIN] Epoch 29 Loss: 0.004099536161296643,             	PPG F1: 0.9981691814335568
Time - 0:03:24.172373
[VAL] Epoch 29 Loss: 1.0557901088155794
[VAL] 	PPG      F1: 0.5679
[VAL] 	PPG ROC AUC: 0.924
[VAL] 	PPG PR  AUC: 0.7405
Epoch 29 finished. t = 0:03:41.386775


