JOB START
Wed Apr  5 18:53:15 2023       
+-----------------------------------------------------------------------------+
| NVIDIA-SMI 470.74       Driver Version: 470.74       CUDA Version: 11.4     |
|-------------------------------+----------------------+----------------------+
| GPU  Name        Persistence-M| Bus-Id        Disp.A | Volatile Uncorr. ECC |
| Fan  Temp  Perf  Pwr:Usage/Cap|         Memory-Usage | GPU-Util  Compute M. |
|                               |                      |               MIG M. |
|===============================+======================+======================|
|   0  Tesla K80           Off  | 00000000:04:00.0 Off |                    0 |
| N/A   44C    P0    61W / 149W |      0MiB / 11441MiB |     99%      Default |
|                               |                      |                  N/A |
+-------------------------------+----------------------+----------------------+
                                                                               
+-----------------------------------------------------------------------------+
| Processes:                                                                  |
|  GPU   GI   CI        PID   Type   Process name                  GPU Memory |
|        ID   ID                                                   Usage      |
|=============================================================================|
|  No running processes found                                                 |
+-----------------------------------------------------------------------------+
BATCH_SIZE 1280
NUM_EPOCHS 30
device cuda
PPG_LR 0.0001
BD_PERC 0.1
BD_TARGET_CLASS 1
BD_DIFF 0
COMMENT diff0
MODEL_FOLDER res34_epoch_30_ppglr_0.0001_BDPERC_0.1_1_0_diff0
Creating datasets
dataset finished
dataset finished
Dataset finished
Epoch 0 training...
	[TRAIN] Epoch 0 Batch 0/650 Loss: 0.7351928949356079, 	PPG F1: 0.34563106796116505, 	Batch Avg-T: 0:00:00.480804
	[TRAIN] Epoch 0 Batch 100/650 Loss: 0.43685142209034156, 	PPG F1: 0.7344845509164212, 	Batch Avg-T: 0:00:00.293884
	[TRAIN] Epoch 0 Batch 200/650 Loss: 0.335180217502129, 	PPG F1: 0.8074374879057309, 	Batch Avg-T: 0:00:00.294580
	[TRAIN] Epoch 0 Batch 300/650 Loss: 0.28034851801553834, 	PPG F1: 0.843552710820942, 	Batch Avg-T: 0:00:00.295946
	[TRAIN] Epoch 0 Batch 400/650 Loss: 0.2447781016553132, 	PPG F1: 0.8656353613539071, 	Batch Avg-T: 0:00:00.296619
	[TRAIN] Epoch 0 Batch 500/650 Loss: 0.2184873668257586, 	PPG F1: 0.8814934518261415, 	Batch Avg-T: 0:00:00.297046
	[TRAIN] Epoch 0 Batch 600/650 Loss: 0.19862798467501627, 	PPG F1: 0.893299762877866, 	Batch Avg-T: 0:00:00.297250
[TRAIN] Epoch 0 Loss: 0.19053245410323144,             	PPG F1: 0.8980968642942171
Time - 0:03:13.264552
[VAL] Epoch 0 Loss: 0.4193576726318851
[VAL] 	PPG      F1: 0.6478
[VAL] 	PPG ROC AUC: 0.9231
[VAL] 	PPG PR  AUC: 0.8425
Epoch 0 finished. t = 0:03:30.362490
Saving...


Epoch 1 training...
	[TRAIN] Epoch 1 Batch 0/650 Loss: 0.10279758274555206, 	PPG F1: 0.9499527856468367, 	Batch Avg-T: 0:00:00.363066
	[TRAIN] Epoch 1 Batch 100/650 Loss: 0.4523827961765894, 	PPG F1: 0.7467320386143009, 	Batch Avg-T: 0:00:00.314413
	[TRAIN] Epoch 1 Batch 200/650 Loss: 0.3185368034970108, 	PPG F1: 0.8278916386168161, 	Batch Avg-T: 0:00:00.313968
	[TRAIN] Epoch 1 Batch 300/650 Loss: 0.26167365477924726, 	PPG F1: 0.861385508413403, 	Batch Avg-T: 0:00:00.314099
	[TRAIN] Epoch 1 Batch 400/650 Loss: 0.22785767047036615, 	PPG F1: 0.8809569204343888, 	Batch Avg-T: 0:00:00.313770
	[TRAIN] Epoch 1 Batch 500/650 Loss: 0.20429378048983401, 	PPG F1: 0.8943220571533343, 	Batch Avg-T: 0:00:00.313693
	[TRAIN] Epoch 1 Batch 600/650 Loss: 0.18717375086518176, 	PPG F1: 0.9040183727638319, 	Batch Avg-T: 0:00:00.313809
[TRAIN] Epoch 1 Loss: 0.18016449556900904,             	PPG F1: 0.9079012196587645
Time - 0:03:23.963381
[VAL] Epoch 1 Loss: 0.7581138379501504
[VAL] 	PPG      F1: 0.5294
[VAL] 	PPG ROC AUC: 0.9096
[VAL] 	PPG PR  AUC: 0.8123
Epoch 1 finished. t = 0:03:41.069294


Epoch 2 training...
	[TRAIN] Epoch 2 Batch 0/650 Loss: 0.08937320113182068, 	PPG F1: 0.9568411386593204, 	Batch Avg-T: 0:00:00.355054
	[TRAIN] Epoch 2 Batch 100/650 Loss: 0.09017571356922092, 	PPG F1: 0.9578761704514227, 	Batch Avg-T: 0:00:00.313873
	[TRAIN] Epoch 2 Batch 200/650 Loss: 0.08736858038759943, 	PPG F1: 0.9590658924926638, 	Batch Avg-T: 0:00:00.313969
	[TRAIN] Epoch 2 Batch 300/650 Loss: 0.08476630580979724, 	PPG F1: 0.9602523250642, 	Batch Avg-T: 0:00:00.314358
	[TRAIN] Epoch 2 Batch 400/650 Loss: 0.08422560471474679, 	PPG F1: 0.9605026455122175, 	Batch Avg-T: 0:00:00.314710
	[TRAIN] Epoch 2 Batch 500/650 Loss: 0.08232238827024153, 	PPG F1: 0.9614946263594273, 	Batch Avg-T: 0:00:00.314411
	[TRAIN] Epoch 2 Batch 600/650 Loss: 0.08009141401547362, 	PPG F1: 0.9625887350034948, 	Batch Avg-T: 0:00:00.314293
[TRAIN] Epoch 2 Loss: 0.0788438643916295,             	PPG F1: 0.9632101249929962
Time - 0:03:24.244858
[VAL] Epoch 2 Loss: 0.49572059629837967
[VAL] 	PPG      F1: 0.6579
[VAL] 	PPG ROC AUC: 0.9463
[VAL] 	PPG PR  AUC: 0.8644
Epoch 2 finished. t = 0:03:41.431316


Epoch 3 training...
	[TRAIN] Epoch 3 Batch 0/650 Loss: 0.0778631940484047, 	PPG F1: 0.9559386973180076, 	Batch Avg-T: 0:00:00.367738
	[TRAIN] Epoch 3 Batch 100/650 Loss: 0.06384628660755583, 	PPG F1: 0.9704854577828356, 	Batch Avg-T: 0:00:00.314870
	[TRAIN] Epoch 3 Batch 200/650 Loss: 0.06344917323903658, 	PPG F1: 0.9703358444582199, 	Batch Avg-T: 0:00:00.314643
	[TRAIN] Epoch 3 Batch 300/650 Loss: 0.06244093081929359, 	PPG F1: 0.9708896887231782, 	Batch Avg-T: 0:00:00.314844
	[TRAIN] Epoch 3 Batch 400/650 Loss: 0.06129078044001004, 	PPG F1: 0.9713645586420594, 	Batch Avg-T: 0:00:00.315431
	[TRAIN] Epoch 3 Batch 500/650 Loss: 0.06040697795396555, 	PPG F1: 0.971894375556268, 	Batch Avg-T: 0:00:00.315274
	[TRAIN] Epoch 3 Batch 600/650 Loss: 0.059560768269064424, 	PPG F1: 0.972309833325953, 	Batch Avg-T: 0:00:00.315160
[TRAIN] Epoch 3 Loss: 0.05917990000775227,             	PPG F1: 0.9725506326488708
Time - 0:03:24.865257
[VAL] Epoch 3 Loss: 0.814519726840652
[VAL] 	PPG      F1: 0.6076
[VAL] 	PPG ROC AUC: 0.952
[VAL] 	PPG PR  AUC: 0.8519
Epoch 3 finished. t = 0:03:41.975516


Epoch 4 training...
	[TRAIN] Epoch 4 Batch 0/650 Loss: 0.05171160027384758, 	PPG F1: 0.9798422436459245, 	Batch Avg-T: 0:00:00.361428
	[TRAIN] Epoch 4 Batch 100/650 Loss: 0.04666184991745666, 	PPG F1: 0.9781743655172526, 	Batch Avg-T: 0:00:00.313331
	[TRAIN] Epoch 4 Batch 200/650 Loss: 0.04771887973432814, 	PPG F1: 0.9779876380972351, 	Batch Avg-T: 0:00:00.313697
	[TRAIN] Epoch 4 Batch 300/650 Loss: 0.047235871662085635, 	PPG F1: 0.9782898648839591, 	Batch Avg-T: 0:00:00.313625
	[TRAIN] Epoch 4 Batch 400/650 Loss: 0.0463683995002523, 	PPG F1: 0.9788067578827153, 	Batch Avg-T: 0:00:00.314136
	[TRAIN] Epoch 4 Batch 500/650 Loss: 0.0460781033807053, 	PPG F1: 0.9789685567558475, 	Batch Avg-T: 0:00:00.314198
	[TRAIN] Epoch 4 Batch 600/650 Loss: 0.04657487353672601, 	PPG F1: 0.9787355055685241, 	Batch Avg-T: 0:00:00.314222
[TRAIN] Epoch 4 Loss: 0.04654235274172746,             	PPG F1: 0.9787135164906307
Time - 0:03:24.122886
[VAL] Epoch 4 Loss: 0.6166159307157424
[VAL] 	PPG      F1: 0.6487
[VAL] 	PPG ROC AUC: 0.9546
[VAL] 	PPG PR  AUC: 0.8653
Epoch 4 finished. t = 0:03:41.229996


Epoch 5 training...
	[TRAIN] Epoch 5 Batch 0/650 Loss: 0.04580507427453995, 	PPG F1: 0.9759704251386322, 	Batch Avg-T: 0:00:00.359226
	[TRAIN] Epoch 5 Batch 100/650 Loss: 0.03745655140074173, 	PPG F1: 0.9833702133220114, 	Batch Avg-T: 0:00:00.315249
	[TRAIN] Epoch 5 Batch 200/650 Loss: 0.038036569508154004, 	PPG F1: 0.9829944353452469, 	Batch Avg-T: 0:00:00.314469
	[TRAIN] Epoch 5 Batch 300/650 Loss: 0.03860933641188367, 	PPG F1: 0.9826534055965757, 	Batch Avg-T: 0:00:00.313976
	[TRAIN] Epoch 5 Batch 400/650 Loss: 0.03732094808279576, 	PPG F1: 0.9831406985580259, 	Batch Avg-T: 0:00:00.313957
	[TRAIN] Epoch 5 Batch 500/650 Loss: 0.03771108064332051, 	PPG F1: 0.9829719069192369, 	Batch Avg-T: 0:00:00.313839
	[TRAIN] Epoch 5 Batch 600/650 Loss: 0.037644046047290235, 	PPG F1: 0.983092116126143, 	Batch Avg-T: 0:00:00.313906
[TRAIN] Epoch 5 Loss: 0.03720473838826785,             	PPG F1: 0.9832852640365954
Time - 0:03:23.884083
[VAL] Epoch 5 Loss: 0.639094319809862
[VAL] 	PPG      F1: 0.6668
[VAL] 	PPG ROC AUC: 0.9472
[VAL] 	PPG PR  AUC: 0.847
Epoch 5 finished. t = 0:03:40.995739


Epoch 6 training...
	[TRAIN] Epoch 6 Batch 0/650 Loss: 0.030952513217926025, 	PPG F1: 0.9909090909090909, 	Batch Avg-T: 0:00:00.360640
	[TRAIN] Epoch 6 Batch 100/650 Loss: 0.029487960059011338, 	PPG F1: 0.9868219427351094, 	Batch Avg-T: 0:00:00.314476
	[TRAIN] Epoch 6 Batch 200/650 Loss: 0.02972667856114124, 	PPG F1: 0.9866004528850794, 	Batch Avg-T: 0:00:00.315097
	[TRAIN] Epoch 6 Batch 300/650 Loss: 0.031000359138579067, 	PPG F1: 0.9860933691858373, 	Batch Avg-T: 0:00:00.314500
	[TRAIN] Epoch 6 Batch 400/650 Loss: 0.030278956780019694, 	PPG F1: 0.9864603275278637, 	Batch Avg-T: 0:00:00.314233
	[TRAIN] Epoch 6 Batch 500/650 Loss: 0.030488781374460924, 	PPG F1: 0.9862991426273351, 	Batch Avg-T: 0:00:00.314361
	[TRAIN] Epoch 6 Batch 600/650 Loss: 0.0303020427490084, 	PPG F1: 0.9863833445968672, 	Batch Avg-T: 0:00:00.314541
[TRAIN] Epoch 6 Loss: 0.030157886024277943,             	PPG F1: 0.9864115760340705
Time - 0:03:24.311530
[VAL] Epoch 6 Loss: 0.7974253368691573
[VAL] 	PPG      F1: 0.636
[VAL] 	PPG ROC AUC: 0.9453
[VAL] 	PPG PR  AUC: 0.8499
Epoch 6 finished. t = 0:03:41.454242


Epoch 7 training...
	[TRAIN] Epoch 7 Batch 0/650 Loss: 0.022938121110200882, 	PPG F1: 0.9896907216494845, 	Batch Avg-T: 0:00:00.404799
	[TRAIN] Epoch 7 Batch 100/650 Loss: 0.02259600598660141, 	PPG F1: 0.9899763581422035, 	Batch Avg-T: 0:00:00.315507
	[TRAIN] Epoch 7 Batch 200/650 Loss: 0.024850678356799914, 	PPG F1: 0.9888900154606947, 	Batch Avg-T: 0:00:00.315226
	[TRAIN] Epoch 7 Batch 300/650 Loss: 0.024519469174386258, 	PPG F1: 0.9889687544341113, 	Batch Avg-T: 0:00:00.314903
	[TRAIN] Epoch 7 Batch 400/650 Loss: 0.02505151158259099, 	PPG F1: 0.9887582625851015, 	Batch Avg-T: 0:00:00.314552
	[TRAIN] Epoch 7 Batch 500/650 Loss: 0.02609335921496569, 	PPG F1: 0.9883506176723311, 	Batch Avg-T: 0:00:00.314549
	[TRAIN] Epoch 7 Batch 600/650 Loss: 0.025825000426944304, 	PPG F1: 0.9884673392773872, 	Batch Avg-T: 0:00:00.314581
[TRAIN] Epoch 7 Loss: 0.025664819070639517,             	PPG F1: 0.9885529639278443
Time - 0:03:24.421917
[VAL] Epoch 7 Loss: 1.3280352524896646
[VAL] 	PPG      F1: 0.5712
[VAL] 	PPG ROC AUC: 0.9249
[VAL] 	PPG PR  AUC: 0.7786
Epoch 7 finished. t = 0:03:41.520750


Epoch 8 training...
	[TRAIN] Epoch 8 Batch 0/650 Loss: 0.02745061181485653, 	PPG F1: 0.9906716417910447, 	Batch Avg-T: 0:00:00.360973
	[TRAIN] Epoch 8 Batch 100/650 Loss: 0.02048073214764642, 	PPG F1: 0.9909652004275846, 	Batch Avg-T: 0:00:00.314643
	[TRAIN] Epoch 8 Batch 200/650 Loss: 0.021333380664851683, 	PPG F1: 0.9906471520082095, 	Batch Avg-T: 0:00:00.313488
	[TRAIN] Epoch 8 Batch 300/650 Loss: 0.021446424568894992, 	PPG F1: 0.990717223625185, 	Batch Avg-T: 0:00:00.313434
	[TRAIN] Epoch 8 Batch 400/650 Loss: 0.021599609066878547, 	PPG F1: 0.9907035895340461, 	Batch Avg-T: 0:00:00.313565
	[TRAIN] Epoch 8 Batch 500/650 Loss: 0.02134095397712793, 	PPG F1: 0.9907176351387837, 	Batch Avg-T: 0:00:00.313742
	[TRAIN] Epoch 8 Batch 600/650 Loss: 0.020991431491080667, 	PPG F1: 0.9908067166462933, 	Batch Avg-T: 0:00:00.313813
[TRAIN] Epoch 8 Loss: 0.021208292541738887,             	PPG F1: 0.9906950237969758
Time - 0:03:23.948968
[VAL] Epoch 8 Loss: 0.9313287764249396
[VAL] 	PPG      F1: 0.6186
[VAL] 	PPG ROC AUC: 0.9244
[VAL] 	PPG PR  AUC: 0.805
Epoch 8 finished. t = 0:03:41.104387


Epoch 9 training...
	[TRAIN] Epoch 9 Batch 0/650 Loss: 0.02410101518034935, 	PPG F1: 0.9883616830796776, 	Batch Avg-T: 0:00:00.365416
	[TRAIN] Epoch 9 Batch 100/650 Loss: 0.014906062684621257, 	PPG F1: 0.9934806311152076, 	Batch Avg-T: 0:00:00.314207
	[TRAIN] Epoch 9 Batch 200/650 Loss: 0.01655381499785022, 	PPG F1: 0.992884706026812, 	Batch Avg-T: 0:00:00.313848
	[TRAIN] Epoch 9 Batch 300/650 Loss: 0.01802324263094321, 	PPG F1: 0.992147336460605, 	Batch Avg-T: 0:00:00.313992
	[TRAIN] Epoch 9 Batch 400/650 Loss: 0.018377765881924187, 	PPG F1: 0.9919479673774343, 	Batch Avg-T: 0:00:00.314035
	[TRAIN] Epoch 9 Batch 500/650 Loss: 0.018128375313663018, 	PPG F1: 0.9920312316258182, 	Batch Avg-T: 0:00:00.313992
	[TRAIN] Epoch 9 Batch 600/650 Loss: 0.01784907998021277, 	PPG F1: 0.9921384878198712, 	Batch Avg-T: 0:00:00.313923
[TRAIN] Epoch 9 Loss: 0.01801340272435202,             	PPG F1: 0.9920855037789932
Time - 0:03:23.930006
[VAL] Epoch 9 Loss: 0.7019097991875347
[VAL] 	PPG      F1: 0.6814
[VAL] 	PPG ROC AUC: 0.9484
[VAL] 	PPG PR  AUC: 0.8545
Epoch 9 finished. t = 0:03:41.411150


Epoch 10 training...
	[TRAIN] Epoch 10 Batch 0/650 Loss: 0.035452570766210556, 	PPG F1: 0.9857278782112273, 	Batch Avg-T: 0:00:00.355356
	[TRAIN] Epoch 10 Batch 100/650 Loss: 0.018436093819281546, 	PPG F1: 0.9920341418226237, 	Batch Avg-T: 0:00:00.314236
	[TRAIN] Epoch 10 Batch 200/650 Loss: 0.016365117006541335, 	PPG F1: 0.992813830562634, 	Batch Avg-T: 0:00:00.314388
	[TRAIN] Epoch 10 Batch 300/650 Loss: 0.015782046935480843, 	PPG F1: 0.9930809515293572, 	Batch Avg-T: 0:00:00.313712
	[TRAIN] Epoch 10 Batch 400/650 Loss: 0.01638908297267099, 	PPG F1: 0.9928033818443934, 	Batch Avg-T: 0:00:00.313470
	[TRAIN] Epoch 10 Batch 500/650 Loss: 0.016230126243817086, 	PPG F1: 0.9928662460968054, 	Batch Avg-T: 0:00:00.313777
	[TRAIN] Epoch 10 Batch 600/650 Loss: 0.015867851224779066, 	PPG F1: 0.9930594596502585, 	Batch Avg-T: 0:00:00.313860
[TRAIN] Epoch 10 Loss: 0.015793189665374276,             	PPG F1: 0.9930944462703224
Time - 0:03:23.941086
[VAL] Epoch 10 Loss: 1.9170787877892843
[VAL] 	PPG      F1: 0.5374
[VAL] 	PPG ROC AUC: 0.9107
[VAL] 	PPG PR  AUC: 0.7533
Epoch 10 finished. t = 0:03:41.072288


Epoch 11 training...
	[TRAIN] Epoch 11 Batch 0/650 Loss: 0.017510445788502693, 	PPG F1: 0.9907407407407407, 	Batch Avg-T: 0:00:00.363013
	[TRAIN] Epoch 11 Batch 100/650 Loss: 0.013286228379289998, 	PPG F1: 0.993975606526883, 	Batch Avg-T: 0:00:00.313386
	[TRAIN] Epoch 11 Batch 200/650 Loss: 0.01516019150994681, 	PPG F1: 0.9931865242287803, 	Batch Avg-T: 0:00:00.313328
	[TRAIN] Epoch 11 Batch 300/650 Loss: 0.015177930528885898, 	PPG F1: 0.9931989666573426, 	Batch Avg-T: 0:00:00.313514
	[TRAIN] Epoch 11 Batch 400/650 Loss: 0.015070671034498405, 	PPG F1: 0.9932750749960141, 	Batch Avg-T: 0:00:00.313713
	[TRAIN] Epoch 11 Batch 500/650 Loss: 0.014929431852161468, 	PPG F1: 0.9933239831077261, 	Batch Avg-T: 0:00:00.314083
	[TRAIN] Epoch 11 Batch 600/650 Loss: 0.015452623471134217, 	PPG F1: 0.9930747415135212, 	Batch Avg-T: 0:00:00.314234
[TRAIN] Epoch 11 Loss: 0.01528076661320833,             	PPG F1: 0.9931540529237309
Time - 0:03:24.163231
[VAL] Epoch 11 Loss: 0.8627773983412074
[VAL] 	PPG      F1: 0.6593
[VAL] 	PPG ROC AUC: 0.9505
[VAL] 	PPG PR  AUC: 0.851
Epoch 11 finished. t = 0:03:41.311458


Epoch 12 training...
	[TRAIN] Epoch 12 Batch 0/650 Loss: 0.013782331719994545, 	PPG F1: 0.9956784788245462, 	Batch Avg-T: 0:00:00.367020
	[TRAIN] Epoch 12 Batch 100/650 Loss: 0.011343544196927607, 	PPG F1: 0.9951797274817347, 	Batch Avg-T: 0:00:00.313394
	[TRAIN] Epoch 12 Batch 200/650 Loss: 0.011467202529496519, 	PPG F1: 0.9951027634968626, 	Batch Avg-T: 0:00:00.314677
	[TRAIN] Epoch 12 Batch 300/650 Loss: 0.011582550708749069, 	PPG F1: 0.9950276013193087, 	Batch Avg-T: 0:00:00.314442
	[TRAIN] Epoch 12 Batch 400/650 Loss: 0.012608836279564219, 	PPG F1: 0.9945631858045638, 	Batch Avg-T: 0:00:00.314152
	[TRAIN] Epoch 12 Batch 500/650 Loss: 0.012363993839273404, 	PPG F1: 0.9946462483555153, 	Batch Avg-T: 0:00:00.313929
	[TRAIN] Epoch 12 Batch 600/650 Loss: 0.012365876063596017, 	PPG F1: 0.9946308668259023, 	Batch Avg-T: 0:00:00.313672
[TRAIN] Epoch 12 Loss: 0.012313887765989281,             	PPG F1: 0.9946293395394132
Time - 0:03:23.883391
[VAL] Epoch 12 Loss: 1.2613124098880188
[VAL] 	PPG      F1: 0.6241
[VAL] 	PPG ROC AUC: 0.9263
[VAL] 	PPG PR  AUC: 0.7857
Epoch 12 finished. t = 0:03:40.977189


Epoch 13 training...
	[TRAIN] Epoch 13 Batch 0/650 Loss: 0.009701816365122795, 	PPG F1: 0.9962264150943396, 	Batch Avg-T: 0:00:00.359301
	[TRAIN] Epoch 13 Batch 100/650 Loss: 0.010805488780767905, 	PPG F1: 0.9952683081806688, 	Batch Avg-T: 0:00:00.313375
	[TRAIN] Epoch 13 Batch 200/650 Loss: 0.01120492250806842, 	PPG F1: 0.9950636015774391, 	Batch Avg-T: 0:00:00.312713
	[TRAIN] Epoch 13 Batch 300/650 Loss: 0.010832738021444344, 	PPG F1: 0.9953588457717938, 	Batch Avg-T: 0:00:00.313426
	[TRAIN] Epoch 13 Batch 400/650 Loss: 0.01079186855146471, 	PPG F1: 0.9953911744616013, 	Batch Avg-T: 0:00:00.313553
	[TRAIN] Epoch 13 Batch 500/650 Loss: 0.015366317952022016, 	PPG F1: 0.9935753827160813, 	Batch Avg-T: 0:00:00.313431
	[TRAIN] Epoch 13 Batch 600/650 Loss: 0.014988007479131892, 	PPG F1: 0.9937431250460547, 	Batch Avg-T: 0:00:00.313466
[TRAIN] Epoch 13 Loss: 0.014551898484977965,             	PPG F1: 0.9939029911974724
Time - 0:03:23.692356
[VAL] Epoch 13 Loss: 1.390822368122609
[VAL] 	PPG      F1: 0.5949
[VAL] 	PPG ROC AUC: 0.9259
[VAL] 	PPG PR  AUC: 0.804
Epoch 13 finished. t = 0:03:40.793803


Epoch 14 training...
	[TRAIN] Epoch 14 Batch 0/650 Loss: 0.006967006716877222, 	PPG F1: 0.997229916897507, 	Batch Avg-T: 0:00:00.356416
	[TRAIN] Epoch 14 Batch 100/650 Loss: 0.00838425884825537, 	PPG F1: 0.9962983760789015, 	Batch Avg-T: 0:00:00.313364
	[TRAIN] Epoch 14 Batch 200/650 Loss: 0.0087660649740392, 	PPG F1: 0.9962183199183626, 	Batch Avg-T: 0:00:00.313611
	[TRAIN] Epoch 14 Batch 300/650 Loss: 0.00933679452775498, 	PPG F1: 0.9958962122194751, 	Batch Avg-T: 0:00:00.313639
	[TRAIN] Epoch 14 Batch 400/650 Loss: 0.008838043234048602, 	PPG F1: 0.9961601010554021, 	Batch Avg-T: 0:00:00.313803
	[TRAIN] Epoch 14 Batch 500/650 Loss: 0.008711784410229075, 	PPG F1: 0.9962103507904461, 	Batch Avg-T: 0:00:00.313800
	[TRAIN] Epoch 14 Batch 600/650 Loss: 0.00918968468664304, 	PPG F1: 0.9959787118408574, 	Batch Avg-T: 0:00:00.313695
[TRAIN] Epoch 14 Loss: 0.009205036265775561,             	PPG F1: 0.9959769707200429
Time - 0:03:23.902322
[VAL] Epoch 14 Loss: 1.1366506860692587
[VAL] 	PPG      F1: 0.6159
[VAL] 	PPG ROC AUC: 0.9421
[VAL] 	PPG PR  AUC: 0.8413
Epoch 14 finished. t = 0:03:41.041897


Epoch 15 training...
	[TRAIN] Epoch 15 Batch 0/650 Loss: 0.017246553674340248, 	PPG F1: 0.9947183098591549, 	Batch Avg-T: 0:00:00.366381
	[TRAIN] Epoch 15 Batch 100/650 Loss: 0.00785360262397271, 	PPG F1: 0.9967480668947046, 	Batch Avg-T: 0:00:00.314363
	[TRAIN] Epoch 15 Batch 200/650 Loss: 0.00862758587095979, 	PPG F1: 0.9961398870363831, 	Batch Avg-T: 0:00:00.314095
	[TRAIN] Epoch 15 Batch 300/650 Loss: 0.009497725893665983, 	PPG F1: 0.9957348813102207, 	Batch Avg-T: 0:00:00.313893
	[TRAIN] Epoch 15 Batch 400/650 Loss: 0.009433512235097493, 	PPG F1: 0.9958198236688028, 	Batch Avg-T: 0:00:00.313737
	[TRAIN] Epoch 15 Batch 500/650 Loss: 0.009181050366225714, 	PPG F1: 0.9959272630632846, 	Batch Avg-T: 0:00:00.313632
	[TRAIN] Epoch 15 Batch 600/650 Loss: 0.009337632087432778, 	PPG F1: 0.9958810042793486, 	Batch Avg-T: 0:00:00.313609
[TRAIN] Epoch 15 Loss: 0.009437475428701594,             	PPG F1: 0.9958439817958825
Time - 0:03:23.900235
[VAL] Epoch 15 Loss: 1.224078462727515
[VAL] 	PPG      F1: 0.6256
[VAL] 	PPG ROC AUC: 0.9551
[VAL] 	PPG PR  AUC: 0.8567
Epoch 15 finished. t = 0:03:41.004280


Epoch 16 training...
	[TRAIN] Epoch 16 Batch 0/650 Loss: 0.00501618068665266, 	PPG F1: 0.998211091234347, 	Batch Avg-T: 0:00:00.403890
	[TRAIN] Epoch 16 Batch 100/650 Loss: 0.00923382774880617, 	PPG F1: 0.9958898195674964, 	Batch Avg-T: 0:00:00.315231
	[TRAIN] Epoch 16 Batch 200/650 Loss: 0.008866964725879443, 	PPG F1: 0.9961004121439068, 	Batch Avg-T: 0:00:00.315256
	[TRAIN] Epoch 16 Batch 300/650 Loss: 0.008953272569243892, 	PPG F1: 0.9959596351944605, 	Batch Avg-T: 0:00:00.314610
	[TRAIN] Epoch 16 Batch 400/650 Loss: 0.00905700322551806, 	PPG F1: 0.9959221973174605, 	Batch Avg-T: 0:00:00.314444
	[TRAIN] Epoch 16 Batch 500/650 Loss: 0.008751934261907993, 	PPG F1: 0.9961128652050557, 	Batch Avg-T: 0:00:00.314335
	[TRAIN] Epoch 16 Batch 600/650 Loss: 0.008671632195693502, 	PPG F1: 0.9961687450179835, 	Batch Avg-T: 0:00:00.314498
[TRAIN] Epoch 16 Loss: 0.008562358997744293,             	PPG F1: 0.9962267743107268
Time - 0:03:24.401986
[VAL] Epoch 16 Loss: 1.1541563984829186
[VAL] 	PPG      F1: 0.6364
[VAL] 	PPG ROC AUC: 0.9484
[VAL] 	PPG PR  AUC: 0.8554
Epoch 16 finished. t = 0:03:41.513832


Epoch 17 training...
	[TRAIN] Epoch 17 Batch 0/650 Loss: 0.00300889415666461, 	PPG F1: 0.9990147783251232, 	Batch Avg-T: 0:00:00.359444
	[TRAIN] Epoch 17 Batch 100/650 Loss: 0.005767195525874227, 	PPG F1: 0.9976449312154746, 	Batch Avg-T: 0:00:00.313495
	[TRAIN] Epoch 17 Batch 200/650 Loss: 0.007386098034327748, 	PPG F1: 0.9968915875723043, 	Batch Avg-T: 0:00:00.313437
	[TRAIN] Epoch 17 Batch 300/650 Loss: 0.007630381759865661, 	PPG F1: 0.9967737674597003, 	Batch Avg-T: 0:00:00.313911
	[TRAIN] Epoch 17 Batch 400/650 Loss: 0.00726879074643517, 	PPG F1: 0.9969337734069527, 	Batch Avg-T: 0:00:00.314645
	[TRAIN] Epoch 17 Batch 500/650 Loss: 0.007899694457722683, 	PPG F1: 0.9966549780384328, 	Batch Avg-T: 0:00:00.314437
	[TRAIN] Epoch 17 Batch 600/650 Loss: 0.007898353212807458, 	PPG F1: 0.9966678611782357, 	Batch Avg-T: 0:00:00.314332
[TRAIN] Epoch 17 Loss: 0.00798463980649383,             	PPG F1: 0.9966106720261015
Time - 0:03:24.218596
[VAL] Epoch 17 Loss: 1.3831277964896362
[VAL] 	PPG      F1: 0.5956
[VAL] 	PPG ROC AUC: 0.954
[VAL] 	PPG PR  AUC: 0.8655
Epoch 17 finished. t = 0:03:41.379176


Epoch 18 training...
	[TRAIN] Epoch 18 Batch 0/650 Loss: 0.006371974013745785, 	PPG F1: 0.9972041006523765, 	Batch Avg-T: 0:00:00.359775
	[TRAIN] Epoch 18 Batch 100/650 Loss: 0.0085760578835881, 	PPG F1: 0.9961520538260042, 	Batch Avg-T: 0:00:00.313341
	[TRAIN] Epoch 18 Batch 200/650 Loss: 0.009027845025831713, 	PPG F1: 0.9959931389298348, 	Batch Avg-T: 0:00:00.313233
	[TRAIN] Epoch 18 Batch 300/650 Loss: 0.007986105317126131, 	PPG F1: 0.9964803901394552, 	Batch Avg-T: 0:00:00.312947
	[TRAIN] Epoch 18 Batch 400/650 Loss: 0.00747430017432825, 	PPG F1: 0.9967252988638091, 	Batch Avg-T: 0:00:00.313008
	[TRAIN] Epoch 18 Batch 500/650 Loss: 0.007430034247877638, 	PPG F1: 0.9967609916925929, 	Batch Avg-T: 0:00:00.312990
	[TRAIN] Epoch 18 Batch 600/650 Loss: 0.008072114493984562, 	PPG F1: 0.9964614283269879, 	Batch Avg-T: 0:00:00.312964
[TRAIN] Epoch 18 Loss: 0.007846304287713093,             	PPG F1: 0.9965569677704554
Time - 0:03:23.457280
[VAL] Epoch 18 Loss: 1.3733536539210873
[VAL] 	PPG      F1: 0.6284
[VAL] 	PPG ROC AUC: 0.9459
[VAL] 	PPG PR  AUC: 0.8345
Epoch 18 finished. t = 0:03:40.593108


Epoch 19 training...
	[TRAIN] Epoch 19 Batch 0/650 Loss: 0.0009380937553942204, 	PPG F1: 1.0, 	Batch Avg-T: 0:00:00.362540
	[TRAIN] Epoch 19 Batch 100/650 Loss: 0.006319547178670949, 	PPG F1: 0.9973602439581999, 	Batch Avg-T: 0:00:00.313263
	[TRAIN] Epoch 19 Batch 200/650 Loss: 0.006360380683587725, 	PPG F1: 0.9973393259437225, 	Batch Avg-T: 0:00:00.313639
	[TRAIN] Epoch 19 Batch 300/650 Loss: 0.006266291206663914, 	PPG F1: 0.9973344633788611, 	Batch Avg-T: 0:00:00.314181
	[TRAIN] Epoch 19 Batch 400/650 Loss: 0.006135469213699425, 	PPG F1: 0.9973977235623929, 	Batch Avg-T: 0:00:00.313486
	[TRAIN] Epoch 19 Batch 500/650 Loss: 0.006157031224923442, 	PPG F1: 0.9973622295248067, 	Batch Avg-T: 0:00:00.313416
	[TRAIN] Epoch 19 Batch 600/650 Loss: 0.006455767963867256, 	PPG F1: 0.997204429225735, 	Batch Avg-T: 0:00:00.313720
[TRAIN] Epoch 19 Loss: 0.0065009561627028655,             	PPG F1: 0.9971725694721755
Time - 0:03:23.814538
[VAL] Epoch 19 Loss: 1.2344035563270404
[VAL] 	PPG      F1: 0.6113
[VAL] 	PPG ROC AUC: 0.9318
[VAL] 	PPG PR  AUC: 0.8198
Epoch 19 finished. t = 0:03:40.923541


Epoch 20 training...
	[TRAIN] Epoch 20 Batch 0/650 Loss: 0.018738944083452225, 	PPG F1: 0.9915174363807728, 	Batch Avg-T: 0:00:00.361257
	[TRAIN] Epoch 20 Batch 100/650 Loss: 0.006738954267492241, 	PPG F1: 0.9969791088734473, 	Batch Avg-T: 0:00:00.315000
	[TRAIN] Epoch 20 Batch 200/650 Loss: 0.006471685442288142, 	PPG F1: 0.9971621007418394, 	Batch Avg-T: 0:00:00.314056
	[TRAIN] Epoch 20 Batch 300/650 Loss: 0.007465716265954164, 	PPG F1: 0.9967092534888782, 	Batch Avg-T: 0:00:00.314176
	[TRAIN] Epoch 20 Batch 400/650 Loss: 0.006872451396199162, 	PPG F1: 0.9970118899291075, 	Batch Avg-T: 0:00:00.314007
	[TRAIN] Epoch 20 Batch 500/650 Loss: 0.006788894732319146, 	PPG F1: 0.9970722008696294, 	Batch Avg-T: 0:00:00.313854
	[TRAIN] Epoch 20 Batch 600/650 Loss: 0.0065591139042867775, 	PPG F1: 0.997186595015637, 	Batch Avg-T: 0:00:00.313901
[TRAIN] Epoch 20 Loss: 0.006615062984458815,             	PPG F1: 0.997151104279768
Time - 0:03:24.024825
[VAL] Epoch 20 Loss: 1.8258450971477183
[VAL] 	PPG      F1: 0.58
[VAL] 	PPG ROC AUC: 0.9312
[VAL] 	PPG PR  AUC: 0.7891
Epoch 20 finished. t = 0:03:41.165031


Epoch 21 training...
	[TRAIN] Epoch 21 Batch 0/650 Loss: 0.023331820964813232, 	PPG F1: 0.9927667269439421, 	Batch Avg-T: 0:00:00.363580
	[TRAIN] Epoch 21 Batch 100/650 Loss: 0.006582052786926748, 	PPG F1: 0.9970727428926589, 	Batch Avg-T: 0:00:00.312803
	[TRAIN] Epoch 21 Batch 200/650 Loss: 0.0060258516138280505, 	PPG F1: 0.9973412516227984, 	Batch Avg-T: 0:00:00.313307
	[TRAIN] Epoch 21 Batch 300/650 Loss: 0.005824101580990683, 	PPG F1: 0.9974069164163564, 	Batch Avg-T: 0:00:00.313114
	[TRAIN] Epoch 21 Batch 400/650 Loss: 0.005899147328832407, 	PPG F1: 0.9974099363401687, 	Batch Avg-T: 0:00:00.313585
	[TRAIN] Epoch 21 Batch 500/650 Loss: 0.006031105442608367, 	PPG F1: 0.9973392431780587, 	Batch Avg-T: 0:00:00.313639
	[TRAIN] Epoch 21 Batch 600/650 Loss: 0.005850003136379238, 	PPG F1: 0.9974234024659732, 	Batch Avg-T: 0:00:00.313445
[TRAIN] Epoch 21 Loss: 0.006017866993072228,             	PPG F1: 0.9973480360659801
Time - 0:03:23.844689
[VAL] Epoch 21 Loss: 0.6722585163152436
[VAL] 	PPG      F1: 0.7176
[VAL] 	PPG ROC AUC: 0.961
[VAL] 	PPG PR  AUC: 0.888
Epoch 21 finished. t = 0:03:40.969904


Epoch 22 training...
	[TRAIN] Epoch 22 Batch 0/650 Loss: 0.005780787207186222, 	PPG F1: 0.9973661106233538, 	Batch Avg-T: 0:00:00.355318
	[TRAIN] Epoch 22 Batch 100/650 Loss: 0.00471186832960529, 	PPG F1: 0.9980310021418493, 	Batch Avg-T: 0:00:00.313377
	[TRAIN] Epoch 22 Batch 200/650 Loss: 0.005290881956786158, 	PPG F1: 0.9977993282578613, 	Batch Avg-T: 0:00:00.313441
	[TRAIN] Epoch 22 Batch 300/650 Loss: 0.005990603841041398, 	PPG F1: 0.9974874732969337, 	Batch Avg-T: 0:00:00.313301
	[TRAIN] Epoch 22 Batch 400/650 Loss: 0.006085495539839865, 	PPG F1: 0.9974815422892969, 	Batch Avg-T: 0:00:00.313491
	[TRAIN] Epoch 22 Batch 500/650 Loss: 0.0059878517481583935, 	PPG F1: 0.9974915596175041, 	Batch Avg-T: 0:00:00.314044
	[TRAIN] Epoch 22 Batch 600/650 Loss: 0.006052559338406986, 	PPG F1: 0.9974530174605057, 	Batch Avg-T: 0:00:00.313974
[TRAIN] Epoch 22 Loss: 0.006031103821632524,             	PPG F1: 0.9974660067925241
Time - 0:03:24.053821
[VAL] Epoch 22 Loss: 1.2512576825129251
[VAL] 	PPG      F1: 0.6162
[VAL] 	PPG ROC AUC: 0.9447
[VAL] 	PPG PR  AUC: 0.8427
Epoch 22 finished. t = 0:03:41.185116


Epoch 23 training...
	[TRAIN] Epoch 23 Batch 0/650 Loss: 0.005335583351552486, 	PPG F1: 0.9980000000000001, 	Batch Avg-T: 0:00:00.361695
	[TRAIN] Epoch 23 Batch 100/650 Loss: 0.0040295831668928335, 	PPG F1: 0.9983793010101846, 	Batch Avg-T: 0:00:00.315215
	[TRAIN] Epoch 23 Batch 200/650 Loss: 0.004098814208001427, 	PPG F1: 0.9983987900240675, 	Batch Avg-T: 0:00:00.314087
	[TRAIN] Epoch 23 Batch 300/650 Loss: 0.0055285945697726244, 	PPG F1: 0.9977297833521599, 	Batch Avg-T: 0:00:00.313492
	[TRAIN] Epoch 23 Batch 400/650 Loss: 0.00552345758010494, 	PPG F1: 0.9977148885565106, 	Batch Avg-T: 0:00:00.313271
	[TRAIN] Epoch 23 Batch 500/650 Loss: 0.005862946962547803, 	PPG F1: 0.997564182879526, 	Batch Avg-T: 0:00:00.313225
	[TRAIN] Epoch 23 Batch 600/650 Loss: 0.005974375112817085, 	PPG F1: 0.9975207799191035, 	Batch Avg-T: 0:00:00.313525
[TRAIN] Epoch 23 Loss: 0.006168155716687369,             	PPG F1: 0.9974392621626798
Time - 0:03:23.789558
[VAL] Epoch 23 Loss: 0.9423015994177992
[VAL] 	PPG      F1: 0.677
[VAL] 	PPG ROC AUC: 0.959
[VAL] 	PPG PR  AUC: 0.878
Epoch 23 finished. t = 0:03:40.894863


Epoch 24 training...
	[TRAIN] Epoch 24 Batch 0/650 Loss: 0.0039486149325966835, 	PPG F1: 0.998220640569395, 	Batch Avg-T: 0:00:00.367618
	[TRAIN] Epoch 24 Batch 100/650 Loss: 0.003460829564898118, 	PPG F1: 0.9984990899590617, 	Batch Avg-T: 0:00:00.313516
	[TRAIN] Epoch 24 Batch 200/650 Loss: 0.004163544764192033, 	PPG F1: 0.9981677322032894, 	Batch Avg-T: 0:00:00.312922
	[TRAIN] Epoch 24 Batch 300/650 Loss: 0.004391371178811268, 	PPG F1: 0.9981349954062003, 	Batch Avg-T: 0:00:00.312965
	[TRAIN] Epoch 24 Batch 400/650 Loss: 0.004871162055440577, 	PPG F1: 0.9979287619367362, 	Batch Avg-T: 0:00:00.313214
	[TRAIN] Epoch 24 Batch 500/650 Loss: 0.00511907785497708, 	PPG F1: 0.9978175161159972, 	Batch Avg-T: 0:00:00.313176
	[TRAIN] Epoch 24 Batch 600/650 Loss: 0.005159822425748084, 	PPG F1: 0.9978130611966337, 	Batch Avg-T: 0:00:00.313088
[TRAIN] Epoch 24 Loss: 0.00509781550101112,             	PPG F1: 0.9978377674881792
Time - 0:03:23.507446
[VAL] Epoch 24 Loss: 0.7386361376499476
[VAL] 	PPG      F1: 0.7237
[VAL] 	PPG ROC AUC: 0.9618
[VAL] 	PPG PR  AUC: 0.8844
Epoch 24 finished. t = 0:03:40.607481


Epoch 25 training...
	[TRAIN] Epoch 25 Batch 0/650 Loss: 0.0006576530286110938, 	PPG F1: 1.0, 	Batch Avg-T: 0:00:00.401406
	[TRAIN] Epoch 25 Batch 100/650 Loss: 0.004037095775244536, 	PPG F1: 0.9983346309598528, 	Batch Avg-T: 0:00:00.313162
	[TRAIN] Epoch 25 Batch 200/650 Loss: 0.005134000432352067, 	PPG F1: 0.9978849624667611, 	Batch Avg-T: 0:00:00.313559
	[TRAIN] Epoch 25 Batch 300/650 Loss: 0.0048075726100489605, 	PPG F1: 0.9979811461560621, 	Batch Avg-T: 0:00:00.313697
	[TRAIN] Epoch 25 Batch 400/650 Loss: 0.004681942620917927, 	PPG F1: 0.9980282868882762, 	Batch Avg-T: 0:00:00.314570
	[TRAIN] Epoch 25 Batch 500/650 Loss: 0.005052747887532745, 	PPG F1: 0.99787966579265, 	Batch Avg-T: 0:00:00.314070
	[TRAIN] Epoch 25 Batch 600/650 Loss: 0.005404130388088075, 	PPG F1: 0.9977104963942488, 	Batch Avg-T: 0:00:00.313934
[TRAIN] Epoch 25 Loss: 0.0053167377245755725,             	PPG F1: 0.9977525027678065
Time - 0:03:23.947367
[VAL] Epoch 25 Loss: 1.7524430662230355
[VAL] 	PPG      F1: 0.6136
[VAL] 	PPG ROC AUC: 0.9316
[VAL] 	PPG PR  AUC: 0.8001
Epoch 25 finished. t = 0:03:41.063106


Epoch 26 training...
	[TRAIN] Epoch 26 Batch 0/650 Loss: 0.0006589320255443454, 	PPG F1: 1.0, 	Batch Avg-T: 0:00:00.354397
	[TRAIN] Epoch 26 Batch 100/650 Loss: 0.0028660785378588566, 	PPG F1: 0.9988049857723329, 	Batch Avg-T: 0:00:00.313235
	[TRAIN] Epoch 26 Batch 200/650 Loss: 0.003954985349430976, 	PPG F1: 0.9983664311905556, 	Batch Avg-T: 0:00:00.313360
	[TRAIN] Epoch 26 Batch 300/650 Loss: 0.004283722290889889, 	PPG F1: 0.9982329234226209, 	Batch Avg-T: 0:00:00.313250
	[TRAIN] Epoch 26 Batch 400/650 Loss: 0.004388685059934585, 	PPG F1: 0.9981688549420339, 	Batch Avg-T: 0:00:00.313344
	[TRAIN] Epoch 26 Batch 500/650 Loss: 0.004543153018046527, 	PPG F1: 0.9980920879677443, 	Batch Avg-T: 0:00:00.313420
	[TRAIN] Epoch 26 Batch 600/650 Loss: 0.004575863438970278, 	PPG F1: 0.9980920345739767, 	Batch Avg-T: 0:00:00.313347
[TRAIN] Epoch 26 Loss: 0.004656909868219652,             	PPG F1: 0.9980488821441935
Time - 0:03:23.754813
[VAL] Epoch 26 Loss: 1.0782434156920397
[VAL] 	PPG      F1: 0.6442
[VAL] 	PPG ROC AUC: 0.969
[VAL] 	PPG PR  AUC: 0.9007
Epoch 26 finished. t = 0:03:40.877185


Epoch 27 training...
	[TRAIN] Epoch 27 Batch 0/650 Loss: 0.03531194478273392, 	PPG F1: 0.9831144465290806, 	Batch Avg-T: 0:00:00.368207
	[TRAIN] Epoch 27 Batch 100/650 Loss: 0.004339038345260813, 	PPG F1: 0.9981989741936652, 	Batch Avg-T: 0:00:00.312780
	[TRAIN] Epoch 27 Batch 200/650 Loss: 0.004243752961055681, 	PPG F1: 0.9982362779088001, 	Batch Avg-T: 0:00:00.313232
	[TRAIN] Epoch 27 Batch 300/650 Loss: 0.0044315628711953355, 	PPG F1: 0.9981328679844116, 	Batch Avg-T: 0:00:00.312903
	[TRAIN] Epoch 27 Batch 400/650 Loss: 0.004138555017480235, 	PPG F1: 0.9982310848230133, 	Batch Avg-T: 0:00:00.312933
	[TRAIN] Epoch 27 Batch 500/650 Loss: 0.004173048742436395, 	PPG F1: 0.998212173168101, 	Batch Avg-T: 0:00:00.312981
	[TRAIN] Epoch 27 Batch 600/650 Loss: 0.004569825757599588, 	PPG F1: 0.998034467374597, 	Batch Avg-T: 0:00:00.313170
[TRAIN] Epoch 27 Loss: 0.004562566066675712,             	PPG F1: 0.9980374549227105
Time - 0:03:23.497545
[VAL] Epoch 27 Loss: 1.3199287108854498
[VAL] 	PPG      F1: 0.6448
[VAL] 	PPG ROC AUC: 0.9468
[VAL] 	PPG PR  AUC: 0.8418
Epoch 27 finished. t = 0:03:40.616850


Epoch 28 training...
	[TRAIN] Epoch 28 Batch 0/650 Loss: 0.0003895782574545592, 	PPG F1: 1.0, 	Batch Avg-T: 0:00:00.361890
	[TRAIN] Epoch 28 Batch 100/650 Loss: 0.004185848284137002, 	PPG F1: 0.9983124744856818, 	Batch Avg-T: 0:00:00.313134
	[TRAIN] Epoch 28 Batch 200/650 Loss: 0.004091059190623083, 	PPG F1: 0.9983237501992075, 	Batch Avg-T: 0:00:00.312819
	[TRAIN] Epoch 28 Batch 300/650 Loss: 0.004461038837876895, 	PPG F1: 0.9981474754308617, 	Batch Avg-T: 0:00:00.313251
	[TRAIN] Epoch 28 Batch 400/650 Loss: 0.004692006536568991, 	PPG F1: 0.9980679743522617, 	Batch Avg-T: 0:00:00.312870
	[TRAIN] Epoch 28 Batch 500/650 Loss: 0.004531126198202684, 	PPG F1: 0.9981014713140569, 	Batch Avg-T: 0:00:00.312868
	[TRAIN] Epoch 28 Batch 600/650 Loss: 0.004509798625326048, 	PPG F1: 0.9981045990913414, 	Batch Avg-T: 0:00:00.312973
[TRAIN] Epoch 28 Loss: 0.004676931741951893,             	PPG F1: 0.9980399828973197
Time - 0:03:23.510490
[VAL] Epoch 28 Loss: 1.1193157647171903
[VAL] 	PPG      F1: 0.6367
[VAL] 	PPG ROC AUC: 0.9395
[VAL] 	PPG PR  AUC: 0.8437
Epoch 28 finished. t = 0:03:40.609022


Epoch 29 training...
	[TRAIN] Epoch 29 Batch 0/650 Loss: 0.005962307099252939, 	PPG F1: 0.9972602739726026, 	Batch Avg-T: 0:00:00.359618
	[TRAIN] Epoch 29 Batch 100/650 Loss: 0.0043774897251093745, 	PPG F1: 0.9982061668408126, 	Batch Avg-T: 0:00:00.315270
	[TRAIN] Epoch 29 Batch 200/650 Loss: 0.00429860620228898, 	PPG F1: 0.9982420612223528, 	Batch Avg-T: 0:00:00.314432
	[TRAIN] Epoch 29 Batch 300/650 Loss: 0.004345070514505988, 	PPG F1: 0.9981976725482061, 	Batch Avg-T: 0:00:00.314208
	[TRAIN] Epoch 29 Batch 400/650 Loss: 0.004531042648654546, 	PPG F1: 0.9981040764813021, 	Batch Avg-T: 0:00:00.314027
	[TRAIN] Epoch 29 Batch 500/650 Loss: 0.00447693539677574, 	PPG F1: 0.9981331708182491, 	Batch Avg-T: 0:00:00.313810
	[TRAIN] Epoch 29 Batch 600/650 Loss: 0.004241148827067431, 	PPG F1: 0.9982199060209636, 	Batch Avg-T: 0:00:00.313992
[TRAIN] Epoch 29 Loss: 0.00432921474820782,             	PPG F1: 0.9981848533645704
Time - 0:03:24.017848
[VAL] Epoch 29 Loss: 1.1441034564598824
[VAL] 	PPG      F1: 0.6477
[VAL] 	PPG ROC AUC: 0.9453
[VAL] 	PPG PR  AUC: 0.8503
Epoch 29 finished. t = 0:03:41.183953


