JOB START
Wed Apr  5 19:36:14 2023       
+-----------------------------------------------------------------------------+
| NVIDIA-SMI 470.86       Driver Version: 470.86       CUDA Version: 11.4     |
|-------------------------------+----------------------+----------------------+
| GPU  Name        Persistence-M| Bus-Id        Disp.A | Volatile Uncorr. ECC |
| Fan  Temp  Perf  Pwr:Usage/Cap|         Memory-Usage | GPU-Util  Compute M. |
|                               |                      |               MIG M. |
|===============================+======================+======================|
|   0  Tesla P100-PCIE...  Off  | 00000000:02:00.0 Off |                    0 |
| N/A   29C    P0    27W / 250W |      0MiB / 12198MiB |      2%      Default |
|                               |                      |                  N/A |
+-------------------------------+----------------------+----------------------+
                                                                               
+-----------------------------------------------------------------------------+
| Processes:                                                                  |
|  GPU   GI   CI        PID   Type   Process name                  GPU Memory |
|        ID   ID                                                   Usage      |
|=============================================================================|
|  No running processes found                                                 |
+-----------------------------------------------------------------------------+
BATCH_SIZE 1280
NUM_EPOCHS 30
device cuda
PPG_LR 0.0001
BD_PERC 0.1
BD_TARGET_CLASS 1
BD_DIFF 1
COMMENT diff1
MODEL_FOLDER res34_epoch_30_ppglr_0.0001_BDPERC_0.1_1_1_diff1
Creating datasets
dataset finished
dataset finished
Dataset finished
Epoch 0 training...
	[TRAIN] Epoch 0 Batch 0/650 Loss: 0.7380141019821167, 	PPG F1: 0.33102081268582756, 	Batch Avg-T: 0:00:01.732016
	[TRAIN] Epoch 0 Batch 100/650 Loss: 0.3891374843545479, 	PPG F1: 0.7761345203390458, 	Batch Avg-T: 0:00:00.416532
	[TRAIN] Epoch 0 Batch 200/650 Loss: 0.30166864669441584, 	PPG F1: 0.8332485444239166, 	Batch Avg-T: 0:00:00.412465
	[TRAIN] Epoch 0 Batch 300/650 Loss: 0.25476463312326475, 	PPG F1: 0.8616433450922234, 	Batch Avg-T: 0:00:00.411071
	[TRAIN] Epoch 0 Batch 400/650 Loss: 0.2238232520527376, 	PPG F1: 0.8800569451612951, 	Batch Avg-T: 0:00:00.410387
	[TRAIN] Epoch 0 Batch 500/650 Loss: 0.20117516345725564, 	PPG F1: 0.8931215707464516, 	Batch Avg-T: 0:00:00.409948
	[TRAIN] Epoch 0 Batch 600/650 Loss: 0.18377296239782293, 	PPG F1: 0.9030851518072801, 	Batch Avg-T: 0:00:00.409537
[TRAIN] Epoch 0 Loss: 0.17676224869031174,             	PPG F1: 0.9071074338155878
Time - 0:04:26.078937
[VAL] Epoch 0 Loss: 0.3831172108084929
[VAL] 	PPG      F1: 0.6574
[VAL] 	PPG ROC AUC: 0.9351
[VAL] 	PPG PR  AUC: 0.8377
Epoch 0 finished. t = 0:04:37.711854
Saving...


Epoch 1 training...
	[TRAIN] Epoch 1 Batch 0/650 Loss: 0.11690612882375717, 	PPG F1: 0.9406130268199233, 	Batch Avg-T: 0:00:00.484787
	[TRAIN] Epoch 1 Batch 100/650 Loss: 0.5137252606230207, 	PPG F1: 0.7027571256310534, 	Batch Avg-T: 0:00:00.421405
	[TRAIN] Epoch 1 Batch 200/650 Loss: 0.3891958574676395, 	PPG F1: 0.7831867350569186, 	Batch Avg-T: 0:00:00.421337
	[TRAIN] Epoch 1 Batch 300/650 Loss: 0.33131742465040614, 	PPG F1: 0.8194734184790521, 	Batch Avg-T: 0:00:00.421287
	[TRAIN] Epoch 1 Batch 400/650 Loss: 0.2938555398598276, 	PPG F1: 0.8422689634789414, 	Batch Avg-T: 0:00:00.421045
	[TRAIN] Epoch 1 Batch 500/650 Loss: 0.26910788854379614, 	PPG F1: 0.8574613099516516, 	Batch Avg-T: 0:00:00.421042
	[TRAIN] Epoch 1 Batch 600/650 Loss: 0.2490538444723345, 	PPG F1: 0.8693813486505803, 	Batch Avg-T: 0:00:00.421111
[TRAIN] Epoch 1 Loss: 0.24176635077366462,             	PPG F1: 0.8737260130838644
Time - 0:04:33.703284
[VAL] Epoch 1 Loss: 0.4209074660840338
[VAL] 	PPG      F1: 0.6177
[VAL] 	PPG ROC AUC: 0.9465
[VAL] 	PPG PR  AUC: 0.8785
Epoch 1 finished. t = 0:04:44.972447


Epoch 2 training...
	[TRAIN] Epoch 2 Batch 0/650 Loss: 0.13937126100063324, 	PPG F1: 0.9346463742166518, 	Batch Avg-T: 0:00:00.471411
	[TRAIN] Epoch 2 Batch 100/650 Loss: 0.13062080342580776, 	PPG F1: 0.9376962170573552, 	Batch Avg-T: 0:00:00.421875
	[TRAIN] Epoch 2 Batch 200/650 Loss: 0.12713571152283779, 	PPG F1: 0.9394585563358078, 	Batch Avg-T: 0:00:00.421396
	[TRAIN] Epoch 2 Batch 300/650 Loss: 0.124118893596025, 	PPG F1: 0.9409027728325532, 	Batch Avg-T: 0:00:00.421356
	[TRAIN] Epoch 2 Batch 400/650 Loss: 0.12146841047187695, 	PPG F1: 0.9422571812941802, 	Batch Avg-T: 0:00:00.421124
	[TRAIN] Epoch 2 Batch 500/650 Loss: 0.11942033909870955, 	PPG F1: 0.9431451220229278, 	Batch Avg-T: 0:00:00.421151
	[TRAIN] Epoch 2 Batch 600/650 Loss: 0.11708750694791807, 	PPG F1: 0.9443435837890957, 	Batch Avg-T: 0:00:00.421207
[TRAIN] Epoch 2 Loss: 0.11568764652197178,             	PPG F1: 0.9449567016774431
Time - 0:04:33.683980
[VAL] Epoch 2 Loss: 0.45635787298958147
[VAL] 	PPG      F1: 0.6294
[VAL] 	PPG ROC AUC: 0.9216
[VAL] 	PPG PR  AUC: 0.8516
Epoch 2 finished. t = 0:04:45.094429


Epoch 3 training...
	[TRAIN] Epoch 3 Batch 0/650 Loss: 0.10037197172641754, 	PPG F1: 0.9499509322865555, 	Batch Avg-T: 0:00:00.468262
	[TRAIN] Epoch 3 Batch 100/650 Loss: 0.09242692066006142, 	PPG F1: 0.9570183032611111, 	Batch Avg-T: 0:00:00.421557
	[TRAIN] Epoch 3 Batch 200/650 Loss: 0.09025148736007178, 	PPG F1: 0.9579083989349464, 	Batch Avg-T: 0:00:00.421515
	[TRAIN] Epoch 3 Batch 300/650 Loss: 0.08973135894467664, 	PPG F1: 0.9580932802606232, 	Batch Avg-T: 0:00:00.421532
	[TRAIN] Epoch 3 Batch 400/650 Loss: 0.08812799871413785, 	PPG F1: 0.958770681614674, 	Batch Avg-T: 0:00:00.421613
	[TRAIN] Epoch 3 Batch 500/650 Loss: 0.08646515734538347, 	PPG F1: 0.9594520737277115, 	Batch Avg-T: 0:00:00.421691
	[TRAIN] Epoch 3 Batch 600/650 Loss: 0.08575558139882151, 	PPG F1: 0.9597092619264247, 	Batch Avg-T: 0:00:00.421472
[TRAIN] Epoch 3 Loss: 0.08506922480005484,             	PPG F1: 0.9600810521311753
Time - 0:04:33.925602
[VAL] Epoch 3 Loss: 0.8510952914895836
[VAL] 	PPG      F1: 0.5244
[VAL] 	PPG ROC AUC: 0.9221
[VAL] 	PPG PR  AUC: 0.845
Epoch 3 finished. t = 0:04:45.262993


Epoch 4 training...
	[TRAIN] Epoch 4 Batch 0/650 Loss: 0.08345010131597519, 	PPG F1: 0.9637305699481866, 	Batch Avg-T: 0:00:00.463276
	[TRAIN] Epoch 4 Batch 100/650 Loss: 0.07230301341502973, 	PPG F1: 0.9659077438008576, 	Batch Avg-T: 0:00:00.421472
	[TRAIN] Epoch 4 Batch 200/650 Loss: 0.07298771284557694, 	PPG F1: 0.9657371705248693, 	Batch Avg-T: 0:00:00.421038
	[TRAIN] Epoch 4 Batch 300/650 Loss: 0.07202392848722167, 	PPG F1: 0.9662955769240855, 	Batch Avg-T: 0:00:00.421284
	[TRAIN] Epoch 4 Batch 400/650 Loss: 0.07010676151610669, 	PPG F1: 0.967333032378446, 	Batch Avg-T: 0:00:00.421154
	[TRAIN] Epoch 4 Batch 500/650 Loss: 0.06896129211117169, 	PPG F1: 0.9679028262480156, 	Batch Avg-T: 0:00:00.421253
	[TRAIN] Epoch 4 Batch 600/650 Loss: 0.06840339907369082, 	PPG F1: 0.9682274034703959, 	Batch Avg-T: 0:00:00.421203
[TRAIN] Epoch 4 Loss: 0.06772865295410156,             	PPG F1: 0.9684816459507652
Time - 0:04:33.679381
[VAL] Epoch 4 Loss: 0.41036900494289863
[VAL] 	PPG      F1: 0.6803
[VAL] 	PPG ROC AUC: 0.9497
[VAL] 	PPG PR  AUC: 0.8722
Epoch 4 finished. t = 0:04:44.873170


Epoch 5 training...
	[TRAIN] Epoch 5 Batch 0/650 Loss: 0.03571633622050285, 	PPG F1: 0.9803186504217433, 	Batch Avg-T: 0:00:00.462002
	[TRAIN] Epoch 5 Batch 100/650 Loss: 0.05857072055044741, 	PPG F1: 0.9730392188553129, 	Batch Avg-T: 0:00:00.420811
	[TRAIN] Epoch 5 Batch 200/650 Loss: 0.05700967384882234, 	PPG F1: 0.9736142300179691, 	Batch Avg-T: 0:00:00.421277
	[TRAIN] Epoch 5 Batch 300/650 Loss: 0.05636556092587816, 	PPG F1: 0.9740365818573679, 	Batch Avg-T: 0:00:00.421070
	[TRAIN] Epoch 5 Batch 400/650 Loss: 0.05485643680553484, 	PPG F1: 0.9746104386059474, 	Batch Avg-T: 0:00:00.421227
	[TRAIN] Epoch 5 Batch 500/650 Loss: 0.054033920719119125, 	PPG F1: 0.9750112659964041, 	Batch Avg-T: 0:00:00.421250
	[TRAIN] Epoch 5 Batch 600/650 Loss: 0.0538693627779575, 	PPG F1: 0.9750305051574439, 	Batch Avg-T: 0:00:00.421259
[TRAIN] Epoch 5 Loss: 0.05343227808865217,             	PPG F1: 0.9752508394603466
Time - 0:04:33.820219
[VAL] Epoch 5 Loss: 0.5374983623243386
[VAL] 	PPG      F1: 0.6564
[VAL] 	PPG ROC AUC: 0.9431
[VAL] 	PPG PR  AUC: 0.8698
Epoch 5 finished. t = 0:04:45.058478


Epoch 6 training...
	[TRAIN] Epoch 6 Batch 0/650 Loss: 0.04010716825723648, 	PPG F1: 0.9817850637522769, 	Batch Avg-T: 0:00:00.476837
	[TRAIN] Epoch 6 Batch 100/650 Loss: 0.0489672573449293, 	PPG F1: 0.9775294610213309, 	Batch Avg-T: 0:00:00.422084
	[TRAIN] Epoch 6 Batch 200/650 Loss: 0.048794245023039445, 	PPG F1: 0.9778863243821391, 	Batch Avg-T: 0:00:00.421945
	[TRAIN] Epoch 6 Batch 300/650 Loss: 0.04797537596989113, 	PPG F1: 0.9780711978952215, 	Batch Avg-T: 0:00:00.421682
	[TRAIN] Epoch 6 Batch 400/650 Loss: 0.0463298112014657, 	PPG F1: 0.9789703516019953, 	Batch Avg-T: 0:00:00.421570
	[TRAIN] Epoch 6 Batch 500/650 Loss: 0.04560625789958441, 	PPG F1: 0.9793502233593901, 	Batch Avg-T: 0:00:00.421464
	[TRAIN] Epoch 6 Batch 600/650 Loss: 0.04511843123682426, 	PPG F1: 0.9795900133780573, 	Batch Avg-T: 0:00:00.421508
[TRAIN] Epoch 6 Loss: 0.04479234679387166,             	PPG F1: 0.9797235576495609
Time - 0:04:33.827240
[VAL] Epoch 6 Loss: 0.6500856603683142
[VAL] 	PPG      F1: 0.6306
[VAL] 	PPG ROC AUC: 0.9449
[VAL] 	PPG PR  AUC: 0.8729
Epoch 6 finished. t = 0:04:44.976442


Epoch 7 training...
	[TRAIN] Epoch 7 Batch 0/650 Loss: 0.03134361654520035, 	PPG F1: 0.9878844361602982, 	Batch Avg-T: 0:00:00.515775
	[TRAIN] Epoch 7 Batch 100/650 Loss: 0.043593106662282846, 	PPG F1: 0.9800350805382106, 	Batch Avg-T: 0:00:00.422133
	[TRAIN] Epoch 7 Batch 200/650 Loss: 0.03818539062060824, 	PPG F1: 0.9827660490059792, 	Batch Avg-T: 0:00:00.421971
	[TRAIN] Epoch 7 Batch 300/650 Loss: 0.03745724811555935, 	PPG F1: 0.9830326589992842, 	Batch Avg-T: 0:00:00.421992
	[TRAIN] Epoch 7 Batch 400/650 Loss: 0.0365167373693792, 	PPG F1: 0.9834899496266881, 	Batch Avg-T: 0:00:00.421588
	[TRAIN] Epoch 7 Batch 500/650 Loss: 0.036377593008671216, 	PPG F1: 0.983479898471618, 	Batch Avg-T: 0:00:00.421365
	[TRAIN] Epoch 7 Batch 600/650 Loss: 0.035472438343724676, 	PPG F1: 0.9839054014411446, 	Batch Avg-T: 0:00:00.421440
[TRAIN] Epoch 7 Loss: 0.03571930135385348,             	PPG F1: 0.983807667400832
Time - 0:04:33.904176
[VAL] Epoch 7 Loss: 1.7694295746729016
[VAL] 	PPG      F1: 0.4751
[VAL] 	PPG ROC AUC: 0.912
[VAL] 	PPG PR  AUC: 0.815
Epoch 7 finished. t = 0:04:45.302327


Epoch 8 training...
	[TRAIN] Epoch 8 Batch 0/650 Loss: 0.0630342960357666, 	PPG F1: 0.9744058500914076, 	Batch Avg-T: 0:00:00.462872
	[TRAIN] Epoch 8 Batch 100/650 Loss: 0.03141666725646741, 	PPG F1: 0.9854087667477843, 	Batch Avg-T: 0:00:00.421370
	[TRAIN] Epoch 8 Batch 200/650 Loss: 0.030804103777850447, 	PPG F1: 0.985839943520203, 	Batch Avg-T: 0:00:00.420672
	[TRAIN] Epoch 8 Batch 300/650 Loss: 0.030476414496419437, 	PPG F1: 0.9860909954610363, 	Batch Avg-T: 0:00:00.420426
	[TRAIN] Epoch 8 Batch 400/650 Loss: 0.03084495297152354, 	PPG F1: 0.9859631091236788, 	Batch Avg-T: 0:00:00.420684
	[TRAIN] Epoch 8 Batch 500/650 Loss: 0.031053390902301626, 	PPG F1: 0.9859657128377958, 	Batch Avg-T: 0:00:00.420766
	[TRAIN] Epoch 8 Batch 600/650 Loss: 0.030717014787585387, 	PPG F1: 0.9860854729280124, 	Batch Avg-T: 0:00:00.420857
[TRAIN] Epoch 8 Loss: 0.030417376106175092,             	PPG F1: 0.9862156623825353
Time - 0:04:33.515519
[VAL] Epoch 8 Loss: 0.7188674341509643
[VAL] 	PPG      F1: 0.6519
[VAL] 	PPG ROC AUC: 0.9256
[VAL] 	PPG PR  AUC: 0.8484
Epoch 8 finished. t = 0:04:44.867433


Epoch 9 training...
	[TRAIN] Epoch 9 Batch 0/650 Loss: 0.014375587925314903, 	PPG F1: 0.9955555555555555, 	Batch Avg-T: 0:00:00.476147
	[TRAIN] Epoch 9 Batch 100/650 Loss: 0.02452401049656443, 	PPG F1: 0.9888818846186811, 	Batch Avg-T: 0:00:00.422287
	[TRAIN] Epoch 9 Batch 200/650 Loss: 0.024708160695003634, 	PPG F1: 0.9887723217890348, 	Batch Avg-T: 0:00:00.421867
	[TRAIN] Epoch 9 Batch 300/650 Loss: 0.025038122536732113, 	PPG F1: 0.9887201866251675, 	Batch Avg-T: 0:00:00.421387
	[TRAIN] Epoch 9 Batch 400/650 Loss: 0.02419403224412417, 	PPG F1: 0.989122114806812, 	Batch Avg-T: 0:00:00.421409
	[TRAIN] Epoch 9 Batch 500/650 Loss: 0.023933442885766248, 	PPG F1: 0.9892405648311998, 	Batch Avg-T: 0:00:00.421425
	[TRAIN] Epoch 9 Batch 600/650 Loss: 0.02438946487149611, 	PPG F1: 0.9889901937982232, 	Batch Avg-T: 0:00:00.421391
[TRAIN] Epoch 9 Loss: 0.02454836958159621,             	PPG F1: 0.9889506754127415
Time - 0:04:33.846402
[VAL] Epoch 9 Loss: 0.6540165149178717
[VAL] 	PPG      F1: 0.6694
[VAL] 	PPG ROC AUC: 0.9505
[VAL] 	PPG PR  AUC: 0.8753
Epoch 9 finished. t = 0:04:45.114149


Epoch 10 training...
	[TRAIN] Epoch 10 Batch 0/650 Loss: 0.030051756650209427, 	PPG F1: 0.9849624060150376, 	Batch Avg-T: 0:00:00.470829
	[TRAIN] Epoch 10 Batch 100/650 Loss: 0.019589899817832036, 	PPG F1: 0.9915125072767064, 	Batch Avg-T: 0:00:00.421472
	[TRAIN] Epoch 10 Batch 200/650 Loss: 0.019387680759180837, 	PPG F1: 0.9914331176501909, 	Batch Avg-T: 0:00:00.421220
	[TRAIN] Epoch 10 Batch 300/650 Loss: 0.02055166085618873, 	PPG F1: 0.9909972051352116, 	Batch Avg-T: 0:00:00.421169
	[TRAIN] Epoch 10 Batch 400/650 Loss: 0.020004960544583877, 	PPG F1: 0.9911900511120151, 	Batch Avg-T: 0:00:00.421091
	[TRAIN] Epoch 10 Batch 500/650 Loss: 0.01948106020201972, 	PPG F1: 0.9914424568584533, 	Batch Avg-T: 0:00:00.421117
	[TRAIN] Epoch 10 Batch 600/650 Loss: 0.019845706031048755, 	PPG F1: 0.9912726402352426, 	Batch Avg-T: 0:00:00.421137
[TRAIN] Epoch 10 Loss: 0.02000751520292117,             	PPG F1: 0.9911830942374495
Time - 0:04:33.661111
[VAL] Epoch 10 Loss: 0.9315193132281934
[VAL] 	PPG      F1: 0.6157
[VAL] 	PPG ROC AUC: 0.9482
[VAL] 	PPG PR  AUC: 0.8655
Epoch 10 finished. t = 0:04:45.136399


Epoch 11 training...
	[TRAIN] Epoch 11 Batch 0/650 Loss: 0.023238305002450943, 	PPG F1: 0.9925925925925926, 	Batch Avg-T: 0:00:00.470905
	[TRAIN] Epoch 11 Batch 100/650 Loss: 0.01638432925032212, 	PPG F1: 0.9927618796621872, 	Batch Avg-T: 0:00:00.421342
	[TRAIN] Epoch 11 Batch 200/650 Loss: 0.017224160972889976, 	PPG F1: 0.9922757861853205, 	Batch Avg-T: 0:00:00.421154
	[TRAIN] Epoch 11 Batch 300/650 Loss: 0.016415944561188996, 	PPG F1: 0.992664504946408, 	Batch Avg-T: 0:00:00.421010
	[TRAIN] Epoch 11 Batch 400/650 Loss: 0.0167001398986303, 	PPG F1: 0.9924868317720777, 	Batch Avg-T: 0:00:00.421068
	[TRAIN] Epoch 11 Batch 500/650 Loss: 0.01705429886287439, 	PPG F1: 0.9923584782413334, 	Batch Avg-T: 0:00:00.421175
	[TRAIN] Epoch 11 Batch 600/650 Loss: 0.01714530786090281, 	PPG F1: 0.9923392966881162, 	Batch Avg-T: 0:00:00.421160
[TRAIN] Epoch 11 Loss: 0.016903335366827938,             	PPG F1: 0.9924479507379385
Time - 0:04:33.718584
[VAL] Epoch 11 Loss: 0.7329578589410795
[VAL] 	PPG      F1: 0.6792
[VAL] 	PPG ROC AUC: 0.9485
[VAL] 	PPG PR  AUC: 0.8722
Epoch 11 finished. t = 0:04:44.972385


Epoch 12 training...
	[TRAIN] Epoch 12 Batch 0/650 Loss: 0.007250117603689432, 	PPG F1: 0.9982728842832469, 	Batch Avg-T: 0:00:00.477402
	[TRAIN] Epoch 12 Batch 100/650 Loss: 0.015140035344140218, 	PPG F1: 0.9935452064106218, 	Batch Avg-T: 0:00:00.420809
	[TRAIN] Epoch 12 Batch 200/650 Loss: 0.01744690385012336, 	PPG F1: 0.992601942113852, 	Batch Avg-T: 0:00:00.421307
	[TRAIN] Epoch 12 Batch 300/650 Loss: 0.01734885439103426, 	PPG F1: 0.9925592387328406, 	Batch Avg-T: 0:00:00.421062
	[TRAIN] Epoch 12 Batch 400/650 Loss: 0.016425723598995932, 	PPG F1: 0.992842152614302, 	Batch Avg-T: 0:00:00.420938
	[TRAIN] Epoch 12 Batch 500/650 Loss: 0.016056155322115875, 	PPG F1: 0.9929684651540538, 	Batch Avg-T: 0:00:00.420822
	[TRAIN] Epoch 12 Batch 600/650 Loss: 0.015392633801955302, 	PPG F1: 0.9932952545103223, 	Batch Avg-T: 0:00:00.420718
[TRAIN] Epoch 12 Loss: 0.015067025490391713,             	PPG F1: 0.9934484275685594
Time - 0:04:33.488088
[VAL] Epoch 12 Loss: 1.0504354607577726
[VAL] 	PPG      F1: 0.6194
[VAL] 	PPG ROC AUC: 0.9159
[VAL] 	PPG PR  AUC: 0.8477
Epoch 12 finished. t = 0:04:44.733172


Epoch 13 training...
	[TRAIN] Epoch 13 Batch 0/650 Loss: 0.030381102114915848, 	PPG F1: 0.9877704609595485, 	Batch Avg-T: 0:00:00.470547
	[TRAIN] Epoch 13 Batch 100/650 Loss: 0.015144281637956305, 	PPG F1: 0.9934630603628958, 	Batch Avg-T: 0:00:00.421574
	[TRAIN] Epoch 13 Batch 200/650 Loss: 0.01328165592644271, 	PPG F1: 0.9942375946363023, 	Batch Avg-T: 0:00:00.420817
	[TRAIN] Epoch 13 Batch 300/650 Loss: 0.012952194240507345, 	PPG F1: 0.9943514958565206, 	Batch Avg-T: 0:00:00.420915
	[TRAIN] Epoch 13 Batch 400/650 Loss: 0.012582843705774878, 	PPG F1: 0.9944647421050337, 	Batch Avg-T: 0:00:00.420832
	[TRAIN] Epoch 13 Batch 500/650 Loss: 0.013286836939341502, 	PPG F1: 0.9941156735352349, 	Batch Avg-T: 0:00:00.420910
	[TRAIN] Epoch 13 Batch 600/650 Loss: 0.013280940209182223, 	PPG F1: 0.9940914585220207, 	Batch Avg-T: 0:00:00.420940
[TRAIN] Epoch 13 Loss: 0.013274921219294461,             	PPG F1: 0.9940932800234359
Time - 0:04:33.511899
[VAL] Epoch 13 Loss: 1.009765079455659
[VAL] 	PPG      F1: 0.6385
[VAL] 	PPG ROC AUC: 0.9219
[VAL] 	PPG PR  AUC: 0.847
Epoch 13 finished. t = 0:04:44.736463


Epoch 14 training...
	[TRAIN] Epoch 14 Batch 0/650 Loss: 0.0078089735470712185, 	PPG F1: 0.9962894248608535, 	Batch Avg-T: 0:00:00.471009
	[TRAIN] Epoch 14 Batch 100/650 Loss: 0.009796092072317358, 	PPG F1: 0.9956671641593343, 	Batch Avg-T: 0:00:00.420833
	[TRAIN] Epoch 14 Batch 200/650 Loss: 0.021271197157749784, 	PPG F1: 0.9910099874268867, 	Batch Avg-T: 0:00:00.420940
	[TRAIN] Epoch 14 Batch 300/650 Loss: 0.017526505523488122, 	PPG F1: 0.9925082147796114, 	Batch Avg-T: 0:00:00.421164
	[TRAIN] Epoch 14 Batch 400/650 Loss: 0.01564235392925411, 	PPG F1: 0.9933430876010588, 	Batch Avg-T: 0:00:00.421423
	[TRAIN] Epoch 14 Batch 500/650 Loss: 0.014656272444487391, 	PPG F1: 0.9936956518655835, 	Batch Avg-T: 0:00:00.421383
	[TRAIN] Epoch 14 Batch 600/650 Loss: 0.01400615736422208, 	PPG F1: 0.9940048179520278, 	Batch Avg-T: 0:00:00.421414
[TRAIN] Epoch 14 Loss: 0.01369390743265215,             	PPG F1: 0.9941662488501514
Time - 0:04:33.828863
[VAL] Epoch 14 Loss: 0.881208172003581
[VAL] 	PPG      F1: 0.6616
[VAL] 	PPG ROC AUC: 0.9436
[VAL] 	PPG PR  AUC: 0.8698
Epoch 14 finished. t = 0:04:45.083160


Epoch 15 training...
	[TRAIN] Epoch 15 Batch 0/650 Loss: 0.0032374486327171326, 	PPG F1: 0.9982332155477032, 	Batch Avg-T: 0:00:00.469371
	[TRAIN] Epoch 15 Batch 100/650 Loss: 0.00978433066001623, 	PPG F1: 0.9956997393419786, 	Batch Avg-T: 0:00:00.421469
	[TRAIN] Epoch 15 Batch 200/650 Loss: 0.00851738001382099, 	PPG F1: 0.996278322632329, 	Batch Avg-T: 0:00:00.421263
	[TRAIN] Epoch 15 Batch 300/650 Loss: 0.01253327582668872, 	PPG F1: 0.9946025532440457, 	Batch Avg-T: 0:00:00.420970
	[TRAIN] Epoch 15 Batch 400/650 Loss: 0.011717960788598958, 	PPG F1: 0.9949741250020969, 	Batch Avg-T: 0:00:00.421099
	[TRAIN] Epoch 15 Batch 500/650 Loss: 0.011317165373980687, 	PPG F1: 0.9951276901992667, 	Batch Avg-T: 0:00:00.421111
	[TRAIN] Epoch 15 Batch 600/650 Loss: 0.011572439501878687, 	PPG F1: 0.9950430952437395, 	Batch Avg-T: 0:00:00.421135
[TRAIN] Epoch 15 Loss: 0.011539800941693382,             	PPG F1: 0.995054941293698
Time - 0:04:33.635521
[VAL] Epoch 15 Loss: 0.6020001409713349
[VAL] 	PPG      F1: 0.7249
[VAL] 	PPG ROC AUC: 0.9518
[VAL] 	PPG PR  AUC: 0.8836
Epoch 15 finished. t = 0:04:44.588436


Epoch 16 training...
	[TRAIN] Epoch 16 Batch 0/650 Loss: 0.004179646726697683, 	PPG F1: 1.0, 	Batch Avg-T: 0:00:00.513256
	[TRAIN] Epoch 16 Batch 100/650 Loss: 0.007135614121129902, 	PPG F1: 0.9968143500699779, 	Batch Avg-T: 0:00:00.422278
	[TRAIN] Epoch 16 Batch 200/650 Loss: 0.009452140415133677, 	PPG F1: 0.9958631957328893, 	Batch Avg-T: 0:00:00.422291
	[TRAIN] Epoch 16 Batch 300/650 Loss: 0.00873083173277234, 	PPG F1: 0.996245238753667, 	Batch Avg-T: 0:00:00.421891
	[TRAIN] Epoch 16 Batch 400/650 Loss: 0.009110841970656187, 	PPG F1: 0.996085346518328, 	Batch Avg-T: 0:00:00.421908
	[TRAIN] Epoch 16 Batch 500/650 Loss: 0.008894411737086277, 	PPG F1: 0.9961542158299088, 	Batch Avg-T: 0:00:00.421654
	[TRAIN] Epoch 16 Batch 600/650 Loss: 0.00889806445209951, 	PPG F1: 0.996166411721031, 	Batch Avg-T: 0:00:00.421797
[TRAIN] Epoch 16 Loss: 0.00897449968687187,             	PPG F1: 0.9961209713712025
Time - 0:04:34.181708
[VAL] Epoch 16 Loss: 1.0571819308343113
[VAL] 	PPG      F1: 0.6246
[VAL] 	PPG ROC AUC: 0.9369
[VAL] 	PPG PR  AUC: 0.8525
Epoch 16 finished. t = 0:04:45.235454


Epoch 17 training...
	[TRAIN] Epoch 17 Batch 0/650 Loss: 0.005131897516548634, 	PPG F1: 0.9990147783251232, 	Batch Avg-T: 0:00:00.471408
	[TRAIN] Epoch 17 Batch 100/650 Loss: 0.007446729196558273, 	PPG F1: 0.9966838898707505, 	Batch Avg-T: 0:00:00.421262
	[TRAIN] Epoch 17 Batch 200/650 Loss: 0.007910452351038951, 	PPG F1: 0.996438934554815, 	Batch Avg-T: 0:00:00.420691
	[TRAIN] Epoch 17 Batch 300/650 Loss: 0.008835081772977777, 	PPG F1: 0.9960812348480141, 	Batch Avg-T: 0:00:00.420791
	[TRAIN] Epoch 17 Batch 400/650 Loss: 0.008380398509310945, 	PPG F1: 0.9962852945894521, 	Batch Avg-T: 0:00:00.420890
	[TRAIN] Epoch 17 Batch 500/650 Loss: 0.008307782047104738, 	PPG F1: 0.9963273096225141, 	Batch Avg-T: 0:00:00.421019
	[TRAIN] Epoch 17 Batch 600/650 Loss: 0.008360017876887692, 	PPG F1: 0.9963100708540659, 	Batch Avg-T: 0:00:00.420789
[TRAIN] Epoch 17 Loss: 0.00835292230037829,             	PPG F1: 0.9963317784648554
Time - 0:04:33.454927
[VAL] Epoch 17 Loss: 0.9399210896344018
[VAL] 	PPG      F1: 0.6593
[VAL] 	PPG ROC AUC: 0.9444
[VAL] 	PPG PR  AUC: 0.8634
Epoch 17 finished. t = 0:04:44.668266


Epoch 18 training...
	[TRAIN] Epoch 18 Batch 0/650 Loss: 0.01690085604786873, 	PPG F1: 0.9916434540389972, 	Batch Avg-T: 0:00:00.477623
	[TRAIN] Epoch 18 Batch 100/650 Loss: 0.007046045396606079, 	PPG F1: 0.996759806653091, 	Batch Avg-T: 0:00:00.421056
	[TRAIN] Epoch 18 Batch 200/650 Loss: 0.008858478399901767, 	PPG F1: 0.9960851139282243, 	Batch Avg-T: 0:00:00.421100
	[TRAIN] Epoch 18 Batch 300/650 Loss: 0.00858252210135686, 	PPG F1: 0.9962436132688453, 	Batch Avg-T: 0:00:00.421151
	[TRAIN] Epoch 18 Batch 400/650 Loss: 0.008383119183573918, 	PPG F1: 0.9963026179918906, 	Batch Avg-T: 0:00:00.421348
	[TRAIN] Epoch 18 Batch 500/650 Loss: 0.007988925021515412, 	PPG F1: 0.9964769160694574, 	Batch Avg-T: 0:00:00.421400
	[TRAIN] Epoch 18 Batch 600/650 Loss: 0.008375110617217402, 	PPG F1: 0.9962939528802562, 	Batch Avg-T: 0:00:00.421320
[TRAIN] Epoch 18 Loss: 0.008350331005998529,             	PPG F1: 0.9963133560173135
Time - 0:04:33.822252
[VAL] Epoch 18 Loss: 1.4751710903506075
[VAL] 	PPG      F1: 0.5796
[VAL] 	PPG ROC AUC: 0.9378
[VAL] 	PPG PR  AUC: 0.84
Epoch 18 finished. t = 0:04:45.075192


Epoch 19 training...
	[TRAIN] Epoch 19 Batch 0/650 Loss: 0.01000991091132164, 	PPG F1: 0.996383363471971, 	Batch Avg-T: 0:00:00.463934
	[TRAIN] Epoch 19 Batch 100/650 Loss: 0.006234717677522561, 	PPG F1: 0.9973873997975363, 	Batch Avg-T: 0:00:00.421092
	[TRAIN] Epoch 19 Batch 200/650 Loss: 0.0063383599502307856, 	PPG F1: 0.9973251371442995, 	Batch Avg-T: 0:00:00.420874
	[TRAIN] Epoch 19 Batch 300/650 Loss: 0.006653393934940319, 	PPG F1: 0.9971706774014576, 	Batch Avg-T: 0:00:00.420812
	[TRAIN] Epoch 19 Batch 400/650 Loss: 0.0076061390568804175, 	PPG F1: 0.9967630408754766, 	Batch Avg-T: 0:00:00.420629
	[TRAIN] Epoch 19 Batch 500/650 Loss: 0.00727609588351926, 	PPG F1: 0.9968813544135099, 	Batch Avg-T: 0:00:00.420640
	[TRAIN] Epoch 19 Batch 600/650 Loss: 0.00749058789126544, 	PPG F1: 0.9967693320408781, 	Batch Avg-T: 0:00:00.420811
[TRAIN] Epoch 19 Loss: 0.007410931386626684,             	PPG F1: 0.9968028686635371
Time - 0:04:33.440555
[VAL] Epoch 19 Loss: 0.7661202773910184
[VAL] 	PPG      F1: 0.6873
[VAL] 	PPG ROC AUC: 0.9468
[VAL] 	PPG PR  AUC: 0.8745
Epoch 19 finished. t = 0:04:44.588393


Epoch 20 training...
	[TRAIN] Epoch 20 Batch 0/650 Loss: 0.006697120610624552, 	PPG F1: 0.9961977186311786, 	Batch Avg-T: 0:00:00.462487
	[TRAIN] Epoch 20 Batch 100/650 Loss: 0.0060100520552956675, 	PPG F1: 0.997461831862295, 	Batch Avg-T: 0:00:00.421889
	[TRAIN] Epoch 20 Batch 200/650 Loss: 0.006759382076028605, 	PPG F1: 0.9971740710227726, 	Batch Avg-T: 0:00:00.421590
	[TRAIN] Epoch 20 Batch 300/650 Loss: 0.006294917134240121, 	PPG F1: 0.997330997421742, 	Batch Avg-T: 0:00:00.421370
	[TRAIN] Epoch 20 Batch 400/650 Loss: 0.006065413356480535, 	PPG F1: 0.9974168393561842, 	Batch Avg-T: 0:00:00.421280
	[TRAIN] Epoch 20 Batch 500/650 Loss: 0.006444622895240267, 	PPG F1: 0.997255460788414, 	Batch Avg-T: 0:00:00.421254
	[TRAIN] Epoch 20 Batch 600/650 Loss: 0.006742975090216991, 	PPG F1: 0.9971347160817953, 	Batch Avg-T: 0:00:00.421102
[TRAIN] Epoch 20 Loss: 0.006789954021582022,             	PPG F1: 0.9971042686467799
Time - 0:04:33.575598
[VAL] Epoch 20 Loss: 0.7655656660107654
[VAL] 	PPG      F1: 0.7077
[VAL] 	PPG ROC AUC: 0.9341
[VAL] 	PPG PR  AUC: 0.8729
Epoch 20 finished. t = 0:04:44.755267


Epoch 21 training...
	[TRAIN] Epoch 21 Batch 0/650 Loss: 0.004998483695089817, 	PPG F1: 0.9963833634719711, 	Batch Avg-T: 0:00:00.479885
	[TRAIN] Epoch 21 Batch 100/650 Loss: 0.005906335073569328, 	PPG F1: 0.9974970117753194, 	Batch Avg-T: 0:00:00.420736
	[TRAIN] Epoch 21 Batch 200/650 Loss: 0.007887308424992015, 	PPG F1: 0.9965784026432216, 	Batch Avg-T: 0:00:00.420892
	[TRAIN] Epoch 21 Batch 300/650 Loss: 0.0072041605661106465, 	PPG F1: 0.9969007400640805, 	Batch Avg-T: 0:00:00.421259
	[TRAIN] Epoch 21 Batch 400/650 Loss: 0.006794213005103533, 	PPG F1: 0.9971152026295138, 	Batch Avg-T: 0:00:00.421747
	[TRAIN] Epoch 21 Batch 500/650 Loss: 0.006690734583780378, 	PPG F1: 0.9971689361773544, 	Batch Avg-T: 0:00:00.421637
	[TRAIN] Epoch 21 Batch 600/650 Loss: 0.006919243013174018, 	PPG F1: 0.9970345134458921, 	Batch Avg-T: 0:00:00.421407
[TRAIN] Epoch 21 Loss: 0.006930538963508578,             	PPG F1: 0.9970444803085651
Time - 0:04:33.838201
[VAL] Epoch 21 Loss: 0.773516724833252
[VAL] 	PPG      F1: 0.707
[VAL] 	PPG ROC AUC: 0.9455
[VAL] 	PPG PR  AUC: 0.8769
Epoch 21 finished. t = 0:04:45.065895


Epoch 22 training...
	[TRAIN] Epoch 22 Batch 0/650 Loss: 0.012013046070933342, 	PPG F1: 0.9973614775725593, 	Batch Avg-T: 0:00:00.471634
	[TRAIN] Epoch 22 Batch 100/650 Loss: 0.006975499003673766, 	PPG F1: 0.9971598196895056, 	Batch Avg-T: 0:00:00.421626
	[TRAIN] Epoch 22 Batch 200/650 Loss: 0.00646437453546223, 	PPG F1: 0.9973272959627407, 	Batch Avg-T: 0:00:00.421241
	[TRAIN] Epoch 22 Batch 300/650 Loss: 0.005982483853489327, 	PPG F1: 0.9974954246436321, 	Batch Avg-T: 0:00:00.421266
	[TRAIN] Epoch 22 Batch 400/650 Loss: 0.006246959714743278, 	PPG F1: 0.9973735447356714, 	Batch Avg-T: 0:00:00.421158
	[TRAIN] Epoch 22 Batch 500/650 Loss: 0.006248788837659007, 	PPG F1: 0.9973588130265301, 	Batch Avg-T: 0:00:00.421262
	[TRAIN] Epoch 22 Batch 600/650 Loss: 0.006217372265073723, 	PPG F1: 0.9973685901692906, 	Batch Avg-T: 0:00:00.421341
[TRAIN] Epoch 22 Loss: 0.006203666000510566,             	PPG F1: 0.9973608219324845
Time - 0:04:33.801022
[VAL] Epoch 22 Loss: 0.9834219175542823
[VAL] 	PPG      F1: 0.6696
[VAL] 	PPG ROC AUC: 0.9356
[VAL] 	PPG PR  AUC: 0.8555
Epoch 22 finished. t = 0:04:45.281179


Epoch 23 training...
	[TRAIN] Epoch 23 Batch 0/650 Loss: 0.004556349478662014, 	PPG F1: 0.9969909729187563, 	Batch Avg-T: 0:00:00.463268
	[TRAIN] Epoch 23 Batch 100/650 Loss: 0.0069780067159185685, 	PPG F1: 0.9969066502771128, 	Batch Avg-T: 0:00:00.420765
	[TRAIN] Epoch 23 Batch 200/650 Loss: 0.006834573825110046, 	PPG F1: 0.9970724644946597, 	Batch Avg-T: 0:00:00.421087
	[TRAIN] Epoch 23 Batch 300/650 Loss: 0.006518601892211248, 	PPG F1: 0.9972281996581769, 	Batch Avg-T: 0:00:00.420912
	[TRAIN] Epoch 23 Batch 400/650 Loss: 0.006593064798832989, 	PPG F1: 0.9972126392112756, 	Batch Avg-T: 0:00:00.420835
	[TRAIN] Epoch 23 Batch 500/650 Loss: 0.00674196571983516, 	PPG F1: 0.9971345882226244, 	Batch Avg-T: 0:00:00.420951
	[TRAIN] Epoch 23 Batch 600/650 Loss: 0.006417242787273201, 	PPG F1: 0.9972873702247107, 	Batch Avg-T: 0:00:00.420962
[TRAIN] Epoch 23 Loss: 0.006218769399520869,             	PPG F1: 0.9973686863422717
Time - 0:04:33.578005
[VAL] Epoch 23 Loss: 0.8176919561820172
[VAL] 	PPG      F1: 0.692
[VAL] 	PPG ROC AUC: 0.9536
[VAL] 	PPG PR  AUC: 0.8833
Epoch 23 finished. t = 0:04:44.888873


Epoch 24 training...
	[TRAIN] Epoch 24 Batch 0/650 Loss: 0.010460791178047657, 	PPG F1: 0.9955555555555555, 	Batch Avg-T: 0:00:00.467709
	[TRAIN] Epoch 24 Batch 100/650 Loss: 0.0028031791245108377, 	PPG F1: 0.9988386112640992, 	Batch Avg-T: 0:00:00.420406
	[TRAIN] Epoch 24 Batch 200/650 Loss: 0.005496655516262718, 	PPG F1: 0.997617535645588, 	Batch Avg-T: 0:00:00.420337
	[TRAIN] Epoch 24 Batch 300/650 Loss: 0.005473644120995407, 	PPG F1: 0.9975973544122888, 	Batch Avg-T: 0:00:00.419995
	[TRAIN] Epoch 24 Batch 400/650 Loss: 0.005981469973605335, 	PPG F1: 0.9973950955872316, 	Batch Avg-T: 0:00:00.420192
	[TRAIN] Epoch 24 Batch 500/650 Loss: 0.010654186744820568, 	PPG F1: 0.995637064446515, 	Batch Avg-T: 0:00:00.420044
	[TRAIN] Epoch 24 Batch 600/650 Loss: 0.009796539644008354, 	PPG F1: 0.9959487039849896, 	Batch Avg-T: 0:00:00.420048
[TRAIN] Epoch 24 Loss: 0.009533296940588536,             	PPG F1: 0.9960511565214661
Time - 0:04:32.880114
[VAL] Epoch 24 Loss: 0.9646606604786803
[VAL] 	PPG      F1: 0.6886
[VAL] 	PPG ROC AUC: 0.9388
[VAL] 	PPG PR  AUC: 0.8547
Epoch 24 finished. t = 0:04:43.918504


Epoch 25 training...
	[TRAIN] Epoch 25 Batch 0/650 Loss: 0.004012405872344971, 	PPG F1: 0.9973238180196252, 	Batch Avg-T: 0:00:00.514133
	[TRAIN] Epoch 25 Batch 100/650 Loss: 0.0023558571997230023, 	PPG F1: 0.9990617902980287, 	Batch Avg-T: 0:00:00.421081
	[TRAIN] Epoch 25 Batch 200/650 Loss: 0.003497924268565984, 	PPG F1: 0.9985297151008146, 	Batch Avg-T: 0:00:00.420802
	[TRAIN] Epoch 25 Batch 300/650 Loss: 0.0036376080270473727, 	PPG F1: 0.998456650894877, 	Batch Avg-T: 0:00:00.420729
	[TRAIN] Epoch 25 Batch 400/650 Loss: 0.004415694730331078, 	PPG F1: 0.9980904919898071, 	Batch Avg-T: 0:00:00.420515
	[TRAIN] Epoch 25 Batch 500/650 Loss: 0.004409625274929712, 	PPG F1: 0.998092541147866, 	Batch Avg-T: 0:00:00.420370
	[TRAIN] Epoch 25 Batch 600/650 Loss: 0.004395271683431978, 	PPG F1: 0.998082479268165, 	Batch Avg-T: 0:00:00.420252
[TRAIN] Epoch 25 Loss: 0.004398861967873437,             	PPG F1: 0.9980899404682798
Time - 0:04:33.123378
[VAL] Epoch 25 Loss: 0.8918421071094746
[VAL] 	PPG      F1: 0.7004
[VAL] 	PPG ROC AUC: 0.9329
[VAL] 	PPG PR  AUC: 0.8617
Epoch 25 finished. t = 0:04:44.416675


Epoch 26 training...
	[TRAIN] Epoch 26 Batch 0/650 Loss: 0.002166520105674863, 	PPG F1: 0.9991220368744512, 	Batch Avg-T: 0:00:00.471395
	[TRAIN] Epoch 26 Batch 100/650 Loss: 0.004609300717503976, 	PPG F1: 0.9980812491791942, 	Batch Avg-T: 0:00:00.420640
	[TRAIN] Epoch 26 Batch 200/650 Loss: 0.004240534248229276, 	PPG F1: 0.9981981506528713, 	Batch Avg-T: 0:00:00.420118
	[TRAIN] Epoch 26 Batch 300/650 Loss: 0.004559665329045998, 	PPG F1: 0.9980568350110146, 	Batch Avg-T: 0:00:00.420213
	[TRAIN] Epoch 26 Batch 400/650 Loss: 0.00464903900743897, 	PPG F1: 0.998039198483802, 	Batch Avg-T: 0:00:00.420305
	[TRAIN] Epoch 26 Batch 500/650 Loss: 0.004712730301200749, 	PPG F1: 0.9980077777083767, 	Batch Avg-T: 0:00:00.420293
	[TRAIN] Epoch 26 Batch 600/650 Loss: 0.004859676388876932, 	PPG F1: 0.9979571179060444, 	Batch Avg-T: 0:00:00.420141
[TRAIN] Epoch 26 Loss: 0.004708952841969082,             	PPG F1: 0.998019718082886
Time - 0:04:32.985437
[VAL] Epoch 26 Loss: 0.8562839028498053
[VAL] 	PPG      F1: 0.7051
[VAL] 	PPG ROC AUC: 0.947
[VAL] 	PPG PR  AUC: 0.8722
Epoch 26 finished. t = 0:04:43.985251


Epoch 27 training...
	[TRAIN] Epoch 27 Batch 0/650 Loss: 0.0017312507843598723, 	PPG F1: 0.9990467111534795, 	Batch Avg-T: 0:00:00.482805
	[TRAIN] Epoch 27 Batch 100/650 Loss: 0.00439793492222463, 	PPG F1: 0.9982090484691806, 	Batch Avg-T: 0:00:00.421109
	[TRAIN] Epoch 27 Batch 200/650 Loss: 0.003976646464275178, 	PPG F1: 0.9983050276781723, 	Batch Avg-T: 0:00:00.420642
	[TRAIN] Epoch 27 Batch 300/650 Loss: 0.0042468273611522694, 	PPG F1: 0.9982025799467596, 	Batch Avg-T: 0:00:00.420247
	[TRAIN] Epoch 27 Batch 400/650 Loss: 0.0043011421506540465, 	PPG F1: 0.9981757856692856, 	Batch Avg-T: 0:00:00.419842
	[TRAIN] Epoch 27 Batch 500/650 Loss: 0.004429864838378719, 	PPG F1: 0.9981406707346305, 	Batch Avg-T: 0:00:00.419904
	[TRAIN] Epoch 27 Batch 600/650 Loss: 0.004653834113678795, 	PPG F1: 0.9980572943692887, 	Batch Avg-T: 0:00:00.419904
[TRAIN] Epoch 27 Loss: 0.004554730158594723,             	PPG F1: 0.9981036216289321
Time - 0:04:32.806241
[VAL] Epoch 27 Loss: 0.7638094252294084
[VAL] 	PPG      F1: 0.7138
[VAL] 	PPG ROC AUC: 0.9552
[VAL] 	PPG PR  AUC: 0.8825
Epoch 27 finished. t = 0:04:44.108984


Epoch 28 training...
	[TRAIN] Epoch 28 Batch 0/650 Loss: 0.0011269984534010291, 	PPG F1: 0.9990950226244344, 	Batch Avg-T: 0:00:00.463370
	[TRAIN] Epoch 28 Batch 100/650 Loss: 0.0025983720929661563, 	PPG F1: 0.9988591883283423, 	Batch Avg-T: 0:00:00.421255
	[TRAIN] Epoch 28 Batch 200/650 Loss: 0.0036817884741035933, 	PPG F1: 0.9983807929664782, 	Batch Avg-T: 0:00:00.421004
	[TRAIN] Epoch 28 Batch 300/650 Loss: 0.004465163937743531, 	PPG F1: 0.9980410113685912, 	Batch Avg-T: 0:00:00.420967
	[TRAIN] Epoch 28 Batch 400/650 Loss: 0.004591848885260483, 	PPG F1: 0.9980291028432269, 	Batch Avg-T: 0:00:00.420942
	[TRAIN] Epoch 28 Batch 500/650 Loss: 0.00440184867746469, 	PPG F1: 0.9980968792804217, 	Batch Avg-T: 0:00:00.421133
	[TRAIN] Epoch 28 Batch 600/650 Loss: 0.004466356834610374, 	PPG F1: 0.9980531008791648, 	Batch Avg-T: 0:00:00.421124
[TRAIN] Epoch 28 Loss: 0.0046352639945465715,             	PPG F1: 0.9979901479331864
Time - 0:04:33.627931
[VAL] Epoch 28 Loss: 0.624183757999258
[VAL] 	PPG      F1: 0.7198
[VAL] 	PPG ROC AUC: 0.9583
[VAL] 	PPG PR  AUC: 0.8867
Epoch 28 finished. t = 0:04:44.692473


Epoch 29 training...
	[TRAIN] Epoch 29 Batch 0/650 Loss: 0.007294340990483761, 	PPG F1: 0.9972652689152234, 	Batch Avg-T: 0:00:00.472315
	[TRAIN] Epoch 29 Batch 100/650 Loss: 0.00544859890394964, 	PPG F1: 0.9976106009375838, 	Batch Avg-T: 0:00:00.421015
	[TRAIN] Epoch 29 Batch 200/650 Loss: 0.005293292965594012, 	PPG F1: 0.9977167615893536, 	Batch Avg-T: 0:00:00.421105
	[TRAIN] Epoch 29 Batch 300/650 Loss: 0.005165260894675785, 	PPG F1: 0.9977723611474242, 	Batch Avg-T: 0:00:00.421439
	[TRAIN] Epoch 29 Batch 400/650 Loss: 0.0050320688999017605, 	PPG F1: 0.9978638762039013, 	Batch Avg-T: 0:00:00.421341
	[TRAIN] Epoch 29 Batch 500/650 Loss: 0.004990682103592129, 	PPG F1: 0.9978886341899829, 	Batch Avg-T: 0:00:00.421032
	[TRAIN] Epoch 29 Batch 600/650 Loss: 0.005122674193551699, 	PPG F1: 0.9978061840213673, 	Batch Avg-T: 0:00:00.421097
[TRAIN] Epoch 29 Loss: 0.005063695402977128,             	PPG F1: 0.9978332009744213
Time - 0:04:33.609437
[VAL] Epoch 29 Loss: 1.1146503411663804
[VAL] 	PPG      F1: 0.6701
[VAL] 	PPG ROC AUC: 0.9398
[VAL] 	PPG PR  AUC: 0.8462
Epoch 29 finished. t = 0:04:44.904108


