JOB START
Thu Apr  6 00:48:17 2023       
+-----------------------------------------------------------------------------+
| NVIDIA-SMI 470.74       Driver Version: 470.74       CUDA Version: 11.4     |
|-------------------------------+----------------------+----------------------+
| GPU  Name        Persistence-M| Bus-Id        Disp.A | Volatile Uncorr. ECC |
| Fan  Temp  Perf  Pwr:Usage/Cap|         Memory-Usage | GPU-Util  Compute M. |
|                               |                      |               MIG M. |
|===============================+======================+======================|
|   0  Tesla K80           Off  | 00000000:04:00.0 Off |                    0 |
| N/A   45C    P0    74W / 149W |      0MiB / 11441MiB |     98%      Default |
|                               |                      |                  N/A |
+-------------------------------+----------------------+----------------------+
                                                                               
+-----------------------------------------------------------------------------+
| Processes:                                                                  |
|  GPU   GI   CI        PID   Type   Process name                  GPU Memory |
|        ID   ID                                                   Usage      |
|=============================================================================|
|  No running processes found                                                 |
+-----------------------------------------------------------------------------+
BATCH_SIZE 1280
NUM_EPOCHS 30
device cuda
PPG_LR 0.0001
BD_PERC 0.05
BD_TARGET_CLASS 1
BD_DIFF 3
COMMENT diff3
MODEL_FOLDER res34_epoch_30_ppglr_0.0001_BDPERC_0.05_1_3_diff3
Creating datasets
dataset finished
dataset finished
Dataset finished
Epoch 0 training...
	[TRAIN] Epoch 0 Batch 0/650 Loss: 0.7362033724784851, 	PPG F1: 0.30515463917525776, 	Batch Avg-T: 0:00:00.462778
	[TRAIN] Epoch 0 Batch 100/650 Loss: 0.40929160377766827, 	PPG F1: 0.7371941922957078, 	Batch Avg-T: 0:00:00.296609
	[TRAIN] Epoch 0 Batch 200/650 Loss: 0.3304968310232779, 	PPG F1: 0.795583570719128, 	Batch Avg-T: 0:00:00.297501
	[TRAIN] Epoch 0 Batch 300/650 Loss: 0.285837128906947, 	PPG F1: 0.8277441044149715, 	Batch Avg-T: 0:00:00.298010
	[TRAIN] Epoch 0 Batch 400/650 Loss: 0.25456148189053573, 	PPG F1: 0.8490803034506286, 	Batch Avg-T: 0:00:00.299114
	[TRAIN] Epoch 0 Batch 500/650 Loss: 0.23018562054622196, 	PPG F1: 0.8652427201208065, 	Batch Avg-T: 0:00:00.299965
	[TRAIN] Epoch 0 Batch 600/650 Loss: 0.21113809708896372, 	PPG F1: 0.8775836213979974, 	Batch Avg-T: 0:00:00.300595
[TRAIN] Epoch 0 Loss: 0.20332153593118374,             	PPG F1: 0.8826069046582482
Time - 0:03:15.465636
[VAL] Epoch 0 Loss: 0.3667576853178079
[VAL] 	PPG      F1: 0.5777
[VAL] 	PPG ROC AUC: 0.9094
[VAL] 	PPG PR  AUC: 0.6963
Epoch 0 finished. t = 0:03:32.682962
Saving...


Epoch 1 training...
	[TRAIN] Epoch 1 Batch 0/650 Loss: 0.11468128859996796, 	PPG F1: 0.9292502639915522, 	Batch Avg-T: 0:00:00.365119
	[TRAIN] Epoch 1 Batch 100/650 Loss: 0.5782530453830662, 	PPG F1: 0.6066009952713269, 	Batch Avg-T: 0:00:00.314640
	[TRAIN] Epoch 1 Batch 200/650 Loss: 0.4546981232231529, 	PPG F1: 0.7008345749160944, 	Batch Avg-T: 0:00:00.314630
	[TRAIN] Epoch 1 Batch 300/650 Loss: 0.40009026942261033, 	PPG F1: 0.7428746963613213, 	Batch Avg-T: 0:00:00.314743
	[TRAIN] Epoch 1 Batch 400/650 Loss: 0.36273114167692655, 	PPG F1: 0.77137882808334, 	Batch Avg-T: 0:00:00.314548
	[TRAIN] Epoch 1 Batch 500/650 Loss: 0.3367015082322195, 	PPG F1: 0.7908380813333231, 	Batch Avg-T: 0:00:00.314420
	[TRAIN] Epoch 1 Batch 600/650 Loss: 0.31657599926788277, 	PPG F1: 0.8057373088153883, 	Batch Avg-T: 0:00:00.314436
[TRAIN] Epoch 1 Loss: 0.3080648129949203,             	PPG F1: 0.8117923070414632
Time - 0:03:24.295649
[VAL] Epoch 1 Loss: 0.8707522987919366
[VAL] 	PPG      F1: 0.3526
[VAL] 	PPG ROC AUC: 0.7813
[VAL] 	PPG PR  AUC: 0.2882
Epoch 1 finished. t = 0:03:41.571123


Epoch 2 training...
	[TRAIN] Epoch 2 Batch 0/650 Loss: 0.2123410701751709, 	PPG F1: 0.8779527559055118, 	Batch Avg-T: 0:00:00.361152
	[TRAIN] Epoch 2 Batch 100/650 Loss: 0.1963190139815359, 	PPG F1: 0.8914178379460308, 	Batch Avg-T: 0:00:00.314858
	[TRAIN] Epoch 2 Batch 200/650 Loss: 0.19040284672779823, 	PPG F1: 0.8966229168315258, 	Batch Avg-T: 0:00:00.314843
	[TRAIN] Epoch 2 Batch 300/650 Loss: 0.18205435910692247, 	PPG F1: 0.9018654605086699, 	Batch Avg-T: 0:00:00.315071
	[TRAIN] Epoch 2 Batch 400/650 Loss: 0.1773655265383887, 	PPG F1: 0.9048836350513731, 	Batch Avg-T: 0:00:00.315124
	[TRAIN] Epoch 2 Batch 500/650 Loss: 0.1714160495889401, 	PPG F1: 0.9086516224121622, 	Batch Avg-T: 0:00:00.315038
	[TRAIN] Epoch 2 Batch 600/650 Loss: 0.16656925487091856, 	PPG F1: 0.9114241451318663, 	Batch Avg-T: 0:00:00.314943
[TRAIN] Epoch 2 Loss: 0.1642022175513781,             	PPG F1: 0.9128426456852279
Time - 0:03:24.643266
[VAL] Epoch 2 Loss: 0.7546456710860483
[VAL] 	PPG      F1: 0.4257
[VAL] 	PPG ROC AUC: 0.8669
[VAL] 	PPG PR  AUC: 0.5312
Epoch 2 finished. t = 0:03:41.925185


Epoch 3 training...
	[TRAIN] Epoch 3 Batch 0/650 Loss: 0.12344558537006378, 	PPG F1: 0.9331941544885177, 	Batch Avg-T: 0:00:00.366683
	[TRAIN] Epoch 3 Batch 100/650 Loss: 0.13483967071417535, 	PPG F1: 0.9302365606471111, 	Batch Avg-T: 0:00:00.314483
	[TRAIN] Epoch 3 Batch 200/650 Loss: 0.1292767888722728, 	PPG F1: 0.9328028099932868, 	Batch Avg-T: 0:00:00.314754
	[TRAIN] Epoch 3 Batch 300/650 Loss: 0.1262499670006112, 	PPG F1: 0.9343396656680237, 	Batch Avg-T: 0:00:00.314808
	[TRAIN] Epoch 3 Batch 400/650 Loss: 0.12335741072149943, 	PPG F1: 0.9357814966993273, 	Batch Avg-T: 0:00:00.314735
	[TRAIN] Epoch 3 Batch 500/650 Loss: 0.12004791735532042, 	PPG F1: 0.9377580998818811, 	Batch Avg-T: 0:00:00.314783
	[TRAIN] Epoch 3 Batch 600/650 Loss: 0.11793415325255244, 	PPG F1: 0.9389480529617711, 	Batch Avg-T: 0:00:00.314765
[TRAIN] Epoch 3 Loss: 0.11758678443156756,             	PPG F1: 0.9391849488986579
Time - 0:03:24.719821
[VAL] Epoch 3 Loss: 0.5325418084273084
[VAL] 	PPG      F1: 0.5091
[VAL] 	PPG ROC AUC: 0.8992
[VAL] 	PPG PR  AUC: 0.6145
Epoch 3 finished. t = 0:03:41.941161


Epoch 4 training...
	[TRAIN] Epoch 4 Batch 0/650 Loss: 0.09808732569217682, 	PPG F1: 0.9521016617790812, 	Batch Avg-T: 0:00:00.373934
	[TRAIN] Epoch 4 Batch 100/650 Loss: 0.09705464593549766, 	PPG F1: 0.9501831391527743, 	Batch Avg-T: 0:00:00.315507
	[TRAIN] Epoch 4 Batch 200/650 Loss: 0.09602630609155294, 	PPG F1: 0.9510166632456881, 	Batch Avg-T: 0:00:00.315010
	[TRAIN] Epoch 4 Batch 300/650 Loss: 0.09619817152569857, 	PPG F1: 0.9510475095351363, 	Batch Avg-T: 0:00:00.315436
	[TRAIN] Epoch 4 Batch 400/650 Loss: 0.09374825811557044, 	PPG F1: 0.952154975968395, 	Batch Avg-T: 0:00:00.315303
	[TRAIN] Epoch 4 Batch 500/650 Loss: 0.09260453660777229, 	PPG F1: 0.9528593291600723, 	Batch Avg-T: 0:00:00.315244
	[TRAIN] Epoch 4 Batch 600/650 Loss: 0.09163432018505951, 	PPG F1: 0.9532637898422606, 	Batch Avg-T: 0:00:00.315255
[TRAIN] Epoch 4 Loss: 0.09078546275313083,             	PPG F1: 0.9537374293129799
Time - 0:03:24.820167
[VAL] Epoch 4 Loss: 0.7069897353358101
[VAL] 	PPG      F1: 0.4751
[VAL] 	PPG ROC AUC: 0.9252
[VAL] 	PPG PR  AUC: 0.7136
Epoch 4 finished. t = 0:03:42.032000


Epoch 5 training...
	[TRAIN] Epoch 5 Batch 0/650 Loss: 0.07678880542516708, 	PPG F1: 0.9643564356435644, 	Batch Avg-T: 0:00:00.364662
	[TRAIN] Epoch 5 Batch 100/650 Loss: 0.08121157160932475, 	PPG F1: 0.9588022748333994, 	Batch Avg-T: 0:00:00.315720
	[TRAIN] Epoch 5 Batch 200/650 Loss: 0.07742975885743525, 	PPG F1: 0.9609922705627193, 	Batch Avg-T: 0:00:00.315342
	[TRAIN] Epoch 5 Batch 300/650 Loss: 0.07715127893114011, 	PPG F1: 0.9612290858357393, 	Batch Avg-T: 0:00:00.315143
	[TRAIN] Epoch 5 Batch 400/650 Loss: 0.07502116129136739, 	PPG F1: 0.9622003657603505, 	Batch Avg-T: 0:00:00.315208
	[TRAIN] Epoch 5 Batch 500/650 Loss: 0.07334007440272444, 	PPG F1: 0.9631179745183456, 	Batch Avg-T: 0:00:00.315221
	[TRAIN] Epoch 5 Batch 600/650 Loss: 0.07227179119223962, 	PPG F1: 0.9636287236335214, 	Batch Avg-T: 0:00:00.315175
[TRAIN] Epoch 5 Loss: 0.07171003568630951,             	PPG F1: 0.9639650452402984
Time - 0:03:24.820889
[VAL] Epoch 5 Loss: 1.0347567192079958
[VAL] 	PPG      F1: 0.4446
[VAL] 	PPG ROC AUC: 0.9089
[VAL] 	PPG PR  AUC: 0.6448
Epoch 5 finished. t = 0:03:42.115780


Epoch 6 training...
	[TRAIN] Epoch 6 Batch 0/650 Loss: 0.09010975062847137, 	PPG F1: 0.9565217391304347, 	Batch Avg-T: 0:00:00.361367
	[TRAIN] Epoch 6 Batch 100/650 Loss: 0.06133742608351282, 	PPG F1: 0.9698784617242963, 	Batch Avg-T: 0:00:00.316458
	[TRAIN] Epoch 6 Batch 200/650 Loss: 0.059737640456180664, 	PPG F1: 0.9704816579546837, 	Batch Avg-T: 0:00:00.316775
	[TRAIN] Epoch 6 Batch 300/650 Loss: 0.058933057088986586, 	PPG F1: 0.9707258550129141, 	Batch Avg-T: 0:00:00.316428
	[TRAIN] Epoch 6 Batch 400/650 Loss: 0.05774403561343279, 	PPG F1: 0.9714290932148849, 	Batch Avg-T: 0:00:00.316209
	[TRAIN] Epoch 6 Batch 500/650 Loss: 0.057247978819166115, 	PPG F1: 0.9717262485269206, 	Batch Avg-T: 0:00:00.316253
	[TRAIN] Epoch 6 Batch 600/650 Loss: 0.05669867775454101, 	PPG F1: 0.9719995579813918, 	Batch Avg-T: 0:00:00.316139
[TRAIN] Epoch 6 Loss: 0.05625219337069071,             	PPG F1: 0.9721962453653058
Time - 0:03:25.371532
[VAL] Epoch 6 Loss: 0.5563225618013208
[VAL] 	PPG      F1: 0.5544
[VAL] 	PPG ROC AUC: 0.9327
[VAL] 	PPG PR  AUC: 0.7712
Epoch 6 finished. t = 0:03:42.668211


Epoch 7 training...
	[TRAIN] Epoch 7 Batch 0/650 Loss: 0.04210382699966431, 	PPG F1: 0.9766497461928934, 	Batch Avg-T: 0:00:00.372358
	[TRAIN] Epoch 7 Batch 100/650 Loss: 0.047636590436986176, 	PPG F1: 0.9770335656183982, 	Batch Avg-T: 0:00:00.314863
	[TRAIN] Epoch 7 Batch 200/650 Loss: 0.050798674674695406, 	PPG F1: 0.9754672385616078, 	Batch Avg-T: 0:00:00.314629
	[TRAIN] Epoch 7 Batch 300/650 Loss: 0.04906087033945659, 	PPG F1: 0.9762103315145997, 	Batch Avg-T: 0:00:00.314870
	[TRAIN] Epoch 7 Batch 400/650 Loss: 0.04802015224504203, 	PPG F1: 0.976511768799874, 	Batch Avg-T: 0:00:00.314771
	[TRAIN] Epoch 7 Batch 500/650 Loss: 0.04802799425617663, 	PPG F1: 0.9764645624295047, 	Batch Avg-T: 0:00:00.314842
	[TRAIN] Epoch 7 Batch 600/650 Loss: 0.04753131563844974, 	PPG F1: 0.9765875313865413, 	Batch Avg-T: 0:00:00.314817
[TRAIN] Epoch 7 Loss: 0.04714988899918703,             	PPG F1: 0.9768332214629822
Time - 0:03:24.667267
[VAL] Epoch 7 Loss: 0.9047003203316235
[VAL] 	PPG      F1: 0.4738
[VAL] 	PPG ROC AUC: 0.9188
[VAL] 	PPG PR  AUC: 0.7203
Epoch 7 finished. t = 0:03:41.884436


Epoch 8 training...
	[TRAIN] Epoch 8 Batch 0/650 Loss: 0.047319501638412476, 	PPG F1: 0.9769769769769769, 	Batch Avg-T: 0:00:00.367453
	[TRAIN] Epoch 8 Batch 100/650 Loss: 0.0381556247720624, 	PPG F1: 0.9809031453097958, 	Batch Avg-T: 0:00:00.315376
	[TRAIN] Epoch 8 Batch 200/650 Loss: 0.03935820636205116, 	PPG F1: 0.9807579729634348, 	Batch Avg-T: 0:00:00.314804
	[TRAIN] Epoch 8 Batch 300/650 Loss: 0.03972590648479438, 	PPG F1: 0.9805735873544809, 	Batch Avg-T: 0:00:00.314855
	[TRAIN] Epoch 8 Batch 400/650 Loss: 0.03902745603158735, 	PPG F1: 0.9808784351676306, 	Batch Avg-T: 0:00:00.314843
	[TRAIN] Epoch 8 Batch 500/650 Loss: 0.038178235275704346, 	PPG F1: 0.9813377617867363, 	Batch Avg-T: 0:00:00.314936
	[TRAIN] Epoch 8 Batch 600/650 Loss: 0.037808190133986674, 	PPG F1: 0.9814616559815638, 	Batch Avg-T: 0:00:00.314864
[TRAIN] Epoch 8 Loss: 0.03779236764718707,             	PPG F1: 0.9815027012961999
Time - 0:03:24.642288
[VAL] Epoch 8 Loss: 0.7048905394699089
[VAL] 	PPG      F1: 0.5375
[VAL] 	PPG ROC AUC: 0.9203
[VAL] 	PPG PR  AUC: 0.7282
Epoch 8 finished. t = 0:03:41.859988


Epoch 9 training...
	[TRAIN] Epoch 9 Batch 0/650 Loss: 0.027144666761159897, 	PPG F1: 0.9882583170254403, 	Batch Avg-T: 0:00:00.365607
	[TRAIN] Epoch 9 Batch 100/650 Loss: 0.032646911310972554, 	PPG F1: 0.983532899885887, 	Batch Avg-T: 0:00:00.315541
	[TRAIN] Epoch 9 Batch 200/650 Loss: 0.031182609123191728, 	PPG F1: 0.9845274133265128, 	Batch Avg-T: 0:00:00.315202
	[TRAIN] Epoch 9 Batch 300/650 Loss: 0.030826081490868153, 	PPG F1: 0.9849221853014176, 	Batch Avg-T: 0:00:00.315025
	[TRAIN] Epoch 9 Batch 400/650 Loss: 0.03098971598045413, 	PPG F1: 0.9848869953027543, 	Batch Avg-T: 0:00:00.314993
	[TRAIN] Epoch 9 Batch 500/650 Loss: 0.031320244960576116, 	PPG F1: 0.9847456233967726, 	Batch Avg-T: 0:00:00.315089
	[TRAIN] Epoch 9 Batch 600/650 Loss: 0.0316916491244354, 	PPG F1: 0.9845568059336878, 	Batch Avg-T: 0:00:00.315107
[TRAIN] Epoch 9 Loss: 0.03145570239052176,             	PPG F1: 0.9846997370800302
Time - 0:03:24.698886
[VAL] Epoch 9 Loss: 0.6693314837059235
[VAL] 	PPG      F1: 0.5624
[VAL] 	PPG ROC AUC: 0.933
[VAL] 	PPG PR  AUC: 0.7817
Epoch 9 finished. t = 0:03:41.921826


Epoch 10 training...
	[TRAIN] Epoch 10 Batch 0/650 Loss: 0.032137662172317505, 	PPG F1: 0.9847405900305188, 	Batch Avg-T: 0:00:00.365564
	[TRAIN] Epoch 10 Batch 100/650 Loss: 0.02693555249583603, 	PPG F1: 0.9871269569047425, 	Batch Avg-T: 0:00:00.315098
	[TRAIN] Epoch 10 Batch 200/650 Loss: 0.026204173796027158, 	PPG F1: 0.9872849231336602, 	Batch Avg-T: 0:00:00.316105
	[TRAIN] Epoch 10 Batch 300/650 Loss: 0.025019264981101123, 	PPG F1: 0.9880517090574047, 	Batch Avg-T: 0:00:00.315667
	[TRAIN] Epoch 10 Batch 400/650 Loss: 0.02481634222073225, 	PPG F1: 0.988147601472563, 	Batch Avg-T: 0:00:00.315656
	[TRAIN] Epoch 10 Batch 500/650 Loss: 0.02531004444270315, 	PPG F1: 0.9878572791163095, 	Batch Avg-T: 0:00:00.315500
	[TRAIN] Epoch 10 Batch 600/650 Loss: 0.026415525005817314, 	PPG F1: 0.9872650006157904, 	Batch Avg-T: 0:00:00.315444
[TRAIN] Epoch 10 Loss: 0.026146704649122863,             	PPG F1: 0.9873979514013611
Time - 0:03:24.934238
[VAL] Epoch 10 Loss: 1.023210393102377
[VAL] 	PPG      F1: 0.4926
[VAL] 	PPG ROC AUC: 0.9105
[VAL] 	PPG PR  AUC: 0.6953
Epoch 10 finished. t = 0:03:42.193407


Epoch 11 training...
	[TRAIN] Epoch 11 Batch 0/650 Loss: 0.020218925550580025, 	PPG F1: 0.9930348258706468, 	Batch Avg-T: 0:00:00.367457
	[TRAIN] Epoch 11 Batch 100/650 Loss: 0.02276938057292511, 	PPG F1: 0.9892854989543151, 	Batch Avg-T: 0:00:00.315098
	[TRAIN] Epoch 11 Batch 200/650 Loss: 0.022289538440938613, 	PPG F1: 0.9893854951357769, 	Batch Avg-T: 0:00:00.314917
	[TRAIN] Epoch 11 Batch 300/650 Loss: 0.0231694078283304, 	PPG F1: 0.9890366627980677, 	Batch Avg-T: 0:00:00.314924
	[TRAIN] Epoch 11 Batch 400/650 Loss: 0.022246527717799468, 	PPG F1: 0.9895102750196016, 	Batch Avg-T: 0:00:00.314934
	[TRAIN] Epoch 11 Batch 500/650 Loss: 0.022508601466576735, 	PPG F1: 0.9893194731712652, 	Batch Avg-T: 0:00:00.314802
	[TRAIN] Epoch 11 Batch 600/650 Loss: 0.022291223312450724, 	PPG F1: 0.9894161128525314, 	Batch Avg-T: 0:00:00.314747
[TRAIN] Epoch 11 Loss: 0.02239446753062881,             	PPG F1: 0.989383292120043
Time - 0:03:24.533164
[VAL] Epoch 11 Loss: 0.5825352118367335
[VAL] 	PPG      F1: 0.5847
[VAL] 	PPG ROC AUC: 0.924
[VAL] 	PPG PR  AUC: 0.7715
Epoch 11 finished. t = 0:03:41.795296


Epoch 12 training...
	[TRAIN] Epoch 12 Batch 0/650 Loss: 0.025179019197821617, 	PPG F1: 0.9875835721107928, 	Batch Avg-T: 0:00:00.367151
	[TRAIN] Epoch 12 Batch 100/650 Loss: 0.017759452514018458, 	PPG F1: 0.9915451856398082, 	Batch Avg-T: 0:00:00.314816
	[TRAIN] Epoch 12 Batch 200/650 Loss: 0.017621080479144458, 	PPG F1: 0.991645959756422, 	Batch Avg-T: 0:00:00.314797
	[TRAIN] Epoch 12 Batch 300/650 Loss: 0.017912539675138717, 	PPG F1: 0.9915100807330977, 	Batch Avg-T: 0:00:00.315335
	[TRAIN] Epoch 12 Batch 400/650 Loss: 0.018135605192977813, 	PPG F1: 0.9913753748669693, 	Batch Avg-T: 0:00:00.315219
	[TRAIN] Epoch 12 Batch 500/650 Loss: 0.018252043110205087, 	PPG F1: 0.9913802092247423, 	Batch Avg-T: 0:00:00.315343
	[TRAIN] Epoch 12 Batch 600/650 Loss: 0.018468016155758337, 	PPG F1: 0.9912856018545515, 	Batch Avg-T: 0:00:00.315226
[TRAIN] Epoch 12 Loss: 0.018564904486903778,             	PPG F1: 0.9912026558861247
Time - 0:03:24.899451
[VAL] Epoch 12 Loss: 0.8966065574851385
[VAL] 	PPG      F1: 0.524
[VAL] 	PPG ROC AUC: 0.9206
[VAL] 	PPG PR  AUC: 0.7464
Epoch 12 finished. t = 0:03:42.119216


Epoch 13 training...
	[TRAIN] Epoch 13 Batch 0/650 Loss: 0.01001084502786398, 	PPG F1: 0.9969604863221885, 	Batch Avg-T: 0:00:00.370401
	[TRAIN] Epoch 13 Batch 100/650 Loss: 0.015614461748501157, 	PPG F1: 0.9927947407687511, 	Batch Avg-T: 0:00:00.315594
	[TRAIN] Epoch 13 Batch 200/650 Loss: 0.014989122156452258, 	PPG F1: 0.9929339519352844, 	Batch Avg-T: 0:00:00.314968
	[TRAIN] Epoch 13 Batch 300/650 Loss: 0.015150902524398659, 	PPG F1: 0.9929321655584924, 	Batch Avg-T: 0:00:00.315082
	[TRAIN] Epoch 13 Batch 400/650 Loss: 0.016164258010383518, 	PPG F1: 0.9923559547430988, 	Batch Avg-T: 0:00:00.315194
	[TRAIN] Epoch 13 Batch 500/650 Loss: 0.01590798438913347, 	PPG F1: 0.9924713789710927, 	Batch Avg-T: 0:00:00.315079
	[TRAIN] Epoch 13 Batch 600/650 Loss: 0.01569330073488619, 	PPG F1: 0.9925318626803024, 	Batch Avg-T: 0:00:00.315048
[TRAIN] Epoch 13 Loss: 0.015770097229128272,             	PPG F1: 0.9925116900002565
Time - 0:03:24.690313
[VAL] Epoch 13 Loss: 0.6652992306016209
[VAL] 	PPG      F1: 0.5852
[VAL] 	PPG ROC AUC: 0.9305
[VAL] 	PPG PR  AUC: 0.7753
Epoch 13 finished. t = 0:03:41.909630


Epoch 14 training...
	[TRAIN] Epoch 14 Batch 0/650 Loss: 0.009093299508094788, 	PPG F1: 0.9970149253731343, 	Batch Avg-T: 0:00:00.360818
	[TRAIN] Epoch 14 Batch 100/650 Loss: 0.011970467155448871, 	PPG F1: 0.9943580008646669, 	Batch Avg-T: 0:00:00.315466
	[TRAIN] Epoch 14 Batch 200/650 Loss: 0.015967168683065705, 	PPG F1: 0.9924190882854064, 	Batch Avg-T: 0:00:00.315164
	[TRAIN] Epoch 14 Batch 300/650 Loss: 0.015008456123980425, 	PPG F1: 0.9929016137847672, 	Batch Avg-T: 0:00:00.314831
	[TRAIN] Epoch 14 Batch 400/650 Loss: 0.015422790656748816, 	PPG F1: 0.9926719718093597, 	Batch Avg-T: 0:00:00.315023
	[TRAIN] Epoch 14 Batch 500/650 Loss: 0.015607103137039169, 	PPG F1: 0.9925687653647287, 	Batch Avg-T: 0:00:00.314949
	[TRAIN] Epoch 14 Batch 600/650 Loss: 0.015155146987070508, 	PPG F1: 0.9928163185134271, 	Batch Avg-T: 0:00:00.315044
[TRAIN] Epoch 14 Loss: 0.014881775580131663,             	PPG F1: 0.9929448759874829
Time - 0:03:24.684102
[VAL] Epoch 14 Loss: 0.8102429022384523
[VAL] 	PPG      F1: 0.5734
[VAL] 	PPG ROC AUC: 0.9386
[VAL] 	PPG PR  AUC: 0.7864
Epoch 14 finished. t = 0:03:41.960173


Epoch 15 training...
	[TRAIN] Epoch 15 Batch 0/650 Loss: 0.007826673798263073, 	PPG F1: 0.9962335216572504, 	Batch Avg-T: 0:00:00.367714
	[TRAIN] Epoch 15 Batch 100/650 Loss: 0.011338897878165808, 	PPG F1: 0.9945522468388339, 	Batch Avg-T: 0:00:00.317448
	[TRAIN] Epoch 15 Batch 200/650 Loss: 0.012698776685790303, 	PPG F1: 0.994072734676595, 	Batch Avg-T: 0:00:00.316352
	[TRAIN] Epoch 15 Batch 300/650 Loss: 0.011840545514712971, 	PPG F1: 0.9944722258721992, 	Batch Avg-T: 0:00:00.315878
	[TRAIN] Epoch 15 Batch 400/650 Loss: 0.012007130145332183, 	PPG F1: 0.9943500025146208, 	Batch Avg-T: 0:00:00.315688
	[TRAIN] Epoch 15 Batch 500/650 Loss: 0.012244445556903, 	PPG F1: 0.9942907338631473, 	Batch Avg-T: 0:00:00.315571
	[TRAIN] Epoch 15 Batch 600/650 Loss: 0.012640019104902799, 	PPG F1: 0.9941334813201577, 	Batch Avg-T: 0:00:00.315441
[TRAIN] Epoch 15 Loss: 0.012517387877899007,             	PPG F1: 0.9941726085215847
Time - 0:03:24.965236
[VAL] Epoch 15 Loss: 0.8070561964690021
[VAL] 	PPG      F1: 0.5885
[VAL] 	PPG ROC AUC: 0.9435
[VAL] 	PPG PR  AUC: 0.7969
Epoch 15 finished. t = 0:03:42.241449


Epoch 16 training...
	[TRAIN] Epoch 16 Batch 0/650 Loss: 0.004903596825897694, 	PPG F1: 0.9990243902439024, 	Batch Avg-T: 0:00:00.371883
	[TRAIN] Epoch 16 Batch 100/650 Loss: 0.008280541042400764, 	PPG F1: 0.9960214390476547, 	Batch Avg-T: 0:00:00.314418
	[TRAIN] Epoch 16 Batch 200/650 Loss: 0.00987314870604198, 	PPG F1: 0.9952403190684938, 	Batch Avg-T: 0:00:00.315117
	[TRAIN] Epoch 16 Batch 300/650 Loss: 0.01072491223434995, 	PPG F1: 0.9948358703435787, 	Batch Avg-T: 0:00:00.315055
	[TRAIN] Epoch 16 Batch 400/650 Loss: 0.010962270421470676, 	PPG F1: 0.994736638649581, 	Batch Avg-T: 0:00:00.315089
	[TRAIN] Epoch 16 Batch 500/650 Loss: 0.011539866124463831, 	PPG F1: 0.9945129572565676, 	Batch Avg-T: 0:00:00.315044
	[TRAIN] Epoch 16 Batch 600/650 Loss: 0.01154746002782626, 	PPG F1: 0.9945086708503952, 	Batch Avg-T: 0:00:00.314983
[TRAIN] Epoch 16 Loss: 0.011506228455557273,             	PPG F1: 0.9945371241735225
Time - 0:03:24.737551
[VAL] Epoch 16 Loss: 1.0941758409699343
[VAL] 	PPG      F1: 0.5208
[VAL] 	PPG ROC AUC: 0.9288
[VAL] 	PPG PR  AUC: 0.7486
Epoch 16 finished. t = 0:03:41.953330


Epoch 17 training...
	[TRAIN] Epoch 17 Batch 0/650 Loss: 0.008985189720988274, 	PPG F1: 0.9925293489861259, 	Batch Avg-T: 0:00:00.364934
	[TRAIN] Epoch 17 Batch 100/650 Loss: 0.007214940678660233, 	PPG F1: 0.9967147608851109, 	Batch Avg-T: 0:00:00.315912
	[TRAIN] Epoch 17 Batch 200/650 Loss: 0.008308584411484908, 	PPG F1: 0.9960967509545414, 	Batch Avg-T: 0:00:00.315323
	[TRAIN] Epoch 17 Batch 300/650 Loss: 0.009170670075453446, 	PPG F1: 0.9957177503393726, 	Batch Avg-T: 0:00:00.315413
	[TRAIN] Epoch 17 Batch 400/650 Loss: 0.009101216719622846, 	PPG F1: 0.9957790802549985, 	Batch Avg-T: 0:00:00.315235
	[TRAIN] Epoch 17 Batch 500/650 Loss: 0.009485014219361241, 	PPG F1: 0.9955705086673832, 	Batch Avg-T: 0:00:00.315250
	[TRAIN] Epoch 17 Batch 600/650 Loss: 0.00970686942001126, 	PPG F1: 0.9954540154456741, 	Batch Avg-T: 0:00:00.315112
[TRAIN] Epoch 17 Loss: 0.009779440562527341,             	PPG F1: 0.9954163827454121
Time - 0:03:24.780744
[VAL] Epoch 17 Loss: 0.9419712772074598
[VAL] 	PPG      F1: 0.5355
[VAL] 	PPG ROC AUC: 0.936
[VAL] 	PPG PR  AUC: 0.7851
Epoch 17 finished. t = 0:03:42.021316


Epoch 18 training...
	[TRAIN] Epoch 18 Batch 0/650 Loss: 0.008207499980926514, 	PPG F1: 0.9960552268244576, 	Batch Avg-T: 0:00:00.364251
	[TRAIN] Epoch 18 Batch 100/650 Loss: 0.007035931553876046, 	PPG F1: 0.9967369940753364, 	Batch Avg-T: 0:00:00.315762
	[TRAIN] Epoch 18 Batch 200/650 Loss: 0.008931372939048344, 	PPG F1: 0.9959039615140439, 	Batch Avg-T: 0:00:00.315351
	[TRAIN] Epoch 18 Batch 300/650 Loss: 0.008687250375704364, 	PPG F1: 0.996011201423423, 	Batch Avg-T: 0:00:00.314967
	[TRAIN] Epoch 18 Batch 400/650 Loss: 0.009557840473569019, 	PPG F1: 0.9955647728272123, 	Batch Avg-T: 0:00:00.315050
	[TRAIN] Epoch 18 Batch 500/650 Loss: 0.009435630946730575, 	PPG F1: 0.9956126965571322, 	Batch Avg-T: 0:00:00.314942
	[TRAIN] Epoch 18 Batch 600/650 Loss: 0.00968162208437585, 	PPG F1: 0.9954522068734245, 	Batch Avg-T: 0:00:00.315006
[TRAIN] Epoch 18 Loss: 0.009806611745331723,             	PPG F1: 0.995379865983292
Time - 0:03:24.688649
[VAL] Epoch 18 Loss: 0.9085077564800461
[VAL] 	PPG      F1: 0.5618
[VAL] 	PPG ROC AUC: 0.9455
[VAL] 	PPG PR  AUC: 0.8077
Epoch 18 finished. t = 0:03:41.938507


Epoch 19 training...
	[TRAIN] Epoch 19 Batch 0/650 Loss: 0.010238971561193466, 	PPG F1: 0.9950248756218906, 	Batch Avg-T: 0:00:00.372236
	[TRAIN] Epoch 19 Batch 100/650 Loss: 0.008735265677315321, 	PPG F1: 0.9959706430230537, 	Batch Avg-T: 0:00:00.316632
	[TRAIN] Epoch 19 Batch 200/650 Loss: 0.007635116351847143, 	PPG F1: 0.9965347934556849, 	Batch Avg-T: 0:00:00.315689
	[TRAIN] Epoch 19 Batch 300/650 Loss: 0.007736894999788548, 	PPG F1: 0.9964716751791618, 	Batch Avg-T: 0:00:00.315630
	[TRAIN] Epoch 19 Batch 400/650 Loss: 0.00862161582713236, 	PPG F1: 0.9959965634856769, 	Batch Avg-T: 0:00:00.315452
	[TRAIN] Epoch 19 Batch 500/650 Loss: 0.008208233513404613, 	PPG F1: 0.9962210064846226, 	Batch Avg-T: 0:00:00.315374
	[TRAIN] Epoch 19 Batch 600/650 Loss: 0.008807215620934058, 	PPG F1: 0.9959490940057347, 	Batch Avg-T: 0:00:00.315395
[TRAIN] Epoch 19 Loss: 0.008788466829484186,             	PPG F1: 0.9959558758730832
Time - 0:03:24.937170
[VAL] Epoch 19 Loss: 0.47594393403177443
[VAL] 	PPG      F1: 0.6952
[VAL] 	PPG ROC AUC: 0.9591
[VAL] 	PPG PR  AUC: 0.8425
Epoch 19 finished. t = 0:03:42.194122


Epoch 20 training...
	[TRAIN] Epoch 20 Batch 0/650 Loss: 0.012277064844965935, 	PPG F1: 0.9947970863683663, 	Batch Avg-T: 0:00:00.367534
	[TRAIN] Epoch 20 Batch 100/650 Loss: 0.009498170610415833, 	PPG F1: 0.9953510870514648, 	Batch Avg-T: 0:00:00.316076
	[TRAIN] Epoch 20 Batch 200/650 Loss: 0.009279026847972131, 	PPG F1: 0.9955797694325548, 	Batch Avg-T: 0:00:00.316032
	[TRAIN] Epoch 20 Batch 300/650 Loss: 0.008651859006508751, 	PPG F1: 0.9959427353273391, 	Batch Avg-T: 0:00:00.315681
	[TRAIN] Epoch 20 Batch 400/650 Loss: 0.008489607017112204, 	PPG F1: 0.9960400249717312, 	Batch Avg-T: 0:00:00.315432
	[TRAIN] Epoch 20 Batch 500/650 Loss: 0.008730214589322823, 	PPG F1: 0.9958949263304115, 	Batch Avg-T: 0:00:00.315489
	[TRAIN] Epoch 20 Batch 600/650 Loss: 0.009067190218404611, 	PPG F1: 0.9957558833187493, 	Batch Avg-T: 0:00:00.315336
[TRAIN] Epoch 20 Loss: 0.008947378202574328,             	PPG F1: 0.9958354587084243
Time - 0:03:24.945933
[VAL] Epoch 20 Loss: 0.9401111112781926
[VAL] 	PPG      F1: 0.5738
[VAL] 	PPG ROC AUC: 0.9532
[VAL] 	PPG PR  AUC: 0.8226
Epoch 20 finished. t = 0:03:42.222667


Epoch 21 training...
	[TRAIN] Epoch 21 Batch 0/650 Loss: 0.00870535708963871, 	PPG F1: 0.9970845481049563, 	Batch Avg-T: 0:00:00.364449
	[TRAIN] Epoch 21 Batch 100/650 Loss: 0.005894303092465616, 	PPG F1: 0.9974508300613232, 	Batch Avg-T: 0:00:00.315170
	[TRAIN] Epoch 21 Batch 200/650 Loss: 0.007532714630954375, 	PPG F1: 0.9966187797172479, 	Batch Avg-T: 0:00:00.314916
	[TRAIN] Epoch 21 Batch 300/650 Loss: 0.007732298542889287, 	PPG F1: 0.9965120470902059, 	Batch Avg-T: 0:00:00.314987
	[TRAIN] Epoch 21 Batch 400/650 Loss: 0.007494791146243534, 	PPG F1: 0.9965515274028055, 	Batch Avg-T: 0:00:00.314966
	[TRAIN] Epoch 21 Batch 500/650 Loss: 0.007797802164207237, 	PPG F1: 0.9964349094732801, 	Batch Avg-T: 0:00:00.315197
	[TRAIN] Epoch 21 Batch 600/650 Loss: 0.007874395515453598, 	PPG F1: 0.9963798256252723, 	Batch Avg-T: 0:00:00.315155
[TRAIN] Epoch 21 Loss: 0.007699792997445911,             	PPG F1: 0.9964563248740425
Time - 0:03:24.781195
[VAL] Epoch 21 Loss: 1.003516571986948
[VAL] 	PPG      F1: 0.572
[VAL] 	PPG ROC AUC: 0.9359
[VAL] 	PPG PR  AUC: 0.7759
Epoch 21 finished. t = 0:03:42.005055


Epoch 22 training...
	[TRAIN] Epoch 22 Batch 0/650 Loss: 0.0037234737537801266, 	PPG F1: 0.99812734082397, 	Batch Avg-T: 0:00:00.366131
	[TRAIN] Epoch 22 Batch 100/650 Loss: 0.00755461208904992, 	PPG F1: 0.9966597956819373, 	Batch Avg-T: 0:00:00.315864
	[TRAIN] Epoch 22 Batch 200/650 Loss: 0.007843983465045765, 	PPG F1: 0.9964268596926062, 	Batch Avg-T: 0:00:00.315140
	[TRAIN] Epoch 22 Batch 300/650 Loss: 0.007502059258854765, 	PPG F1: 0.9965411065049031, 	Batch Avg-T: 0:00:00.315340
	[TRAIN] Epoch 22 Batch 400/650 Loss: 0.007452615574489991, 	PPG F1: 0.9965703779183235, 	Batch Avg-T: 0:00:00.315199
	[TRAIN] Epoch 22 Batch 500/650 Loss: 0.007010593078217233, 	PPG F1: 0.9967818625271854, 	Batch Avg-T: 0:00:00.315021
	[TRAIN] Epoch 22 Batch 600/650 Loss: 0.006956454619518117, 	PPG F1: 0.9968177066996304, 	Batch Avg-T: 0:00:00.315046
[TRAIN] Epoch 22 Loss: 0.007092165600669642,             	PPG F1: 0.9967867959316865
Time - 0:03:24.683603
[VAL] Epoch 22 Loss: 0.8819261815602836
[VAL] 	PPG      F1: 0.5781
[VAL] 	PPG ROC AUC: 0.9333
[VAL] 	PPG PR  AUC: 0.7672
Epoch 22 finished. t = 0:03:41.916371


Epoch 23 training...
	[TRAIN] Epoch 23 Batch 0/650 Loss: 0.002349806483834982, 	PPG F1: 0.9989327641408752, 	Batch Avg-T: 0:00:00.367233
	[TRAIN] Epoch 23 Batch 100/650 Loss: 0.00473796070604078, 	PPG F1: 0.9976878212937276, 	Batch Avg-T: 0:00:00.315864
	[TRAIN] Epoch 23 Batch 200/650 Loss: 0.005815870708331873, 	PPG F1: 0.9972590907087796, 	Batch Avg-T: 0:00:00.315775
	[TRAIN] Epoch 23 Batch 300/650 Loss: 0.006153405929816596, 	PPG F1: 0.9971619220094966, 	Batch Avg-T: 0:00:00.315283
	[TRAIN] Epoch 23 Batch 400/650 Loss: 0.006026588685455223, 	PPG F1: 0.9972303997082389, 	Batch Avg-T: 0:00:00.315723
	[TRAIN] Epoch 23 Batch 500/650 Loss: 0.006330087424386962, 	PPG F1: 0.9970722204619038, 	Batch Avg-T: 0:00:00.315705
	[TRAIN] Epoch 23 Batch 600/650 Loss: 0.0062899825001637545, 	PPG F1: 0.9971166029674764, 	Batch Avg-T: 0:00:00.315799
[TRAIN] Epoch 23 Loss: 0.006408118548122449,             	PPG F1: 0.997070118310742
Time - 0:03:25.159687
[VAL] Epoch 23 Loss: 0.9973843361256035
[VAL] 	PPG      F1: 0.5431
[VAL] 	PPG ROC AUC: 0.9242
[VAL] 	PPG PR  AUC: 0.7582
Epoch 23 finished. t = 0:03:42.412021


Epoch 24 training...
	[TRAIN] Epoch 24 Batch 0/650 Loss: 0.005530311726033688, 	PPG F1: 0.9990069513406157, 	Batch Avg-T: 0:00:00.368000
	[TRAIN] Epoch 24 Batch 100/650 Loss: 0.010755609730742688, 	PPG F1: 0.9952112921733498, 	Batch Avg-T: 0:00:00.315522
	[TRAIN] Epoch 24 Batch 200/650 Loss: 0.00755100149431947, 	PPG F1: 0.9965939281824112, 	Batch Avg-T: 0:00:00.315220
	[TRAIN] Epoch 24 Batch 300/650 Loss: 0.007008124513789838, 	PPG F1: 0.9968582079705852, 	Batch Avg-T: 0:00:00.315168
	[TRAIN] Epoch 24 Batch 400/650 Loss: 0.007191422101902193, 	PPG F1: 0.9967723163255926, 	Batch Avg-T: 0:00:00.314972
	[TRAIN] Epoch 24 Batch 500/650 Loss: 0.0067274451564612635, 	PPG F1: 0.996968368578476, 	Batch Avg-T: 0:00:00.315036
	[TRAIN] Epoch 24 Batch 600/650 Loss: 0.006634257926652906, 	PPG F1: 0.9970190548150129, 	Batch Avg-T: 0:00:00.314968
[TRAIN] Epoch 24 Loss: 0.0067769758441807845,             	PPG F1: 0.9969282511139307
Time - 0:03:24.676680
[VAL] Epoch 24 Loss: 0.6994117554696907
[VAL] 	PPG      F1: 0.6258
[VAL] 	PPG ROC AUC: 0.9478
[VAL] 	PPG PR  AUC: 0.802
Epoch 24 finished. t = 0:03:41.929470


Epoch 25 training...
	[TRAIN] Epoch 25 Batch 0/650 Loss: 0.002665964188054204, 	PPG F1: 0.9980468750000001, 	Batch Avg-T: 0:00:00.370148
	[TRAIN] Epoch 25 Batch 100/650 Loss: 0.008306838970546066, 	PPG F1: 0.9962130084025431, 	Batch Avg-T: 0:00:00.314636
	[TRAIN] Epoch 25 Batch 200/650 Loss: 0.007078277206758445, 	PPG F1: 0.9968227212163377, 	Batch Avg-T: 0:00:00.314828
	[TRAIN] Epoch 25 Batch 300/650 Loss: 0.006710708920942137, 	PPG F1: 0.9969685641051649, 	Batch Avg-T: 0:00:00.315158
	[TRAIN] Epoch 25 Batch 400/650 Loss: 0.006182309963924467, 	PPG F1: 0.9971948083803006, 	Batch Avg-T: 0:00:00.315412
	[TRAIN] Epoch 25 Batch 500/650 Loss: 0.006475481556316265, 	PPG F1: 0.9970379444572435, 	Batch Avg-T: 0:00:00.315234
	[TRAIN] Epoch 25 Batch 600/650 Loss: 0.006573312904191019, 	PPG F1: 0.9969978017373309, 	Batch Avg-T: 0:00:00.315128
[TRAIN] Epoch 25 Loss: 0.006327248652523849,             	PPG F1: 0.9971113533734589
Time - 0:03:24.858853
[VAL] Epoch 25 Loss: 1.3180839278182468
[VAL] 	PPG      F1: 0.5423
[VAL] 	PPG ROC AUC: 0.9306
[VAL] 	PPG PR  AUC: 0.7629
Epoch 25 finished. t = 0:03:42.091635


Epoch 26 training...
	[TRAIN] Epoch 26 Batch 0/650 Loss: 0.003601380856707692, 	PPG F1: 0.9990645463049579, 	Batch Avg-T: 0:00:00.361127
	[TRAIN] Epoch 26 Batch 100/650 Loss: 0.00633693025948821, 	PPG F1: 0.9971750223226272, 	Batch Avg-T: 0:00:00.315907
	[TRAIN] Epoch 26 Batch 200/650 Loss: 0.005345171829598692, 	PPG F1: 0.9976709036454953, 	Batch Avg-T: 0:00:00.315255
	[TRAIN] Epoch 26 Batch 300/650 Loss: 0.005438196234481619, 	PPG F1: 0.9975801152472725, 	Batch Avg-T: 0:00:00.315353
	[TRAIN] Epoch 26 Batch 400/650 Loss: 0.005892637900719559, 	PPG F1: 0.9973452929118622, 	Batch Avg-T: 0:00:00.315308
	[TRAIN] Epoch 26 Batch 500/650 Loss: 0.0060708574108252426, 	PPG F1: 0.9972292622823867, 	Batch Avg-T: 0:00:00.315236
	[TRAIN] Epoch 26 Batch 600/650 Loss: 0.0061480201324723045, 	PPG F1: 0.9972035094257147, 	Batch Avg-T: 0:00:00.315146
[TRAIN] Epoch 26 Loss: 0.006042302411560041,             	PPG F1: 0.9972464334925495
Time - 0:03:24.784472
[VAL] Epoch 26 Loss: 1.019474537584789
[VAL] 	PPG      F1: 0.5813
[VAL] 	PPG ROC AUC: 0.945
[VAL] 	PPG PR  AUC: 0.7987
Epoch 26 finished. t = 0:03:42.029529


Epoch 27 training...
	[TRAIN] Epoch 27 Batch 0/650 Loss: 0.0027856561355292797, 	PPG F1: 0.9979674796747968, 	Batch Avg-T: 0:00:00.367173
	[TRAIN] Epoch 27 Batch 100/650 Loss: 0.005673506838617625, 	PPG F1: 0.997597978724296, 	Batch Avg-T: 0:00:00.315668
	[TRAIN] Epoch 27 Batch 200/650 Loss: 0.005811752542240582, 	PPG F1: 0.9973750819133866, 	Batch Avg-T: 0:00:00.315468
	[TRAIN] Epoch 27 Batch 300/650 Loss: 0.005539440622524609, 	PPG F1: 0.9975004523071894, 	Batch Avg-T: 0:00:00.315068
	[TRAIN] Epoch 27 Batch 400/650 Loss: 0.0052986127118135285, 	PPG F1: 0.9976146577813656, 	Batch Avg-T: 0:00:00.314970
	[TRAIN] Epoch 27 Batch 500/650 Loss: 0.005149447648730705, 	PPG F1: 0.997680480060063, 	Batch Avg-T: 0:00:00.314920
	[TRAIN] Epoch 27 Batch 600/650 Loss: 0.005067739027624751, 	PPG F1: 0.9977306471162192, 	Batch Avg-T: 0:00:00.314968
[TRAIN] Epoch 27 Loss: 0.005116659195404142,             	PPG F1: 0.9976977114074252
Time - 0:03:24.644328
[VAL] Epoch 27 Loss: 1.5527728394591793
[VAL] 	PPG      F1: 0.5186
[VAL] 	PPG ROC AUC: 0.927
[VAL] 	PPG PR  AUC: 0.7342
Epoch 27 finished. t = 0:03:41.914623


Epoch 28 training...
	[TRAIN] Epoch 28 Batch 0/650 Loss: 0.003627149388194084, 	PPG F1: 0.9990356798457087, 	Batch Avg-T: 0:00:00.373848
	[TRAIN] Epoch 28 Batch 100/650 Loss: 0.014015757791135498, 	PPG F1: 0.9940825381328585, 	Batch Avg-T: 0:00:00.316209
	[TRAIN] Epoch 28 Batch 200/650 Loss: 0.008708921836113409, 	PPG F1: 0.9962339211239158, 	Batch Avg-T: 0:00:00.315812
	[TRAIN] Epoch 28 Batch 300/650 Loss: 0.00707830623526318, 	PPG F1: 0.9969129302025208, 	Batch Avg-T: 0:00:00.315383
	[TRAIN] Epoch 28 Batch 400/650 Loss: 0.006156603906314095, 	PPG F1: 0.9973228346655654, 	Batch Avg-T: 0:00:00.315160
	[TRAIN] Epoch 28 Batch 500/650 Loss: 0.006158412155205432, 	PPG F1: 0.9973120563618245, 	Batch Avg-T: 0:00:00.315147
	[TRAIN] Epoch 28 Batch 600/650 Loss: 0.005925014284795798, 	PPG F1: 0.9974164860681032, 	Batch Avg-T: 0:00:00.315057
[TRAIN] Epoch 28 Loss: 0.005978917345010604,             	PPG F1: 0.9974022475307154
Time - 0:03:24.720571
[VAL] Epoch 28 Loss: 0.9573113161196306
[VAL] 	PPG      F1: 0.5674
[VAL] 	PPG ROC AUC: 0.9394
[VAL] 	PPG PR  AUC: 0.7878
Epoch 28 finished. t = 0:03:41.964809


Epoch 29 training...
	[TRAIN] Epoch 29 Batch 0/650 Loss: 0.0019212558399885893, 	PPG F1: 1.0, 	Batch Avg-T: 0:00:00.364918
	[TRAIN] Epoch 29 Batch 100/650 Loss: 0.00492023620270377, 	PPG F1: 0.9978234579862042, 	Batch Avg-T: 0:00:00.314712
	[TRAIN] Epoch 29 Batch 200/650 Loss: 0.00461485600956155, 	PPG F1: 0.997938068673013, 	Batch Avg-T: 0:00:00.314885
	[TRAIN] Epoch 29 Batch 300/650 Loss: 0.0050814037508659215, 	PPG F1: 0.9976584501439154, 	Batch Avg-T: 0:00:00.315235
	[TRAIN] Epoch 29 Batch 400/650 Loss: 0.0050189235876778844, 	PPG F1: 0.9976747975744712, 	Batch Avg-T: 0:00:00.315084
	[TRAIN] Epoch 29 Batch 500/650 Loss: 0.0051460051303775884, 	PPG F1: 0.9976187520311376, 	Batch Avg-T: 0:00:00.314999
	[TRAIN] Epoch 29 Batch 600/650 Loss: 0.005333782106381493, 	PPG F1: 0.9975427930371038, 	Batch Avg-T: 0:00:00.315146
[TRAIN] Epoch 29 Loss: 0.005350967495469376,             	PPG F1: 0.9975459048554789
Time - 0:03:24.764978
[VAL] Epoch 29 Loss: 0.7532753042703115
[VAL] 	PPG      F1: 0.608
[VAL] 	PPG ROC AUC: 0.9375
[VAL] 	PPG PR  AUC: 0.8024
Epoch 29 finished. t = 0:03:42.031801


