JOB START
Wed Apr  5 21:38:15 2023       
+-----------------------------------------------------------------------------+
| NVIDIA-SMI 470.74       Driver Version: 470.74       CUDA Version: 11.4     |
|-------------------------------+----------------------+----------------------+
| GPU  Name        Persistence-M| Bus-Id        Disp.A | Volatile Uncorr. ECC |
| Fan  Temp  Perf  Pwr:Usage/Cap|         Memory-Usage | GPU-Util  Compute M. |
|                               |                      |               MIG M. |
|===============================+======================+======================|
|   0  NVIDIA GeForce ...  Off  | 00000000:82:00.0 Off |                  N/A |
| 35%   30C    P0    41W / 250W |      0MiB / 11019MiB |      0%      Default |
|                               |                      |                  N/A |
+-------------------------------+----------------------+----------------------+
                                                                               
+-----------------------------------------------------------------------------+
| Processes:                                                                  |
|  GPU   GI   CI        PID   Type   Process name                  GPU Memory |
|        ID   ID                                                   Usage      |
|=============================================================================|
|  No running processes found                                                 |
+-----------------------------------------------------------------------------+
BATCH_SIZE 1280
NUM_EPOCHS 30
device cuda
PPG_LR 0.0001
BD_PERC 0.01
BD_TARGET_CLASS 1
BD_DIFF 2
COMMENT diff2
MODEL_FOLDER res34_epoch_30_ppglr_0.0001_BDPERC_0.01_1_2_diff2
Creating datasets
dataset finished
dataset finished
Dataset finished
Epoch 0 training...
	[TRAIN] Epoch 0 Batch 0/650 Loss: 0.7332678437232971, 	PPG F1: 0.310272536687631, 	Batch Avg-T: 0:00:01.326350
	[TRAIN] Epoch 0 Batch 100/650 Loss: 0.38817759020493764, 	PPG F1: 0.7351403030755786, 	Batch Avg-T: 0:00:00.212596
	[TRAIN] Epoch 0 Batch 200/650 Loss: 0.3045351341440903, 	PPG F1: 0.8020314454477512, 	Batch Avg-T: 0:00:00.208418
	[TRAIN] Epoch 0 Batch 300/650 Loss: 0.2580062388086636, 	PPG F1: 0.8364988174946097, 	Batch Avg-T: 0:00:00.207558
	[TRAIN] Epoch 0 Batch 400/650 Loss: 0.22711179866234857, 	PPG F1: 0.858155921242078, 	Batch Avg-T: 0:00:00.207940
	[TRAIN] Epoch 0 Batch 500/650 Loss: 0.20452764682367652, 	PPG F1: 0.8737426459366229, 	Batch Avg-T: 0:00:00.208466
	[TRAIN] Epoch 0 Batch 600/650 Loss: 0.1870582247658101, 	PPG F1: 0.8854999977264406, 	Batch Avg-T: 0:00:00.208665
[TRAIN] Epoch 0 Loss: 0.17978146686003757,             	PPG F1: 0.8903698196513395
Time - 0:02:15.676434
[VAL] Epoch 0 Loss: 0.33489849906330366
[VAL] 	PPG      F1: 0.4729
[VAL] 	PPG ROC AUC: 0.8591
[VAL] 	PPG PR  AUC: 0.5577
Epoch 0 finished. t = 0:02:22.080010
Saving...


Epoch 1 training...
	[TRAIN] Epoch 1 Batch 0/650 Loss: 0.13537903130054474, 	PPG F1: 0.9227220299884661, 	Batch Avg-T: 0:00:00.260448
	[TRAIN] Epoch 1 Batch 100/650 Loss: 0.5278281957501232, 	PPG F1: 0.6284441269692678, 	Batch Avg-T: 0:00:00.211012
	[TRAIN] Epoch 1 Batch 200/650 Loss: 0.3979780253634524, 	PPG F1: 0.7324631879854832, 	Batch Avg-T: 0:00:00.211173
	[TRAIN] Epoch 1 Batch 300/650 Loss: 0.33508553739600005, 	PPG F1: 0.7813263176737074, 	Batch Avg-T: 0:00:00.211360
	[TRAIN] Epoch 1 Batch 400/650 Loss: 0.29552746751807873, 	PPG F1: 0.8110002247057271, 	Batch Avg-T: 0:00:00.211283
	[TRAIN] Epoch 1 Batch 500/650 Loss: 0.26756394435902553, 	PPG F1: 0.8315217936648918, 	Batch Avg-T: 0:00:00.211250
	[TRAIN] Epoch 1 Batch 600/650 Loss: 0.24662336560830894, 	PPG F1: 0.8464295360301443, 	Batch Avg-T: 0:00:00.211456
[TRAIN] Epoch 1 Loss: 0.2380332568517098,             	PPG F1: 0.8524607992586646
Time - 0:02:17.398680
[VAL] Epoch 1 Loss: 0.6930416588719946
[VAL] 	PPG      F1: 0.3335
[VAL] 	PPG ROC AUC: 0.8706
[VAL] 	PPG PR  AUC: 0.4618
Epoch 1 finished. t = 0:02:23.870648


Epoch 2 training...
	[TRAIN] Epoch 2 Batch 0/650 Loss: 0.12947174906730652, 	PPG F1: 0.9307135470527403, 	Batch Avg-T: 0:00:00.262403
	[TRAIN] Epoch 2 Batch 100/650 Loss: 0.1277784429269262, 	PPG F1: 0.9292294918705734, 	Batch Avg-T: 0:00:00.211435
	[TRAIN] Epoch 2 Batch 200/650 Loss: 0.11992880364703895, 	PPG F1: 0.9341535982796388, 	Batch Avg-T: 0:00:00.211423
	[TRAIN] Epoch 2 Batch 300/650 Loss: 0.11700308837763891, 	PPG F1: 0.9354961748012773, 	Batch Avg-T: 0:00:00.211266
	[TRAIN] Epoch 2 Batch 400/650 Loss: 0.11402740953792063, 	PPG F1: 0.937209170873093, 	Batch Avg-T: 0:00:00.211211
	[TRAIN] Epoch 2 Batch 500/650 Loss: 0.11059421004946836, 	PPG F1: 0.9393709738875782, 	Batch Avg-T: 0:00:00.210867
	[TRAIN] Epoch 2 Batch 600/650 Loss: 0.10752652406370183, 	PPG F1: 0.9411729373663844, 	Batch Avg-T: 0:00:00.210718
[TRAIN] Epoch 2 Loss: 0.1062482656767735,             	PPG F1: 0.9419379847675171
Time - 0:02:16.898584
[VAL] Epoch 2 Loss: 0.45885075048648793
[VAL] 	PPG      F1: 0.4494
[VAL] 	PPG ROC AUC: 0.9023
[VAL] 	PPG PR  AUC: 0.5257
Epoch 2 finished. t = 0:02:23.179027


Epoch 3 training...
	[TRAIN] Epoch 3 Batch 0/650 Loss: 0.08685444295406342, 	PPG F1: 0.9479768786127168, 	Batch Avg-T: 0:00:00.261157
	[TRAIN] Epoch 3 Batch 100/650 Loss: 0.08134084394072542, 	PPG F1: 0.9566707016547155, 	Batch Avg-T: 0:00:00.209995
	[TRAIN] Epoch 3 Batch 200/650 Loss: 0.08142271845494929, 	PPG F1: 0.9558228652087778, 	Batch Avg-T: 0:00:00.209733
	[TRAIN] Epoch 3 Batch 300/650 Loss: 0.08020860871355795, 	PPG F1: 0.956638611497544, 	Batch Avg-T: 0:00:00.209943
	[TRAIN] Epoch 3 Batch 400/650 Loss: 0.0795845939148394, 	PPG F1: 0.9568916980734282, 	Batch Avg-T: 0:00:00.209980
	[TRAIN] Epoch 3 Batch 500/650 Loss: 0.0780964594356671, 	PPG F1: 0.9577863785912616, 	Batch Avg-T: 0:00:00.210005
	[TRAIN] Epoch 3 Batch 600/650 Loss: 0.07708842270758108, 	PPG F1: 0.958407177279477, 	Batch Avg-T: 0:00:00.209995
[TRAIN] Epoch 3 Loss: 0.07646970339692556,             	PPG F1: 0.9588320571543599
Time - 0:02:16.462099
[VAL] Epoch 3 Loss: 0.8458910648359045
[VAL] 	PPG      F1: 0.3774
[VAL] 	PPG ROC AUC: 0.8937
[VAL] 	PPG PR  AUC: 0.4667
Epoch 3 finished. t = 0:02:22.677146


Epoch 4 training...
	[TRAIN] Epoch 4 Batch 0/650 Loss: 0.06744258105754852, 	PPG F1: 0.9667359667359667, 	Batch Avg-T: 0:00:00.256981
	[TRAIN] Epoch 4 Batch 100/650 Loss: 0.06394845328413613, 	PPG F1: 0.9660230123023023, 	Batch Avg-T: 0:00:00.210257
	[TRAIN] Epoch 4 Batch 200/650 Loss: 0.06254749348507592, 	PPG F1: 0.9668311217147219, 	Batch Avg-T: 0:00:00.210330
	[TRAIN] Epoch 4 Batch 300/650 Loss: 0.06180567803028414, 	PPG F1: 0.9669657027142803, 	Batch Avg-T: 0:00:00.210494
	[TRAIN] Epoch 4 Batch 400/650 Loss: 0.06097072407491784, 	PPG F1: 0.9674140636792362, 	Batch Avg-T: 0:00:00.210583
	[TRAIN] Epoch 4 Batch 500/650 Loss: 0.06029299938095782, 	PPG F1: 0.967804767228275, 	Batch Avg-T: 0:00:00.210491
	[TRAIN] Epoch 4 Batch 600/650 Loss: 0.05984578742808391, 	PPG F1: 0.9679731323251449, 	Batch Avg-T: 0:00:00.210510
[TRAIN] Epoch 4 Loss: 0.05967850557313516,             	PPG F1: 0.9680522788177727
Time - 0:02:16.777528
[VAL] Epoch 4 Loss: 1.005034932970265
[VAL] 	PPG      F1: 0.3687
[VAL] 	PPG ROC AUC: 0.8901
[VAL] 	PPG PR  AUC: 0.4303
Epoch 4 finished. t = 0:02:23.011567


Epoch 5 training...
	[TRAIN] Epoch 5 Batch 0/650 Loss: 0.0440041720867157, 	PPG F1: 0.9794594594594594, 	Batch Avg-T: 0:00:00.255437
	[TRAIN] Epoch 5 Batch 100/650 Loss: 0.048688041599522724, 	PPG F1: 0.9748281812621631, 	Batch Avg-T: 0:00:00.209827
	[TRAIN] Epoch 5 Batch 200/650 Loss: 0.04826766853012256, 	PPG F1: 0.9746397451440251, 	Batch Avg-T: 0:00:00.209863
	[TRAIN] Epoch 5 Batch 300/650 Loss: 0.04920578312339181, 	PPG F1: 0.9741615891461598, 	Batch Avg-T: 0:00:00.209812
	[TRAIN] Epoch 5 Batch 400/650 Loss: 0.04884487951169733, 	PPG F1: 0.9742290574221347, 	Batch Avg-T: 0:00:00.209907
	[TRAIN] Epoch 5 Batch 500/650 Loss: 0.047666479842718726, 	PPG F1: 0.9748162015737873, 	Batch Avg-T: 0:00:00.209946
	[TRAIN] Epoch 5 Batch 600/650 Loss: 0.046897491145748864, 	PPG F1: 0.9752621239504111, 	Batch Avg-T: 0:00:00.210001
[TRAIN] Epoch 5 Loss: 0.04660404703938044,             	PPG F1: 0.9754476897846522
Time - 0:02:16.455624
[VAL] Epoch 5 Loss: 1.106765016322047
[VAL] 	PPG      F1: 0.3637
[VAL] 	PPG ROC AUC: 0.8798
[VAL] 	PPG PR  AUC: 0.4035
Epoch 5 finished. t = 0:02:22.684598


Epoch 6 training...
	[TRAIN] Epoch 6 Batch 0/650 Loss: 0.04649094492197037, 	PPG F1: 0.972193614830072, 	Batch Avg-T: 0:00:00.263294
	[TRAIN] Epoch 6 Batch 100/650 Loss: 0.038809520718042216, 	PPG F1: 0.9798915682347574, 	Batch Avg-T: 0:00:00.210612
	[TRAIN] Epoch 6 Batch 200/650 Loss: 0.03869352022658533, 	PPG F1: 0.979866768319831, 	Batch Avg-T: 0:00:00.210133
	[TRAIN] Epoch 6 Batch 300/650 Loss: 0.038470192908300116, 	PPG F1: 0.9800484362017199, 	Batch Avg-T: 0:00:00.210444
	[TRAIN] Epoch 6 Batch 400/650 Loss: 0.038078815030616865, 	PPG F1: 0.9803671678766154, 	Batch Avg-T: 0:00:00.210306
	[TRAIN] Epoch 6 Batch 500/650 Loss: 0.03815402903086589, 	PPG F1: 0.9803261882953329, 	Batch Avg-T: 0:00:00.210231
	[TRAIN] Epoch 6 Batch 600/650 Loss: 0.03861543884076265, 	PPG F1: 0.9799831430165638, 	Batch Avg-T: 0:00:00.210405
[TRAIN] Epoch 6 Loss: 0.038408209886401895,             	PPG F1: 0.9800800584506774
Time - 0:02:16.647029
[VAL] Epoch 6 Loss: 1.0031461672294562
[VAL] 	PPG      F1: 0.3804
[VAL] 	PPG ROC AUC: 0.8789
[VAL] 	PPG PR  AUC: 0.4015
Epoch 6 finished. t = 0:02:22.887181


Epoch 7 training...
	[TRAIN] Epoch 7 Batch 0/650 Loss: 0.01894466020166874, 	PPG F1: 0.9923161361141604, 	Batch Avg-T: 0:00:00.299229
	[TRAIN] Epoch 7 Batch 100/650 Loss: 0.031969133985809764, 	PPG F1: 0.9835498778873168, 	Batch Avg-T: 0:00:00.210567
	[TRAIN] Epoch 7 Batch 200/650 Loss: 0.03555473226553468, 	PPG F1: 0.9817176083983417, 	Batch Avg-T: 0:00:00.210698
	[TRAIN] Epoch 7 Batch 300/650 Loss: 0.03350692156986937, 	PPG F1: 0.9827688315525331, 	Batch Avg-T: 0:00:00.210719
	[TRAIN] Epoch 7 Batch 400/650 Loss: 0.03258235518242281, 	PPG F1: 0.9831926595964945, 	Batch Avg-T: 0:00:00.210781
	[TRAIN] Epoch 7 Batch 500/650 Loss: 0.032627140380025746, 	PPG F1: 0.9830960417509677, 	Batch Avg-T: 0:00:00.210729
	[TRAIN] Epoch 7 Batch 600/650 Loss: 0.03212789265274654, 	PPG F1: 0.9833799152007875, 	Batch Avg-T: 0:00:00.210635
[TRAIN] Epoch 7 Loss: 0.03239958485588432,             	PPG F1: 0.9832167423067417
Time - 0:02:16.947655
[VAL] Epoch 7 Loss: 1.0471166649009371
[VAL] 	PPG      F1: 0.3789
[VAL] 	PPG ROC AUC: 0.8832
[VAL] 	PPG PR  AUC: 0.3955
Epoch 7 finished. t = 0:02:23.183477


Epoch 8 training...
	[TRAIN] Epoch 8 Batch 0/650 Loss: 0.025280386209487915, 	PPG F1: 0.9867549668874172, 	Batch Avg-T: 0:00:00.264520
	[TRAIN] Epoch 8 Batch 100/650 Loss: 0.026882554542752776, 	PPG F1: 0.9861441722156508, 	Batch Avg-T: 0:00:00.210571
	[TRAIN] Epoch 8 Batch 200/650 Loss: 0.02669990109511424, 	PPG F1: 0.9861080740899213, 	Batch Avg-T: 0:00:00.210328
	[TRAIN] Epoch 8 Batch 300/650 Loss: 0.027242775625886513, 	PPG F1: 0.9858381334920701, 	Batch Avg-T: 0:00:00.210637
	[TRAIN] Epoch 8 Batch 400/650 Loss: 0.02689849591565474, 	PPG F1: 0.9860108902646039, 	Batch Avg-T: 0:00:00.210587
	[TRAIN] Epoch 8 Batch 500/650 Loss: 0.026611193828656527, 	PPG F1: 0.9862337004373205, 	Batch Avg-T: 0:00:00.210624
	[TRAIN] Epoch 8 Batch 600/650 Loss: 0.025995456173507722, 	PPG F1: 0.9865496131398364, 	Batch Avg-T: 0:00:00.210592
[TRAIN] Epoch 8 Loss: 0.025910490123698345,             	PPG F1: 0.9866181281472184
Time - 0:02:16.949841
[VAL] Epoch 8 Loss: 0.5997413044210709
[VAL] 	PPG      F1: 0.4707
[VAL] 	PPG ROC AUC: 0.8998
[VAL] 	PPG PR  AUC: 0.5363
Epoch 8 finished. t = 0:02:23.341555


Epoch 9 training...
	[TRAIN] Epoch 9 Batch 0/650 Loss: 0.05344966799020767, 	PPG F1: 0.9674027339642481, 	Batch Avg-T: 0:00:00.269186
	[TRAIN] Epoch 9 Batch 100/650 Loss: 0.024429269835795506, 	PPG F1: 0.9872903219099315, 	Batch Avg-T: 0:00:00.212241
	[TRAIN] Epoch 9 Batch 200/650 Loss: 0.02201925542909856, 	PPG F1: 0.9885539556022928, 	Batch Avg-T: 0:00:00.211794
	[TRAIN] Epoch 9 Batch 300/650 Loss: 0.021934495867536312, 	PPG F1: 0.9886364260254179, 	Batch Avg-T: 0:00:00.211267
	[TRAIN] Epoch 9 Batch 400/650 Loss: 0.02168994961524768, 	PPG F1: 0.988778258440508, 	Batch Avg-T: 0:00:00.211284
	[TRAIN] Epoch 9 Batch 500/650 Loss: 0.023181982161830404, 	PPG F1: 0.9880938652828174, 	Batch Avg-T: 0:00:00.211076
	[TRAIN] Epoch 9 Batch 600/650 Loss: 0.02269647940342468, 	PPG F1: 0.9883303074985914, 	Batch Avg-T: 0:00:00.211211
[TRAIN] Epoch 9 Loss: 0.023136698792760188,             	PPG F1: 0.988094183571734
Time - 0:02:17.168721
[VAL] Epoch 9 Loss: 1.1330425231271508
[VAL] 	PPG      F1: 0.3639
[VAL] 	PPG ROC AUC: 0.8748
[VAL] 	PPG PR  AUC: 0.4624
Epoch 9 finished. t = 0:02:23.494116


Epoch 10 training...
	[TRAIN] Epoch 10 Batch 0/650 Loss: 0.020398428663611412, 	PPG F1: 0.9869565217391305, 	Batch Avg-T: 0:00:00.261524
	[TRAIN] Epoch 10 Batch 100/650 Loss: 0.016612802798131314, 	PPG F1: 0.9915945240182197, 	Batch Avg-T: 0:00:00.211792
	[TRAIN] Epoch 10 Batch 200/650 Loss: 0.017893755926625496, 	PPG F1: 0.9909237185334987, 	Batch Avg-T: 0:00:00.211620
	[TRAIN] Epoch 10 Batch 300/650 Loss: 0.018415972104673568, 	PPG F1: 0.990621295318644, 	Batch Avg-T: 0:00:00.211082
	[TRAIN] Epoch 10 Batch 400/650 Loss: 0.018231797453592023, 	PPG F1: 0.9906433045532509, 	Batch Avg-T: 0:00:00.210837
	[TRAIN] Epoch 10 Batch 500/650 Loss: 0.018215793281600265, 	PPG F1: 0.9907189977651136, 	Batch Avg-T: 0:00:00.210860
	[TRAIN] Epoch 10 Batch 600/650 Loss: 0.018358631223787284, 	PPG F1: 0.9906191883403275, 	Batch Avg-T: 0:00:00.210788
[TRAIN] Epoch 10 Loss: 0.018728645792087682,             	PPG F1: 0.9903922562878485
Time - 0:02:16.973944
[VAL] Epoch 10 Loss: 1.1507357578001325
[VAL] 	PPG      F1: 0.3814
[VAL] 	PPG ROC AUC: 0.8877
[VAL] 	PPG PR  AUC: 0.4721
Epoch 10 finished. t = 0:02:23.360893


Epoch 11 training...
	[TRAIN] Epoch 11 Batch 0/650 Loss: 0.01704205945134163, 	PPG F1: 0.992529348986126, 	Batch Avg-T: 0:00:00.272621
	[TRAIN] Epoch 11 Batch 100/650 Loss: 0.016166794021604675, 	PPG F1: 0.9919880854006734, 	Batch Avg-T: 0:00:00.210378
	[TRAIN] Epoch 11 Batch 200/650 Loss: 0.016525567553251685, 	PPG F1: 0.991683336303102, 	Batch Avg-T: 0:00:00.210697
	[TRAIN] Epoch 11 Batch 300/650 Loss: 0.016267211376024143, 	PPG F1: 0.9917050324316936, 	Batch Avg-T: 0:00:00.210869
	[TRAIN] Epoch 11 Batch 400/650 Loss: 0.01671656895024781, 	PPG F1: 0.9914518932578548, 	Batch Avg-T: 0:00:00.211028
	[TRAIN] Epoch 11 Batch 500/650 Loss: 0.016619101624950738, 	PPG F1: 0.9915336605992192, 	Batch Avg-T: 0:00:00.210957
	[TRAIN] Epoch 11 Batch 600/650 Loss: 0.016627028045986782, 	PPG F1: 0.9915588098956051, 	Batch Avg-T: 0:00:00.211008
[TRAIN] Epoch 11 Loss: 0.016478253512714917,             	PPG F1: 0.9916542129395176
Time - 0:02:17.108315
[VAL] Epoch 11 Loss: 1.1327117371933055
[VAL] 	PPG      F1: 0.4021
[VAL] 	PPG ROC AUC: 0.8855
[VAL] 	PPG PR  AUC: 0.4541
Epoch 11 finished. t = 0:02:23.430299


Epoch 12 training...
	[TRAIN] Epoch 12 Batch 0/650 Loss: 0.014863940887153149, 	PPG F1: 0.9908998988877653, 	Batch Avg-T: 0:00:00.264566
	[TRAIN] Epoch 12 Batch 100/650 Loss: 0.012304885239146723, 	PPG F1: 0.9938097866912613, 	Batch Avg-T: 0:00:00.209706
	[TRAIN] Epoch 12 Batch 200/650 Loss: 0.013052901337664593, 	PPG F1: 0.9933971763147694, 	Batch Avg-T: 0:00:00.209609
	[TRAIN] Epoch 12 Batch 300/650 Loss: 0.013351869968963521, 	PPG F1: 0.9932068252587389, 	Batch Avg-T: 0:00:00.209845
	[TRAIN] Epoch 12 Batch 400/650 Loss: 0.013696675251546941, 	PPG F1: 0.9930337927240257, 	Batch Avg-T: 0:00:00.210160
	[TRAIN] Epoch 12 Batch 500/650 Loss: 0.014231857709854306, 	PPG F1: 0.9927722273639404, 	Batch Avg-T: 0:00:00.210170
	[TRAIN] Epoch 12 Batch 600/650 Loss: 0.015040465855286046, 	PPG F1: 0.9923704594966642, 	Batch Avg-T: 0:00:00.210346
[TRAIN] Epoch 12 Loss: 0.015039150929794862,             	PPG F1: 0.9923822332345303
Time - 0:02:16.723523
[VAL] Epoch 12 Loss: 0.9177248625471557
[VAL] 	PPG      F1: 0.3956
[VAL] 	PPG ROC AUC: 0.8451
[VAL] 	PPG PR  AUC: 0.4745
Epoch 12 finished. t = 0:02:22.949066


Epoch 13 training...
	[TRAIN] Epoch 13 Batch 0/650 Loss: 0.021513616666197777, 	PPG F1: 0.9891540130151845, 	Batch Avg-T: 0:00:00.256394
	[TRAIN] Epoch 13 Batch 100/650 Loss: 0.011748780406513575, 	PPG F1: 0.9942352222022888, 	Batch Avg-T: 0:00:00.209920
	[TRAIN] Epoch 13 Batch 200/650 Loss: 0.012868353852594447, 	PPG F1: 0.9936553693717513, 	Batch Avg-T: 0:00:00.209950
	[TRAIN] Epoch 13 Batch 300/650 Loss: 0.01211911662670465, 	PPG F1: 0.9940587722581532, 	Batch Avg-T: 0:00:00.210321
	[TRAIN] Epoch 13 Batch 400/650 Loss: 0.01204589233173991, 	PPG F1: 0.994074700748051, 	Batch Avg-T: 0:00:00.210496
	[TRAIN] Epoch 13 Batch 500/650 Loss: 0.012417987136806021, 	PPG F1: 0.9938668322660644, 	Batch Avg-T: 0:00:00.210659
	[TRAIN] Epoch 13 Batch 600/650 Loss: 0.012565082080891594, 	PPG F1: 0.9937642409943833, 	Batch Avg-T: 0:00:00.210676
[TRAIN] Epoch 13 Loss: 0.012580147528877626,             	PPG F1: 0.9937394151089601
Time - 0:02:16.884979
[VAL] Epoch 13 Loss: 1.4262527114629266
[VAL] 	PPG      F1: 0.3637
[VAL] 	PPG ROC AUC: 0.8824
[VAL] 	PPG PR  AUC: 0.4979
Epoch 13 finished. t = 0:02:23.164411


Epoch 14 training...
	[TRAIN] Epoch 14 Batch 0/650 Loss: 0.00935619231313467, 	PPG F1: 0.9957537154989384, 	Batch Avg-T: 0:00:00.261199
	[TRAIN] Epoch 14 Batch 100/650 Loss: 0.008688280008511969, 	PPG F1: 0.995657776930424, 	Batch Avg-T: 0:00:00.211083
	[TRAIN] Epoch 14 Batch 200/650 Loss: 0.009166906593571328, 	PPG F1: 0.9954438306648563, 	Batch Avg-T: 0:00:00.210472
	[TRAIN] Epoch 14 Batch 300/650 Loss: 0.01010585550073398, 	PPG F1: 0.9949224454811424, 	Batch Avg-T: 0:00:00.210293
	[TRAIN] Epoch 14 Batch 400/650 Loss: 0.010445085842455005, 	PPG F1: 0.9947265158097287, 	Batch Avg-T: 0:00:00.210499
	[TRAIN] Epoch 14 Batch 500/650 Loss: 0.010467949100749607, 	PPG F1: 0.9947015459213223, 	Batch Avg-T: 0:00:00.210437
	[TRAIN] Epoch 14 Batch 600/650 Loss: 0.010536369706849612, 	PPG F1: 0.9947163583869431, 	Batch Avg-T: 0:00:00.210304
[TRAIN] Epoch 14 Loss: 0.01036298577924474,             	PPG F1: 0.9948080328684031
Time - 0:02:16.667053
[VAL] Epoch 14 Loss: 1.5345634778968724
[VAL] 	PPG      F1: 0.3721
[VAL] 	PPG ROC AUC: 0.8847
[VAL] 	PPG PR  AUC: 0.5146
Epoch 14 finished. t = 0:02:22.924062


Epoch 15 training...
	[TRAIN] Epoch 15 Batch 0/650 Loss: 0.0041381074115633965, 	PPG F1: 0.9990009990009989, 	Batch Avg-T: 0:00:00.261454
	[TRAIN] Epoch 15 Batch 100/650 Loss: 0.009937406231713767, 	PPG F1: 0.9950124680571342, 	Batch Avg-T: 0:00:00.210983
	[TRAIN] Epoch 15 Batch 200/650 Loss: 0.010848049266699387, 	PPG F1: 0.9944945016291493, 	Batch Avg-T: 0:00:00.210502
	[TRAIN] Epoch 15 Batch 300/650 Loss: 0.010402034710167577, 	PPG F1: 0.9947013074099759, 	Batch Avg-T: 0:00:00.210828
	[TRAIN] Epoch 15 Batch 400/650 Loss: 0.010500881753564624, 	PPG F1: 0.9947092056320365, 	Batch Avg-T: 0:00:00.210768
	[TRAIN] Epoch 15 Batch 500/650 Loss: 0.010123426850769899, 	PPG F1: 0.99490423571569, 	Batch Avg-T: 0:00:00.210703
	[TRAIN] Epoch 15 Batch 600/650 Loss: 0.010277472419575936, 	PPG F1: 0.9948284161789449, 	Batch Avg-T: 0:00:00.210806
[TRAIN] Epoch 15 Loss: 0.010086187341143018,             	PPG F1: 0.9949091681027714
Time - 0:02:16.930757
[VAL] Epoch 15 Loss: 1.616164905113924
[VAL] 	PPG      F1: 0.379
[VAL] 	PPG ROC AUC: 0.8975
[VAL] 	PPG PR  AUC: 0.5449
Epoch 15 finished. t = 0:02:23.196788


Epoch 16 training...
	[TRAIN] Epoch 16 Batch 0/650 Loss: 0.009182772599160671, 	PPG F1: 0.9957894736842106, 	Batch Avg-T: 0:00:00.310452
	[TRAIN] Epoch 16 Batch 100/650 Loss: 0.007576538940273815, 	PPG F1: 0.9962853996343581, 	Batch Avg-T: 0:00:00.209882
	[TRAIN] Epoch 16 Batch 200/650 Loss: 0.007376147667525234, 	PPG F1: 0.9963071736211145, 	Batch Avg-T: 0:00:00.210420
	[TRAIN] Epoch 16 Batch 300/650 Loss: 0.01005096916779195, 	PPG F1: 0.9950497592004013, 	Batch Avg-T: 0:00:00.210028
	[TRAIN] Epoch 16 Batch 400/650 Loss: 0.009657161031324798, 	PPG F1: 0.9952074936033479, 	Batch Avg-T: 0:00:00.209983
	[TRAIN] Epoch 16 Batch 500/650 Loss: 0.009670986728640477, 	PPG F1: 0.9951804185002625, 	Batch Avg-T: 0:00:00.209827
	[TRAIN] Epoch 16 Batch 600/650 Loss: 0.009766745262317508, 	PPG F1: 0.9951569908641809, 	Batch Avg-T: 0:00:00.209725
[TRAIN] Epoch 16 Loss: 0.009769348742332883,             	PPG F1: 0.9951518483040745
Time - 0:02:16.396930
[VAL] Epoch 16 Loss: 1.1105696994100969
[VAL] 	PPG      F1: 0.4262
[VAL] 	PPG ROC AUC: 0.9084
[VAL] 	PPG PR  AUC: 0.5811
Epoch 16 finished. t = 0:02:22.626687


Epoch 17 training...
	[TRAIN] Epoch 17 Batch 0/650 Loss: 0.004037155769765377, 	PPG F1: 0.9977116704805492, 	Batch Avg-T: 0:00:00.258637
	[TRAIN] Epoch 17 Batch 100/650 Loss: 0.005389105511879972, 	PPG F1: 0.9971729363525588, 	Batch Avg-T: 0:00:00.209637
	[TRAIN] Epoch 17 Batch 200/650 Loss: 0.006618719299228871, 	PPG F1: 0.9965126038683707, 	Batch Avg-T: 0:00:00.209069
	[TRAIN] Epoch 17 Batch 300/650 Loss: 0.0064425505807954335, 	PPG F1: 0.9967262353180831, 	Batch Avg-T: 0:00:00.209376
	[TRAIN] Epoch 17 Batch 400/650 Loss: 0.0071409782949263725, 	PPG F1: 0.9964015637766432, 	Batch Avg-T: 0:00:00.209361
	[TRAIN] Epoch 17 Batch 500/650 Loss: 0.007594490590172554, 	PPG F1: 0.9961572760235717, 	Batch Avg-T: 0:00:00.209502
	[TRAIN] Epoch 17 Batch 600/650 Loss: 0.007960011567393574, 	PPG F1: 0.9959571610579421, 	Batch Avg-T: 0:00:00.209348
[TRAIN] Epoch 17 Loss: 0.007926763724177503,             	PPG F1: 0.9959993197828404
Time - 0:02:16.055363
[VAL] Epoch 17 Loss: 1.571093823431694
[VAL] 	PPG      F1: 0.3542
[VAL] 	PPG ROC AUC: 0.8688
[VAL] 	PPG PR  AUC: 0.5377
Epoch 17 finished. t = 0:02:22.248763


Epoch 18 training...
	[TRAIN] Epoch 18 Batch 0/650 Loss: 0.008860960602760315, 	PPG F1: 0.9957716701902748, 	Batch Avg-T: 0:00:00.260183
	[TRAIN] Epoch 18 Batch 100/650 Loss: 0.006135196084995745, 	PPG F1: 0.997045636496454, 	Batch Avg-T: 0:00:00.211008
	[TRAIN] Epoch 18 Batch 200/650 Loss: 0.006265624544458158, 	PPG F1: 0.9968824841762104, 	Batch Avg-T: 0:00:00.210157
	[TRAIN] Epoch 18 Batch 300/650 Loss: 0.006503411287138629, 	PPG F1: 0.9967500613186259, 	Batch Avg-T: 0:00:00.209725
	[TRAIN] Epoch 18 Batch 400/650 Loss: 0.007006679419451335, 	PPG F1: 0.9964475283589632, 	Batch Avg-T: 0:00:00.209851
	[TRAIN] Epoch 18 Batch 500/650 Loss: 0.007101470071026784, 	PPG F1: 0.9964078343072348, 	Batch Avg-T: 0:00:00.209981
	[TRAIN] Epoch 18 Batch 600/650 Loss: 0.007202605264588335, 	PPG F1: 0.9963583626142601, 	Batch Avg-T: 0:00:00.210033
[TRAIN] Epoch 18 Loss: 0.007163106007680583,             	PPG F1: 0.996379419720352
Time - 0:02:16.467243
[VAL] Epoch 18 Loss: 1.6520506591130442
[VAL] 	PPG      F1: 0.3721
[VAL] 	PPG ROC AUC: 0.8751
[VAL] 	PPG PR  AUC: 0.4798
Epoch 18 finished. t = 0:02:22.671196


Epoch 19 training...
	[TRAIN] Epoch 19 Batch 0/650 Loss: 0.003782556625083089, 	PPG F1: 0.9978586723768736, 	Batch Avg-T: 0:00:00.258615
	[TRAIN] Epoch 19 Batch 100/650 Loss: 0.0055195182276022905, 	PPG F1: 0.9972814224342992, 	Batch Avg-T: 0:00:00.209838
	[TRAIN] Epoch 19 Batch 200/650 Loss: 0.006291978371350456, 	PPG F1: 0.9968794712371211, 	Batch Avg-T: 0:00:00.209592
	[TRAIN] Epoch 19 Batch 300/650 Loss: 0.00680484811127947, 	PPG F1: 0.9966332936155348, 	Batch Avg-T: 0:00:00.209387
	[TRAIN] Epoch 19 Batch 400/650 Loss: 0.007179963459206183, 	PPG F1: 0.9964606826290017, 	Batch Avg-T: 0:00:00.209153
	[TRAIN] Epoch 19 Batch 500/650 Loss: 0.0073239159369014, 	PPG F1: 0.996375619534919, 	Batch Avg-T: 0:00:00.209310
	[TRAIN] Epoch 19 Batch 600/650 Loss: 0.007368655360753984, 	PPG F1: 0.9963194540626786, 	Batch Avg-T: 0:00:00.209357
[TRAIN] Epoch 19 Loss: 0.007217171482222441,             	PPG F1: 0.9963938724895307
Time - 0:02:16.068096
[VAL] Epoch 19 Loss: 1.5281220179675832
[VAL] 	PPG      F1: 0.3968
[VAL] 	PPG ROC AUC: 0.8882
[VAL] 	PPG PR  AUC: 0.5484
Epoch 19 finished. t = 0:02:22.208769


Epoch 20 training...
	[TRAIN] Epoch 20 Batch 0/650 Loss: 0.01296775322407484, 	PPG F1: 0.995475113122172, 	Batch Avg-T: 0:00:00.253930
	[TRAIN] Epoch 20 Batch 100/650 Loss: 0.005286811146133644, 	PPG F1: 0.9974742724419834, 	Batch Avg-T: 0:00:00.209792
	[TRAIN] Epoch 20 Batch 200/650 Loss: 0.005827870206624752, 	PPG F1: 0.9970979935814276, 	Batch Avg-T: 0:00:00.209781
	[TRAIN] Epoch 20 Batch 300/650 Loss: 0.005821121428521548, 	PPG F1: 0.997133171517895, 	Batch Avg-T: 0:00:00.210065
	[TRAIN] Epoch 20 Batch 400/650 Loss: 0.005845791269851468, 	PPG F1: 0.9971126965984215, 	Batch Avg-T: 0:00:00.210257
	[TRAIN] Epoch 20 Batch 500/650 Loss: 0.00655141417426243, 	PPG F1: 0.996784832735912, 	Batch Avg-T: 0:00:00.210052
	[TRAIN] Epoch 20 Batch 600/650 Loss: 0.006665749384658628, 	PPG F1: 0.9967114163200035, 	Batch Avg-T: 0:00:00.210125
[TRAIN] Epoch 20 Loss: 0.006692213930252294,             	PPG F1: 0.9966886626042251
Time - 0:02:16.526741
[VAL] Epoch 20 Loss: 1.7252342532656326
[VAL] 	PPG      F1: 0.3746
[VAL] 	PPG ROC AUC: 0.8854
[VAL] 	PPG PR  AUC: 0.5118
Epoch 20 finished. t = 0:02:22.729986


Epoch 21 training...
	[TRAIN] Epoch 21 Batch 0/650 Loss: 0.010612191632390022, 	PPG F1: 0.9947643979057591, 	Batch Avg-T: 0:00:00.259350
	[TRAIN] Epoch 21 Batch 100/650 Loss: 0.008304702187196748, 	PPG F1: 0.9959389867154275, 	Batch Avg-T: 0:00:00.208820
	[TRAIN] Epoch 21 Batch 200/650 Loss: 0.007333872876007258, 	PPG F1: 0.9963643157523087, 	Batch Avg-T: 0:00:00.209437
	[TRAIN] Epoch 21 Batch 300/650 Loss: 0.006547786060842899, 	PPG F1: 0.996757615249698, 	Batch Avg-T: 0:00:00.209641
	[TRAIN] Epoch 21 Batch 400/650 Loss: 0.006916345313552562, 	PPG F1: 0.9965684030376845, 	Batch Avg-T: 0:00:00.209741
	[TRAIN] Epoch 21 Batch 500/650 Loss: 0.00636756133244925, 	PPG F1: 0.9968312433756172, 	Batch Avg-T: 0:00:00.209635
	[TRAIN] Epoch 21 Batch 600/650 Loss: 0.006439624454097019, 	PPG F1: 0.9968042079423446, 	Batch Avg-T: 0:00:00.209561
[TRAIN] Epoch 21 Loss: 0.006366084104027742,             	PPG F1: 0.9968558218348069
Time - 0:02:16.269460
[VAL] Epoch 21 Loss: 1.6564202529595382
[VAL] 	PPG      F1: 0.3768
[VAL] 	PPG ROC AUC: 0.883
[VAL] 	PPG PR  AUC: 0.5202
Epoch 21 finished. t = 0:02:22.451802


Epoch 22 training...
	[TRAIN] Epoch 22 Batch 0/650 Loss: 0.00455563934519887, 	PPG F1: 0.9969543147208122, 	Batch Avg-T: 0:00:00.256685
	[TRAIN] Epoch 22 Batch 100/650 Loss: 0.004874234624313061, 	PPG F1: 0.9976871897097311, 	Batch Avg-T: 0:00:00.209386
	[TRAIN] Epoch 22 Batch 200/650 Loss: 0.005188022528784303, 	PPG F1: 0.9974494246285736, 	Batch Avg-T: 0:00:00.209434
	[TRAIN] Epoch 22 Batch 300/650 Loss: 0.00556645260781879, 	PPG F1: 0.9972076550965384, 	Batch Avg-T: 0:00:00.209667
	[TRAIN] Epoch 22 Batch 400/650 Loss: 0.0057012886553596325, 	PPG F1: 0.9971445223049066, 	Batch Avg-T: 0:00:00.209583
	[TRAIN] Epoch 22 Batch 500/650 Loss: 0.005579891264556671, 	PPG F1: 0.9972158367776962, 	Batch Avg-T: 0:00:00.209782
	[TRAIN] Epoch 22 Batch 600/650 Loss: 0.005659519962248967, 	PPG F1: 0.997159137571697, 	Batch Avg-T: 0:00:00.209854
[TRAIN] Epoch 22 Loss: 0.005557389237667219,             	PPG F1: 0.9972179916565441
Time - 0:02:16.334176
[VAL] Epoch 22 Loss: 2.248026641033293
[VAL] 	PPG      F1: 0.3474
[VAL] 	PPG ROC AUC: 0.8606
[VAL] 	PPG PR  AUC: 0.4628
Epoch 22 finished. t = 0:02:22.489798


Epoch 23 training...
	[TRAIN] Epoch 23 Batch 0/650 Loss: 0.0018026826437562704, 	PPG F1: 1.0, 	Batch Avg-T: 0:00:00.254444
	[TRAIN] Epoch 23 Batch 100/650 Loss: 0.006755809222998116, 	PPG F1: 0.9965548889068986, 	Batch Avg-T: 0:00:00.209921
	[TRAIN] Epoch 23 Batch 200/650 Loss: 0.006198033338600297, 	PPG F1: 0.9968607449633557, 	Batch Avg-T: 0:00:00.209809
	[TRAIN] Epoch 23 Batch 300/650 Loss: 0.00574183541131933, 	PPG F1: 0.9971643577077979, 	Batch Avg-T: 0:00:00.209966
	[TRAIN] Epoch 23 Batch 400/650 Loss: 0.006303250998957663, 	PPG F1: 0.9968736394765685, 	Batch Avg-T: 0:00:00.210028
	[TRAIN] Epoch 23 Batch 500/650 Loss: 0.006064030726601977, 	PPG F1: 0.9969828209443308, 	Batch Avg-T: 0:00:00.210017
	[TRAIN] Epoch 23 Batch 600/650 Loss: 0.006209979566184497, 	PPG F1: 0.9969101443702448, 	Batch Avg-T: 0:00:00.210227
[TRAIN] Epoch 23 Loss: 0.0060681245581676755,             	PPG F1: 0.9969907981002246
Time - 0:02:16.592110
[VAL] Epoch 23 Loss: 1.1578641902269242
[VAL] 	PPG      F1: 0.4169
[VAL] 	PPG ROC AUC: 0.9012
[VAL] 	PPG PR  AUC: 0.6
Epoch 23 finished. t = 0:02:22.717234


Epoch 24 training...
	[TRAIN] Epoch 24 Batch 0/650 Loss: 0.004622488282620907, 	PPG F1: 0.9978991596638656, 	Batch Avg-T: 0:00:00.257684
	[TRAIN] Epoch 24 Batch 100/650 Loss: 0.003918560325527693, 	PPG F1: 0.9981715515990567, 	Batch Avg-T: 0:00:00.209766
	[TRAIN] Epoch 24 Batch 200/650 Loss: 0.004471312622065929, 	PPG F1: 0.9978870372012759, 	Batch Avg-T: 0:00:00.209584
	[TRAIN] Epoch 24 Batch 300/650 Loss: 0.005460123987415917, 	PPG F1: 0.9973416398581672, 	Batch Avg-T: 0:00:00.209676
	[TRAIN] Epoch 24 Batch 400/650 Loss: 0.005141573338354229, 	PPG F1: 0.997481713895264, 	Batch Avg-T: 0:00:00.209588
	[TRAIN] Epoch 24 Batch 500/650 Loss: 0.0051631308364623344, 	PPG F1: 0.9975108039558656, 	Batch Avg-T: 0:00:00.209572
	[TRAIN] Epoch 24 Batch 600/650 Loss: 0.0052011783381795415, 	PPG F1: 0.9974792305207207, 	Batch Avg-T: 0:00:00.209601
[TRAIN] Epoch 24 Loss: 0.005229718076029363,             	PPG F1: 0.9974639202288815
Time - 0:02:16.204677
[VAL] Epoch 24 Loss: 1.8853755655447286
[VAL] 	PPG      F1: 0.3604
[VAL] 	PPG ROC AUC: 0.8837
[VAL] 	PPG PR  AUC: 0.5204
Epoch 24 finished. t = 0:02:22.410802


Epoch 25 training...
	[TRAIN] Epoch 25 Batch 0/650 Loss: 0.0023449300788342953, 	PPG F1: 0.9989440337909187, 	Batch Avg-T: 0:00:00.302701
	[TRAIN] Epoch 25 Batch 100/650 Loss: 0.006206611407653309, 	PPG F1: 0.9971409116907158, 	Batch Avg-T: 0:00:00.209728
	[TRAIN] Epoch 25 Batch 200/650 Loss: 0.005060503571624381, 	PPG F1: 0.9975904106962072, 	Batch Avg-T: 0:00:00.209847
	[TRAIN] Epoch 25 Batch 300/650 Loss: 0.005799582679415635, 	PPG F1: 0.9971913191707131, 	Batch Avg-T: 0:00:00.209899
	[TRAIN] Epoch 25 Batch 400/650 Loss: 0.005694318767053486, 	PPG F1: 0.9972200949716469, 	Batch Avg-T: 0:00:00.209600
	[TRAIN] Epoch 25 Batch 500/650 Loss: 0.005183305272306436, 	PPG F1: 0.9974867197104159, 	Batch Avg-T: 0:00:00.209603
	[TRAIN] Epoch 25 Batch 600/650 Loss: 0.005221978427893397, 	PPG F1: 0.9974274671460852, 	Batch Avg-T: 0:00:00.209645
[TRAIN] Epoch 25 Loss: 0.005562698938167439,             	PPG F1: 0.9972487483870889
Time - 0:02:16.319373
[VAL] Epoch 25 Loss: 0.9979791921917154
[VAL] 	PPG      F1: 0.4331
[VAL] 	PPG ROC AUC: 0.9091
[VAL] 	PPG PR  AUC: 0.5753
Epoch 25 finished. t = 0:02:22.530455


Epoch 26 training...
	[TRAIN] Epoch 26 Batch 0/650 Loss: 0.006790286395698786, 	PPG F1: 0.995967741935484, 	Batch Avg-T: 0:00:00.253830
	[TRAIN] Epoch 26 Batch 100/650 Loss: 0.0020488519342570094, 	PPG F1: 0.9990104908296915, 	Batch Avg-T: 0:00:00.210186
	[TRAIN] Epoch 26 Batch 200/650 Loss: 0.0033566375384373654, 	PPG F1: 0.9984335458164042, 	Batch Avg-T: 0:00:00.209573
	[TRAIN] Epoch 26 Batch 300/650 Loss: 0.0038740854775896638, 	PPG F1: 0.9981594876226038, 	Batch Avg-T: 0:00:00.209693
	[TRAIN] Epoch 26 Batch 400/650 Loss: 0.00416089843151112, 	PPG F1: 0.9980637528339242, 	Batch Avg-T: 0:00:00.209943
	[TRAIN] Epoch 26 Batch 500/650 Loss: 0.004130699395608973, 	PPG F1: 0.998059807640382, 	Batch Avg-T: 0:00:00.209928
	[TRAIN] Epoch 26 Batch 600/650 Loss: 0.004595618912040337, 	PPG F1: 0.997817426180367, 	Batch Avg-T: 0:00:00.209846
[TRAIN] Epoch 26 Loss: 0.004539166857519796,             	PPG F1: 0.9978469983504917
Time - 0:02:16.396839
[VAL] Epoch 26 Loss: 1.440213213996306
[VAL] 	PPG      F1: 0.3913
[VAL] 	PPG ROC AUC: 0.8904
[VAL] 	PPG PR  AUC: 0.5732
Epoch 26 finished. t = 0:02:22.662512


Epoch 27 training...
	[TRAIN] Epoch 27 Batch 0/650 Loss: 0.008003059774637222, 	PPG F1: 0.9955357142857142, 	Batch Avg-T: 0:00:00.261721
	[TRAIN] Epoch 27 Batch 100/650 Loss: 0.004886491445330027, 	PPG F1: 0.9976676441686331, 	Batch Avg-T: 0:00:00.210245
	[TRAIN] Epoch 27 Batch 200/650 Loss: 0.004219069751515285, 	PPG F1: 0.997995620102814, 	Batch Avg-T: 0:00:00.210279
	[TRAIN] Epoch 27 Batch 300/650 Loss: 0.005106514476077628, 	PPG F1: 0.9975070761426192, 	Batch Avg-T: 0:00:00.209882
	[TRAIN] Epoch 27 Batch 400/650 Loss: 0.004635734674516436, 	PPG F1: 0.997744541732271, 	Batch Avg-T: 0:00:00.209934
	[TRAIN] Epoch 27 Batch 500/650 Loss: 0.0046135439630005295, 	PPG F1: 0.9977921128883879, 	Batch Avg-T: 0:00:00.210083
	[TRAIN] Epoch 27 Batch 600/650 Loss: 0.004531572055046992, 	PPG F1: 0.9978036458728878, 	Batch Avg-T: 0:00:00.209978
[TRAIN] Epoch 27 Loss: 0.00458013318149964,             	PPG F1: 0.9977696165831624
Time - 0:02:16.464201
[VAL] Epoch 27 Loss: 0.9717574988101283
[VAL] 	PPG      F1: 0.44
[VAL] 	PPG ROC AUC: 0.8968
[VAL] 	PPG PR  AUC: 0.5797
Epoch 27 finished. t = 0:02:22.633296


Epoch 28 training...
	[TRAIN] Epoch 28 Batch 0/650 Loss: 0.004509045276790857, 	PPG F1: 0.9958333333333332, 	Batch Avg-T: 0:00:00.263856
	[TRAIN] Epoch 28 Batch 100/650 Loss: 0.003956033434432996, 	PPG F1: 0.9981908146385025, 	Batch Avg-T: 0:00:00.209410
	[TRAIN] Epoch 28 Batch 200/650 Loss: 0.0037285602852693165, 	PPG F1: 0.9982940882521886, 	Batch Avg-T: 0:00:00.209383
	[TRAIN] Epoch 28 Batch 300/650 Loss: 0.003896630254270609, 	PPG F1: 0.9981598400335122, 	Batch Avg-T: 0:00:00.209851
	[TRAIN] Epoch 28 Batch 400/650 Loss: 0.004451787278228953, 	PPG F1: 0.9978602432073449, 	Batch Avg-T: 0:00:00.209809
	[TRAIN] Epoch 28 Batch 500/650 Loss: 0.0041541873572509625, 	PPG F1: 0.997988423005966, 	Batch Avg-T: 0:00:00.209807
	[TRAIN] Epoch 28 Batch 600/650 Loss: 0.0044384721543440095, 	PPG F1: 0.9978486296357827, 	Batch Avg-T: 0:00:00.209873
[TRAIN] Epoch 28 Loss: 0.004412626099258957,             	PPG F1: 0.997862211518488
Time - 0:02:16.387133
[VAL] Epoch 28 Loss: 2.1109335091532957
[VAL] 	PPG      F1: 0.353
[VAL] 	PPG ROC AUC: 0.8764
[VAL] 	PPG PR  AUC: 0.5201
Epoch 28 finished. t = 0:02:22.563524


Epoch 29 training...
	[TRAIN] Epoch 29 Batch 0/650 Loss: 0.002666985848918557, 	PPG F1: 0.9989327641408752, 	Batch Avg-T: 0:00:00.258008
	[TRAIN] Epoch 29 Batch 100/650 Loss: 0.004315530759107211, 	PPG F1: 0.998021606530999, 	Batch Avg-T: 0:00:00.210027
	[TRAIN] Epoch 29 Batch 200/650 Loss: 0.003977073010014352, 	PPG F1: 0.9981297346741053, 	Batch Avg-T: 0:00:00.209888
	[TRAIN] Epoch 29 Batch 300/650 Loss: 0.004115026528027335, 	PPG F1: 0.99799513440516, 	Batch Avg-T: 0:00:00.209770
	[TRAIN] Epoch 29 Batch 400/650 Loss: 0.004220643723305162, 	PPG F1: 0.9979136175245022, 	Batch Avg-T: 0:00:00.209820
	[TRAIN] Epoch 29 Batch 500/650 Loss: 0.0043432256935918125, 	PPG F1: 0.9978414048512284, 	Batch Avg-T: 0:00:00.209706
	[TRAIN] Epoch 29 Batch 600/650 Loss: 0.004365290608876904, 	PPG F1: 0.9978089568078223, 	Batch Avg-T: 0:00:00.209721
[TRAIN] Epoch 29 Loss: 0.004407214989769272,             	PPG F1: 0.9977831407508952
Time - 0:02:16.273432
[VAL] Epoch 29 Loss: 1.7143021447544469
[VAL] 	PPG      F1: 0.3577
[VAL] 	PPG ROC AUC: 0.8805
[VAL] 	PPG PR  AUC: 0.5371
Epoch 29 finished. t = 0:02:22.534131


