JOB START
Wed Apr  5 21:21:17 2023       
+-----------------------------------------------------------------------------+
| NVIDIA-SMI 470.74       Driver Version: 470.74       CUDA Version: 11.4     |
|-------------------------------+----------------------+----------------------+
| GPU  Name        Persistence-M| Bus-Id        Disp.A | Volatile Uncorr. ECC |
| Fan  Temp  Perf  Pwr:Usage/Cap|         Memory-Usage | GPU-Util  Compute M. |
|                               |                      |               MIG M. |
|===============================+======================+======================|
|   0  Tesla K80           Off  | 00000000:88:00.0 Off |                    0 |
| N/A   30C    P0    59W / 149W |      0MiB / 11441MiB |     58%      Default |
|                               |                      |                  N/A |
+-------------------------------+----------------------+----------------------+
                                                                               
+-----------------------------------------------------------------------------+
| Processes:                                                                  |
|  GPU   GI   CI        PID   Type   Process name                  GPU Memory |
|        ID   ID                                                   Usage      |
|=============================================================================|
|  No running processes found                                                 |
+-----------------------------------------------------------------------------+
BATCH_SIZE 1280
NUM_EPOCHS 30
device cuda
PPG_LR 0.0001
BD_PERC 0.05
BD_TARGET_CLASS 1
BD_DIFF 1
COMMENT diff1
MODEL_FOLDER res34_epoch_30_ppglr_0.0001_BDPERC_0.05_1_1_diff1
Creating datasets
dataset finished
dataset finished
Dataset finished
Epoch 0 training...
	[TRAIN] Epoch 0 Batch 0/650 Loss: 0.7351154685020447, 	PPG F1: 0.3182751540041068, 	Batch Avg-T: 0:00:00.613370
	[TRAIN] Epoch 0 Batch 100/650 Loss: 0.3911487463087139, 	PPG F1: 0.7535312989052181, 	Batch Avg-T: 0:00:00.296675
	[TRAIN] Epoch 0 Batch 200/650 Loss: 0.3029061097707321, 	PPG F1: 0.8175390696924124, 	Batch Avg-T: 0:00:00.296253
	[TRAIN] Epoch 0 Batch 300/650 Loss: 0.25606473532824026, 	PPG F1: 0.8489276538791057, 	Batch Avg-T: 0:00:00.297097
	[TRAIN] Epoch 0 Batch 400/650 Loss: 0.22517921775579453, 	PPG F1: 0.8690887679573516, 	Batch Avg-T: 0:00:00.297721
	[TRAIN] Epoch 0 Batch 500/650 Loss: 0.20229092919957375, 	PPG F1: 0.8836354718925739, 	Batch Avg-T: 0:00:00.298130
	[TRAIN] Epoch 0 Batch 600/650 Loss: 0.18460763896662066, 	PPG F1: 0.8946121439659394, 	Batch Avg-T: 0:00:00.298187
[TRAIN] Epoch 0 Loss: 0.1774028858083945,             	PPG F1: 0.8990609899424961
Time - 0:03:13.853568
[VAL] Epoch 0 Loss: 0.3525317456590241
[VAL] 	PPG      F1: 0.6173
[VAL] 	PPG ROC AUC: 0.8972
[VAL] 	PPG PR  AUC: 0.7431
Epoch 0 finished. t = 0:03:31.770179
Saving...


Epoch 1 training...
	[TRAIN] Epoch 1 Batch 0/650 Loss: 0.10855581611394882, 	PPG F1: 0.9374337221633087, 	Batch Avg-T: 0:00:00.371335
	[TRAIN] Epoch 1 Batch 100/650 Loss: 0.49369973940129325, 	PPG F1: 0.700649352324542, 	Batch Avg-T: 0:00:00.317192
	[TRAIN] Epoch 1 Batch 200/650 Loss: 0.37395330444348984, 	PPG F1: 0.7809615097053061, 	Batch Avg-T: 0:00:00.317249
	[TRAIN] Epoch 1 Batch 300/650 Loss: 0.3147780195472644, 	PPG F1: 0.8197260365488688, 	Batch Avg-T: 0:00:00.317359
	[TRAIN] Epoch 1 Batch 400/650 Loss: 0.27746313849366516, 	PPG F1: 0.8434734568992387, 	Batch Avg-T: 0:00:00.317411
	[TRAIN] Epoch 1 Batch 500/650 Loss: 0.25105061856453526, 	PPG F1: 0.8597394592611034, 	Batch Avg-T: 0:00:00.317763
	[TRAIN] Epoch 1 Batch 600/650 Loss: 0.23160513977639488, 	PPG F1: 0.8717647042815149, 	Batch Avg-T: 0:00:00.317705
[TRAIN] Epoch 1 Loss: 0.2237201167872319,             	PPG F1: 0.8764453505934101
Time - 0:03:26.502542
[VAL] Epoch 1 Loss: 0.40921558963014565
[VAL] 	PPG      F1: 0.5392
[VAL] 	PPG ROC AUC: 0.8889
[VAL] 	PPG PR  AUC: 0.7264
Epoch 1 finished. t = 0:03:44.418932


Epoch 2 training...
	[TRAIN] Epoch 2 Batch 0/650 Loss: 0.1406017690896988, 	PPG F1: 0.9230769230769231, 	Batch Avg-T: 0:00:00.367637
	[TRAIN] Epoch 2 Batch 100/650 Loss: 0.12014359316908486, 	PPG F1: 0.9379229159726361, 	Batch Avg-T: 0:00:00.318569
	[TRAIN] Epoch 2 Batch 200/650 Loss: 0.11547630335857618, 	PPG F1: 0.940922904666382, 	Batch Avg-T: 0:00:00.318335
	[TRAIN] Epoch 2 Batch 300/650 Loss: 0.1119813178959875, 	PPG F1: 0.942853273775681, 	Batch Avg-T: 0:00:00.318224
	[TRAIN] Epoch 2 Batch 400/650 Loss: 0.10905642844643676, 	PPG F1: 0.9442645295772107, 	Batch Avg-T: 0:00:00.318088
	[TRAIN] Epoch 2 Batch 500/650 Loss: 0.10597291760548146, 	PPG F1: 0.9460218695307603, 	Batch Avg-T: 0:00:00.317960
	[TRAIN] Epoch 2 Batch 600/650 Loss: 0.1036699620848785, 	PPG F1: 0.9471995966840852, 	Batch Avg-T: 0:00:00.317969
[TRAIN] Epoch 2 Loss: 0.10223022226530772,             	PPG F1: 0.9479680897359566
Time - 0:03:26.577054
[VAL] Epoch 2 Loss: 0.6492393539105886
[VAL] 	PPG      F1: 0.4806
[VAL] 	PPG ROC AUC: 0.8949
[VAL] 	PPG PR  AUC: 0.7203
Epoch 2 finished. t = 0:03:44.568930


Epoch 3 training...
	[TRAIN] Epoch 3 Batch 0/650 Loss: 0.08906523883342743, 	PPG F1: 0.9501590668080594, 	Batch Avg-T: 0:00:00.381843
	[TRAIN] Epoch 3 Batch 100/650 Loss: 0.08273867602543075, 	PPG F1: 0.9584847565517164, 	Batch Avg-T: 0:00:00.319165
	[TRAIN] Epoch 3 Batch 200/650 Loss: 0.08054635823885006, 	PPG F1: 0.9593361900143711, 	Batch Avg-T: 0:00:00.318575
	[TRAIN] Epoch 3 Batch 300/650 Loss: 0.08038627306785298, 	PPG F1: 0.9594979546427095, 	Batch Avg-T: 0:00:00.318719
	[TRAIN] Epoch 3 Batch 400/650 Loss: 0.07975219447453717, 	PPG F1: 0.9596970274644031, 	Batch Avg-T: 0:00:00.318673
	[TRAIN] Epoch 3 Batch 500/650 Loss: 0.07780436995232891, 	PPG F1: 0.9607976041214227, 	Batch Avg-T: 0:00:00.318412
	[TRAIN] Epoch 3 Batch 600/650 Loss: 0.07633158673660925, 	PPG F1: 0.9616155290834423, 	Batch Avg-T: 0:00:00.318257
[TRAIN] Epoch 3 Loss: 0.07629316267485801,             	PPG F1: 0.9616733828938513
Time - 0:03:26.812673
[VAL] Epoch 3 Loss: 1.0218744274301717
[VAL] 	PPG      F1: 0.4104
[VAL] 	PPG ROC AUC: 0.8673
[VAL] 	PPG PR  AUC: 0.6747
Epoch 3 finished. t = 0:03:44.721880


Epoch 4 training...
	[TRAIN] Epoch 4 Batch 0/650 Loss: 0.057464588433504105, 	PPG F1: 0.9760765550239234, 	Batch Avg-T: 0:00:00.371012
	[TRAIN] Epoch 4 Batch 100/650 Loss: 0.06171879113310635, 	PPG F1: 0.9688028353524939, 	Batch Avg-T: 0:00:00.317914
	[TRAIN] Epoch 4 Batch 200/650 Loss: 0.061083237200382334, 	PPG F1: 0.9694277079021645, 	Batch Avg-T: 0:00:00.317772
	[TRAIN] Epoch 4 Batch 300/650 Loss: 0.060422178741507356, 	PPG F1: 0.9695584667099313, 	Batch Avg-T: 0:00:00.317950
	[TRAIN] Epoch 4 Batch 400/650 Loss: 0.059322018324957225, 	PPG F1: 0.9701193106915168, 	Batch Avg-T: 0:00:00.318144
	[TRAIN] Epoch 4 Batch 500/650 Loss: 0.059779129535733104, 	PPG F1: 0.9700066263201085, 	Batch Avg-T: 0:00:00.318249
	[TRAIN] Epoch 4 Batch 600/650 Loss: 0.058915477865894704, 	PPG F1: 0.9704715373848724, 	Batch Avg-T: 0:00:00.318300
[TRAIN] Epoch 4 Loss: 0.058505282539587755,             	PPG F1: 0.9707549938423421
Time - 0:03:26.855112
[VAL] Epoch 4 Loss: 0.5965835490875032
[VAL] 	PPG      F1: 0.5504
[VAL] 	PPG ROC AUC: 0.9214
[VAL] 	PPG PR  AUC: 0.7182
Epoch 4 finished. t = 0:03:44.760269


Epoch 5 training...
	[TRAIN] Epoch 5 Batch 0/650 Loss: 0.03775886446237564, 	PPG F1: 0.9775967413441955, 	Batch Avg-T: 0:00:00.370791
	[TRAIN] Epoch 5 Batch 100/650 Loss: 0.055355157113016244, 	PPG F1: 0.9725600411578426, 	Batch Avg-T: 0:00:00.317816
	[TRAIN] Epoch 5 Batch 200/650 Loss: 0.05127681532309423, 	PPG F1: 0.9746073590321941, 	Batch Avg-T: 0:00:00.317948
	[TRAIN] Epoch 5 Batch 300/650 Loss: 0.05036852349128042, 	PPG F1: 0.9751899062997412, 	Batch Avg-T: 0:00:00.317804
	[TRAIN] Epoch 5 Batch 400/650 Loss: 0.0495263609449911, 	PPG F1: 0.9754821838361842, 	Batch Avg-T: 0:00:00.317891
	[TRAIN] Epoch 5 Batch 500/650 Loss: 0.048739836140426096, 	PPG F1: 0.9759265215895205, 	Batch Avg-T: 0:00:00.318020
	[TRAIN] Epoch 5 Batch 600/650 Loss: 0.04839041108225229, 	PPG F1: 0.9760586928855219, 	Batch Avg-T: 0:00:00.318165
[TRAIN] Epoch 5 Loss: 0.048007983536674424,             	PPG F1: 0.9762713881590104
Time - 0:03:26.735549
[VAL] Epoch 5 Loss: 0.8998487819205194
[VAL] 	PPG      F1: 0.4841
[VAL] 	PPG ROC AUC: 0.903
[VAL] 	PPG PR  AUC: 0.6968
Epoch 5 finished. t = 0:03:44.676229


Epoch 6 training...
	[TRAIN] Epoch 6 Batch 0/650 Loss: 0.03348325937986374, 	PPG F1: 0.9835748792270532, 	Batch Avg-T: 0:00:00.373905
	[TRAIN] Epoch 6 Batch 100/650 Loss: 0.040940841198852745, 	PPG F1: 0.9801687782518691, 	Batch Avg-T: 0:00:00.319607
	[TRAIN] Epoch 6 Batch 200/650 Loss: 0.03835457793219173, 	PPG F1: 0.9814783941708752, 	Batch Avg-T: 0:00:00.319146
	[TRAIN] Epoch 6 Batch 300/650 Loss: 0.03851950309700348, 	PPG F1: 0.9811939323125415, 	Batch Avg-T: 0:00:00.318969
	[TRAIN] Epoch 6 Batch 400/650 Loss: 0.03836562552319798, 	PPG F1: 0.9812950678135891, 	Batch Avg-T: 0:00:00.318543
	[TRAIN] Epoch 6 Batch 500/650 Loss: 0.03832966667375046, 	PPG F1: 0.981268760094178, 	Batch Avg-T: 0:00:00.318435
	[TRAIN] Epoch 6 Batch 600/650 Loss: 0.03895552410510138, 	PPG F1: 0.9809959922567567, 	Batch Avg-T: 0:00:00.318436
[TRAIN] Epoch 6 Loss: 0.038640408467214844,             	PPG F1: 0.9811728652992721
Time - 0:03:26.881492
[VAL] Epoch 6 Loss: 1.119288414841877
[VAL] 	PPG      F1: 0.454
[VAL] 	PPG ROC AUC: 0.9009
[VAL] 	PPG PR  AUC: 0.6819
Epoch 6 finished. t = 0:03:44.763114


Epoch 7 training...
	[TRAIN] Epoch 7 Batch 0/650 Loss: 0.04637271165847778, 	PPG F1: 0.9790209790209791, 	Batch Avg-T: 0:00:00.420572
	[TRAIN] Epoch 7 Batch 100/650 Loss: 0.032918057063280944, 	PPG F1: 0.9843506079998459, 	Batch Avg-T: 0:00:00.318701
	[TRAIN] Epoch 7 Batch 200/650 Loss: 0.031314600824346, 	PPG F1: 0.9848943251732697, 	Batch Avg-T: 0:00:00.318793
	[TRAIN] Epoch 7 Batch 300/650 Loss: 0.031199560398576267, 	PPG F1: 0.9849251334083748, 	Batch Avg-T: 0:00:00.318796
	[TRAIN] Epoch 7 Batch 400/650 Loss: 0.031515306400650756, 	PPG F1: 0.9848123020803918, 	Batch Avg-T: 0:00:00.318905
	[TRAIN] Epoch 7 Batch 500/650 Loss: 0.031206815023934412, 	PPG F1: 0.9849704757690371, 	Batch Avg-T: 0:00:00.318646
	[TRAIN] Epoch 7 Batch 600/650 Loss: 0.031711574264193035, 	PPG F1: 0.9846256129962954, 	Batch Avg-T: 0:00:00.318583
[TRAIN] Epoch 7 Loss: 0.03139837832261737,             	PPG F1: 0.984790998998895
Time - 0:03:27.105931
[VAL] Epoch 7 Loss: 1.6647982122271083
[VAL] 	PPG      F1: 0.4173
[VAL] 	PPG ROC AUC: 0.8758
[VAL] 	PPG PR  AUC: 0.6121
Epoch 7 finished. t = 0:03:45.011428


Epoch 8 training...
	[TRAIN] Epoch 8 Batch 0/650 Loss: 0.03791361302137375, 	PPG F1: 0.9868287740628165, 	Batch Avg-T: 0:00:00.384458
	[TRAIN] Epoch 8 Batch 100/650 Loss: 0.028405361080376227, 	PPG F1: 0.9863415019603582, 	Batch Avg-T: 0:00:00.318461
	[TRAIN] Epoch 8 Batch 200/650 Loss: 0.027799866741421212, 	PPG F1: 0.9865996740915204, 	Batch Avg-T: 0:00:00.318018
	[TRAIN] Epoch 8 Batch 300/650 Loss: 0.02711950826065683, 	PPG F1: 0.9870446718987179, 	Batch Avg-T: 0:00:00.317920
	[TRAIN] Epoch 8 Batch 400/650 Loss: 0.026847526721396203, 	PPG F1: 0.9870870145778207, 	Batch Avg-T: 0:00:00.317958
	[TRAIN] Epoch 8 Batch 500/650 Loss: 0.026582987138819313, 	PPG F1: 0.9872163426070203, 	Batch Avg-T: 0:00:00.318027
	[TRAIN] Epoch 8 Batch 600/650 Loss: 0.02595990150392105, 	PPG F1: 0.9875033749708579, 	Batch Avg-T: 0:00:00.317972
[TRAIN] Epoch 8 Loss: 0.02611995056987955,             	PPG F1: 0.9874249142003357
Time - 0:03:26.728455
[VAL] Epoch 8 Loss: 0.6264170560849294
[VAL] 	PPG      F1: 0.5679
[VAL] 	PPG ROC AUC: 0.9093
[VAL] 	PPG PR  AUC: 0.7013
Epoch 8 finished. t = 0:03:44.662195


Epoch 9 training...
	[TRAIN] Epoch 9 Batch 0/650 Loss: 0.022855304181575775, 	PPG F1: 0.990215264187867, 	Batch Avg-T: 0:00:00.375788
	[TRAIN] Epoch 9 Batch 100/650 Loss: 0.02305228534237583, 	PPG F1: 0.9885744287362053, 	Batch Avg-T: 0:00:00.318926
	[TRAIN] Epoch 9 Batch 200/650 Loss: 0.021353141868032922, 	PPG F1: 0.9894363149199549, 	Batch Avg-T: 0:00:00.318639
	[TRAIN] Epoch 9 Batch 300/650 Loss: 0.02195058361413669, 	PPG F1: 0.9892052580545027, 	Batch Avg-T: 0:00:00.318368
	[TRAIN] Epoch 9 Batch 400/650 Loss: 0.022564164123630284, 	PPG F1: 0.9888966523801812, 	Batch Avg-T: 0:00:00.318216
	[TRAIN] Epoch 9 Batch 500/650 Loss: 0.022447947342090026, 	PPG F1: 0.9889810847419633, 	Batch Avg-T: 0:00:00.318239
	[TRAIN] Epoch 9 Batch 600/650 Loss: 0.022546288183891833, 	PPG F1: 0.9889781231344965, 	Batch Avg-T: 0:00:00.318277
[TRAIN] Epoch 9 Loss: 0.022279779982681457,             	PPG F1: 0.9891517230164129
Time - 0:03:26.750082
[VAL] Epoch 9 Loss: 1.026898856464303
[VAL] 	PPG      F1: 0.548
[VAL] 	PPG ROC AUC: 0.9241
[VAL] 	PPG PR  AUC: 0.718
Epoch 9 finished. t = 0:03:44.629230


Epoch 10 training...
	[TRAIN] Epoch 10 Batch 0/650 Loss: 0.0076609766110777855, 	PPG F1: 0.9969481180061037, 	Batch Avg-T: 0:00:00.364998
	[TRAIN] Epoch 10 Batch 100/650 Loss: 0.015561988816993071, 	PPG F1: 0.992630028754419, 	Batch Avg-T: 0:00:00.318220
	[TRAIN] Epoch 10 Batch 200/650 Loss: 0.01696313687354623, 	PPG F1: 0.9919464095102883, 	Batch Avg-T: 0:00:00.318021
	[TRAIN] Epoch 10 Batch 300/650 Loss: 0.016793403358344124, 	PPG F1: 0.9920805482159288, 	Batch Avg-T: 0:00:00.318138
	[TRAIN] Epoch 10 Batch 400/650 Loss: 0.01735453278829629, 	PPG F1: 0.9917846358784171, 	Batch Avg-T: 0:00:00.318252
	[TRAIN] Epoch 10 Batch 500/650 Loss: 0.01778026733885774, 	PPG F1: 0.9915312635877068, 	Batch Avg-T: 0:00:00.318255
	[TRAIN] Epoch 10 Batch 600/650 Loss: 0.01820355508795718, 	PPG F1: 0.9913725237279805, 	Batch Avg-T: 0:00:00.318330
[TRAIN] Epoch 10 Loss: 0.018943852142502483,             	PPG F1: 0.9909902676013026
Time - 0:03:26.822394
[VAL] Epoch 10 Loss: 0.6002505046629896
[VAL] 	PPG      F1: 0.5787
[VAL] 	PPG ROC AUC: 0.9144
[VAL] 	PPG PR  AUC: 0.7535
Epoch 10 finished. t = 0:03:44.750763


Epoch 11 training...
	[TRAIN] Epoch 11 Batch 0/650 Loss: 0.015565241686999798, 	PPG F1: 0.9950248756218906, 	Batch Avg-T: 0:00:00.374755
	[TRAIN] Epoch 11 Batch 100/650 Loss: 0.014757915367695069, 	PPG F1: 0.9930907999998202, 	Batch Avg-T: 0:00:00.317722
	[TRAIN] Epoch 11 Batch 200/650 Loss: 0.015519388154408528, 	PPG F1: 0.992596588066665, 	Batch Avg-T: 0:00:00.317811
	[TRAIN] Epoch 11 Batch 300/650 Loss: 0.01519326843240877, 	PPG F1: 0.9927611091957017, 	Batch Avg-T: 0:00:00.317796
	[TRAIN] Epoch 11 Batch 400/650 Loss: 0.01583607092109553, 	PPG F1: 0.9924985719898142, 	Batch Avg-T: 0:00:00.317993
	[TRAIN] Epoch 11 Batch 500/650 Loss: 0.015691514573099013, 	PPG F1: 0.9925802654549604, 	Batch Avg-T: 0:00:00.318118
	[TRAIN] Epoch 11 Batch 600/650 Loss: 0.015630750620920526, 	PPG F1: 0.9926342120116101, 	Batch Avg-T: 0:00:00.318082
[TRAIN] Epoch 11 Loss: 0.015701895068184687,             	PPG F1: 0.9926175504888646
Time - 0:03:26.720020
[VAL] Epoch 11 Loss: 1.163211392208428
[VAL] 	PPG      F1: 0.513
[VAL] 	PPG ROC AUC: 0.9023
[VAL] 	PPG PR  AUC: 0.7095
Epoch 11 finished. t = 0:03:44.714077


Epoch 12 training...
	[TRAIN] Epoch 12 Batch 0/650 Loss: 0.012754608877003193, 	PPG F1: 0.9943396226415094, 	Batch Avg-T: 0:00:00.383446
	[TRAIN] Epoch 12 Batch 100/650 Loss: 0.014054421637447016, 	PPG F1: 0.9932175623768635, 	Batch Avg-T: 0:00:00.318369
	[TRAIN] Epoch 12 Batch 200/650 Loss: 0.015498721000242664, 	PPG F1: 0.9925202289017097, 	Batch Avg-T: 0:00:00.319004
	[TRAIN] Epoch 12 Batch 300/650 Loss: 0.014358095582605547, 	PPG F1: 0.9931127654664699, 	Batch Avg-T: 0:00:00.318601
	[TRAIN] Epoch 12 Batch 400/650 Loss: 0.014396441896606302, 	PPG F1: 0.9930735745281529, 	Batch Avg-T: 0:00:00.318190
	[TRAIN] Epoch 12 Batch 500/650 Loss: 0.014253657668579868, 	PPG F1: 0.9931780828564989, 	Batch Avg-T: 0:00:00.318133
	[TRAIN] Epoch 12 Batch 600/650 Loss: 0.01397519502997981, 	PPG F1: 0.9933315836474437, 	Batch Avg-T: 0:00:00.317940
[TRAIN] Epoch 12 Loss: 0.01380185332829849,             	PPG F1: 0.9934044541158736
Time - 0:03:26.686186
[VAL] Epoch 12 Loss: 1.2074699039670151
[VAL] 	PPG      F1: 0.5354
[VAL] 	PPG ROC AUC: 0.8965
[VAL] 	PPG PR  AUC: 0.7196
Epoch 12 finished. t = 0:03:44.594725


Epoch 13 training...
	[TRAIN] Epoch 13 Batch 0/650 Loss: 0.00757552171126008, 	PPG F1: 0.9949238578680204, 	Batch Avg-T: 0:00:00.370567
	[TRAIN] Epoch 13 Batch 100/650 Loss: 0.01433942198181654, 	PPG F1: 0.9930550765780242, 	Batch Avg-T: 0:00:00.318711
	[TRAIN] Epoch 13 Batch 200/650 Loss: 0.013246249034537456, 	PPG F1: 0.9936826802566764, 	Batch Avg-T: 0:00:00.318093
	[TRAIN] Epoch 13 Batch 300/650 Loss: 0.012476743582598988, 	PPG F1: 0.9940272151376338, 	Batch Avg-T: 0:00:00.318214
	[TRAIN] Epoch 13 Batch 400/650 Loss: 0.01249123314172587, 	PPG F1: 0.9940241629013866, 	Batch Avg-T: 0:00:00.318333
	[TRAIN] Epoch 13 Batch 500/650 Loss: 0.012539662995158199, 	PPG F1: 0.994006669757038, 	Batch Avg-T: 0:00:00.318276
	[TRAIN] Epoch 13 Batch 600/650 Loss: 0.012471089045441214, 	PPG F1: 0.9940466064798169, 	Batch Avg-T: 0:00:00.318215
[TRAIN] Epoch 13 Loss: 0.012354192855911186,             	PPG F1: 0.9940997865387705
Time - 0:03:26.754988
[VAL] Epoch 13 Loss: 0.9656360391339451
[VAL] 	PPG      F1: 0.5704
[VAL] 	PPG ROC AUC: 0.9237
[VAL] 	PPG PR  AUC: 0.753
Epoch 13 finished. t = 0:03:44.696352


Epoch 14 training...
	[TRAIN] Epoch 14 Batch 0/650 Loss: 0.019690874963998795, 	PPG F1: 0.9910269192422732, 	Batch Avg-T: 0:00:00.370053
	[TRAIN] Epoch 14 Batch 100/650 Loss: 0.00967872834137392, 	PPG F1: 0.9956113146920545, 	Batch Avg-T: 0:00:00.318492
	[TRAIN] Epoch 14 Batch 200/650 Loss: 0.013375909427940771, 	PPG F1: 0.993740854119168, 	Batch Avg-T: 0:00:00.318459
	[TRAIN] Epoch 14 Batch 300/650 Loss: 0.012048881171825048, 	PPG F1: 0.9943691997025, 	Batch Avg-T: 0:00:00.318193
	[TRAIN] Epoch 14 Batch 400/650 Loss: 0.011997905705284393, 	PPG F1: 0.994423812120137, 	Batch Avg-T: 0:00:00.318046
	[TRAIN] Epoch 14 Batch 500/650 Loss: 0.011296487748650778, 	PPG F1: 0.9947425821372848, 	Batch Avg-T: 0:00:00.318187
	[TRAIN] Epoch 14 Batch 600/650 Loss: 0.01162903489813847, 	PPG F1: 0.9945977611413562, 	Batch Avg-T: 0:00:00.318264
[TRAIN] Epoch 14 Loss: 0.01177215296900473,             	PPG F1: 0.9945468503863875
Time - 0:03:26.822262
[VAL] Epoch 14 Loss: 0.8423159549594185
[VAL] 	PPG      F1: 0.5185
[VAL] 	PPG ROC AUC: 0.8925
[VAL] 	PPG PR  AUC: 0.7383
Epoch 14 finished. t = 0:03:44.780250


Epoch 15 training...
	[TRAIN] Epoch 15 Batch 0/650 Loss: 0.02852950058877468, 	PPG F1: 0.9837320574162679, 	Batch Avg-T: 0:00:00.378292
	[TRAIN] Epoch 15 Batch 100/650 Loss: 0.00931560671381136, 	PPG F1: 0.9958031906451338, 	Batch Avg-T: 0:00:00.318585
	[TRAIN] Epoch 15 Batch 200/650 Loss: 0.008873240017929851, 	PPG F1: 0.9960256374829163, 	Batch Avg-T: 0:00:00.318248
	[TRAIN] Epoch 15 Batch 300/650 Loss: 0.00999186081236284, 	PPG F1: 0.9954763974077814, 	Batch Avg-T: 0:00:00.318209
	[TRAIN] Epoch 15 Batch 400/650 Loss: 0.009451264894376985, 	PPG F1: 0.9957116196034439, 	Batch Avg-T: 0:00:00.317764
	[TRAIN] Epoch 15 Batch 500/650 Loss: 0.00934440437067642, 	PPG F1: 0.995731805887372, 	Batch Avg-T: 0:00:00.317825
	[TRAIN] Epoch 15 Batch 600/650 Loss: 0.00917799190440666, 	PPG F1: 0.9957860241267747, 	Batch Avg-T: 0:00:00.317792
[TRAIN] Epoch 15 Loss: 0.009171533768889135,             	PPG F1: 0.9957865367146945
Time - 0:03:26.515314
[VAL] Epoch 15 Loss: 1.1196042039396068
[VAL] 	PPG      F1: 0.5287
[VAL] 	PPG ROC AUC: 0.8996
[VAL] 	PPG PR  AUC: 0.7289
Epoch 15 finished. t = 0:03:44.380743


Epoch 16 training...
	[TRAIN] Epoch 16 Batch 0/650 Loss: 0.006591852754354477, 	PPG F1: 0.9960861056751468, 	Batch Avg-T: 0:00:00.416108
	[TRAIN] Epoch 16 Batch 100/650 Loss: 0.008870087987005637, 	PPG F1: 0.9959982812684309, 	Batch Avg-T: 0:00:00.318259
	[TRAIN] Epoch 16 Batch 200/650 Loss: 0.009657232115735574, 	PPG F1: 0.9955553854552426, 	Batch Avg-T: 0:00:00.318162
	[TRAIN] Epoch 16 Batch 300/650 Loss: 0.009930077781266474, 	PPG F1: 0.9954073792308421, 	Batch Avg-T: 0:00:00.318328
	[TRAIN] Epoch 16 Batch 400/650 Loss: 0.009715393458218998, 	PPG F1: 0.9955146136683765, 	Batch Avg-T: 0:00:00.318441
	[TRAIN] Epoch 16 Batch 500/650 Loss: 0.00951651833508119, 	PPG F1: 0.9956103929842351, 	Batch Avg-T: 0:00:00.318231
	[TRAIN] Epoch 16 Batch 600/650 Loss: 0.009451056789326328, 	PPG F1: 0.9956404225553795, 	Batch Avg-T: 0:00:00.318137
[TRAIN] Epoch 16 Loss: 0.009258403746017184,             	PPG F1: 0.9957301051706685
Time - 0:03:26.742655
[VAL] Epoch 16 Loss: 1.2608537686410677
[VAL] 	PPG      F1: 0.5141
[VAL] 	PPG ROC AUC: 0.9002
[VAL] 	PPG PR  AUC: 0.7255
Epoch 16 finished. t = 0:03:44.632117


Epoch 17 training...
	[TRAIN] Epoch 17 Batch 0/650 Loss: 0.007218604441732168, 	PPG F1: 0.9978586723768736, 	Batch Avg-T: 0:00:00.378653
	[TRAIN] Epoch 17 Batch 100/650 Loss: 0.007314986303231983, 	PPG F1: 0.9966519623957985, 	Batch Avg-T: 0:00:00.318790
	[TRAIN] Epoch 17 Batch 200/650 Loss: 0.008604607110743444, 	PPG F1: 0.9958735911369808, 	Batch Avg-T: 0:00:00.317553
	[TRAIN] Epoch 17 Batch 300/650 Loss: 0.008325244792995424, 	PPG F1: 0.9959806708631442, 	Batch Avg-T: 0:00:00.317775
	[TRAIN] Epoch 17 Batch 400/650 Loss: 0.007938219818020672, 	PPG F1: 0.9962147952397783, 	Batch Avg-T: 0:00:00.317894
	[TRAIN] Epoch 17 Batch 500/650 Loss: 0.008191340398568541, 	PPG F1: 0.9961324378352668, 	Batch Avg-T: 0:00:00.317824
	[TRAIN] Epoch 17 Batch 600/650 Loss: 0.00845924526326724, 	PPG F1: 0.9960059115401408, 	Batch Avg-T: 0:00:00.317792
[TRAIN] Epoch 17 Loss: 0.008335595680042529,             	PPG F1: 0.9960645494585191
Time - 0:03:26.579685
[VAL] Epoch 17 Loss: 1.6923062728729341
[VAL] 	PPG      F1: 0.4984
[VAL] 	PPG ROC AUC: 0.9162
[VAL] 	PPG PR  AUC: 0.7072
Epoch 17 finished. t = 0:03:44.594602


Epoch 18 training...
	[TRAIN] Epoch 18 Batch 0/650 Loss: 0.004207720514386892, 	PPG F1: 0.9970501474926253, 	Batch Avg-T: 0:00:00.371679
	[TRAIN] Epoch 18 Batch 100/650 Loss: 0.0065112574646101875, 	PPG F1: 0.9971182157368343, 	Batch Avg-T: 0:00:00.318548
	[TRAIN] Epoch 18 Batch 200/650 Loss: 0.007174234659485149, 	PPG F1: 0.9967901908300133, 	Batch Avg-T: 0:00:00.318564
	[TRAIN] Epoch 18 Batch 300/650 Loss: 0.007355466611107867, 	PPG F1: 0.9967017688880592, 	Batch Avg-T: 0:00:00.317894
	[TRAIN] Epoch 18 Batch 400/650 Loss: 0.007713534791449879, 	PPG F1: 0.9964961560249803, 	Batch Avg-T: 0:00:00.317857
	[TRAIN] Epoch 18 Batch 500/650 Loss: 0.008306761871290926, 	PPG F1: 0.9962117408510254, 	Batch Avg-T: 0:00:00.317896
	[TRAIN] Epoch 18 Batch 600/650 Loss: 0.0080769490045782, 	PPG F1: 0.9962765010616534, 	Batch Avg-T: 0:00:00.317789
[TRAIN] Epoch 18 Loss: 0.007945265487337915,             	PPG F1: 0.9963345462862923
Time - 0:03:26.509921
[VAL] Epoch 18 Loss: 1.6017549855208497
[VAL] 	PPG      F1: 0.5103
[VAL] 	PPG ROC AUC: 0.9192
[VAL] 	PPG PR  AUC: 0.7199
Epoch 18 finished. t = 0:03:44.392608


Epoch 19 training...
	[TRAIN] Epoch 19 Batch 0/650 Loss: 0.0057314117439091206, 	PPG F1: 0.9960079840319361, 	Batch Avg-T: 0:00:00.372377
	[TRAIN] Epoch 19 Batch 100/650 Loss: 0.005158643891209607, 	PPG F1: 0.997632741092193, 	Batch Avg-T: 0:00:00.319220
	[TRAIN] Epoch 19 Batch 200/650 Loss: 0.006296422820484998, 	PPG F1: 0.9970941491756707, 	Batch Avg-T: 0:00:00.318718
	[TRAIN] Epoch 19 Batch 300/650 Loss: 0.006207645167612109, 	PPG F1: 0.9971232697840221, 	Batch Avg-T: 0:00:00.318696
	[TRAIN] Epoch 19 Batch 400/650 Loss: 0.006502901147319436, 	PPG F1: 0.9969603320822368, 	Batch Avg-T: 0:00:00.318642
	[TRAIN] Epoch 19 Batch 500/650 Loss: 0.006647443331679526, 	PPG F1: 0.9968800108092856, 	Batch Avg-T: 0:00:00.318498
	[TRAIN] Epoch 19 Batch 600/650 Loss: 0.006892714661448425, 	PPG F1: 0.9967808416299613, 	Batch Avg-T: 0:00:00.318400
[TRAIN] Epoch 19 Loss: 0.006743811252526939,             	PPG F1: 0.9968522334859337
Time - 0:03:26.848007
[VAL] Epoch 19 Loss: 1.4510852812272563
[VAL] 	PPG      F1: 0.5207
[VAL] 	PPG ROC AUC: 0.9032
[VAL] 	PPG PR  AUC: 0.6898
Epoch 19 finished. t = 0:03:44.723657


Epoch 20 training...
	[TRAIN] Epoch 20 Batch 0/650 Loss: 0.0018541058525443077, 	PPG F1: 0.9989615784008308, 	Batch Avg-T: 0:00:00.369698
	[TRAIN] Epoch 20 Batch 100/650 Loss: 0.0033651959909746275, 	PPG F1: 0.9984192434542644, 	Batch Avg-T: 0:00:00.318174
	[TRAIN] Epoch 20 Batch 200/650 Loss: 0.006324974208764977, 	PPG F1: 0.9970191115194454, 	Batch Avg-T: 0:00:00.317745
	[TRAIN] Epoch 20 Batch 300/650 Loss: 0.006495440807945769, 	PPG F1: 0.9969584598870088, 	Batch Avg-T: 0:00:00.317746
	[TRAIN] Epoch 20 Batch 400/650 Loss: 0.006200441079653458, 	PPG F1: 0.9971185272127694, 	Batch Avg-T: 0:00:00.317773
	[TRAIN] Epoch 20 Batch 500/650 Loss: 0.006349923197225809, 	PPG F1: 0.9970475475896309, 	Batch Avg-T: 0:00:00.317607
	[TRAIN] Epoch 20 Batch 600/650 Loss: 0.006264626047851559, 	PPG F1: 0.9971206801434752, 	Batch Avg-T: 0:00:00.317742
[TRAIN] Epoch 20 Loss: 0.006534279516580192,             	PPG F1: 0.9970239922176669
Time - 0:03:26.438884
[VAL] Epoch 20 Loss: 1.6275706221105164
[VAL] 	PPG      F1: 0.455
[VAL] 	PPG ROC AUC: 0.9077
[VAL] 	PPG PR  AUC: 0.7172
Epoch 20 finished. t = 0:03:44.451250


Epoch 21 training...
	[TRAIN] Epoch 21 Batch 0/650 Loss: 0.024456914514303207, 	PPG F1: 0.9913043478260869, 	Batch Avg-T: 0:00:00.378084
	[TRAIN] Epoch 21 Batch 100/650 Loss: 0.007718426894654732, 	PPG F1: 0.9964630466037125, 	Batch Avg-T: 0:00:00.317548
	[TRAIN] Epoch 21 Batch 200/650 Loss: 0.006261176309653729, 	PPG F1: 0.9970924708326592, 	Batch Avg-T: 0:00:00.317615
	[TRAIN] Epoch 21 Batch 300/650 Loss: 0.006700698719758299, 	PPG F1: 0.9968929969416412, 	Batch Avg-T: 0:00:00.317510
	[TRAIN] Epoch 21 Batch 400/650 Loss: 0.006502797350794323, 	PPG F1: 0.9969639279468413, 	Batch Avg-T: 0:00:00.317706
	[TRAIN] Epoch 21 Batch 500/650 Loss: 0.006966139602987468, 	PPG F1: 0.9967824648135863, 	Batch Avg-T: 0:00:00.317809
	[TRAIN] Epoch 21 Batch 600/650 Loss: 0.006494111156437047, 	PPG F1: 0.9969981025378387, 	Batch Avg-T: 0:00:00.317740
[TRAIN] Epoch 21 Loss: 0.006601597328643458,             	PPG F1: 0.9969574087063093
Time - 0:03:26.509242
[VAL] Epoch 21 Loss: 1.4856209240999592
[VAL] 	PPG      F1: 0.5009
[VAL] 	PPG ROC AUC: 0.913
[VAL] 	PPG PR  AUC: 0.7185
Epoch 21 finished. t = 0:03:44.475039


Epoch 22 training...
	[TRAIN] Epoch 22 Batch 0/650 Loss: 0.010889971628785133, 	PPG F1: 0.9944134078212291, 	Batch Avg-T: 0:00:00.369188
	[TRAIN] Epoch 22 Batch 100/650 Loss: 0.005306251488261774, 	PPG F1: 0.9975335018121028, 	Batch Avg-T: 0:00:00.318823
	[TRAIN] Epoch 22 Batch 200/650 Loss: 0.0058930370639847475, 	PPG F1: 0.9972568702205105, 	Batch Avg-T: 0:00:00.318335
	[TRAIN] Epoch 22 Batch 300/650 Loss: 0.005570142967525895, 	PPG F1: 0.9974275768483781, 	Batch Avg-T: 0:00:00.318130
	[TRAIN] Epoch 22 Batch 400/650 Loss: 0.0054518031011546895, 	PPG F1: 0.9975198637643345, 	Batch Avg-T: 0:00:00.318324
	[TRAIN] Epoch 22 Batch 500/650 Loss: 0.005524295841356714, 	PPG F1: 0.9974698038849242, 	Batch Avg-T: 0:00:00.318321
	[TRAIN] Epoch 22 Batch 600/650 Loss: 0.006154375330555855, 	PPG F1: 0.9971852647708925, 	Batch Avg-T: 0:00:00.318159
[TRAIN] Epoch 22 Loss: 0.005951501822878177,             	PPG F1: 0.9972701284353153
Time - 0:03:26.693623
[VAL] Epoch 22 Loss: 1.4213860483225742
[VAL] 	PPG      F1: 0.5309
[VAL] 	PPG ROC AUC: 0.9093
[VAL] 	PPG PR  AUC: 0.7131
Epoch 22 finished. t = 0:03:44.585458


Epoch 23 training...
	[TRAIN] Epoch 23 Batch 0/650 Loss: 0.0021974914707243443, 	PPG F1: 0.9989327641408752, 	Batch Avg-T: 0:00:00.368870
	[TRAIN] Epoch 23 Batch 100/650 Loss: 0.004197179232199566, 	PPG F1: 0.9980887570618175, 	Batch Avg-T: 0:00:00.318141
	[TRAIN] Epoch 23 Batch 200/650 Loss: 0.005552885508983146, 	PPG F1: 0.9975350698784765, 	Batch Avg-T: 0:00:00.317591
	[TRAIN] Epoch 23 Batch 300/650 Loss: 0.00496004439645371, 	PPG F1: 0.9978070010464847, 	Batch Avg-T: 0:00:00.317605
	[TRAIN] Epoch 23 Batch 400/650 Loss: 0.005339513555643186, 	PPG F1: 0.9976514734657231, 	Batch Avg-T: 0:00:00.317620
	[TRAIN] Epoch 23 Batch 500/650 Loss: 0.0050959358909485695, 	PPG F1: 0.9977345136693256, 	Batch Avg-T: 0:00:00.317808
	[TRAIN] Epoch 23 Batch 600/650 Loss: 0.005054536783672015, 	PPG F1: 0.9977236791001841, 	Batch Avg-T: 0:00:00.317900
[TRAIN] Epoch 23 Loss: 0.005124343053030316,             	PPG F1: 0.9977007397118475
Time - 0:03:26.621930
[VAL] Epoch 23 Loss: 1.5181579237450875
[VAL] 	PPG      F1: 0.5059
[VAL] 	PPG ROC AUC: 0.8805
[VAL] 	PPG PR  AUC: 0.6648
Epoch 23 finished. t = 0:03:44.539987


Epoch 24 training...
	[TRAIN] Epoch 24 Batch 0/650 Loss: 0.0037979769986122847, 	PPG F1: 0.9980119284294234, 	Batch Avg-T: 0:00:00.376738
	[TRAIN] Epoch 24 Batch 100/650 Loss: 0.004592234849132191, 	PPG F1: 0.9977916854619255, 	Batch Avg-T: 0:00:00.318356
	[TRAIN] Epoch 24 Batch 200/650 Loss: 0.00574661582443094, 	PPG F1: 0.9972602990685372, 	Batch Avg-T: 0:00:00.317602
	[TRAIN] Epoch 24 Batch 300/650 Loss: 0.005421283222662217, 	PPG F1: 0.9974597039548965, 	Batch Avg-T: 0:00:00.317778
	[TRAIN] Epoch 24 Batch 400/650 Loss: 0.006035944121335853, 	PPG F1: 0.9971422833075531, 	Batch Avg-T: 0:00:00.317694
	[TRAIN] Epoch 24 Batch 500/650 Loss: 0.005885284120298758, 	PPG F1: 0.9972481102630473, 	Batch Avg-T: 0:00:00.317606
	[TRAIN] Epoch 24 Batch 600/650 Loss: 0.005892643182497385, 	PPG F1: 0.9972352479028652, 	Batch Avg-T: 0:00:00.317796
[TRAIN] Epoch 24 Loss: 0.005701616047635281,             	PPG F1: 0.9973297698302342
Time - 0:03:26.528580
[VAL] Epoch 24 Loss: 1.3005575263286082
[VAL] 	PPG      F1: 0.5557
[VAL] 	PPG ROC AUC: 0.9053
[VAL] 	PPG PR  AUC: 0.7282
Epoch 24 finished. t = 0:03:44.518943


Epoch 25 training...
	[TRAIN] Epoch 25 Batch 0/650 Loss: 0.007134787738323212, 	PPG F1: 0.9980506822612085, 	Batch Avg-T: 0:00:00.414260
	[TRAIN] Epoch 25 Batch 100/650 Loss: 0.0060440464576909155, 	PPG F1: 0.9971703996886809, 	Batch Avg-T: 0:00:00.317957
	[TRAIN] Epoch 25 Batch 200/650 Loss: 0.004946678118584492, 	PPG F1: 0.9976719259895984, 	Batch Avg-T: 0:00:00.318004
	[TRAIN] Epoch 25 Batch 300/650 Loss: 0.004452371341040965, 	PPG F1: 0.9978851260559747, 	Batch Avg-T: 0:00:00.318042
	[TRAIN] Epoch 25 Batch 400/650 Loss: 0.004596260406829979, 	PPG F1: 0.9978488931381175, 	Batch Avg-T: 0:00:00.318057
	[TRAIN] Epoch 25 Batch 500/650 Loss: 0.004992858470548148, 	PPG F1: 0.9976766054212373, 	Batch Avg-T: 0:00:00.317815
	[TRAIN] Epoch 25 Batch 600/650 Loss: 0.005227493507833686, 	PPG F1: 0.9975863110354114, 	Batch Avg-T: 0:00:00.317954
[TRAIN] Epoch 25 Loss: 0.0051343329722294585,             	PPG F1: 0.9976347757880912
Time - 0:03:26.652826
[VAL] Epoch 25 Loss: 1.668402151471157
[VAL] 	PPG      F1: 0.5
[VAL] 	PPG ROC AUC: 0.9091
[VAL] 	PPG PR  AUC: 0.723
Epoch 25 finished. t = 0:03:44.552772


Epoch 26 training...
	[TRAIN] Epoch 26 Batch 0/650 Loss: 0.005352893378585577, 	PPG F1: 0.99812734082397, 	Batch Avg-T: 0:00:00.364901
	[TRAIN] Epoch 26 Batch 100/650 Loss: 0.004657882425385426, 	PPG F1: 0.9976727669905078, 	Batch Avg-T: 0:00:00.318308
	[TRAIN] Epoch 26 Batch 200/650 Loss: 0.0053065756045684994, 	PPG F1: 0.997495289400507, 	Batch Avg-T: 0:00:00.317824
	[TRAIN] Epoch 26 Batch 300/650 Loss: 0.0046030069476858315, 	PPG F1: 0.9978406876876447, 	Batch Avg-T: 0:00:00.318075
	[TRAIN] Epoch 26 Batch 400/650 Loss: 0.004921021953209459, 	PPG F1: 0.9977270834302389, 	Batch Avg-T: 0:00:00.317891
	[TRAIN] Epoch 26 Batch 500/650 Loss: 0.004833294959316409, 	PPG F1: 0.9977772904736186, 	Batch Avg-T: 0:00:00.318024
	[TRAIN] Epoch 26 Batch 600/650 Loss: 0.005120715106395422, 	PPG F1: 0.997651026612473, 	Batch Avg-T: 0:00:00.317802
[TRAIN] Epoch 26 Loss: 0.004917709699925931,             	PPG F1: 0.9977544076002491
Time - 0:03:26.511645
[VAL] Epoch 26 Loss: 1.0243285826887958
[VAL] 	PPG      F1: 0.6054
[VAL] 	PPG ROC AUC: 0.9446
[VAL] 	PPG PR  AUC: 0.787
Epoch 26 finished. t = 0:03:44.317445


Epoch 27 training...
	[TRAIN] Epoch 27 Batch 0/650 Loss: 0.0005510137998498976, 	PPG F1: 1.0, 	Batch Avg-T: 0:00:00.376339
	[TRAIN] Epoch 27 Batch 100/650 Loss: 0.004251156875830245, 	PPG F1: 0.9980271766324919, 	Batch Avg-T: 0:00:00.317711
	[TRAIN] Epoch 27 Batch 200/650 Loss: 0.00426769570037155, 	PPG F1: 0.9979910448835256, 	Batch Avg-T: 0:00:00.317886
	[TRAIN] Epoch 27 Batch 300/650 Loss: 0.004146593024397649, 	PPG F1: 0.9980438880281256, 	Batch Avg-T: 0:00:00.318127
	[TRAIN] Epoch 27 Batch 400/650 Loss: 0.004257628697261245, 	PPG F1: 0.9980169238033191, 	Batch Avg-T: 0:00:00.318092
	[TRAIN] Epoch 27 Batch 500/650 Loss: 0.004279861293279774, 	PPG F1: 0.9979995066107661, 	Batch Avg-T: 0:00:00.318119
	[TRAIN] Epoch 27 Batch 600/650 Loss: 0.004212078883432932, 	PPG F1: 0.9980415031352152, 	Batch Avg-T: 0:00:00.318177
[TRAIN] Epoch 27 Loss: 0.004470230410739672,             	PPG F1: 0.997913166078739
Time - 0:03:26.710191
[VAL] Epoch 27 Loss: 1.7393268036945948
[VAL] 	PPG      F1: 0.4698
[VAL] 	PPG ROC AUC: 0.9017
[VAL] 	PPG PR  AUC: 0.7083
Epoch 27 finished. t = 0:03:44.635984


Epoch 28 training...
	[TRAIN] Epoch 28 Batch 0/650 Loss: 0.016726840287446976, 	PPG F1: 0.9942196531791908, 	Batch Avg-T: 0:00:00.369333
	[TRAIN] Epoch 28 Batch 100/650 Loss: 0.004665983761291914, 	PPG F1: 0.9979620707928759, 	Batch Avg-T: 0:00:00.318755
	[TRAIN] Epoch 28 Batch 200/650 Loss: 0.0047301710309606716, 	PPG F1: 0.9979639861838452, 	Batch Avg-T: 0:00:00.318317
	[TRAIN] Epoch 28 Batch 300/650 Loss: 0.004273043517866466, 	PPG F1: 0.9981645993848433, 	Batch Avg-T: 0:00:00.318547
	[TRAIN] Epoch 28 Batch 400/650 Loss: 0.004232260501917981, 	PPG F1: 0.9981059900560233, 	Batch Avg-T: 0:00:00.318280
	[TRAIN] Epoch 28 Batch 500/650 Loss: 0.004357521625411346, 	PPG F1: 0.998013442420768, 	Batch Avg-T: 0:00:00.318214
	[TRAIN] Epoch 28 Batch 600/650 Loss: 0.004556286837001054, 	PPG F1: 0.9979313956399489, 	Batch Avg-T: 0:00:00.318231
[TRAIN] Epoch 28 Loss: 0.0045959881451786855,             	PPG F1: 0.9979080724637133
Time - 0:03:26.748631
[VAL] Epoch 28 Loss: 1.163941698992287
[VAL] 	PPG      F1: 0.5551
[VAL] 	PPG ROC AUC: 0.9168
[VAL] 	PPG PR  AUC: 0.7385
Epoch 28 finished. t = 0:03:44.727251


Epoch 29 training...
	[TRAIN] Epoch 29 Batch 0/650 Loss: 0.0023928028531372547, 	PPG F1: 0.9990128331688055, 	Batch Avg-T: 0:00:00.367221
	[TRAIN] Epoch 29 Batch 100/650 Loss: 0.002608758746358188, 	PPG F1: 0.9989011675653973, 	Batch Avg-T: 0:00:00.318189
	[TRAIN] Epoch 29 Batch 200/650 Loss: 0.0027579889974188505, 	PPG F1: 0.998779590317558, 	Batch Avg-T: 0:00:00.318121
	[TRAIN] Epoch 29 Batch 300/650 Loss: 0.0035675496590653268, 	PPG F1: 0.9983655566627121, 	Batch Avg-T: 0:00:00.318023
	[TRAIN] Epoch 29 Batch 400/650 Loss: 0.0035150286244684855, 	PPG F1: 0.9984037721133626, 	Batch Avg-T: 0:00:00.318031
	[TRAIN] Epoch 29 Batch 500/650 Loss: 0.004050579676002602, 	PPG F1: 0.998158190477199, 	Batch Avg-T: 0:00:00.318013
	[TRAIN] Epoch 29 Batch 600/650 Loss: 0.003971466370013708, 	PPG F1: 0.9982080344877281, 	Batch Avg-T: 0:00:00.318028
[TRAIN] Epoch 29 Loss: 0.0042660236908481095,             	PPG F1: 0.9980652466387626
Time - 0:03:26.690822
[VAL] Epoch 29 Loss: 1.7968274746392534
[VAL] 	PPG      F1: 0.4523
[VAL] 	PPG ROC AUC: 0.8999
[VAL] 	PPG PR  AUC: 0.6992
Epoch 29 finished. t = 0:03:44.686891


