JOB START
Wed Apr  5 21:21:46 2023       
+-----------------------------------------------------------------------------+
| NVIDIA-SMI 470.74       Driver Version: 470.74       CUDA Version: 11.4     |
|-------------------------------+----------------------+----------------------+
| GPU  Name        Persistence-M| Bus-Id        Disp.A | Volatile Uncorr. ECC |
| Fan  Temp  Perf  Pwr:Usage/Cap|         Memory-Usage | GPU-Util  Compute M. |
|                               |                      |               MIG M. |
|===============================+======================+======================|
|   0  Tesla K80           Off  | 00000000:04:00.0 Off |                    0 |
| N/A   44C    P0    67W / 149W |      0MiB / 11441MiB |     93%      Default |
|                               |                      |                  N/A |
+-------------------------------+----------------------+----------------------+
                                                                               
+-----------------------------------------------------------------------------+
| Processes:                                                                  |
|  GPU   GI   CI        PID   Type   Process name                  GPU Memory |
|        ID   ID                                                   Usage      |
|=============================================================================|
|  No running processes found                                                 |
+-----------------------------------------------------------------------------+
BATCH_SIZE 1280
NUM_EPOCHS 30
device cuda
PPG_LR 0.0001
BD_PERC 0.01
BD_TARGET_CLASS 1
BD_DIFF 1
COMMENT diff1
MODEL_FOLDER res34_epoch_30_ppglr_0.0001_BDPERC_0.01_1_1_diff1
Creating datasets
dataset finished
dataset finished
Dataset finished
Epoch 0 training...
	[TRAIN] Epoch 0 Batch 0/650 Loss: 0.7332678437232971, 	PPG F1: 0.310272536687631, 	Batch Avg-T: 0:00:00.476793
	[TRAIN] Epoch 0 Batch 100/650 Loss: 0.3883986042277648, 	PPG F1: 0.7356549094804472, 	Batch Avg-T: 0:00:00.299524
	[TRAIN] Epoch 0 Batch 200/650 Loss: 0.3045860915931303, 	PPG F1: 0.8021088710176255, 	Batch Avg-T: 0:00:00.300812
	[TRAIN] Epoch 0 Batch 300/650 Loss: 0.2584278781548687, 	PPG F1: 0.8362107770039607, 	Batch Avg-T: 0:00:00.301847
	[TRAIN] Epoch 0 Batch 400/650 Loss: 0.22736429040345765, 	PPG F1: 0.8582170155219903, 	Batch Avg-T: 0:00:00.302459
	[TRAIN] Epoch 0 Batch 500/650 Loss: 0.20432925813212366, 	PPG F1: 0.8739384997170537, 	Batch Avg-T: 0:00:00.302820
	[TRAIN] Epoch 0 Batch 600/650 Loss: 0.18638591028241666, 	PPG F1: 0.8860449931960391, 	Batch Avg-T: 0:00:00.302998
[TRAIN] Epoch 0 Loss: 0.17908256631631117,             	PPG F1: 0.8908730802775691
Time - 0:03:16.960523
[VAL] Epoch 0 Loss: 0.4315322101012266
[VAL] 	PPG      F1: 0.4217
[VAL] 	PPG ROC AUC: 0.8544
[VAL] 	PPG PR  AUC: 0.5421
Epoch 0 finished. t = 0:03:34.621155
Saving...


Epoch 1 training...
	[TRAIN] Epoch 1 Batch 0/650 Loss: 0.08537952601909637, 	PPG F1: 0.9502762430939227, 	Batch Avg-T: 0:00:00.360468
	[TRAIN] Epoch 1 Batch 100/650 Loss: 0.31321648530440754, 	PPG F1: 0.8157058354287581, 	Batch Avg-T: 0:00:00.320525
	[TRAIN] Epoch 1 Batch 200/650 Loss: 0.22431919223337032, 	PPG F1: 0.8698976803657831, 	Batch Avg-T: 0:00:00.320586
	[TRAIN] Epoch 1 Batch 300/650 Loss: 0.18336576569912044, 	PPG F1: 0.8948951505008924, 	Batch Avg-T: 0:00:00.320629
	[TRAIN] Epoch 1 Batch 400/650 Loss: 0.16100477836004218, 	PPG F1: 0.9082427356957444, 	Batch Avg-T: 0:00:00.320467
	[TRAIN] Epoch 1 Batch 500/650 Loss: 0.14536976687119393, 	PPG F1: 0.9176684083181271, 	Batch Avg-T: 0:00:00.320542
	[TRAIN] Epoch 1 Batch 600/650 Loss: 0.13422347064100565, 	PPG F1: 0.9242552219383119, 	Batch Avg-T: 0:00:00.320539
[TRAIN] Epoch 1 Loss: 0.1298044770096357,             	PPG F1: 0.9269154340817508
Time - 0:03:28.268028
[VAL] Epoch 1 Loss: 0.4874165895962994
[VAL] 	PPG      F1: 0.4222
[VAL] 	PPG ROC AUC: 0.862
[VAL] 	PPG PR  AUC: 0.538
Epoch 1 finished. t = 0:03:46.008296


Epoch 2 training...
	[TRAIN] Epoch 2 Batch 0/650 Loss: 0.06566458940505981, 	PPG F1: 0.9652996845425867, 	Batch Avg-T: 0:00:00.352855
	[TRAIN] Epoch 2 Batch 100/650 Loss: 0.07183450648542677, 	PPG F1: 0.9612710586920366, 	Batch Avg-T: 0:00:00.321611
	[TRAIN] Epoch 2 Batch 200/650 Loss: 0.06928597134885503, 	PPG F1: 0.9631475463774679, 	Batch Avg-T: 0:00:00.321701
	[TRAIN] Epoch 2 Batch 300/650 Loss: 0.06716817788210422, 	PPG F1: 0.9645246653155953, 	Batch Avg-T: 0:00:00.321543
	[TRAIN] Epoch 2 Batch 400/650 Loss: 0.06647724766943817, 	PPG F1: 0.9647517364183713, 	Batch Avg-T: 0:00:00.321442
	[TRAIN] Epoch 2 Batch 500/650 Loss: 0.06500199744236207, 	PPG F1: 0.9654909369903767, 	Batch Avg-T: 0:00:00.321297
	[TRAIN] Epoch 2 Batch 600/650 Loss: 0.06374957248841268, 	PPG F1: 0.9661339426823704, 	Batch Avg-T: 0:00:00.321447
[TRAIN] Epoch 2 Loss: 0.06302332300406235,             	PPG F1: 0.9665741908731834
Time - 0:03:28.842768
[VAL] Epoch 2 Loss: 0.7826657309362918
[VAL] 	PPG      F1: 0.3913
[VAL] 	PPG ROC AUC: 0.8874
[VAL] 	PPG PR  AUC: 0.5496
Epoch 2 finished. t = 0:03:46.581598


Epoch 3 training...
	[TRAIN] Epoch 3 Batch 0/650 Loss: 0.053588517010211945, 	PPG F1: 0.9682539682539681, 	Batch Avg-T: 0:00:00.374617
	[TRAIN] Epoch 3 Batch 100/650 Loss: 0.05283905270666179, 	PPG F1: 0.9720868340298701, 	Batch Avg-T: 0:00:00.321907
	[TRAIN] Epoch 3 Batch 200/650 Loss: 0.05242993499138462, 	PPG F1: 0.9721216728801779, 	Batch Avg-T: 0:00:00.321310
	[TRAIN] Epoch 3 Batch 300/650 Loss: 0.052031753739447295, 	PPG F1: 0.972333673223315, 	Batch Avg-T: 0:00:00.321490
	[TRAIN] Epoch 3 Batch 400/650 Loss: 0.051609826383373684, 	PPG F1: 0.9725753917984707, 	Batch Avg-T: 0:00:00.322149
	[TRAIN] Epoch 3 Batch 500/650 Loss: 0.05018833685599401, 	PPG F1: 0.9734473823735107, 	Batch Avg-T: 0:00:00.322091
	[TRAIN] Epoch 3 Batch 600/650 Loss: 0.04940258779759812, 	PPG F1: 0.9738528171151587, 	Batch Avg-T: 0:00:00.322109
[TRAIN] Epoch 3 Loss: 0.049289084145656,             	PPG F1: 0.9739009863525805
Time - 0:03:29.258675
[VAL] Epoch 3 Loss: 0.37694954622658783
[VAL] 	PPG      F1: 0.545
[VAL] 	PPG ROC AUC: 0.9426
[VAL] 	PPG PR  AUC: 0.6966
Epoch 3 finished. t = 0:03:46.980220
Saving...


Epoch 4 training...
	[TRAIN] Epoch 4 Batch 0/650 Loss: 0.06380654871463776, 	PPG F1: 0.9691358024691358, 	Batch Avg-T: 0:00:00.362314
	[TRAIN] Epoch 4 Batch 100/650 Loss: 0.0423488756918376, 	PPG F1: 0.9772591657828357, 	Batch Avg-T: 0:00:00.320780
	[TRAIN] Epoch 4 Batch 200/650 Loss: 0.04180505813391351, 	PPG F1: 0.9776045067717068, 	Batch Avg-T: 0:00:00.320674
	[TRAIN] Epoch 4 Batch 300/650 Loss: 0.041073795667914456, 	PPG F1: 0.9783894154041632, 	Batch Avg-T: 0:00:00.321417
	[TRAIN] Epoch 4 Batch 400/650 Loss: 0.04029822800113376, 	PPG F1: 0.9787751585167419, 	Batch Avg-T: 0:00:00.321390
	[TRAIN] Epoch 4 Batch 500/650 Loss: 0.03952988795750215, 	PPG F1: 0.9792658696854779, 	Batch Avg-T: 0:00:00.321582
	[TRAIN] Epoch 4 Batch 600/650 Loss: 0.03900454179252096, 	PPG F1: 0.9795828352998441, 	Batch Avg-T: 0:00:00.321485
[TRAIN] Epoch 4 Loss: 0.038677310523791954,             	PPG F1: 0.9797181025684673
Time - 0:03:28.898692
[VAL] Epoch 4 Loss: 0.5160688674826229
[VAL] 	PPG      F1: 0.4628
[VAL] 	PPG ROC AUC: 0.8778
[VAL] 	PPG PR  AUC: 0.5831
Epoch 4 finished. t = 0:03:46.480099


Epoch 5 training...
	[TRAIN] Epoch 5 Batch 0/650 Loss: 0.02613147534430027, 	PPG F1: 0.9823008849557523, 	Batch Avg-T: 0:00:00.357721
	[TRAIN] Epoch 5 Batch 100/650 Loss: 0.03248375190403497, 	PPG F1: 0.9825883182221246, 	Batch Avg-T: 0:00:00.321752
	[TRAIN] Epoch 5 Batch 200/650 Loss: 0.032604335899932765, 	PPG F1: 0.982474740202979, 	Batch Avg-T: 0:00:00.321898
	[TRAIN] Epoch 5 Batch 300/650 Loss: 0.032471711134717515, 	PPG F1: 0.9827970158380638, 	Batch Avg-T: 0:00:00.321768
	[TRAIN] Epoch 5 Batch 400/650 Loss: 0.032589452622221446, 	PPG F1: 0.982814598481264, 	Batch Avg-T: 0:00:00.321503
	[TRAIN] Epoch 5 Batch 500/650 Loss: 0.03231601588643656, 	PPG F1: 0.9830048344996754, 	Batch Avg-T: 0:00:00.321367
	[TRAIN] Epoch 5 Batch 600/650 Loss: 0.0319966033268441, 	PPG F1: 0.9831496805208944, 	Batch Avg-T: 0:00:00.321480
[TRAIN] Epoch 5 Loss: 0.03167498892029891,             	PPG F1: 0.98329312599551
Time - 0:03:28.940658
[VAL] Epoch 5 Loss: 0.9712898193583912
[VAL] 	PPG      F1: 0.3847
[VAL] 	PPG ROC AUC: 0.8978
[VAL] 	PPG PR  AUC: 0.606
Epoch 5 finished. t = 0:03:46.692065


Epoch 6 training...
	[TRAIN] Epoch 6 Batch 0/650 Loss: 0.027087341994047165, 	PPG F1: 0.9886714727085479, 	Batch Avg-T: 0:00:00.357104
	[TRAIN] Epoch 6 Batch 100/650 Loss: 0.02789662274910082, 	PPG F1: 0.9855650847726356, 	Batch Avg-T: 0:00:00.322190
	[TRAIN] Epoch 6 Batch 200/650 Loss: 0.026945580501313234, 	PPG F1: 0.9860121162825009, 	Batch Avg-T: 0:00:00.321846
	[TRAIN] Epoch 6 Batch 300/650 Loss: 0.028981911943625177, 	PPG F1: 0.9848530610765391, 	Batch Avg-T: 0:00:00.321833
	[TRAIN] Epoch 6 Batch 400/650 Loss: 0.02800771700185805, 	PPG F1: 0.9854187608584583, 	Batch Avg-T: 0:00:00.321828
	[TRAIN] Epoch 6 Batch 500/650 Loss: 0.02741397883995862, 	PPG F1: 0.9857243128154448, 	Batch Avg-T: 0:00:00.321657
	[TRAIN] Epoch 6 Batch 600/650 Loss: 0.02694152921946493, 	PPG F1: 0.9860551271723541, 	Batch Avg-T: 0:00:00.321636
[TRAIN] Epoch 6 Loss: 0.02692188795369405,             	PPG F1: 0.9860487808120928
Time - 0:03:28.961499
[VAL] Epoch 6 Loss: 0.49919244850147054
[VAL] 	PPG      F1: 0.5092
[VAL] 	PPG ROC AUC: 0.9078
[VAL] 	PPG PR  AUC: 0.6388
Epoch 6 finished. t = 0:03:46.719237


Epoch 7 training...
	[TRAIN] Epoch 7 Batch 0/650 Loss: 0.02744309976696968, 	PPG F1: 0.9889380530973451, 	Batch Avg-T: 0:00:00.401197
	[TRAIN] Epoch 7 Batch 100/650 Loss: 0.021115180501474602, 	PPG F1: 0.9894122498125091, 	Batch Avg-T: 0:00:00.321514
	[TRAIN] Epoch 7 Batch 200/650 Loss: 0.021888911434500224, 	PPG F1: 0.9890568912974985, 	Batch Avg-T: 0:00:00.321886
	[TRAIN] Epoch 7 Batch 300/650 Loss: 0.022526173068031025, 	PPG F1: 0.9884497703078765, 	Batch Avg-T: 0:00:00.321488
	[TRAIN] Epoch 7 Batch 400/650 Loss: 0.02257708103472641, 	PPG F1: 0.9884095338163595, 	Batch Avg-T: 0:00:00.321404
	[TRAIN] Epoch 7 Batch 500/650 Loss: 0.022492313009320558, 	PPG F1: 0.988393797217962, 	Batch Avg-T: 0:00:00.321588
	[TRAIN] Epoch 7 Batch 600/650 Loss: 0.022257789306981045, 	PPG F1: 0.9885018231352644, 	Batch Avg-T: 0:00:00.321594
[TRAIN] Epoch 7 Loss: 0.02199458735780074,             	PPG F1: 0.9886473910544225
Time - 0:03:29.087628
[VAL] Epoch 7 Loss: 0.8882333521076845
[VAL] 	PPG      F1: 0.3902
[VAL] 	PPG ROC AUC: 0.8642
[VAL] 	PPG PR  AUC: 0.5715
Epoch 7 finished. t = 0:03:46.767054


Epoch 8 training...
	[TRAIN] Epoch 8 Batch 0/650 Loss: 0.019069645553827286, 	PPG F1: 0.988814317673378, 	Batch Avg-T: 0:00:00.358840
	[TRAIN] Epoch 8 Batch 100/650 Loss: 0.020045287446072785, 	PPG F1: 0.9898212476405892, 	Batch Avg-T: 0:00:00.323680
	[TRAIN] Epoch 8 Batch 200/650 Loss: 0.02017314509206002, 	PPG F1: 0.9896347558914447, 	Batch Avg-T: 0:00:00.322890
	[TRAIN] Epoch 8 Batch 300/650 Loss: 0.0197920583488661, 	PPG F1: 0.9898282491467916, 	Batch Avg-T: 0:00:00.322654
	[TRAIN] Epoch 8 Batch 400/650 Loss: 0.01967600542132248, 	PPG F1: 0.9898995833109511, 	Batch Avg-T: 0:00:00.322059
	[TRAIN] Epoch 8 Batch 500/650 Loss: 0.019429067043799483, 	PPG F1: 0.9900015038056149, 	Batch Avg-T: 0:00:00.321866
	[TRAIN] Epoch 8 Batch 600/650 Loss: 0.019193098863304753, 	PPG F1: 0.9901059087915, 	Batch Avg-T: 0:00:00.321638
[TRAIN] Epoch 8 Loss: 0.019377214739528987,             	PPG F1: 0.9900060953591111
Time - 0:03:28.980249
[VAL] Epoch 8 Loss: 0.7801210205052981
[VAL] 	PPG      F1: 0.4283
[VAL] 	PPG ROC AUC: 0.8898
[VAL] 	PPG PR  AUC: 0.6164
Epoch 8 finished. t = 0:03:46.601476


Epoch 9 training...
	[TRAIN] Epoch 9 Batch 0/650 Loss: 0.02009454369544983, 	PPG F1: 0.9939024390243902, 	Batch Avg-T: 0:00:00.362968
	[TRAIN] Epoch 9 Batch 100/650 Loss: 0.01584904431134905, 	PPG F1: 0.9917384224863071, 	Batch Avg-T: 0:00:00.321249
	[TRAIN] Epoch 9 Batch 200/650 Loss: 0.01612756260443683, 	PPG F1: 0.9915876213579978, 	Batch Avg-T: 0:00:00.320890
	[TRAIN] Epoch 9 Batch 300/650 Loss: 0.017302268556012863, 	PPG F1: 0.9909732401256011, 	Batch Avg-T: 0:00:00.320632
	[TRAIN] Epoch 9 Batch 400/650 Loss: 0.016340868427950024, 	PPG F1: 0.9915247988272868, 	Batch Avg-T: 0:00:00.320737
	[TRAIN] Epoch 9 Batch 500/650 Loss: 0.016792214461630154, 	PPG F1: 0.991310474951734, 	Batch Avg-T: 0:00:00.320919
	[TRAIN] Epoch 9 Batch 600/650 Loss: 0.01639809157697797, 	PPG F1: 0.9915491775659193, 	Batch Avg-T: 0:00:00.321074
[TRAIN] Epoch 9 Loss: 0.01646088850791924,             	PPG F1: 0.9915470364673777
Time - 0:03:28.583519
[VAL] Epoch 9 Loss: 0.7480882418933027
[VAL] 	PPG      F1: 0.4853
[VAL] 	PPG ROC AUC: 0.9217
[VAL] 	PPG PR  AUC: 0.6353
Epoch 9 finished. t = 0:03:46.243458


Epoch 10 training...
	[TRAIN] Epoch 10 Batch 0/650 Loss: 0.015367264859378338, 	PPG F1: 0.9923830250272034, 	Batch Avg-T: 0:00:00.351892
	[TRAIN] Epoch 10 Batch 100/650 Loss: 0.01765612468104994, 	PPG F1: 0.9908338085267355, 	Batch Avg-T: 0:00:00.320483
	[TRAIN] Epoch 10 Batch 200/650 Loss: 0.016019048956941017, 	PPG F1: 0.9918228695863853, 	Batch Avg-T: 0:00:00.321191
	[TRAIN] Epoch 10 Batch 300/650 Loss: 0.01509837827574078, 	PPG F1: 0.9923413041809596, 	Batch Avg-T: 0:00:00.321087
	[TRAIN] Epoch 10 Batch 400/650 Loss: 0.015114942016289048, 	PPG F1: 0.9923541864428299, 	Batch Avg-T: 0:00:00.321187
	[TRAIN] Epoch 10 Batch 500/650 Loss: 0.014982886416298484, 	PPG F1: 0.9924089418691263, 	Batch Avg-T: 0:00:00.321256
	[TRAIN] Epoch 10 Batch 600/650 Loss: 0.015113337252121698, 	PPG F1: 0.9922998025055433, 	Batch Avg-T: 0:00:00.321276
[TRAIN] Epoch 10 Loss: 0.014978902269011506,             	PPG F1: 0.9923546250537727
Time - 0:03:28.723236
[VAL] Epoch 10 Loss: 1.1018688323143135
[VAL] 	PPG      F1: 0.3827
[VAL] 	PPG ROC AUC: 0.8462
[VAL] 	PPG PR  AUC: 0.5659
Epoch 10 finished. t = 0:03:46.247702


Epoch 11 training...
	[TRAIN] Epoch 11 Batch 0/650 Loss: 0.021245967596769333, 	PPG F1: 0.988133764832794, 	Batch Avg-T: 0:00:00.358164
	[TRAIN] Epoch 11 Batch 100/650 Loss: 0.01369415305665519, 	PPG F1: 0.9930437862277535, 	Batch Avg-T: 0:00:00.320856
	[TRAIN] Epoch 11 Batch 200/650 Loss: 0.013399184855229375, 	PPG F1: 0.993185323873181, 	Batch Avg-T: 0:00:00.320817
	[TRAIN] Epoch 11 Batch 300/650 Loss: 0.013218657693754498, 	PPG F1: 0.9933654467128875, 	Batch Avg-T: 0:00:00.320870
	[TRAIN] Epoch 11 Batch 400/650 Loss: 0.01338489269814512, 	PPG F1: 0.9933074515183871, 	Batch Avg-T: 0:00:00.321097
	[TRAIN] Epoch 11 Batch 500/650 Loss: 0.013404234899895753, 	PPG F1: 0.993236385191673, 	Batch Avg-T: 0:00:00.320983
	[TRAIN] Epoch 11 Batch 600/650 Loss: 0.013370362407963307, 	PPG F1: 0.9932569520871449, 	Batch Avg-T: 0:00:00.321071
[TRAIN] Epoch 11 Loss: 0.013307061855896161,             	PPG F1: 0.9932747291643886
Time - 0:03:28.721995
[VAL] Epoch 11 Loss: 1.354461717331266
[VAL] 	PPG      F1: 0.3905
[VAL] 	PPG ROC AUC: 0.8862
[VAL] 	PPG PR  AUC: 0.5322
Epoch 11 finished. t = 0:03:46.391498


Epoch 12 training...
	[TRAIN] Epoch 12 Batch 0/650 Loss: 0.007898185402154922, 	PPG F1: 0.9969666329625885, 	Batch Avg-T: 0:00:00.364852
	[TRAIN] Epoch 12 Batch 100/650 Loss: 0.010887649548839372, 	PPG F1: 0.9947065579638391, 	Batch Avg-T: 0:00:00.322194
	[TRAIN] Epoch 12 Batch 200/650 Loss: 0.011910483476228605, 	PPG F1: 0.9939966584612572, 	Batch Avg-T: 0:00:00.321406
	[TRAIN] Epoch 12 Batch 300/650 Loss: 0.011964462562139297, 	PPG F1: 0.9939686945442914, 	Batch Avg-T: 0:00:00.321737
	[TRAIN] Epoch 12 Batch 400/650 Loss: 0.01222786413298971, 	PPG F1: 0.9938110003410292, 	Batch Avg-T: 0:00:00.321811
	[TRAIN] Epoch 12 Batch 500/650 Loss: 0.012314482021820313, 	PPG F1: 0.9937321947227898, 	Batch Avg-T: 0:00:00.321711
	[TRAIN] Epoch 12 Batch 600/650 Loss: 0.012202173673289017, 	PPG F1: 0.993806658606919, 	Batch Avg-T: 0:00:00.321794
[TRAIN] Epoch 12 Loss: 0.012381979611057501,             	PPG F1: 0.9937103649802237
Time - 0:03:29.067572
[VAL] Epoch 12 Loss: 1.5743735133731773
[VAL] 	PPG      F1: 0.3331
[VAL] 	PPG ROC AUC: 0.8535
[VAL] 	PPG PR  AUC: 0.4758
Epoch 12 finished. t = 0:03:46.655000


Epoch 13 training...
	[TRAIN] Epoch 13 Batch 0/650 Loss: 0.016508417204022408, 	PPG F1: 0.9925293489861259, 	Batch Avg-T: 0:00:00.367081
	[TRAIN] Epoch 13 Batch 100/650 Loss: 0.009357535238792696, 	PPG F1: 0.9955720081936976, 	Batch Avg-T: 0:00:00.321929
	[TRAIN] Epoch 13 Batch 200/650 Loss: 0.010289700049675297, 	PPG F1: 0.9949239745209478, 	Batch Avg-T: 0:00:00.321844
	[TRAIN] Epoch 13 Batch 300/650 Loss: 0.01079027456126216, 	PPG F1: 0.9946420197106144, 	Batch Avg-T: 0:00:00.321706
	[TRAIN] Epoch 13 Batch 400/650 Loss: 0.010897065223104081, 	PPG F1: 0.994576033214736, 	Batch Avg-T: 0:00:00.321652
	[TRAIN] Epoch 13 Batch 500/650 Loss: 0.010784011633932859, 	PPG F1: 0.9945899384470613, 	Batch Avg-T: 0:00:00.321448
	[TRAIN] Epoch 13 Batch 600/650 Loss: 0.010969812697041377, 	PPG F1: 0.9944961974537698, 	Batch Avg-T: 0:00:00.321406
[TRAIN] Epoch 13 Loss: 0.01084960715379566,             	PPG F1: 0.9945515696870199
Time - 0:03:28.927207
[VAL] Epoch 13 Loss: 1.167591210442502
[VAL] 	PPG      F1: 0.3776
[VAL] 	PPG ROC AUC: 0.8598
[VAL] 	PPG PR  AUC: 0.5314
Epoch 13 finished. t = 0:03:46.569582


Epoch 14 training...
	[TRAIN] Epoch 14 Batch 0/650 Loss: 0.002913483651354909, 	PPG F1: 1.0, 	Batch Avg-T: 0:00:00.362665
	[TRAIN] Epoch 14 Batch 100/650 Loss: 0.009533700277328049, 	PPG F1: 0.9951778176597074, 	Batch Avg-T: 0:00:00.320711
	[TRAIN] Epoch 14 Batch 200/650 Loss: 0.009399964704655518, 	PPG F1: 0.9952043520546524, 	Batch Avg-T: 0:00:00.321540
	[TRAIN] Epoch 14 Batch 300/650 Loss: 0.00907907120889653, 	PPG F1: 0.995378011540827, 	Batch Avg-T: 0:00:00.321269
	[TRAIN] Epoch 14 Batch 400/650 Loss: 0.00900551533626109, 	PPG F1: 0.9954286763671694, 	Batch Avg-T: 0:00:00.321133
	[TRAIN] Epoch 14 Batch 500/650 Loss: 0.00930051322507778, 	PPG F1: 0.9952609506827859, 	Batch Avg-T: 0:00:00.321352
	[TRAIN] Epoch 14 Batch 600/650 Loss: 0.009454573393441402, 	PPG F1: 0.9951749396043987, 	Batch Avg-T: 0:00:00.321277
[TRAIN] Epoch 14 Loss: 0.009402331691235303,             	PPG F1: 0.9952094336408861
Time - 0:03:28.817394
[VAL] Epoch 14 Loss: 1.122465672657805
[VAL] 	PPG      F1: 0.4006
[VAL] 	PPG ROC AUC: 0.8707
[VAL] 	PPG PR  AUC: 0.5472
Epoch 14 finished. t = 0:03:46.469005


Epoch 15 training...
	[TRAIN] Epoch 15 Batch 0/650 Loss: 0.011451140977442265, 	PPG F1: 0.9939759036144579, 	Batch Avg-T: 0:00:00.374578
	[TRAIN] Epoch 15 Batch 100/650 Loss: 0.00870829457613077, 	PPG F1: 0.9954205907448513, 	Batch Avg-T: 0:00:00.320790
	[TRAIN] Epoch 15 Batch 200/650 Loss: 0.008178956001888109, 	PPG F1: 0.9957239208840302, 	Batch Avg-T: 0:00:00.320401
	[TRAIN] Epoch 15 Batch 300/650 Loss: 0.009566138899750524, 	PPG F1: 0.9951720963981862, 	Batch Avg-T: 0:00:00.320773
	[TRAIN] Epoch 15 Batch 400/650 Loss: 0.009494232849776513, 	PPG F1: 0.9951636612966235, 	Batch Avg-T: 0:00:00.320569
	[TRAIN] Epoch 15 Batch 500/650 Loss: 0.009463230177119723, 	PPG F1: 0.9951647957830648, 	Batch Avg-T: 0:00:00.320688
	[TRAIN] Epoch 15 Batch 600/650 Loss: 0.009128967412114422, 	PPG F1: 0.995344634746492, 	Batch Avg-T: 0:00:00.320851
[TRAIN] Epoch 15 Loss: 0.008990980355660073,             	PPG F1: 0.9954129009168544
Time - 0:03:28.528989
[VAL] Epoch 15 Loss: 1.0820079917045062
[VAL] 	PPG      F1: 0.4495
[VAL] 	PPG ROC AUC: 0.9038
[VAL] 	PPG PR  AUC: 0.5888
Epoch 15 finished. t = 0:03:46.242474


Epoch 16 training...
	[TRAIN] Epoch 16 Batch 0/650 Loss: 0.010789181105792522, 	PPG F1: 0.9947089947089948, 	Batch Avg-T: 0:00:00.410761
	[TRAIN] Epoch 16 Batch 100/650 Loss: 0.0075802610700691836, 	PPG F1: 0.9960808796352196, 	Batch Avg-T: 0:00:00.321817
	[TRAIN] Epoch 16 Batch 200/650 Loss: 0.007635736621369548, 	PPG F1: 0.9961128208937438, 	Batch Avg-T: 0:00:00.321686
	[TRAIN] Epoch 16 Batch 300/650 Loss: 0.007596367224432107, 	PPG F1: 0.9960953037481985, 	Batch Avg-T: 0:00:00.321850
	[TRAIN] Epoch 16 Batch 400/650 Loss: 0.008089735351231163, 	PPG F1: 0.9958380110216231, 	Batch Avg-T: 0:00:00.321503
	[TRAIN] Epoch 16 Batch 500/650 Loss: 0.008089298470468147, 	PPG F1: 0.9958514390740884, 	Batch Avg-T: 0:00:00.321177
	[TRAIN] Epoch 16 Batch 600/650 Loss: 0.008350421211793833, 	PPG F1: 0.9957255597866416, 	Batch Avg-T: 0:00:00.321058
[TRAIN] Epoch 16 Loss: 0.008568956558771717,             	PPG F1: 0.9956136407540407
Time - 0:03:28.643700
[VAL] Epoch 16 Loss: 1.0502604684428625
[VAL] 	PPG      F1: 0.3888
[VAL] 	PPG ROC AUC: 0.8778
[VAL] 	PPG PR  AUC: 0.5832
Epoch 16 finished. t = 0:03:46.357118


Epoch 17 training...
	[TRAIN] Epoch 17 Batch 0/650 Loss: 0.0035913765896111727, 	PPG F1: 0.9988545246277205, 	Batch Avg-T: 0:00:00.357300
	[TRAIN] Epoch 17 Batch 100/650 Loss: 0.009102083118471068, 	PPG F1: 0.9957097145514845, 	Batch Avg-T: 0:00:00.321851
	[TRAIN] Epoch 17 Batch 200/650 Loss: 0.00760949490359053, 	PPG F1: 0.9963031126556401, 	Batch Avg-T: 0:00:00.321596
	[TRAIN] Epoch 17 Batch 300/650 Loss: 0.007200135913812107, 	PPG F1: 0.9964761910741233, 	Batch Avg-T: 0:00:00.321445
	[TRAIN] Epoch 17 Batch 400/650 Loss: 0.0071317020333673984, 	PPG F1: 0.996465521782766, 	Batch Avg-T: 0:00:00.321492
	[TRAIN] Epoch 17 Batch 500/650 Loss: 0.007227652802289149, 	PPG F1: 0.9964117025811072, 	Batch Avg-T: 0:00:00.321343
	[TRAIN] Epoch 17 Batch 600/650 Loss: 0.0073218799610513755, 	PPG F1: 0.9963365801547234, 	Batch Avg-T: 0:00:00.321311
[TRAIN] Epoch 17 Loss: 0.007477151046847351,             	PPG F1: 0.9962381914191285
Time - 0:03:28.833987
[VAL] Epoch 17 Loss: 2.024615936359393
[VAL] 	PPG      F1: 0.3456
[VAL] 	PPG ROC AUC: 0.8731
[VAL] 	PPG PR  AUC: 0.5343
Epoch 17 finished. t = 0:03:46.393136


Epoch 18 training...
	[TRAIN] Epoch 18 Batch 0/650 Loss: 0.004792517051100731, 	PPG F1: 0.9989440337909187, 	Batch Avg-T: 0:00:00.365280
	[TRAIN] Epoch 18 Batch 100/650 Loss: 0.00738474665818238, 	PPG F1: 0.9963639254222342, 	Batch Avg-T: 0:00:00.321782
	[TRAIN] Epoch 18 Batch 200/650 Loss: 0.008002518977974517, 	PPG F1: 0.9960993521750715, 	Batch Avg-T: 0:00:00.321423
	[TRAIN] Epoch 18 Batch 300/650 Loss: 0.007787351378168527, 	PPG F1: 0.9962375079189507, 	Batch Avg-T: 0:00:00.320879
	[TRAIN] Epoch 18 Batch 400/650 Loss: 0.007704954984263422, 	PPG F1: 0.9962628093404918, 	Batch Avg-T: 0:00:00.320956
	[TRAIN] Epoch 18 Batch 500/650 Loss: 0.007685573113070961, 	PPG F1: 0.9962777059646936, 	Batch Avg-T: 0:00:00.320916
	[TRAIN] Epoch 18 Batch 600/650 Loss: 0.007654742329821499, 	PPG F1: 0.9962073892584679, 	Batch Avg-T: 0:00:00.320847
[TRAIN] Epoch 18 Loss: 0.007881552479767169,             	PPG F1: 0.9961106321426831
Time - 0:03:28.430128
[VAL] Epoch 18 Loss: 1.5047145194215614
[VAL] 	PPG      F1: 0.3433
[VAL] 	PPG ROC AUC: 0.8345
[VAL] 	PPG PR  AUC: 0.5208
Epoch 18 finished. t = 0:03:46.040642


Epoch 19 training...
	[TRAIN] Epoch 19 Batch 0/650 Loss: 0.014821688644587994, 	PPG F1: 0.9925611052072264, 	Batch Avg-T: 0:00:00.370266
	[TRAIN] Epoch 19 Batch 100/650 Loss: 0.0063465610359758505, 	PPG F1: 0.9970505589406146, 	Batch Avg-T: 0:00:00.321007
	[TRAIN] Epoch 19 Batch 200/650 Loss: 0.005899815061141213, 	PPG F1: 0.9972276223709412, 	Batch Avg-T: 0:00:00.321645
	[TRAIN] Epoch 19 Batch 300/650 Loss: 0.006142729536538938, 	PPG F1: 0.9970413541307185, 	Batch Avg-T: 0:00:00.321497
	[TRAIN] Epoch 19 Batch 400/650 Loss: 0.0064172131179813345, 	PPG F1: 0.9968612361191569, 	Batch Avg-T: 0:00:00.321111
	[TRAIN] Epoch 19 Batch 500/650 Loss: 0.006533447663279291, 	PPG F1: 0.9967967408381977, 	Batch Avg-T: 0:00:00.321071
	[TRAIN] Epoch 19 Batch 600/650 Loss: 0.006620784299626339, 	PPG F1: 0.9967694659629748, 	Batch Avg-T: 0:00:00.321263
[TRAIN] Epoch 19 Loss: 0.006723556961291111,             	PPG F1: 0.9967076120011701
Time - 0:03:28.670081
[VAL] Epoch 19 Loss: 1.2643736659973768
[VAL] 	PPG      F1: 0.3795
[VAL] 	PPG ROC AUC: 0.8718
[VAL] 	PPG PR  AUC: 0.5394
Epoch 19 finished. t = 0:03:46.347199


Epoch 20 training...
	[TRAIN] Epoch 20 Batch 0/650 Loss: 0.004389325622469187, 	PPG F1: 0.9966101694915254, 	Batch Avg-T: 0:00:00.369544
	[TRAIN] Epoch 20 Batch 100/650 Loss: 0.007516494187950571, 	PPG F1: 0.9965464003713264, 	Batch Avg-T: 0:00:00.320423
	[TRAIN] Epoch 20 Batch 200/650 Loss: 0.0070330215657398625, 	PPG F1: 0.9966063836542248, 	Batch Avg-T: 0:00:00.320552
	[TRAIN] Epoch 20 Batch 300/650 Loss: 0.006535629314862414, 	PPG F1: 0.9968484999344819, 	Batch Avg-T: 0:00:00.320382
	[TRAIN] Epoch 20 Batch 400/650 Loss: 0.006259540815247186, 	PPG F1: 0.99691984669403, 	Batch Avg-T: 0:00:00.320444
	[TRAIN] Epoch 20 Batch 500/650 Loss: 0.006526921311067603, 	PPG F1: 0.9967741704805594, 	Batch Avg-T: 0:00:00.320360
	[TRAIN] Epoch 20 Batch 600/650 Loss: 0.006671483166035057, 	PPG F1: 0.9967061039833414, 	Batch Avg-T: 0:00:00.320330
[TRAIN] Epoch 20 Loss: 0.006661040016870874,             	PPG F1: 0.9967089609678734
Time - 0:03:28.161031
[VAL] Epoch 20 Loss: 1.127133621151493
[VAL] 	PPG      F1: 0.4474
[VAL] 	PPG ROC AUC: 0.9127
[VAL] 	PPG PR  AUC: 0.6335
Epoch 20 finished. t = 0:03:45.837028


Epoch 21 training...
	[TRAIN] Epoch 21 Batch 0/650 Loss: 0.009392894804477692, 	PPG F1: 0.9968454258675079, 	Batch Avg-T: 0:00:00.361430
	[TRAIN] Epoch 21 Batch 100/650 Loss: 0.0053940887734672, 	PPG F1: 0.9972830709683954, 	Batch Avg-T: 0:00:00.320751
	[TRAIN] Epoch 21 Batch 200/650 Loss: 0.006008046622728623, 	PPG F1: 0.9970937535077398, 	Batch Avg-T: 0:00:00.320846
	[TRAIN] Epoch 21 Batch 300/650 Loss: 0.006516950979652471, 	PPG F1: 0.9967239914103784, 	Batch Avg-T: 0:00:00.320798
	[TRAIN] Epoch 21 Batch 400/650 Loss: 0.006199539200683819, 	PPG F1: 0.9969348644764033, 	Batch Avg-T: 0:00:00.320759
	[TRAIN] Epoch 21 Batch 500/650 Loss: 0.006406555710531894, 	PPG F1: 0.9968289760032206, 	Batch Avg-T: 0:00:00.320808
	[TRAIN] Epoch 21 Batch 600/650 Loss: 0.006329218064407321, 	PPG F1: 0.9968387374481908, 	Batch Avg-T: 0:00:00.320647
[TRAIN] Epoch 21 Loss: 0.0062525155888243505,             	PPG F1: 0.9968576720411616
Time - 0:03:28.400297
[VAL] Epoch 21 Loss: 1.1352812119744577
[VAL] 	PPG      F1: 0.4173
[VAL] 	PPG ROC AUC: 0.8967
[VAL] 	PPG PR  AUC: 0.5914
Epoch 21 finished. t = 0:03:46.043418


Epoch 22 training...
	[TRAIN] Epoch 22 Batch 0/650 Loss: 0.006268692202866077, 	PPG F1: 0.9959595959595959, 	Batch Avg-T: 0:00:00.351516
	[TRAIN] Epoch 22 Batch 100/650 Loss: 0.005847191375260711, 	PPG F1: 0.9969488028481278, 	Batch Avg-T: 0:00:00.320447
	[TRAIN] Epoch 22 Batch 200/650 Loss: 0.005214188415302306, 	PPG F1: 0.9973330480338736, 	Batch Avg-T: 0:00:00.320450
	[TRAIN] Epoch 22 Batch 300/650 Loss: 0.005529936395687642, 	PPG F1: 0.997233446851457, 	Batch Avg-T: 0:00:00.320767
	[TRAIN] Epoch 22 Batch 400/650 Loss: 0.0057263424753721225, 	PPG F1: 0.9971338945160789, 	Batch Avg-T: 0:00:00.320735
	[TRAIN] Epoch 22 Batch 500/650 Loss: 0.005777136207929535, 	PPG F1: 0.9971079467169037, 	Batch Avg-T: 0:00:00.320689
	[TRAIN] Epoch 22 Batch 600/650 Loss: 0.0058929107155121655, 	PPG F1: 0.9970394119259955, 	Batch Avg-T: 0:00:00.320696
[TRAIN] Epoch 22 Loss: 0.005968651012024985,             	PPG F1: 0.9970009802126286
Time - 0:03:28.358072
[VAL] Epoch 22 Loss: 1.4831769812619013
[VAL] 	PPG      F1: 0.3516
[VAL] 	PPG ROC AUC: 0.8608
[VAL] 	PPG PR  AUC: 0.5682
Epoch 22 finished. t = 0:03:46.002961


Epoch 23 training...
	[TRAIN] Epoch 23 Batch 0/650 Loss: 0.005783710163086653, 	PPG F1: 0.9977375565610859, 	Batch Avg-T: 0:00:00.357485
	[TRAIN] Epoch 23 Batch 100/650 Loss: 0.006839955302812897, 	PPG F1: 0.9967968905259957, 	Batch Avg-T: 0:00:00.320916
	[TRAIN] Epoch 23 Batch 200/650 Loss: 0.006147777476053759, 	PPG F1: 0.9970969531940186, 	Batch Avg-T: 0:00:00.320772
	[TRAIN] Epoch 23 Batch 300/650 Loss: 0.005897015155071819, 	PPG F1: 0.9972016655682387, 	Batch Avg-T: 0:00:00.320727
	[TRAIN] Epoch 23 Batch 400/650 Loss: 0.0059849871486539205, 	PPG F1: 0.9971504329042478, 	Batch Avg-T: 0:00:00.321036
	[TRAIN] Epoch 23 Batch 500/650 Loss: 0.005853436270913671, 	PPG F1: 0.9971982795319521, 	Batch Avg-T: 0:00:00.320959
	[TRAIN] Epoch 23 Batch 600/650 Loss: 0.005714378714446791, 	PPG F1: 0.997228633468574, 	Batch Avg-T: 0:00:00.321056
[TRAIN] Epoch 23 Loss: 0.005594496294999352,             	PPG F1: 0.9972927702025393
Time - 0:03:28.589945
[VAL] Epoch 23 Loss: 1.3464013770002088
[VAL] 	PPG      F1: 0.4328
[VAL] 	PPG ROC AUC: 0.9036
[VAL] 	PPG PR  AUC: 0.5844
Epoch 23 finished. t = 0:03:46.266289


Epoch 24 training...
	[TRAIN] Epoch 24 Batch 0/650 Loss: 0.0022094687446951866, 	PPG F1: 0.9989462592202318, 	Batch Avg-T: 0:00:00.363777
	[TRAIN] Epoch 24 Batch 100/650 Loss: 0.005872786813876638, 	PPG F1: 0.9971534165145499, 	Batch Avg-T: 0:00:00.320312
	[TRAIN] Epoch 24 Batch 200/650 Loss: 0.006956024907717008, 	PPG F1: 0.9966487867617504, 	Batch Avg-T: 0:00:00.320633
	[TRAIN] Epoch 24 Batch 300/650 Loss: 0.006215175977703865, 	PPG F1: 0.997014872221502, 	Batch Avg-T: 0:00:00.320566
	[TRAIN] Epoch 24 Batch 400/650 Loss: 0.005693958065065525, 	PPG F1: 0.9972526255752177, 	Batch Avg-T: 0:00:00.320344
	[TRAIN] Epoch 24 Batch 500/650 Loss: 0.005658931917213034, 	PPG F1: 0.9972280070808821, 	Batch Avg-T: 0:00:00.320442
	[TRAIN] Epoch 24 Batch 600/650 Loss: 0.005634996391613557, 	PPG F1: 0.997224622405435, 	Batch Avg-T: 0:00:00.320574
[TRAIN] Epoch 24 Loss: 0.005890846753295941,             	PPG F1: 0.9970895990663595
Time - 0:03:28.310493
[VAL] Epoch 24 Loss: 0.990843259087495
[VAL] 	PPG      F1: 0.4126
[VAL] 	PPG ROC AUC: 0.883
[VAL] 	PPG PR  AUC: 0.5962
Epoch 24 finished. t = 0:03:45.950587


Epoch 25 training...
	[TRAIN] Epoch 25 Batch 0/650 Loss: 0.00119248335249722, 	PPG F1: 1.0, 	Batch Avg-T: 0:00:00.397488
	[TRAIN] Epoch 25 Batch 100/650 Loss: 0.004041355172411935, 	PPG F1: 0.998184614047904, 	Batch Avg-T: 0:00:00.320968
	[TRAIN] Epoch 25 Batch 200/650 Loss: 0.005193939512718321, 	PPG F1: 0.9975589147158684, 	Batch Avg-T: 0:00:00.320650
	[TRAIN] Epoch 25 Batch 300/650 Loss: 0.005358878785335889, 	PPG F1: 0.9974681543494871, 	Batch Avg-T: 0:00:00.321244
	[TRAIN] Epoch 25 Batch 400/650 Loss: 0.005152815510025318, 	PPG F1: 0.9975004319170836, 	Batch Avg-T: 0:00:00.321359
	[TRAIN] Epoch 25 Batch 500/650 Loss: 0.005204428981572758, 	PPG F1: 0.9974672662755806, 	Batch Avg-T: 0:00:00.321023
	[TRAIN] Epoch 25 Batch 600/650 Loss: 0.005421860208674822, 	PPG F1: 0.9973595662600672, 	Batch Avg-T: 0:00:00.320969
[TRAIN] Epoch 25 Loss: 0.005434994879313028,             	PPG F1: 0.9973714775691768
Time - 0:03:28.566423
[VAL] Epoch 25 Loss: 0.9149661677474846
[VAL] 	PPG      F1: 0.47
[VAL] 	PPG ROC AUC: 0.9158
[VAL] 	PPG PR  AUC: 0.673
Epoch 25 finished. t = 0:03:46.166479


Epoch 26 training...
	[TRAIN] Epoch 26 Batch 0/650 Loss: 0.0022514164447784424, 	PPG F1: 0.9989949748743718, 	Batch Avg-T: 0:00:00.351911
	[TRAIN] Epoch 26 Batch 100/650 Loss: 0.00507664383391361, 	PPG F1: 0.997601993526664, 	Batch Avg-T: 0:00:00.320821
	[TRAIN] Epoch 26 Batch 200/650 Loss: 0.004670727199617662, 	PPG F1: 0.9977853038308441, 	Batch Avg-T: 0:00:00.320558
	[TRAIN] Epoch 26 Batch 300/650 Loss: 0.004917044915797257, 	PPG F1: 0.9976161198223313, 	Batch Avg-T: 0:00:00.320753
	[TRAIN] Epoch 26 Batch 400/650 Loss: 0.005311944573494069, 	PPG F1: 0.9974582830012579, 	Batch Avg-T: 0:00:00.320706
	[TRAIN] Epoch 26 Batch 500/650 Loss: 0.005114727679181364, 	PPG F1: 0.9975412497882136, 	Batch Avg-T: 0:00:00.320674
	[TRAIN] Epoch 26 Batch 600/650 Loss: 0.00514681286680413, 	PPG F1: 0.9975093578626673, 	Batch Avg-T: 0:00:00.320571
[TRAIN] Epoch 26 Loss: 0.005069958558888175,             	PPG F1: 0.9975483859197292
Time - 0:03:28.318721
[VAL] Epoch 26 Loss: 1.478679480932061
[VAL] 	PPG      F1: 0.4037
[VAL] 	PPG ROC AUC: 0.8905
[VAL] 	PPG PR  AUC: 0.5976
Epoch 26 finished. t = 0:03:45.940011


Epoch 27 training...
	[TRAIN] Epoch 27 Batch 0/650 Loss: 0.0004506480472628027, 	PPG F1: 1.0, 	Batch Avg-T: 0:00:00.365858
	[TRAIN] Epoch 27 Batch 100/650 Loss: 0.005251315914527836, 	PPG F1: 0.997360409151936, 	Batch Avg-T: 0:00:00.321297
	[TRAIN] Epoch 27 Batch 200/650 Loss: 0.0044691482357870765, 	PPG F1: 0.997841509802603, 	Batch Avg-T: 0:00:00.320893
	[TRAIN] Epoch 27 Batch 300/650 Loss: 0.004432520436577846, 	PPG F1: 0.9978170080153995, 	Batch Avg-T: 0:00:00.320427
	[TRAIN] Epoch 27 Batch 400/650 Loss: 0.004630812367948673, 	PPG F1: 0.997736378105026, 	Batch Avg-T: 0:00:00.320555
	[TRAIN] Epoch 27 Batch 500/650 Loss: 0.004743585874119257, 	PPG F1: 0.9976886220410979, 	Batch Avg-T: 0:00:00.320947
	[TRAIN] Epoch 27 Batch 600/650 Loss: 0.004771489776692627, 	PPG F1: 0.997676711421145, 	Batch Avg-T: 0:00:00.320953
[TRAIN] Epoch 27 Loss: 0.0047499458794482054,             	PPG F1: 0.9976763987546329
Time - 0:03:28.621785
[VAL] Epoch 27 Loss: 1.4226165382908813
[VAL] 	PPG      F1: 0.386
[VAL] 	PPG ROC AUC: 0.8786
[VAL] 	PPG PR  AUC: 0.601
Epoch 27 finished. t = 0:03:46.294261


Epoch 28 training...
	[TRAIN] Epoch 28 Batch 0/650 Loss: 0.0038091905880719423, 	PPG F1: 0.9989615784008308, 	Batch Avg-T: 0:00:00.369477
	[TRAIN] Epoch 28 Batch 100/650 Loss: 0.0034786995703764813, 	PPG F1: 0.9983134465825978, 	Batch Avg-T: 0:00:00.320721
	[TRAIN] Epoch 28 Batch 200/650 Loss: 0.00406568468402404, 	PPG F1: 0.9979923074290794, 	Batch Avg-T: 0:00:00.320533
	[TRAIN] Epoch 28 Batch 300/650 Loss: 0.004203859228173587, 	PPG F1: 0.997959732950075, 	Batch Avg-T: 0:00:00.320414
	[TRAIN] Epoch 28 Batch 400/650 Loss: 0.004523642955143516, 	PPG F1: 0.9978135427465709, 	Batch Avg-T: 0:00:00.320158
	[TRAIN] Epoch 28 Batch 500/650 Loss: 0.004525151961339459, 	PPG F1: 0.997804253793967, 	Batch Avg-T: 0:00:00.320210
	[TRAIN] Epoch 28 Batch 600/650 Loss: 0.004639415231720466, 	PPG F1: 0.9977137169103283, 	Batch Avg-T: 0:00:00.320236
[TRAIN] Epoch 28 Loss: 0.004762836438200723,             	PPG F1: 0.9976635042737525
Time - 0:03:28.152964
[VAL] Epoch 28 Loss: 0.8658821242150171
[VAL] 	PPG      F1: 0.4307
[VAL] 	PPG ROC AUC: 0.841
[VAL] 	PPG PR  AUC: 0.5941
Epoch 28 finished. t = 0:03:45.847152


Epoch 29 training...
	[TRAIN] Epoch 29 Batch 0/650 Loss: 0.024785060435533524, 	PPG F1: 0.9892241379310345, 	Batch Avg-T: 0:00:00.355820
	[TRAIN] Epoch 29 Batch 100/650 Loss: 0.004371920957271526, 	PPG F1: 0.9976983374305763, 	Batch Avg-T: 0:00:00.323713
	[TRAIN] Epoch 29 Batch 200/650 Loss: 0.004062135204897535, 	PPG F1: 0.9980017454061366, 	Batch Avg-T: 0:00:00.322154
	[TRAIN] Epoch 29 Batch 300/650 Loss: 0.004196316724336796, 	PPG F1: 0.9979101609007249, 	Batch Avg-T: 0:00:00.321696
	[TRAIN] Epoch 29 Batch 400/650 Loss: 0.004144351558189054, 	PPG F1: 0.9979538984195334, 	Batch Avg-T: 0:00:00.321522
	[TRAIN] Epoch 29 Batch 500/650 Loss: 0.004475217795314569, 	PPG F1: 0.9977946989415342, 	Batch Avg-T: 0:00:00.321245
	[TRAIN] Epoch 29 Batch 600/650 Loss: 0.004533810078665403, 	PPG F1: 0.9977962982260453, 	Batch Avg-T: 0:00:00.321221
[TRAIN] Epoch 29 Loss: 0.0045136974022338665,             	PPG F1: 0.9978046470348724
Time - 0:03:28.686558
[VAL] Epoch 29 Loss: 1.0479842331450864
[VAL] 	PPG      F1: 0.4397
[VAL] 	PPG ROC AUC: 0.9038
[VAL] 	PPG PR  AUC: 0.6326
Epoch 29 finished. t = 0:03:46.274396


