JOB START
Wed Apr  5 21:22:15 2023       
+-----------------------------------------------------------------------------+
| NVIDIA-SMI 470.74       Driver Version: 470.74       CUDA Version: 11.4     |
|-------------------------------+----------------------+----------------------+
| GPU  Name        Persistence-M| Bus-Id        Disp.A | Volatile Uncorr. ECC |
| Fan  Temp  Perf  Pwr:Usage/Cap|         Memory-Usage | GPU-Util  Compute M. |
|                               |                      |               MIG M. |
|===============================+======================+======================|
|   0  Tesla K80           Off  | 00000000:04:00.0 Off |                    0 |
| N/A   45C    P0    69W / 149W |      0MiB / 11441MiB |     97%      Default |
|                               |                      |                  N/A |
+-------------------------------+----------------------+----------------------+
                                                                               
+-----------------------------------------------------------------------------+
| Processes:                                                                  |
|  GPU   GI   CI        PID   Type   Process name                  GPU Memory |
|        ID   ID                                                   Usage      |
|=============================================================================|
|  No running processes found                                                 |
+-----------------------------------------------------------------------------+
BATCH_SIZE 1280
NUM_EPOCHS 30
device cuda
PPG_LR 0.0001
BD_PERC 0.1
BD_TARGET_CLASS 1
BD_DIFF 2
COMMENT diff2
MODEL_FOLDER res34_epoch_30_ppglr_0.0001_BDPERC_0.1_1_2_diff2
Creating datasets
dataset finished
dataset finished
Dataset finished
Epoch 0 training...
	[TRAIN] Epoch 0 Batch 0/650 Loss: 0.7380141019821167, 	PPG F1: 0.33102081268582756, 	Batch Avg-T: 0:00:00.449569
	[TRAIN] Epoch 0 Batch 100/650 Loss: 0.38879160243685884, 	PPG F1: 0.7757684303104814, 	Batch Avg-T: 0:00:00.296386
	[TRAIN] Epoch 0 Batch 200/650 Loss: 0.3019017851471308, 	PPG F1: 0.8328799380789609, 	Batch Avg-T: 0:00:00.296784
	[TRAIN] Epoch 0 Batch 300/650 Loss: 0.25476218316939186, 	PPG F1: 0.8621479899948374, 	Batch Avg-T: 0:00:00.297722
	[TRAIN] Epoch 0 Batch 400/650 Loss: 0.22334078617598352, 	PPG F1: 0.8807502497772736, 	Batch Avg-T: 0:00:00.298098
	[TRAIN] Epoch 0 Batch 500/650 Loss: 0.20038460284293055, 	PPG F1: 0.8940175437475882, 	Batch Avg-T: 0:00:00.298431
	[TRAIN] Epoch 0 Batch 600/650 Loss: 0.18291653659250495, 	PPG F1: 0.9039259547190646, 	Batch Avg-T: 0:00:00.298335
[TRAIN] Epoch 0 Loss: 0.17580224800568361,             	PPG F1: 0.9079915836705758
Time - 0:03:13.962276
[VAL] Epoch 0 Loss: 0.32605188515040423
[VAL] 	PPG      F1: 0.7099
[VAL] 	PPG ROC AUC: 0.9374
[VAL] 	PPG PR  AUC: 0.8634
Epoch 0 finished. t = 0:03:31.224482
Saving...


Epoch 1 training...
	[TRAIN] Epoch 1 Batch 0/650 Loss: 0.1007009744644165, 	PPG F1: 0.946969696969697, 	Batch Avg-T: 0:00:00.356610
	[TRAIN] Epoch 1 Batch 100/650 Loss: 0.4408832847481907, 	PPG F1: 0.7547231464615648, 	Batch Avg-T: 0:00:00.314653
	[TRAIN] Epoch 1 Batch 200/650 Loss: 0.32849107897696805, 	PPG F1: 0.8241243400066609, 	Batch Avg-T: 0:00:00.314553
	[TRAIN] Epoch 1 Batch 300/650 Loss: 0.27118832301162804, 	PPG F1: 0.8577579267423869, 	Batch Avg-T: 0:00:00.314635
	[TRAIN] Epoch 1 Batch 400/650 Loss: 0.23696414353395637, 	PPG F1: 0.877523734462856, 	Batch Avg-T: 0:00:00.314980
	[TRAIN] Epoch 1 Batch 500/650 Loss: 0.21404298253639967, 	PPG F1: 0.890597340467717, 	Batch Avg-T: 0:00:00.315226
	[TRAIN] Epoch 1 Batch 600/650 Loss: 0.19668945989969763, 	PPG F1: 0.9000715995169918, 	Batch Avg-T: 0:00:00.315190
[TRAIN] Epoch 1 Loss: 0.18992907942487644,             	PPG F1: 0.9038002519216121
Time - 0:03:24.778363
[VAL] Epoch 1 Loss: 0.6164158639383203
[VAL] 	PPG      F1: 0.5479
[VAL] 	PPG ROC AUC: 0.9182
[VAL] 	PPG PR  AUC: 0.838
Epoch 1 finished. t = 0:03:42.040146


Epoch 2 training...
	[TRAIN] Epoch 2 Batch 0/650 Loss: 0.09441307932138443, 	PPG F1: 0.9550870760769936, 	Batch Avg-T: 0:00:00.351958
	[TRAIN] Epoch 2 Batch 100/650 Loss: 0.09916060558049986, 	PPG F1: 0.9529706488644301, 	Batch Avg-T: 0:00:00.315413
	[TRAIN] Epoch 2 Batch 200/650 Loss: 0.09543489916852457, 	PPG F1: 0.9547892455837206, 	Batch Avg-T: 0:00:00.315159
	[TRAIN] Epoch 2 Batch 300/650 Loss: 0.09246392402042979, 	PPG F1: 0.9563104871566216, 	Batch Avg-T: 0:00:00.315216
	[TRAIN] Epoch 2 Batch 400/650 Loss: 0.09026002043166065, 	PPG F1: 0.957293146107113, 	Batch Avg-T: 0:00:00.315250
	[TRAIN] Epoch 2 Batch 500/650 Loss: 0.08829359028361991, 	PPG F1: 0.9582431804156529, 	Batch Avg-T: 0:00:00.315266
	[TRAIN] Epoch 2 Batch 600/650 Loss: 0.08659675315072056, 	PPG F1: 0.9590236168042362, 	Batch Avg-T: 0:00:00.315293
[TRAIN] Epoch 2 Loss: 0.08521265873542198,             	PPG F1: 0.959751353488208
Time - 0:03:24.853726
[VAL] Epoch 2 Loss: 0.5630633421505441
[VAL] 	PPG      F1: 0.6166
[VAL] 	PPG ROC AUC: 0.9361
[VAL] 	PPG PR  AUC: 0.8633
Epoch 2 finished. t = 0:03:42.143590


Epoch 3 training...
	[TRAIN] Epoch 3 Batch 0/650 Loss: 0.07860874384641647, 	PPG F1: 0.9674329501915709, 	Batch Avg-T: 0:00:00.363343
	[TRAIN] Epoch 3 Batch 100/650 Loss: 0.07002034672711155, 	PPG F1: 0.9681818842508744, 	Batch Avg-T: 0:00:00.314865
	[TRAIN] Epoch 3 Batch 200/650 Loss: 0.06791817113312322, 	PPG F1: 0.9687397599801049, 	Batch Avg-T: 0:00:00.314964
	[TRAIN] Epoch 3 Batch 300/650 Loss: 0.06660378117894017, 	PPG F1: 0.969160485748419, 	Batch Avg-T: 0:00:00.314871
	[TRAIN] Epoch 3 Batch 400/650 Loss: 0.06460097971885578, 	PPG F1: 0.9701853538719899, 	Batch Avg-T: 0:00:00.314974
	[TRAIN] Epoch 3 Batch 500/650 Loss: 0.06344045704591299, 	PPG F1: 0.9708429816155477, 	Batch Avg-T: 0:00:00.315200
	[TRAIN] Epoch 3 Batch 600/650 Loss: 0.06299701288416858, 	PPG F1: 0.9709956208223385, 	Batch Avg-T: 0:00:00.315029
[TRAIN] Epoch 3 Loss: 0.06254136287822173,             	PPG F1: 0.9711959465856029
Time - 0:03:24.848996
[VAL] Epoch 3 Loss: 0.32201236134674127
[VAL] 	PPG      F1: 0.7295
[VAL] 	PPG ROC AUC: 0.9653
[VAL] 	PPG PR  AUC: 0.9015
Epoch 3 finished. t = 0:03:42.136932
Saving...


Epoch 4 training...
	[TRAIN] Epoch 4 Batch 0/650 Loss: 0.04568307846784592, 	PPG F1: 0.9814323607427056, 	Batch Avg-T: 0:00:00.358756
	[TRAIN] Epoch 4 Batch 100/650 Loss: 0.052108962125707384, 	PPG F1: 0.9756212751766535, 	Batch Avg-T: 0:00:00.315199
	[TRAIN] Epoch 4 Batch 200/650 Loss: 0.05238058151149038, 	PPG F1: 0.9757659166058905, 	Batch Avg-T: 0:00:00.314992
	[TRAIN] Epoch 4 Batch 300/650 Loss: 0.05092971633340037, 	PPG F1: 0.9765737709945944, 	Batch Avg-T: 0:00:00.315292
	[TRAIN] Epoch 4 Batch 400/650 Loss: 0.04976412179203997, 	PPG F1: 0.9771664810785373, 	Batch Avg-T: 0:00:00.315587
	[TRAIN] Epoch 4 Batch 500/650 Loss: 0.04881890596238201, 	PPG F1: 0.9777780320882905, 	Batch Avg-T: 0:00:00.315716
	[TRAIN] Epoch 4 Batch 600/650 Loss: 0.048655538997936766, 	PPG F1: 0.9777847166597452, 	Batch Avg-T: 0:00:00.315641
[TRAIN] Epoch 4 Loss: 0.04824091805574986,             	PPG F1: 0.9779366778445686
Time - 0:03:25.151239
[VAL] Epoch 4 Loss: 0.46081710315203794
[VAL] 	PPG      F1: 0.6792
[VAL] 	PPG ROC AUC: 0.9523
[VAL] 	PPG PR  AUC: 0.8675
Epoch 4 finished. t = 0:03:42.427648


Epoch 5 training...
	[TRAIN] Epoch 5 Batch 0/650 Loss: 0.030508989468216896, 	PPG F1: 0.9859154929577465, 	Batch Avg-T: 0:00:00.356154
	[TRAIN] Epoch 5 Batch 100/650 Loss: 0.047024876709179125, 	PPG F1: 0.9787557556285176, 	Batch Avg-T: 0:00:00.315795
	[TRAIN] Epoch 5 Batch 200/650 Loss: 0.04427683268168672, 	PPG F1: 0.9799127468126961, 	Batch Avg-T: 0:00:00.315097
	[TRAIN] Epoch 5 Batch 300/650 Loss: 0.04367521084052978, 	PPG F1: 0.9801461722563707, 	Batch Avg-T: 0:00:00.315623
	[TRAIN] Epoch 5 Batch 400/650 Loss: 0.0423753522522283, 	PPG F1: 0.980803003297607, 	Batch Avg-T: 0:00:00.315908
	[TRAIN] Epoch 5 Batch 500/650 Loss: 0.041741528747205485, 	PPG F1: 0.9811238572965686, 	Batch Avg-T: 0:00:00.315790
	[TRAIN] Epoch 5 Batch 600/650 Loss: 0.040894325754408434, 	PPG F1: 0.9814799974275973, 	Batch Avg-T: 0:00:00.315864
[TRAIN] Epoch 5 Loss: 0.040456155492709235,             	PPG F1: 0.981727789518607
Time - 0:03:25.184959
[VAL] Epoch 5 Loss: 0.7796635257041974
[VAL] 	PPG      F1: 0.6108
[VAL] 	PPG ROC AUC: 0.9563
[VAL] 	PPG PR  AUC: 0.8766
Epoch 5 finished. t = 0:03:42.474580


Epoch 6 training...
	[TRAIN] Epoch 6 Batch 0/650 Loss: 0.033285144716501236, 	PPG F1: 0.9820466786355475, 	Batch Avg-T: 0:00:00.357615
	[TRAIN] Epoch 6 Batch 100/650 Loss: 0.033145191111039404, 	PPG F1: 0.9849938896567525, 	Batch Avg-T: 0:00:00.316132
	[TRAIN] Epoch 6 Batch 200/650 Loss: 0.03404180797289556, 	PPG F1: 0.9845418859354899, 	Batch Avg-T: 0:00:00.316145
	[TRAIN] Epoch 6 Batch 300/650 Loss: 0.03314331264244361, 	PPG F1: 0.9849166491671039, 	Batch Avg-T: 0:00:00.315731
	[TRAIN] Epoch 6 Batch 400/650 Loss: 0.03307380698658433, 	PPG F1: 0.9850759056663139, 	Batch Avg-T: 0:00:00.315806
	[TRAIN] Epoch 6 Batch 500/650 Loss: 0.03251196177836188, 	PPG F1: 0.9853328245020614, 	Batch Avg-T: 0:00:00.315820
	[TRAIN] Epoch 6 Batch 600/650 Loss: 0.03213226902740272, 	PPG F1: 0.9855134374326688, 	Batch Avg-T: 0:00:00.315904
[TRAIN] Epoch 6 Loss: 0.032014115498616144,             	PPG F1: 0.98558066375236
Time - 0:03:25.231413
[VAL] Epoch 6 Loss: 0.6605221390533286
[VAL] 	PPG      F1: 0.6615
[VAL] 	PPG ROC AUC: 0.9449
[VAL] 	PPG PR  AUC: 0.8607
Epoch 6 finished. t = 0:03:42.516091


Epoch 7 training...
	[TRAIN] Epoch 7 Batch 0/650 Loss: 0.038664527237415314, 	PPG F1: 0.9818529130850047, 	Batch Avg-T: 0:00:00.401322
	[TRAIN] Epoch 7 Batch 100/650 Loss: 0.03118929015195901, 	PPG F1: 0.9860057374008592, 	Batch Avg-T: 0:00:00.316219
	[TRAIN] Epoch 7 Batch 200/650 Loss: 0.029706589381826753, 	PPG F1: 0.9866560362097433, 	Batch Avg-T: 0:00:00.316358
	[TRAIN] Epoch 7 Batch 300/650 Loss: 0.028894176644789816, 	PPG F1: 0.986833022243947, 	Batch Avg-T: 0:00:00.315899
	[TRAIN] Epoch 7 Batch 400/650 Loss: 0.02813286155908185, 	PPG F1: 0.9872407073078289, 	Batch Avg-T: 0:00:00.315638
	[TRAIN] Epoch 7 Batch 500/650 Loss: 0.027479276390088174, 	PPG F1: 0.9876348944367722, 	Batch Avg-T: 0:00:00.315470
	[TRAIN] Epoch 7 Batch 600/650 Loss: 0.02728006235337793, 	PPG F1: 0.9877382134429665, 	Batch Avg-T: 0:00:00.315400
[TRAIN] Epoch 7 Loss: 0.02762146265317614,             	PPG F1: 0.9875990796909416
Time - 0:03:25.080244
[VAL] Epoch 7 Loss: 0.5071277700131002
[VAL] 	PPG      F1: 0.6827
[VAL] 	PPG ROC AUC: 0.9195
[VAL] 	PPG PR  AUC: 0.8399
Epoch 7 finished. t = 0:03:42.339906


Epoch 8 training...
	[TRAIN] Epoch 8 Batch 0/650 Loss: 0.05317635089159012, 	PPG F1: 0.9740134744947064, 	Batch Avg-T: 0:00:00.358180
	[TRAIN] Epoch 8 Batch 100/650 Loss: 0.0232844647886877, 	PPG F1: 0.9893181477368371, 	Batch Avg-T: 0:00:00.315441
	[TRAIN] Epoch 8 Batch 200/650 Loss: 0.022586356677040828, 	PPG F1: 0.9897193527539605, 	Batch Avg-T: 0:00:00.315249
	[TRAIN] Epoch 8 Batch 300/650 Loss: 0.02253998100039769, 	PPG F1: 0.9897342927333844, 	Batch Avg-T: 0:00:00.315108
	[TRAIN] Epoch 8 Batch 400/650 Loss: 0.022325883711226045, 	PPG F1: 0.989959455203195, 	Batch Avg-T: 0:00:00.315061
	[TRAIN] Epoch 8 Batch 500/650 Loss: 0.022955872849960944, 	PPG F1: 0.9897073400172587, 	Batch Avg-T: 0:00:00.315099
	[TRAIN] Epoch 8 Batch 600/650 Loss: 0.022659698004575568, 	PPG F1: 0.9898842431108931, 	Batch Avg-T: 0:00:00.315041
[TRAIN] Epoch 8 Loss: 0.022750411610333966,             	PPG F1: 0.9898164303835096
Time - 0:03:24.736404
[VAL] Epoch 8 Loss: 1.3942351986527335
[VAL] 	PPG      F1: 0.5303
[VAL] 	PPG ROC AUC: 0.9373
[VAL] 	PPG PR  AUC: 0.8459
Epoch 8 finished. t = 0:03:42.008299


Epoch 9 training...
	[TRAIN] Epoch 9 Batch 0/650 Loss: 0.023733725771307945, 	PPG F1: 0.9894366197183098, 	Batch Avg-T: 0:00:00.364597
	[TRAIN] Epoch 9 Batch 100/650 Loss: 0.021071740509112282, 	PPG F1: 0.990565518748025, 	Batch Avg-T: 0:00:00.315367
	[TRAIN] Epoch 9 Batch 200/650 Loss: 0.02050832253811297, 	PPG F1: 0.9908608102115176, 	Batch Avg-T: 0:00:00.315591
	[TRAIN] Epoch 9 Batch 300/650 Loss: 0.020125258508203334, 	PPG F1: 0.9910891070839565, 	Batch Avg-T: 0:00:00.315535
	[TRAIN] Epoch 9 Batch 400/650 Loss: 0.019891295450834786, 	PPG F1: 0.9911842363987657, 	Batch Avg-T: 0:00:00.315441
	[TRAIN] Epoch 9 Batch 500/650 Loss: 0.0192130665525333, 	PPG F1: 0.9915255208193606, 	Batch Avg-T: 0:00:00.315208
	[TRAIN] Epoch 9 Batch 600/650 Loss: 0.019034490400705234, 	PPG F1: 0.9915885785226171, 	Batch Avg-T: 0:00:00.315245
[TRAIN] Epoch 9 Loss: 0.018967790628711765,             	PPG F1: 0.9916176169919163
Time - 0:03:24.830396
[VAL] Epoch 9 Loss: 0.9869874444912808
[VAL] 	PPG      F1: 0.6265
[VAL] 	PPG ROC AUC: 0.957
[VAL] 	PPG PR  AUC: 0.8708
Epoch 9 finished. t = 0:03:42.147694


Epoch 10 training...
	[TRAIN] Epoch 10 Batch 0/650 Loss: 0.02180747129023075, 	PPG F1: 0.9886363636363638, 	Batch Avg-T: 0:00:00.352301
	[TRAIN] Epoch 10 Batch 100/650 Loss: 0.016756784184697535, 	PPG F1: 0.9924666832220045, 	Batch Avg-T: 0:00:00.315127
	[TRAIN] Epoch 10 Batch 200/650 Loss: 0.015616120057022986, 	PPG F1: 0.9930422699717806, 	Batch Avg-T: 0:00:00.315680
	[TRAIN] Epoch 10 Batch 300/650 Loss: 0.01750874123922812, 	PPG F1: 0.9921926371282883, 	Batch Avg-T: 0:00:00.315378
	[TRAIN] Epoch 10 Batch 400/650 Loss: 0.018057704488619084, 	PPG F1: 0.9919377065424796, 	Batch Avg-T: 0:00:00.315464
	[TRAIN] Epoch 10 Batch 500/650 Loss: 0.016982825582162915, 	PPG F1: 0.9924254330258504, 	Batch Avg-T: 0:00:00.315373
	[TRAIN] Epoch 10 Batch 600/650 Loss: 0.016865322755699273, 	PPG F1: 0.9924956136779564, 	Batch Avg-T: 0:00:00.315270
[TRAIN] Epoch 10 Loss: 0.017140949211226632,             	PPG F1: 0.9923965066298304
Time - 0:03:24.838087
[VAL] Epoch 10 Loss: 0.8409264389142724
[VAL] 	PPG      F1: 0.6283
[VAL] 	PPG ROC AUC: 0.9501
[VAL] 	PPG PR  AUC: 0.8763
Epoch 10 finished. t = 0:03:42.121075


Epoch 11 training...
	[TRAIN] Epoch 11 Batch 0/650 Loss: 0.016326550394296646, 	PPG F1: 0.9916897506925209, 	Batch Avg-T: 0:00:00.357743
	[TRAIN] Epoch 11 Batch 100/650 Loss: 0.013839015114757389, 	PPG F1: 0.9939808304557571, 	Batch Avg-T: 0:00:00.315080
	[TRAIN] Epoch 11 Batch 200/650 Loss: 0.01417739454434434, 	PPG F1: 0.9937456869424823, 	Batch Avg-T: 0:00:00.315034
	[TRAIN] Epoch 11 Batch 300/650 Loss: 0.014989256291059263, 	PPG F1: 0.9934432449678016, 	Batch Avg-T: 0:00:00.315066
	[TRAIN] Epoch 11 Batch 400/650 Loss: 0.01509881543664452, 	PPG F1: 0.9932906126613659, 	Batch Avg-T: 0:00:00.314951
	[TRAIN] Epoch 11 Batch 500/650 Loss: 0.014785876929826901, 	PPG F1: 0.9934161564282482, 	Batch Avg-T: 0:00:00.314875
	[TRAIN] Epoch 11 Batch 600/650 Loss: 0.014853373224135743, 	PPG F1: 0.9933839595963678, 	Batch Avg-T: 0:00:00.314993
[TRAIN] Epoch 11 Loss: 0.014838903268369345,             	PPG F1: 0.9934209209615192
Time - 0:03:24.655978
[VAL] Epoch 11 Loss: 0.7552153476339712
[VAL] 	PPG      F1: 0.6441
[VAL] 	PPG ROC AUC: 0.9448
[VAL] 	PPG PR  AUC: 0.8682
Epoch 11 finished. t = 0:03:41.960133


Epoch 12 training...
	[TRAIN] Epoch 12 Batch 0/650 Loss: 0.016819067299365997, 	PPG F1: 0.990426457789382, 	Batch Avg-T: 0:00:00.363562
	[TRAIN] Epoch 12 Batch 100/650 Loss: 0.01032085750611628, 	PPG F1: 0.9954848586594054, 	Batch Avg-T: 0:00:00.315101
	[TRAIN] Epoch 12 Batch 200/650 Loss: 0.00997235207813815, 	PPG F1: 0.9957574948164684, 	Batch Avg-T: 0:00:00.315265
	[TRAIN] Epoch 12 Batch 300/650 Loss: 0.011365547796333846, 	PPG F1: 0.9950175464336088, 	Batch Avg-T: 0:00:00.315497
	[TRAIN] Epoch 12 Batch 400/650 Loss: 0.011663877628186249, 	PPG F1: 0.9948726607470728, 	Batch Avg-T: 0:00:00.315396
	[TRAIN] Epoch 12 Batch 500/650 Loss: 0.011705550017530571, 	PPG F1: 0.9948740791232661, 	Batch Avg-T: 0:00:00.315247
	[TRAIN] Epoch 12 Batch 600/650 Loss: 0.011718939896827926, 	PPG F1: 0.9948514991615175, 	Batch Avg-T: 0:00:00.315111
[TRAIN] Epoch 12 Loss: 0.011606932329730346,             	PPG F1: 0.9949142309495299
Time - 0:03:24.759693
[VAL] Epoch 12 Loss: 1.5246043629595742
[VAL] 	PPG      F1: 0.5637
[VAL] 	PPG ROC AUC: 0.9273
[VAL] 	PPG PR  AUC: 0.8249
Epoch 12 finished. t = 0:03:42.049814


Epoch 13 training...
	[TRAIN] Epoch 13 Batch 0/650 Loss: 0.013802232220768929, 	PPG F1: 0.9953139643861293, 	Batch Avg-T: 0:00:00.356019
	[TRAIN] Epoch 13 Batch 100/650 Loss: 0.009626899792877312, 	PPG F1: 0.9958476642872025, 	Batch Avg-T: 0:00:00.317121
	[TRAIN] Epoch 13 Batch 200/650 Loss: 0.009780921304913525, 	PPG F1: 0.9957297787850832, 	Batch Avg-T: 0:00:00.315598
	[TRAIN] Epoch 13 Batch 300/650 Loss: 0.010139020938778984, 	PPG F1: 0.9955543744062555, 	Batch Avg-T: 0:00:00.315631
	[TRAIN] Epoch 13 Batch 400/650 Loss: 0.01078849383966621, 	PPG F1: 0.995264404760118, 	Batch Avg-T: 0:00:00.315487
	[TRAIN] Epoch 13 Batch 500/650 Loss: 0.011036414046123058, 	PPG F1: 0.9951204401659548, 	Batch Avg-T: 0:00:00.315559
	[TRAIN] Epoch 13 Batch 600/650 Loss: 0.011397110364134865, 	PPG F1: 0.9949460061424749, 	Batch Avg-T: 0:00:00.315562
[TRAIN] Epoch 13 Loss: 0.011712643397398866,             	PPG F1: 0.9948010510601909
Time - 0:03:25.099555
[VAL] Epoch 13 Loss: 0.7221559351762127
[VAL] 	PPG      F1: 0.6529
[VAL] 	PPG ROC AUC: 0.9482
[VAL] 	PPG PR  AUC: 0.8833
Epoch 13 finished. t = 0:03:42.397748


Epoch 14 training...
	[TRAIN] Epoch 14 Batch 0/650 Loss: 0.011496515944600105, 	PPG F1: 0.9953660797034292, 	Batch Avg-T: 0:00:00.352102
	[TRAIN] Epoch 14 Batch 100/650 Loss: 0.008905733568999584, 	PPG F1: 0.9963406571283772, 	Batch Avg-T: 0:00:00.314838
	[TRAIN] Epoch 14 Batch 200/650 Loss: 0.008401022793085718, 	PPG F1: 0.9964729562983624, 	Batch Avg-T: 0:00:00.315742
	[TRAIN] Epoch 14 Batch 300/650 Loss: 0.012097708978365327, 	PPG F1: 0.9948843092978612, 	Batch Avg-T: 0:00:00.315256
	[TRAIN] Epoch 14 Batch 400/650 Loss: 0.011127686211049669, 	PPG F1: 0.9952785943160917, 	Batch Avg-T: 0:00:00.315132
	[TRAIN] Epoch 14 Batch 500/650 Loss: 0.01108457706264497, 	PPG F1: 0.9953239450625929, 	Batch Avg-T: 0:00:00.315295
	[TRAIN] Epoch 14 Batch 600/650 Loss: 0.011392182253298045, 	PPG F1: 0.9951396493962795, 	Batch Avg-T: 0:00:00.315231
[TRAIN] Epoch 14 Loss: 0.01128825289161446,             	PPG F1: 0.9951724651882936
Time - 0:03:24.815845
[VAL] Epoch 14 Loss: 0.8155616668635539
[VAL] 	PPG      F1: 0.6692
[VAL] 	PPG ROC AUC: 0.9668
[VAL] 	PPG PR  AUC: 0.8986
Epoch 14 finished. t = 0:03:42.083142


Epoch 15 training...
	[TRAIN] Epoch 15 Batch 0/650 Loss: 0.005733682308346033, 	PPG F1: 0.9964664310954063, 	Batch Avg-T: 0:00:00.364443
	[TRAIN] Epoch 15 Batch 100/650 Loss: 0.00672701410810915, 	PPG F1: 0.9970793833130989, 	Batch Avg-T: 0:00:00.315344
	[TRAIN] Epoch 15 Batch 200/650 Loss: 0.007243705258950295, 	PPG F1: 0.9968852582151848, 	Batch Avg-T: 0:00:00.314916
	[TRAIN] Epoch 15 Batch 300/650 Loss: 0.00838284660285444, 	PPG F1: 0.9963438756157285, 	Batch Avg-T: 0:00:00.315353
	[TRAIN] Epoch 15 Batch 400/650 Loss: 0.008631287656197245, 	PPG F1: 0.9962442300068413, 	Batch Avg-T: 0:00:00.315065
	[TRAIN] Epoch 15 Batch 500/650 Loss: 0.0088817985257145, 	PPG F1: 0.9961034278954893, 	Batch Avg-T: 0:00:00.315275
	[TRAIN] Epoch 15 Batch 600/650 Loss: 0.00916268793748267, 	PPG F1: 0.99596854981705, 	Batch Avg-T: 0:00:00.315590
[TRAIN] Epoch 15 Loss: 0.009097395269558406,             	PPG F1: 0.9959881859960154
Time - 0:03:25.001748
[VAL] Epoch 15 Loss: 1.3527900501451238
[VAL] 	PPG      F1: 0.6033
[VAL] 	PPG ROC AUC: 0.9496
[VAL] 	PPG PR  AUC: 0.8577
Epoch 15 finished. t = 0:03:42.249261


Epoch 16 training...
	[TRAIN] Epoch 16 Batch 0/650 Loss: 0.01845676265656948, 	PPG F1: 0.993766696349065, 	Batch Avg-T: 0:00:00.401098
	[TRAIN] Epoch 16 Batch 100/650 Loss: 0.007436898312217897, 	PPG F1: 0.9965503287970616, 	Batch Avg-T: 0:00:00.316009
	[TRAIN] Epoch 16 Batch 200/650 Loss: 0.00683961233265457, 	PPG F1: 0.9968397820056044, 	Batch Avg-T: 0:00:00.315140
	[TRAIN] Epoch 16 Batch 300/650 Loss: 0.007254531319474375, 	PPG F1: 0.9967337319081172, 	Batch Avg-T: 0:00:00.315067
	[TRAIN] Epoch 16 Batch 400/650 Loss: 0.007986347939461432, 	PPG F1: 0.9964827556902274, 	Batch Avg-T: 0:00:00.315001
	[TRAIN] Epoch 16 Batch 500/650 Loss: 0.007874472883990975, 	PPG F1: 0.9965136019021006, 	Batch Avg-T: 0:00:00.314950
	[TRAIN] Epoch 16 Batch 600/650 Loss: 0.0079207171694904, 	PPG F1: 0.9964879848164423, 	Batch Avg-T: 0:00:00.314960
[TRAIN] Epoch 16 Loss: 0.008007428230753599,             	PPG F1: 0.9964712593930711
Time - 0:03:24.689868
[VAL] Epoch 16 Loss: 1.1882556828299975
[VAL] 	PPG      F1: 0.5994
[VAL] 	PPG ROC AUC: 0.9406
[VAL] 	PPG PR  AUC: 0.8481
Epoch 16 finished. t = 0:03:42.000439


Epoch 17 training...
	[TRAIN] Epoch 17 Batch 0/650 Loss: 0.0061180866323411465, 	PPG F1: 0.9980276134122288, 	Batch Avg-T: 0:00:00.361352
	[TRAIN] Epoch 17 Batch 100/650 Loss: 0.005124173629083809, 	PPG F1: 0.997878987454126, 	Batch Avg-T: 0:00:00.315069
	[TRAIN] Epoch 17 Batch 200/650 Loss: 0.007405024601913414, 	PPG F1: 0.9969383710164197, 	Batch Avg-T: 0:00:00.314826
	[TRAIN] Epoch 17 Batch 300/650 Loss: 0.006837934076915993, 	PPG F1: 0.9971189070006398, 	Batch Avg-T: 0:00:00.314999
	[TRAIN] Epoch 17 Batch 400/650 Loss: 0.00765366191212831, 	PPG F1: 0.996771848459129, 	Batch Avg-T: 0:00:00.315005
	[TRAIN] Epoch 17 Batch 500/650 Loss: 0.007948631738608112, 	PPG F1: 0.9966305040240875, 	Batch Avg-T: 0:00:00.315376
	[TRAIN] Epoch 17 Batch 600/650 Loss: 0.00803114801816512, 	PPG F1: 0.9965930579575188, 	Batch Avg-T: 0:00:00.315352
[TRAIN] Epoch 17 Loss: 0.008083513106685132,             	PPG F1: 0.9965582391554424
Time - 0:03:25.048282
[VAL] Epoch 17 Loss: 0.6165183291478974
[VAL] 	PPG      F1: 0.7141
[VAL] 	PPG ROC AUC: 0.974
[VAL] 	PPG PR  AUC: 0.9226
Epoch 17 finished. t = 0:03:42.293483


Epoch 18 training...
	[TRAIN] Epoch 18 Batch 0/650 Loss: 0.007371116429567337, 	PPG F1: 0.9971936389148736, 	Batch Avg-T: 0:00:00.358134
	[TRAIN] Epoch 18 Batch 100/650 Loss: 0.006876302397773038, 	PPG F1: 0.996869824959185, 	Batch Avg-T: 0:00:00.315052
	[TRAIN] Epoch 18 Batch 200/650 Loss: 0.0072246363443850695, 	PPG F1: 0.9968470490417627, 	Batch Avg-T: 0:00:00.314970
	[TRAIN] Epoch 18 Batch 300/650 Loss: 0.00683114062078093, 	PPG F1: 0.9970792037138626, 	Batch Avg-T: 0:00:00.314671
	[TRAIN] Epoch 18 Batch 400/650 Loss: 0.006809093986528732, 	PPG F1: 0.9970542201335266, 	Batch Avg-T: 0:00:00.314545
	[TRAIN] Epoch 18 Batch 500/650 Loss: 0.007097856285461334, 	PPG F1: 0.99689584968862, 	Batch Avg-T: 0:00:00.314570
	[TRAIN] Epoch 18 Batch 600/650 Loss: 0.00704938430744324, 	PPG F1: 0.9968893567211391, 	Batch Avg-T: 0:00:00.314653
[TRAIN] Epoch 18 Loss: 0.006959970327935969,             	PPG F1: 0.9969243500754321
Time - 0:03:24.440603
[VAL] Epoch 18 Loss: 1.3768440090407876
[VAL] 	PPG      F1: 0.6208
[VAL] 	PPG ROC AUC: 0.941
[VAL] 	PPG PR  AUC: 0.8493
Epoch 18 finished. t = 0:03:41.678556


Epoch 19 training...
	[TRAIN] Epoch 19 Batch 0/650 Loss: 0.010442952625453472, 	PPG F1: 0.9972801450589303, 	Batch Avg-T: 0:00:00.358568
	[TRAIN] Epoch 19 Batch 100/650 Loss: 0.0063733225388655276, 	PPG F1: 0.9972892940761713, 	Batch Avg-T: 0:00:00.315450
	[TRAIN] Epoch 19 Batch 200/650 Loss: 0.007376660982063457, 	PPG F1: 0.9968509486618531, 	Batch Avg-T: 0:00:00.315464
	[TRAIN] Epoch 19 Batch 300/650 Loss: 0.0070544571532215, 	PPG F1: 0.9969269477474159, 	Batch Avg-T: 0:00:00.315347
	[TRAIN] Epoch 19 Batch 400/650 Loss: 0.007040562578465353, 	PPG F1: 0.996900805564373, 	Batch Avg-T: 0:00:00.315159
	[TRAIN] Epoch 19 Batch 500/650 Loss: 0.006789237770396926, 	PPG F1: 0.9969700952166536, 	Batch Avg-T: 0:00:00.315071
	[TRAIN] Epoch 19 Batch 600/650 Loss: 0.006953508098812746, 	PPG F1: 0.9969218100277614, 	Batch Avg-T: 0:00:00.315199
[TRAIN] Epoch 19 Loss: 0.00703296273910942,             	PPG F1: 0.9968714757047507
Time - 0:03:24.757686
[VAL] Epoch 19 Loss: 0.743883883129375
[VAL] 	PPG      F1: 0.7035
[VAL] 	PPG ROC AUC: 0.9524
[VAL] 	PPG PR  AUC: 0.873
Epoch 19 finished. t = 0:03:42.003486


Epoch 20 training...
	[TRAIN] Epoch 20 Batch 0/650 Loss: 0.004649792797863483, 	PPG F1: 0.9990503323836657, 	Batch Avg-T: 0:00:00.358061
	[TRAIN] Epoch 20 Batch 100/650 Loss: 0.005180985548667204, 	PPG F1: 0.9978164417502996, 	Batch Avg-T: 0:00:00.316296
	[TRAIN] Epoch 20 Batch 200/650 Loss: 0.006497166659891494, 	PPG F1: 0.9972351292952014, 	Batch Avg-T: 0:00:00.315644
	[TRAIN] Epoch 20 Batch 300/650 Loss: 0.006474524414521856, 	PPG F1: 0.997226366202542, 	Batch Avg-T: 0:00:00.315269
	[TRAIN] Epoch 20 Batch 400/650 Loss: 0.006582575253959388, 	PPG F1: 0.9971658502769002, 	Batch Avg-T: 0:00:00.315381
	[TRAIN] Epoch 20 Batch 500/650 Loss: 0.006347098859596789, 	PPG F1: 0.9972480453533219, 	Batch Avg-T: 0:00:00.315159
	[TRAIN] Epoch 20 Batch 600/650 Loss: 0.006241538900133926, 	PPG F1: 0.997294943838422, 	Batch Avg-T: 0:00:00.315203
[TRAIN] Epoch 20 Loss: 0.006361264948634646,             	PPG F1: 0.9972378124586276
Time - 0:03:24.856471
[VAL] Epoch 20 Loss: 1.105348822952013
[VAL] 	PPG      F1: 0.6486
[VAL] 	PPG ROC AUC: 0.9537
[VAL] 	PPG PR  AUC: 0.8711
Epoch 20 finished. t = 0:03:42.164211


Epoch 21 training...
	[TRAIN] Epoch 21 Batch 0/650 Loss: 0.00852970127016306, 	PPG F1: 0.9972948602344455, 	Batch Avg-T: 0:00:00.362009
	[TRAIN] Epoch 21 Batch 100/650 Loss: 0.005438449137295495, 	PPG F1: 0.9977035395818691, 	Batch Avg-T: 0:00:00.315246
	[TRAIN] Epoch 21 Batch 200/650 Loss: 0.006460265541710979, 	PPG F1: 0.997235212896268, 	Batch Avg-T: 0:00:00.315337
	[TRAIN] Epoch 21 Batch 300/650 Loss: 0.00579381176383479, 	PPG F1: 0.9975598805833913, 	Batch Avg-T: 0:00:00.315461
	[TRAIN] Epoch 21 Batch 400/650 Loss: 0.006387592942170576, 	PPG F1: 0.9972835077375943, 	Batch Avg-T: 0:00:00.315240
	[TRAIN] Epoch 21 Batch 500/650 Loss: 0.006395570321302274, 	PPG F1: 0.9972847698451526, 	Batch Avg-T: 0:00:00.315238
	[TRAIN] Epoch 21 Batch 600/650 Loss: 0.0064637358038889215, 	PPG F1: 0.9972221548200877, 	Batch Avg-T: 0:00:00.315039
[TRAIN] Epoch 21 Loss: 0.006427143505559518,             	PPG F1: 0.9972554949595328
Time - 0:03:24.762544
[VAL] Epoch 21 Loss: 0.6713609211611139
[VAL] 	PPG      F1: 0.7164
[VAL] 	PPG ROC AUC: 0.9626
[VAL] 	PPG PR  AUC: 0.892
Epoch 21 finished. t = 0:03:42.010362


Epoch 22 training...
	[TRAIN] Epoch 22 Batch 0/650 Loss: 0.001299018505960703, 	PPG F1: 1.0, 	Batch Avg-T: 0:00:00.351503
	[TRAIN] Epoch 22 Batch 100/650 Loss: 0.005640513438553927, 	PPG F1: 0.9974741109875466, 	Batch Avg-T: 0:00:00.316336
	[TRAIN] Epoch 22 Batch 200/650 Loss: 0.0058977325344533515, 	PPG F1: 0.9974040339514638, 	Batch Avg-T: 0:00:00.315555
	[TRAIN] Epoch 22 Batch 300/650 Loss: 0.005648725573234554, 	PPG F1: 0.9975129082386028, 	Batch Avg-T: 0:00:00.315472
	[TRAIN] Epoch 22 Batch 400/650 Loss: 0.005722391739944309, 	PPG F1: 0.9975146683587227, 	Batch Avg-T: 0:00:00.315258
	[TRAIN] Epoch 22 Batch 500/650 Loss: 0.005456912490715154, 	PPG F1: 0.9976210242146668, 	Batch Avg-T: 0:00:00.315225
	[TRAIN] Epoch 22 Batch 600/650 Loss: 0.005433566982807714, 	PPG F1: 0.9976443163369724, 	Batch Avg-T: 0:00:00.315093
[TRAIN] Epoch 22 Loss: 0.0054057788223144596,             	PPG F1: 0.9976705945906506
Time - 0:03:24.708861
[VAL] Epoch 22 Loss: 0.7601982589832919
[VAL] 	PPG      F1: 0.699
[VAL] 	PPG ROC AUC: 0.9604
[VAL] 	PPG PR  AUC: 0.8845
Epoch 22 finished. t = 0:03:41.956181


Epoch 23 training...
	[TRAIN] Epoch 23 Batch 0/650 Loss: 0.005302068777382374, 	PPG F1: 0.9969909729187563, 	Batch Avg-T: 0:00:00.357646
	[TRAIN] Epoch 23 Batch 100/650 Loss: 0.0074636059476634355, 	PPG F1: 0.9967667611724726, 	Batch Avg-T: 0:00:00.315814
	[TRAIN] Epoch 23 Batch 200/650 Loss: 0.005684849881568219, 	PPG F1: 0.9975748627155888, 	Batch Avg-T: 0:00:00.315233
	[TRAIN] Epoch 23 Batch 300/650 Loss: 0.005925886958285987, 	PPG F1: 0.9974470373052526, 	Batch Avg-T: 0:00:00.314822
	[TRAIN] Epoch 23 Batch 400/650 Loss: 0.005653796545296624, 	PPG F1: 0.9975918548963967, 	Batch Avg-T: 0:00:00.314832
	[TRAIN] Epoch 23 Batch 500/650 Loss: 0.00558879928173778, 	PPG F1: 0.9975836083378058, 	Batch Avg-T: 0:00:00.314946
	[TRAIN] Epoch 23 Batch 600/650 Loss: 0.005718628543565831, 	PPG F1: 0.9975357234502282, 	Batch Avg-T: 0:00:00.315037
[TRAIN] Epoch 23 Loss: 0.005718039770010644,             	PPG F1: 0.9975420674131737
Time - 0:03:24.666991
[VAL] Epoch 23 Loss: 0.6722609433753256
[VAL] 	PPG      F1: 0.716
[VAL] 	PPG ROC AUC: 0.9632
[VAL] 	PPG PR  AUC: 0.9012
Epoch 23 finished. t = 0:03:41.952207


Epoch 24 training...
	[TRAIN] Epoch 24 Batch 0/650 Loss: 0.0040192436426877975, 	PPG F1: 0.9982142857142857, 	Batch Avg-T: 0:00:00.363917
	[TRAIN] Epoch 24 Batch 100/650 Loss: 0.004737323201042462, 	PPG F1: 0.9979592597370396, 	Batch Avg-T: 0:00:00.314831
	[TRAIN] Epoch 24 Batch 200/650 Loss: 0.003969531827600469, 	PPG F1: 0.9982957892670585, 	Batch Avg-T: 0:00:00.314862
	[TRAIN] Epoch 24 Batch 300/650 Loss: 0.004045086105252025, 	PPG F1: 0.9982762021608352, 	Batch Avg-T: 0:00:00.314962
	[TRAIN] Epoch 24 Batch 400/650 Loss: 0.004153187838417857, 	PPG F1: 0.9982426716367189, 	Batch Avg-T: 0:00:00.314797
	[TRAIN] Epoch 24 Batch 500/650 Loss: 0.004182522468052306, 	PPG F1: 0.9982224424861605, 	Batch Avg-T: 0:00:00.315210
	[TRAIN] Epoch 24 Batch 600/650 Loss: 0.004677867626704697, 	PPG F1: 0.9980121369270677, 	Batch Avg-T: 0:00:00.315055
[TRAIN] Epoch 24 Loss: 0.004663312369688916,             	PPG F1: 0.9980147666095016
Time - 0:03:24.694293
[VAL] Epoch 24 Loss: 1.0572443542833836
[VAL] 	PPG      F1: 0.6487
[VAL] 	PPG ROC AUC: 0.9408
[VAL] 	PPG PR  AUC: 0.8523
Epoch 24 finished. t = 0:03:41.949287


Epoch 25 training...
	[TRAIN] Epoch 25 Batch 0/650 Loss: 0.003597630187869072, 	PPG F1: 1.0, 	Batch Avg-T: 0:00:00.398506
	[TRAIN] Epoch 25 Batch 100/650 Loss: 0.00668543363727703, 	PPG F1: 0.9971273018583361, 	Batch Avg-T: 0:00:00.314530
	[TRAIN] Epoch 25 Batch 200/650 Loss: 0.005101762849629616, 	PPG F1: 0.9977933161350456, 	Batch Avg-T: 0:00:00.315676
	[TRAIN] Epoch 25 Batch 300/650 Loss: 0.005003261755685093, 	PPG F1: 0.997864616547888, 	Batch Avg-T: 0:00:00.315420
	[TRAIN] Epoch 25 Batch 400/650 Loss: 0.005400061660669477, 	PPG F1: 0.9976307956560995, 	Batch Avg-T: 0:00:00.315179
	[TRAIN] Epoch 25 Batch 500/650 Loss: 0.005074340254067213, 	PPG F1: 0.9977784795524711, 	Batch Avg-T: 0:00:00.314998
	[TRAIN] Epoch 25 Batch 600/650 Loss: 0.005928063402726228, 	PPG F1: 0.9974449777094858, 	Batch Avg-T: 0:00:00.314884
[TRAIN] Epoch 25 Loss: 0.005766101616698926,             	PPG F1: 0.9975188825698816
Time - 0:03:24.944151
[VAL] Epoch 25 Loss: 1.2018698680335327
[VAL] 	PPG      F1: 0.6552
[VAL] 	PPG ROC AUC: 0.9465
[VAL] 	PPG PR  AUC: 0.8499
Epoch 25 finished. t = 0:03:42.183768


Epoch 26 training...
	[TRAIN] Epoch 26 Batch 0/650 Loss: 0.0003443349851295352, 	PPG F1: 1.0, 	Batch Avg-T: 0:00:00.351744
	[TRAIN] Epoch 26 Batch 100/650 Loss: 0.0021414309316476125, 	PPG F1: 0.9990864575615737, 	Batch Avg-T: 0:00:00.315819
	[TRAIN] Epoch 26 Batch 200/650 Loss: 0.00368184510842012, 	PPG F1: 0.9985246477214198, 	Batch Avg-T: 0:00:00.315365
	[TRAIN] Epoch 26 Batch 300/650 Loss: 0.003977340740554709, 	PPG F1: 0.9984019543746034, 	Batch Avg-T: 0:00:00.315438
	[TRAIN] Epoch 26 Batch 400/650 Loss: 0.00400230550294872, 	PPG F1: 0.9983920109345517, 	Batch Avg-T: 0:00:00.315475
	[TRAIN] Epoch 26 Batch 500/650 Loss: 0.0042303949024039365, 	PPG F1: 0.9982753690816752, 	Batch Avg-T: 0:00:00.315245
	[TRAIN] Epoch 26 Batch 600/650 Loss: 0.004398128032214016, 	PPG F1: 0.9981815567072216, 	Batch Avg-T: 0:00:00.315072
[TRAIN] Epoch 26 Loss: 0.004353230064824367,             	PPG F1: 0.9981987329729558
Time - 0:03:24.819015
[VAL] Epoch 26 Loss: 0.6589957351903644
[VAL] 	PPG      F1: 0.7403
[VAL] 	PPG ROC AUC: 0.967
[VAL] 	PPG PR  AUC: 0.9034
Epoch 26 finished. t = 0:03:42.057297


Epoch 27 training...
	[TRAIN] Epoch 27 Batch 0/650 Loss: 0.0007533964817412198, 	PPG F1: 0.9990448901623686, 	Batch Avg-T: 0:00:00.364509
	[TRAIN] Epoch 27 Batch 100/650 Loss: 0.0025999733085639194, 	PPG F1: 0.9989479461434914, 	Batch Avg-T: 0:00:00.314936
	[TRAIN] Epoch 27 Batch 200/650 Loss: 0.0032042202730364843, 	PPG F1: 0.9986515675189831, 	Batch Avg-T: 0:00:00.314757
	[TRAIN] Epoch 27 Batch 300/650 Loss: 0.004229616482771718, 	PPG F1: 0.9981768686076544, 	Batch Avg-T: 0:00:00.314404
	[TRAIN] Epoch 27 Batch 400/650 Loss: 0.004092282355391273, 	PPG F1: 0.9982595133219611, 	Batch Avg-T: 0:00:00.314459
	[TRAIN] Epoch 27 Batch 500/650 Loss: 0.004289801781060069, 	PPG F1: 0.9981736200240615, 	Batch Avg-T: 0:00:00.314542
	[TRAIN] Epoch 27 Batch 600/650 Loss: 0.004245072426798869, 	PPG F1: 0.9981709394757964, 	Batch Avg-T: 0:00:00.314509
[TRAIN] Epoch 27 Loss: 0.004322240345097201,             	PPG F1: 0.9981477261019186
Time - 0:03:24.444343
[VAL] Epoch 27 Loss: 0.916775997250184
[VAL] 	PPG      F1: 0.6697
[VAL] 	PPG ROC AUC: 0.9467
[VAL] 	PPG PR  AUC: 0.8643
Epoch 27 finished. t = 0:03:41.729903


Epoch 28 training...
	[TRAIN] Epoch 28 Batch 0/650 Loss: 0.004345833323895931, 	PPG F1: 0.9990950226244344, 	Batch Avg-T: 0:00:00.359594
	[TRAIN] Epoch 28 Batch 100/650 Loss: 0.0024623102424919862, 	PPG F1: 0.9990399328433511, 	Batch Avg-T: 0:00:00.315255
	[TRAIN] Epoch 28 Batch 200/650 Loss: 0.002914083861967141, 	PPG F1: 0.9988007624522388, 	Batch Avg-T: 0:00:00.315115
	[TRAIN] Epoch 28 Batch 300/650 Loss: 0.0033067167472431553, 	PPG F1: 0.9986357155261227, 	Batch Avg-T: 0:00:00.315016
	[TRAIN] Epoch 28 Batch 400/650 Loss: 0.003738226229237843, 	PPG F1: 0.9984664816052593, 	Batch Avg-T: 0:00:00.314940
	[TRAIN] Epoch 28 Batch 500/650 Loss: 0.003972934193359855, 	PPG F1: 0.9983394096894155, 	Batch Avg-T: 0:00:00.314877
	[TRAIN] Epoch 28 Batch 600/650 Loss: 0.0041577254654258525, 	PPG F1: 0.9982749112313429, 	Batch Avg-T: 0:00:00.314844
[TRAIN] Epoch 28 Loss: 0.00437259453362248,             	PPG F1: 0.9981628897725833
Time - 0:03:24.589815
[VAL] Epoch 28 Loss: 1.0522277686047998
[VAL] 	PPG      F1: 0.6132
[VAL] 	PPG ROC AUC: 0.9491
[VAL] 	PPG PR  AUC: 0.8618
Epoch 28 finished. t = 0:03:41.838701


Epoch 29 training...
	[TRAIN] Epoch 29 Batch 0/650 Loss: 0.004347213543951511, 	PPG F1: 0.9990867579908677, 	Batch Avg-T: 0:00:00.355732
	[TRAIN] Epoch 29 Batch 100/650 Loss: 0.003489097444303703, 	PPG F1: 0.9985362023832446, 	Batch Avg-T: 0:00:00.315921
	[TRAIN] Epoch 29 Batch 200/650 Loss: 0.004554859125802516, 	PPG F1: 0.9981253259486725, 	Batch Avg-T: 0:00:00.315719
	[TRAIN] Epoch 29 Batch 300/650 Loss: 0.0042842985685849775, 	PPG F1: 0.9982251228217686, 	Batch Avg-T: 0:00:00.315354
	[TRAIN] Epoch 29 Batch 400/650 Loss: 0.004174562541758084, 	PPG F1: 0.9982815310882097, 	Batch Avg-T: 0:00:00.315166
	[TRAIN] Epoch 29 Batch 500/650 Loss: 0.00410154913173349, 	PPG F1: 0.9983005742867074, 	Batch Avg-T: 0:00:00.314961
	[TRAIN] Epoch 29 Batch 600/650 Loss: 0.00393981867988583, 	PPG F1: 0.9983712510681924, 	Batch Avg-T: 0:00:00.315168
[TRAIN] Epoch 29 Loss: 0.003933295498405082,             	PPG F1: 0.9983568946084828
Time - 0:03:24.745837
[VAL] Epoch 29 Loss: 0.6584787389637226
[VAL] 	PPG      F1: 0.74
[VAL] 	PPG ROC AUC: 0.9708
[VAL] 	PPG PR  AUC: 0.9084
Epoch 29 finished. t = 0:03:42.051343


