JOB START
Thu Apr  6 00:47:47 2023       
+-----------------------------------------------------------------------------+
| NVIDIA-SMI 470.74       Driver Version: 470.74       CUDA Version: 11.4     |
|-------------------------------+----------------------+----------------------+
| GPU  Name        Persistence-M| Bus-Id        Disp.A | Volatile Uncorr. ECC |
| Fan  Temp  Perf  Pwr:Usage/Cap|         Memory-Usage | GPU-Util  Compute M. |
|                               |                      |               MIG M. |
|===============================+======================+======================|
|   0  Tesla K80           Off  | 00000000:04:00.0 Off |                    0 |
| N/A   44C    P0    61W / 149W |      0MiB / 11441MiB |     98%      Default |
|                               |                      |                  N/A |
+-------------------------------+----------------------+----------------------+
                                                                               
+-----------------------------------------------------------------------------+
| Processes:                                                                  |
|  GPU   GI   CI        PID   Type   Process name                  GPU Memory |
|        ID   ID                                                   Usage      |
|=============================================================================|
|  No running processes found                                                 |
+-----------------------------------------------------------------------------+
BATCH_SIZE 1280
NUM_EPOCHS 30
device cuda
PPG_LR 0.0001
BD_PERC 0.01
BD_TARGET_CLASS 1
BD_DIFF 3
COMMENT diff3
MODEL_FOLDER res34_epoch_30_ppglr_0.0001_BDPERC_0.01_1_3_diff3
Creating datasets
dataset finished
dataset finished
Dataset finished
Epoch 0 training...
	[TRAIN] Epoch 0 Batch 0/650 Loss: 0.7338952422142029, 	PPG F1: 0.3088235294117647, 	Batch Avg-T: 0:00:00.451122
	[TRAIN] Epoch 0 Batch 100/650 Loss: 0.3895357888523895, 	PPG F1: 0.7346180825015752, 	Batch Avg-T: 0:00:00.298274
	[TRAIN] Epoch 0 Batch 200/650 Loss: 0.3073017371086339, 	PPG F1: 0.800379236865275, 	Batch Avg-T: 0:00:00.299780
	[TRAIN] Epoch 0 Batch 300/650 Loss: 0.26367313179660873, 	PPG F1: 0.8332580114784901, 	Batch Avg-T: 0:00:00.300909
	[TRAIN] Epoch 0 Batch 400/650 Loss: 0.23509921858138277, 	PPG F1: 0.853710720509643, 	Batch Avg-T: 0:00:00.301671
	[TRAIN] Epoch 0 Batch 500/650 Loss: 0.2138874179826763, 	PPG F1: 0.8685689074571106, 	Batch Avg-T: 0:00:00.301993
	[TRAIN] Epoch 0 Batch 600/650 Loss: 0.197615135678039, 	PPG F1: 0.8797955080602572, 	Batch Avg-T: 0:00:00.302244
[TRAIN] Epoch 0 Loss: 0.19064527547130217,             	PPG F1: 0.8845595947391293
Time - 0:03:16.524206
[VAL] Epoch 0 Loss: 0.4865429734923696
[VAL] 	PPG      F1: 0.3609
[VAL] 	PPG ROC AUC: 0.834
[VAL] 	PPG PR  AUC: 0.3973
Epoch 0 finished. t = 0:03:34.001432
Saving...


Epoch 1 training...
	[TRAIN] Epoch 1 Batch 0/650 Loss: 0.09411953389644623, 	PPG F1: 0.9504950495049503, 	Batch Avg-T: 0:00:00.363034
	[TRAIN] Epoch 1 Batch 100/650 Loss: 0.5465705869811597, 	PPG F1: 0.6061175585123663, 	Batch Avg-T: 0:00:00.313601
	[TRAIN] Epoch 1 Batch 200/650 Loss: 0.42304670499331914, 	PPG F1: 0.7116690520821675, 	Batch Avg-T: 0:00:00.313269
	[TRAIN] Epoch 1 Batch 300/650 Loss: 0.3612154018740321, 	PPG F1: 0.7614712504151765, 	Batch Avg-T: 0:00:00.313152
	[TRAIN] Epoch 1 Batch 400/650 Loss: 0.3218730831532704, 	PPG F1: 0.7922175909719679, 	Batch Avg-T: 0:00:00.312946
	[TRAIN] Epoch 1 Batch 500/650 Loss: 0.2947571068526266, 	PPG F1: 0.8128049987887447, 	Batch Avg-T: 0:00:00.313275
	[TRAIN] Epoch 1 Batch 600/650 Loss: 0.27444281127805914, 	PPG F1: 0.8279216702827227, 	Batch Avg-T: 0:00:00.313174
[TRAIN] Epoch 1 Loss: 0.2662834598697149,             	PPG F1: 0.8338506957448375
Time - 0:03:23.513434
[VAL] Epoch 1 Loss: 0.736197899620755
[VAL] 	PPG      F1: 0.2662
[VAL] 	PPG ROC AUC: 0.7516
[VAL] 	PPG PR  AUC: 0.3281
Epoch 1 finished. t = 0:03:40.630370


Epoch 2 training...
	[TRAIN] Epoch 2 Batch 0/650 Loss: 0.16918639838695526, 	PPG F1: 0.902127659574468, 	Batch Avg-T: 0:00:00.360201
	[TRAIN] Epoch 2 Batch 100/650 Loss: 0.15843131747281197, 	PPG F1: 0.9106933098583309, 	Batch Avg-T: 0:00:00.313602
	[TRAIN] Epoch 2 Batch 200/650 Loss: 0.15326331077671762, 	PPG F1: 0.9145779423560868, 	Batch Avg-T: 0:00:00.313407
	[TRAIN] Epoch 2 Batch 300/650 Loss: 0.1502317805028833, 	PPG F1: 0.9163717283745664, 	Batch Avg-T: 0:00:00.313567
	[TRAIN] Epoch 2 Batch 400/650 Loss: 0.14704928740375953, 	PPG F1: 0.9183973567123745, 	Batch Avg-T: 0:00:00.313411
	[TRAIN] Epoch 2 Batch 500/650 Loss: 0.14383949810813762, 	PPG F1: 0.9206876725550022, 	Batch Avg-T: 0:00:00.313367
	[TRAIN] Epoch 2 Batch 600/650 Loss: 0.14024542366307904, 	PPG F1: 0.9229497034034405, 	Batch Avg-T: 0:00:00.313453
[TRAIN] Epoch 2 Loss: 0.13846402460565935,             	PPG F1: 0.9240378973302861
Time - 0:03:23.645569
[VAL] Epoch 2 Loss: 0.7075372737201068
[VAL] 	PPG      F1: 0.3152
[VAL] 	PPG ROC AUC: 0.8014
[VAL] 	PPG PR  AUC: 0.4178
Epoch 2 finished. t = 0:03:40.806315


Epoch 3 training...
	[TRAIN] Epoch 3 Batch 0/650 Loss: 0.10112477838993073, 	PPG F1: 0.9467723669309173, 	Batch Avg-T: 0:00:00.372373
	[TRAIN] Epoch 3 Batch 100/650 Loss: 0.11469466571170504, 	PPG F1: 0.9386249105450826, 	Batch Avg-T: 0:00:00.315053
	[TRAIN] Epoch 3 Batch 200/650 Loss: 0.11122712433634706, 	PPG F1: 0.9403659421536531, 	Batch Avg-T: 0:00:00.313871
	[TRAIN] Epoch 3 Batch 300/650 Loss: 0.10974620817309598, 	PPG F1: 0.9409526860410381, 	Batch Avg-T: 0:00:00.313557
	[TRAIN] Epoch 3 Batch 400/650 Loss: 0.10886924788170027, 	PPG F1: 0.9414845511686152, 	Batch Avg-T: 0:00:00.313755
	[TRAIN] Epoch 3 Batch 500/650 Loss: 0.10693044493536273, 	PPG F1: 0.9425829026533102, 	Batch Avg-T: 0:00:00.313770
	[TRAIN] Epoch 3 Batch 600/650 Loss: 0.1056581429405736, 	PPG F1: 0.9432464263466604, 	Batch Avg-T: 0:00:00.313692
[TRAIN] Epoch 3 Loss: 0.10450834945990489,             	PPG F1: 0.9439813962362483
Time - 0:03:23.848028
[VAL] Epoch 3 Loss: 0.42073756954538943
[VAL] 	PPG      F1: 0.406
[VAL] 	PPG ROC AUC: 0.8382
[VAL] 	PPG PR  AUC: 0.4595
Epoch 3 finished. t = 0:03:40.970827
Saving...


Epoch 4 training...
	[TRAIN] Epoch 4 Batch 0/650 Loss: 0.09129764139652252, 	PPG F1: 0.9540106951871656, 	Batch Avg-T: 0:00:00.376054
	[TRAIN] Epoch 4 Batch 100/650 Loss: 0.08660180940486417, 	PPG F1: 0.9543492392225831, 	Batch Avg-T: 0:00:00.314628
	[TRAIN] Epoch 4 Batch 200/650 Loss: 0.08697769514734473, 	PPG F1: 0.9540362397542314, 	Batch Avg-T: 0:00:00.313812
	[TRAIN] Epoch 4 Batch 300/650 Loss: 0.08562462809077925, 	PPG F1: 0.9547194144775805, 	Batch Avg-T: 0:00:00.314230
	[TRAIN] Epoch 4 Batch 400/650 Loss: 0.08367571835766112, 	PPG F1: 0.9555757520700174, 	Batch Avg-T: 0:00:00.314561
	[TRAIN] Epoch 4 Batch 500/650 Loss: 0.08256512692201876, 	PPG F1: 0.9562451798034285, 	Batch Avg-T: 0:00:00.314450
	[TRAIN] Epoch 4 Batch 600/650 Loss: 0.08086973321492383, 	PPG F1: 0.9571956586546005, 	Batch Avg-T: 0:00:00.314516
[TRAIN] Epoch 4 Loss: 0.08013877705312693,             	PPG F1: 0.9576405020990856
Time - 0:03:24.371916
[VAL] Epoch 4 Loss: 0.6477428658860704
[VAL] 	PPG      F1: 0.3577
[VAL] 	PPG ROC AUC: 0.8063
[VAL] 	PPG PR  AUC: 0.4325
Epoch 4 finished. t = 0:03:41.517344


Epoch 5 training...
	[TRAIN] Epoch 5 Batch 0/650 Loss: 0.07345407456159592, 	PPG F1: 0.9584245076586434, 	Batch Avg-T: 0:00:00.363984
	[TRAIN] Epoch 5 Batch 100/650 Loss: 0.07093458729657796, 	PPG F1: 0.9623422530268106, 	Batch Avg-T: 0:00:00.313564
	[TRAIN] Epoch 5 Batch 200/650 Loss: 0.06704787561549476, 	PPG F1: 0.9643397940803318, 	Batch Avg-T: 0:00:00.313941
	[TRAIN] Epoch 5 Batch 300/650 Loss: 0.06733650826784067, 	PPG F1: 0.9643872581660825, 	Batch Avg-T: 0:00:00.313487
	[TRAIN] Epoch 5 Batch 400/650 Loss: 0.0660961516052856, 	PPG F1: 0.9650950605647145, 	Batch Avg-T: 0:00:00.313432
	[TRAIN] Epoch 5 Batch 500/650 Loss: 0.0643427445146138, 	PPG F1: 0.966127084661367, 	Batch Avg-T: 0:00:00.313446
	[TRAIN] Epoch 5 Batch 600/650 Loss: 0.0637599763564282, 	PPG F1: 0.966500495330356, 	Batch Avg-T: 0:00:00.313540
[TRAIN] Epoch 5 Loss: 0.06332623104636485,             	PPG F1: 0.9667396984130986
Time - 0:03:23.755144
[VAL] Epoch 5 Loss: 1.2102604079909542
[VAL] 	PPG      F1: 0.2974
[VAL] 	PPG ROC AUC: 0.8079
[VAL] 	PPG PR  AUC: 0.407
Epoch 5 finished. t = 0:03:40.872934


Epoch 6 training...
	[TRAIN] Epoch 6 Batch 0/650 Loss: 0.04317060858011246, 	PPG F1: 0.9814814814814815, 	Batch Avg-T: 0:00:00.365594
	[TRAIN] Epoch 6 Batch 100/650 Loss: 0.05666939545385909, 	PPG F1: 0.9701854136074662, 	Batch Avg-T: 0:00:00.313676
	[TRAIN] Epoch 6 Batch 200/650 Loss: 0.05379392705227605, 	PPG F1: 0.9722023740257388, 	Batch Avg-T: 0:00:00.313998
	[TRAIN] Epoch 6 Batch 300/650 Loss: 0.052987610488090406, 	PPG F1: 0.9724976802091585, 	Batch Avg-T: 0:00:00.314280
	[TRAIN] Epoch 6 Batch 400/650 Loss: 0.051618274728630544, 	PPG F1: 0.9732883929204529, 	Batch Avg-T: 0:00:00.313857
	[TRAIN] Epoch 6 Batch 500/650 Loss: 0.051288500134489254, 	PPG F1: 0.9733685019698745, 	Batch Avg-T: 0:00:00.313933
	[TRAIN] Epoch 6 Batch 600/650 Loss: 0.05057669567027921, 	PPG F1: 0.9737419288869738, 	Batch Avg-T: 0:00:00.313984
[TRAIN] Epoch 6 Loss: 0.049979667411400724,             	PPG F1: 0.9740892990512309
Time - 0:03:24.011832
[VAL] Epoch 6 Loss: 0.6697542662152179
[VAL] 	PPG      F1: 0.4298
[VAL] 	PPG ROC AUC: 0.7984
[VAL] 	PPG PR  AUC: 0.4899
Epoch 6 finished. t = 0:03:41.131701


Epoch 7 training...
	[TRAIN] Epoch 7 Batch 0/650 Loss: 0.035071078687906265, 	PPG F1: 0.9822616407982262, 	Batch Avg-T: 0:00:00.409048
	[TRAIN] Epoch 7 Batch 100/650 Loss: 0.03896916213233282, 	PPG F1: 0.9802353318992841, 	Batch Avg-T: 0:00:00.314257
	[TRAIN] Epoch 7 Batch 200/650 Loss: 0.03942018444302367, 	PPG F1: 0.9798285396102341, 	Batch Avg-T: 0:00:00.314734
	[TRAIN] Epoch 7 Batch 300/650 Loss: 0.04033043035043039, 	PPG F1: 0.9794362520887924, 	Batch Avg-T: 0:00:00.314533
	[TRAIN] Epoch 7 Batch 400/650 Loss: 0.040223732739315364, 	PPG F1: 0.9794444276555562, 	Batch Avg-T: 0:00:00.314515
	[TRAIN] Epoch 7 Batch 500/650 Loss: 0.04086775307407874, 	PPG F1: 0.9789885555487238, 	Batch Avg-T: 0:00:00.314315
	[TRAIN] Epoch 7 Batch 600/650 Loss: 0.04081687340187451, 	PPG F1: 0.9790240419091097, 	Batch Avg-T: 0:00:00.314143
[TRAIN] Epoch 7 Loss: 0.04056325574620412,             	PPG F1: 0.9792203850001141
Time - 0:03:24.290039
[VAL] Epoch 7 Loss: 0.9525644802113358
[VAL] 	PPG      F1: 0.3393
[VAL] 	PPG ROC AUC: 0.8138
[VAL] 	PPG PR  AUC: 0.5122
Epoch 7 finished. t = 0:03:41.486450


Epoch 8 training...
	[TRAIN] Epoch 8 Batch 0/650 Loss: 0.04306948557496071, 	PPG F1: 0.9778270509977827, 	Batch Avg-T: 0:00:00.365797
	[TRAIN] Epoch 8 Batch 100/650 Loss: 0.03151673207631205, 	PPG F1: 0.9841136916756161, 	Batch Avg-T: 0:00:00.314062
	[TRAIN] Epoch 8 Batch 200/650 Loss: 0.03348840996437701, 	PPG F1: 0.9830978769027101, 	Batch Avg-T: 0:00:00.313384
	[TRAIN] Epoch 8 Batch 300/650 Loss: 0.03360729631766726, 	PPG F1: 0.9829002345841418, 	Batch Avg-T: 0:00:00.313367
	[TRAIN] Epoch 8 Batch 400/650 Loss: 0.033943539294890336, 	PPG F1: 0.9826847698964166, 	Batch Avg-T: 0:00:00.313460
	[TRAIN] Epoch 8 Batch 500/650 Loss: 0.03362689844840123, 	PPG F1: 0.9829183389894331, 	Batch Avg-T: 0:00:00.313586
	[TRAIN] Epoch 8 Batch 600/650 Loss: 0.03304216006271752, 	PPG F1: 0.9832539325941988, 	Batch Avg-T: 0:00:00.313545
[TRAIN] Epoch 8 Loss: 0.033070400461841086,             	PPG F1: 0.9832403494757701
Time - 0:03:23.910530
[VAL] Epoch 8 Loss: 0.5434468408262094
[VAL] 	PPG      F1: 0.4755
[VAL] 	PPG ROC AUC: 0.8467
[VAL] 	PPG PR  AUC: 0.5365
Epoch 8 finished. t = 0:03:41.040915


Epoch 9 training...
	[TRAIN] Epoch 9 Batch 0/650 Loss: 0.024395789951086044, 	PPG F1: 0.9886714727085478, 	Batch Avg-T: 0:00:00.370753
	[TRAIN] Epoch 9 Batch 100/650 Loss: 0.026205651351425906, 	PPG F1: 0.986860780792237, 	Batch Avg-T: 0:00:00.314452
	[TRAIN] Epoch 9 Batch 200/650 Loss: 0.028333194289745678, 	PPG F1: 0.9857446094929962, 	Batch Avg-T: 0:00:00.314495
	[TRAIN] Epoch 9 Batch 300/650 Loss: 0.029431046964445977, 	PPG F1: 0.9851438853403952, 	Batch Avg-T: 0:00:00.314872
	[TRAIN] Epoch 9 Batch 400/650 Loss: 0.028525210310823453, 	PPG F1: 0.9856808415107727, 	Batch Avg-T: 0:00:00.314781
	[TRAIN] Epoch 9 Batch 500/650 Loss: 0.027795919018264063, 	PPG F1: 0.9860524945779447, 	Batch Avg-T: 0:00:00.314870
	[TRAIN] Epoch 9 Batch 600/650 Loss: 0.027378428561578873, 	PPG F1: 0.9862387105047726, 	Batch Avg-T: 0:00:00.314633
[TRAIN] Epoch 9 Loss: 0.027153769731521605,             	PPG F1: 0.9863345299922168
Time - 0:03:24.365930
[VAL] Epoch 9 Loss: 0.8426834577518252
[VAL] 	PPG      F1: 0.4033
[VAL] 	PPG ROC AUC: 0.8473
[VAL] 	PPG PR  AUC: 0.4963
Epoch 9 finished. t = 0:03:41.484180


Epoch 10 training...
	[TRAIN] Epoch 10 Batch 0/650 Loss: 0.019203415140509605, 	PPG F1: 0.9901853871319519, 	Batch Avg-T: 0:00:00.359227
	[TRAIN] Epoch 10 Batch 100/650 Loss: 0.0293922657792521, 	PPG F1: 0.9854056871404424, 	Batch Avg-T: 0:00:00.315927
	[TRAIN] Epoch 10 Batch 200/650 Loss: 0.026190946805314044, 	PPG F1: 0.9871130935258297, 	Batch Avg-T: 0:00:00.315488
	[TRAIN] Epoch 10 Batch 300/650 Loss: 0.02453286120160622, 	PPG F1: 0.9878741456714781, 	Batch Avg-T: 0:00:00.314992
	[TRAIN] Epoch 10 Batch 400/650 Loss: 0.025415906602484255, 	PPG F1: 0.9872892744585555, 	Batch Avg-T: 0:00:00.314436
	[TRAIN] Epoch 10 Batch 500/650 Loss: 0.024898707098002265, 	PPG F1: 0.9876014681434885, 	Batch Avg-T: 0:00:00.314629
	[TRAIN] Epoch 10 Batch 600/650 Loss: 0.024148295916300792, 	PPG F1: 0.9880248318213506, 	Batch Avg-T: 0:00:00.314515
[TRAIN] Epoch 10 Loss: 0.023925883423966857,             	PPG F1: 0.9881225214105567
Time - 0:03:24.297988
[VAL] Epoch 10 Loss: 1.035038758003256
[VAL] 	PPG      F1: 0.3544
[VAL] 	PPG ROC AUC: 0.8254
[VAL] 	PPG PR  AUC: 0.4871
Epoch 10 finished. t = 0:03:41.416965


Epoch 11 training...
	[TRAIN] Epoch 11 Batch 0/650 Loss: 0.024620775133371353, 	PPG F1: 0.9861259338313767, 	Batch Avg-T: 0:00:00.366562
	[TRAIN] Epoch 11 Batch 100/650 Loss: 0.02260201918606711, 	PPG F1: 0.9886371728732448, 	Batch Avg-T: 0:00:00.313814
	[TRAIN] Epoch 11 Batch 200/650 Loss: 0.020348137823762883, 	PPG F1: 0.9899064711473566, 	Batch Avg-T: 0:00:00.313884
	[TRAIN] Epoch 11 Batch 300/650 Loss: 0.020194818722115107, 	PPG F1: 0.9899538453382746, 	Batch Avg-T: 0:00:00.314055
	[TRAIN] Epoch 11 Batch 400/650 Loss: 0.02035372197381836, 	PPG F1: 0.9898131176872803, 	Batch Avg-T: 0:00:00.314198
	[TRAIN] Epoch 11 Batch 500/650 Loss: 0.01992629529506771, 	PPG F1: 0.9900506671956618, 	Batch Avg-T: 0:00:00.314056
	[TRAIN] Epoch 11 Batch 600/650 Loss: 0.0196240703039144, 	PPG F1: 0.9902164621221635, 	Batch Avg-T: 0:00:00.314092
[TRAIN] Epoch 11 Loss: 0.019441642449595606,             	PPG F1: 0.9903070533993785
Time - 0:03:24.023625
[VAL] Epoch 11 Loss: 0.8713698025333377
[VAL] 	PPG      F1: 0.4304
[VAL] 	PPG ROC AUC: 0.8534
[VAL] 	PPG PR  AUC: 0.5177
Epoch 11 finished. t = 0:03:41.212742


Epoch 12 training...
	[TRAIN] Epoch 12 Batch 0/650 Loss: 0.00842168927192688, 	PPG F1: 0.9969666329625885, 	Batch Avg-T: 0:00:00.371788
	[TRAIN] Epoch 12 Batch 100/650 Loss: 0.01681281441343155, 	PPG F1: 0.9916858608424624, 	Batch Avg-T: 0:00:00.313018
	[TRAIN] Epoch 12 Batch 200/650 Loss: 0.017863602685598442, 	PPG F1: 0.9911626423862293, 	Batch Avg-T: 0:00:00.313780
	[TRAIN] Epoch 12 Batch 300/650 Loss: 0.017313565769576253, 	PPG F1: 0.9914305997605626, 	Batch Avg-T: 0:00:00.313377
	[TRAIN] Epoch 12 Batch 400/650 Loss: 0.018021970503078657, 	PPG F1: 0.9911169097975828, 	Batch Avg-T: 0:00:00.313463
	[TRAIN] Epoch 12 Batch 500/650 Loss: 0.017634867531565315, 	PPG F1: 0.9912800221219116, 	Batch Avg-T: 0:00:00.313681
	[TRAIN] Epoch 12 Batch 600/650 Loss: 0.017457154243192736, 	PPG F1: 0.9913907528657396, 	Batch Avg-T: 0:00:00.313485
[TRAIN] Epoch 12 Loss: 0.01758093916739409,             	PPG F1: 0.9913233356295779
Time - 0:03:23.777072
[VAL] Epoch 12 Loss: 0.7286010200307602
[VAL] 	PPG      F1: 0.4331
[VAL] 	PPG ROC AUC: 0.8547
[VAL] 	PPG PR  AUC: 0.5479
Epoch 12 finished. t = 0:03:40.906170


Epoch 13 training...
	[TRAIN] Epoch 13 Batch 0/650 Loss: 0.008794252760708332, 	PPG F1: 0.9978540772532188, 	Batch Avg-T: 0:00:00.364410
	[TRAIN] Epoch 13 Batch 100/650 Loss: 0.01436381279444783, 	PPG F1: 0.9926986502927998, 	Batch Avg-T: 0:00:00.315103
	[TRAIN] Epoch 13 Batch 200/650 Loss: 0.014010218715767808, 	PPG F1: 0.9928684574538278, 	Batch Avg-T: 0:00:00.314245
	[TRAIN] Epoch 13 Batch 300/650 Loss: 0.013693323311708448, 	PPG F1: 0.9930987525279619, 	Batch Avg-T: 0:00:00.313844
	[TRAIN] Epoch 13 Batch 400/650 Loss: 0.013787417644123893, 	PPG F1: 0.9931222517360139, 	Batch Avg-T: 0:00:00.313845
	[TRAIN] Epoch 13 Batch 500/650 Loss: 0.01359391119470541, 	PPG F1: 0.9932014244160777, 	Batch Avg-T: 0:00:00.314011
	[TRAIN] Epoch 13 Batch 600/650 Loss: 0.013662207127082318, 	PPG F1: 0.9931892896460223, 	Batch Avg-T: 0:00:00.313927
[TRAIN] Epoch 13 Loss: 0.014053694891671721,             	PPG F1: 0.9930004924708957
Time - 0:03:23.961584
[VAL] Epoch 13 Loss: 0.5583174653706218
[VAL] 	PPG      F1: 0.5169
[VAL] 	PPG ROC AUC: 0.8263
[VAL] 	PPG PR  AUC: 0.5492
Epoch 13 finished. t = 0:03:41.089379


Epoch 14 training...
	[TRAIN] Epoch 14 Batch 0/650 Loss: 0.06262423098087311, 	PPG F1: 0.9648351648351648, 	Batch Avg-T: 0:00:00.360570
	[TRAIN] Epoch 14 Batch 100/650 Loss: 0.015908999209485873, 	PPG F1: 0.9921603354669704, 	Batch Avg-T: 0:00:00.313651
	[TRAIN] Epoch 14 Batch 200/650 Loss: 0.0138223073341008, 	PPG F1: 0.993205380965734, 	Batch Avg-T: 0:00:00.313085
	[TRAIN] Epoch 14 Batch 300/650 Loss: 0.012944540666397723, 	PPG F1: 0.9936544775331734, 	Batch Avg-T: 0:00:00.312870
	[TRAIN] Epoch 14 Batch 400/650 Loss: 0.01363693143675415, 	PPG F1: 0.9932010813872936, 	Batch Avg-T: 0:00:00.313112
	[TRAIN] Epoch 14 Batch 500/650 Loss: 0.013001179409040484, 	PPG F1: 0.9935235566452773, 	Batch Avg-T: 0:00:00.313146
	[TRAIN] Epoch 14 Batch 600/650 Loss: 0.012818597905653933, 	PPG F1: 0.9936358158028351, 	Batch Avg-T: 0:00:00.313196
[TRAIN] Epoch 14 Loss: 0.012828625396897013,             	PPG F1: 0.9936580399756102
Time - 0:03:23.507956
[VAL] Epoch 14 Loss: 1.1594700280828822
[VAL] 	PPG      F1: 0.3773
[VAL] 	PPG ROC AUC: 0.8357
[VAL] 	PPG PR  AUC: 0.5204
Epoch 14 finished. t = 0:03:40.627284


Epoch 15 training...
	[TRAIN] Epoch 15 Batch 0/650 Loss: 0.006998922675848007, 	PPG F1: 0.9970089730807578, 	Batch Avg-T: 0:00:00.371192
	[TRAIN] Epoch 15 Batch 100/650 Loss: 0.015047857671570365, 	PPG F1: 0.9924869284702821, 	Batch Avg-T: 0:00:00.314346
	[TRAIN] Epoch 15 Batch 200/650 Loss: 0.013042590241480748, 	PPG F1: 0.9934205063684667, 	Batch Avg-T: 0:00:00.313833
	[TRAIN] Epoch 15 Batch 300/650 Loss: 0.013080369157444352, 	PPG F1: 0.9935124599255406, 	Batch Avg-T: 0:00:00.314055
	[TRAIN] Epoch 15 Batch 400/650 Loss: 0.012378623435898519, 	PPG F1: 0.9939117828261719, 	Batch Avg-T: 0:00:00.313908
	[TRAIN] Epoch 15 Batch 500/650 Loss: 0.01204823687586175, 	PPG F1: 0.9940883503792678, 	Batch Avg-T: 0:00:00.313782
	[TRAIN] Epoch 15 Batch 600/650 Loss: 0.01180917766048246, 	PPG F1: 0.9941843954535513, 	Batch Avg-T: 0:00:00.313765
[TRAIN] Epoch 15 Loss: 0.01187714261808791,             	PPG F1: 0.9941498030582723
Time - 0:03:23.838202
[VAL] Epoch 15 Loss: 1.088081580030731
[VAL] 	PPG      F1: 0.3896
[VAL] 	PPG ROC AUC: 0.852
[VAL] 	PPG PR  AUC: 0.543
Epoch 15 finished. t = 0:03:40.960885


Epoch 16 training...
	[TRAIN] Epoch 16 Batch 0/650 Loss: 0.004098623525351286, 	PPG F1: 0.9989462592202318, 	Batch Avg-T: 0:00:00.407700
	[TRAIN] Epoch 16 Batch 100/650 Loss: 0.006422278685679678, 	PPG F1: 0.9966513891623654, 	Batch Avg-T: 0:00:00.314479
	[TRAIN] Epoch 16 Batch 200/650 Loss: 0.009731035279364914, 	PPG F1: 0.9951591730911608, 	Batch Avg-T: 0:00:00.314071
	[TRAIN] Epoch 16 Batch 300/650 Loss: 0.01036563558555038, 	PPG F1: 0.9947927598938876, 	Batch Avg-T: 0:00:00.314513
	[TRAIN] Epoch 16 Batch 400/650 Loss: 0.009843297097181665, 	PPG F1: 0.9951152103944438, 	Batch Avg-T: 0:00:00.314114
	[TRAIN] Epoch 16 Batch 500/650 Loss: 0.010000104235648781, 	PPG F1: 0.9950676553134791, 	Batch Avg-T: 0:00:00.313738
	[TRAIN] Epoch 16 Batch 600/650 Loss: 0.009740779779544611, 	PPG F1: 0.9952182971061603, 	Batch Avg-T: 0:00:00.313629
[TRAIN] Epoch 16 Loss: 0.010259041324830973,             	PPG F1: 0.9949791926283998
Time - 0:03:23.822895
[VAL] Epoch 16 Loss: 0.7893913046846748
[VAL] 	PPG      F1: 0.4034
[VAL] 	PPG ROC AUC: 0.8353
[VAL] 	PPG PR  AUC: 0.547
Epoch 16 finished. t = 0:03:40.973211


Epoch 17 training...
	[TRAIN] Epoch 17 Batch 0/650 Loss: 0.007011093199253082, 	PPG F1: 0.9977116704805492, 	Batch Avg-T: 0:00:00.363268
	[TRAIN] Epoch 17 Batch 100/650 Loss: 0.006525283790018299, 	PPG F1: 0.9969800131012043, 	Batch Avg-T: 0:00:00.313495
	[TRAIN] Epoch 17 Batch 200/650 Loss: 0.007292300404804708, 	PPG F1: 0.9964948574167415, 	Batch Avg-T: 0:00:00.313184
	[TRAIN] Epoch 17 Batch 300/650 Loss: 0.007808162443234626, 	PPG F1: 0.9962461768315269, 	Batch Avg-T: 0:00:00.313236
	[TRAIN] Epoch 17 Batch 400/650 Loss: 0.008072984675433199, 	PPG F1: 0.9961424006898049, 	Batch Avg-T: 0:00:00.313463
	[TRAIN] Epoch 17 Batch 500/650 Loss: 0.008708507426272698, 	PPG F1: 0.9957546566052199, 	Batch Avg-T: 0:00:00.313538
	[TRAIN] Epoch 17 Batch 600/650 Loss: 0.0091171630405621, 	PPG F1: 0.9955417639969599, 	Batch Avg-T: 0:00:00.313681
[TRAIN] Epoch 17 Loss: 0.009041499009248442,             	PPG F1: 0.9955487700321095
Time - 0:03:23.982418
[VAL] Epoch 17 Loss: 1.550768820077377
[VAL] 	PPG      F1: 0.3383
[VAL] 	PPG ROC AUC: 0.8108
[VAL] 	PPG PR  AUC: 0.4869
Epoch 17 finished. t = 0:03:41.101632


Epoch 18 training...
	[TRAIN] Epoch 18 Batch 0/650 Loss: 0.007416239939630032, 	PPG F1: 0.9968387776606955, 	Batch Avg-T: 0:00:00.365512
	[TRAIN] Epoch 18 Batch 100/650 Loss: 0.011275493746190008, 	PPG F1: 0.994293981475247, 	Batch Avg-T: 0:00:00.315764
	[TRAIN] Epoch 18 Batch 200/650 Loss: 0.009563245946675798, 	PPG F1: 0.9951844878987046, 	Batch Avg-T: 0:00:00.314338
	[TRAIN] Epoch 18 Batch 300/650 Loss: 0.008944082546490323, 	PPG F1: 0.995596615203707, 	Batch Avg-T: 0:00:00.313944
	[TRAIN] Epoch 18 Batch 400/650 Loss: 0.00911825493749166, 	PPG F1: 0.9955043044174465, 	Batch Avg-T: 0:00:00.313878
	[TRAIN] Epoch 18 Batch 500/650 Loss: 0.008875374179872537, 	PPG F1: 0.995621686827155, 	Batch Avg-T: 0:00:00.313936
	[TRAIN] Epoch 18 Batch 600/650 Loss: 0.009037572701853668, 	PPG F1: 0.9955712584896106, 	Batch Avg-T: 0:00:00.314139
[TRAIN] Epoch 18 Loss: 0.00914648547876053,             	PPG F1: 0.9955129205398411
Time - 0:03:24.080953
[VAL] Epoch 18 Loss: 1.3060789458424746
[VAL] 	PPG      F1: 0.3579
[VAL] 	PPG ROC AUC: 0.8394
[VAL] 	PPG PR  AUC: 0.4731
Epoch 18 finished. t = 0:03:41.203639


Epoch 19 training...
	[TRAIN] Epoch 19 Batch 0/650 Loss: 0.009013951756060123, 	PPG F1: 0.9957173447537474, 	Batch Avg-T: 0:00:00.366113
	[TRAIN] Epoch 19 Batch 100/650 Loss: 0.006936488821779811, 	PPG F1: 0.9967710977500563, 	Batch Avg-T: 0:00:00.314624
	[TRAIN] Epoch 19 Batch 200/650 Loss: 0.007034563988247951, 	PPG F1: 0.9965518778120885, 	Batch Avg-T: 0:00:00.313829
	[TRAIN] Epoch 19 Batch 300/650 Loss: 0.00716955364995831, 	PPG F1: 0.9963940467393575, 	Batch Avg-T: 0:00:00.314173
	[TRAIN] Epoch 19 Batch 400/650 Loss: 0.0074186379178787145, 	PPG F1: 0.9963222017899701, 	Batch Avg-T: 0:00:00.314272
	[TRAIN] Epoch 19 Batch 500/650 Loss: 0.007645593697489602, 	PPG F1: 0.9961517861423108, 	Batch Avg-T: 0:00:00.314061
	[TRAIN] Epoch 19 Batch 600/650 Loss: 0.008472770940436487, 	PPG F1: 0.9957460663772468, 	Batch Avg-T: 0:00:00.313977
[TRAIN] Epoch 19 Loss: 0.00828732916368888,             	PPG F1: 0.9958597692661264
Time - 0:03:23.944401
[VAL] Epoch 19 Loss: 1.047807950523537
[VAL] 	PPG      F1: 0.403
[VAL] 	PPG ROC AUC: 0.8306
[VAL] 	PPG PR  AUC: 0.5352
Epoch 19 finished. t = 0:03:41.074632


Epoch 20 training...
	[TRAIN] Epoch 20 Batch 0/650 Loss: 0.008248802274465561, 	PPG F1: 0.9988726042841037, 	Batch Avg-T: 0:00:00.365666
	[TRAIN] Epoch 20 Batch 100/650 Loss: 0.007062136348899417, 	PPG F1: 0.9968085555996355, 	Batch Avg-T: 0:00:00.314112
	[TRAIN] Epoch 20 Batch 200/650 Loss: 0.006593095623732855, 	PPG F1: 0.9969532483663598, 	Batch Avg-T: 0:00:00.314717
	[TRAIN] Epoch 20 Batch 300/650 Loss: 0.006586606248221561, 	PPG F1: 0.9968489035655322, 	Batch Avg-T: 0:00:00.314074
	[TRAIN] Epoch 20 Batch 400/650 Loss: 0.007046849348557941, 	PPG F1: 0.9965722625520239, 	Batch Avg-T: 0:00:00.313935
	[TRAIN] Epoch 20 Batch 500/650 Loss: 0.006984442287378437, 	PPG F1: 0.9965942202112982, 	Batch Avg-T: 0:00:00.313725
	[TRAIN] Epoch 20 Batch 600/650 Loss: 0.007446140168368748, 	PPG F1: 0.9963683862438603, 	Batch Avg-T: 0:00:00.313665
[TRAIN] Epoch 20 Loss: 0.0072773798088578935,             	PPG F1: 0.9964611825317425
Time - 0:03:23.789661
[VAL] Epoch 20 Loss: 0.9280256326937789
[VAL] 	PPG      F1: 0.4454
[VAL] 	PPG ROC AUC: 0.8727
[VAL] 	PPG PR  AUC: 0.561
Epoch 20 finished. t = 0:03:41.012062


Epoch 21 training...
	[TRAIN] Epoch 21 Batch 0/650 Loss: 0.005204282235354185, 	PPG F1: 0.9989484752891693, 	Batch Avg-T: 0:00:00.381772
	[TRAIN] Epoch 21 Batch 100/650 Loss: 0.007339841351351046, 	PPG F1: 0.9965270270033149, 	Batch Avg-T: 0:00:00.312797
	[TRAIN] Epoch 21 Batch 200/650 Loss: 0.009730642030434914, 	PPG F1: 0.9954642970458714, 	Batch Avg-T: 0:00:00.313009
	[TRAIN] Epoch 21 Batch 300/650 Loss: 0.00869700405843389, 	PPG F1: 0.9958792050144261, 	Batch Avg-T: 0:00:00.313109
	[TRAIN] Epoch 21 Batch 400/650 Loss: 0.00849250588578258, 	PPG F1: 0.9959370983151653, 	Batch Avg-T: 0:00:00.313145
	[TRAIN] Epoch 21 Batch 500/650 Loss: 0.007815125613973408, 	PPG F1: 0.996247115543379, 	Batch Avg-T: 0:00:00.313437
	[TRAIN] Epoch 21 Batch 600/650 Loss: 0.007485239188335588, 	PPG F1: 0.9964227760934448, 	Batch Avg-T: 0:00:00.313455
[TRAIN] Epoch 21 Loss: 0.007482436354307888,             	PPG F1: 0.9964089296360186
Time - 0:03:23.857038
[VAL] Epoch 21 Loss: 1.2354537465408617
[VAL] 	PPG      F1: 0.3867
[VAL] 	PPG ROC AUC: 0.8573
[VAL] 	PPG PR  AUC: 0.53
Epoch 21 finished. t = 0:03:40.980523


Epoch 22 training...
	[TRAIN] Epoch 22 Batch 0/650 Loss: 0.0047701625153422356, 	PPG F1: 0.9969666329625885, 	Batch Avg-T: 0:00:00.359760
	[TRAIN] Epoch 22 Batch 100/650 Loss: 0.0069320055858997425, 	PPG F1: 0.9967627916419486, 	Batch Avg-T: 0:00:00.313860
	[TRAIN] Epoch 22 Batch 200/650 Loss: 0.006929245611203287, 	PPG F1: 0.9965807787547336, 	Batch Avg-T: 0:00:00.313736
	[TRAIN] Epoch 22 Batch 300/650 Loss: 0.006977176427937103, 	PPG F1: 0.9966118961477628, 	Batch Avg-T: 0:00:00.313639
	[TRAIN] Epoch 22 Batch 400/650 Loss: 0.006464508921401505, 	PPG F1: 0.9968752984297623, 	Batch Avg-T: 0:00:00.313578
	[TRAIN] Epoch 22 Batch 500/650 Loss: 0.006683552988568793, 	PPG F1: 0.9967479475257012, 	Batch Avg-T: 0:00:00.313632
	[TRAIN] Epoch 22 Batch 600/650 Loss: 0.006670886131364561, 	PPG F1: 0.9967332186449269, 	Batch Avg-T: 0:00:00.313672
[TRAIN] Epoch 22 Loss: 0.006837703045636702,             	PPG F1: 0.9966577730968026
Time - 0:03:23.883575
[VAL] Epoch 22 Loss: 0.7904488649783313
[VAL] 	PPG      F1: 0.4706
[VAL] 	PPG ROC AUC: 0.8437
[VAL] 	PPG PR  AUC: 0.574
Epoch 22 finished. t = 0:03:40.991544


Epoch 23 training...
	[TRAIN] Epoch 23 Batch 0/650 Loss: 0.0038293995894491673, 	PPG F1: 0.9988649262202043, 	Batch Avg-T: 0:00:00.365031
	[TRAIN] Epoch 23 Batch 100/650 Loss: 0.005133906776998377, 	PPG F1: 0.9975291624578055, 	Batch Avg-T: 0:00:00.316501
	[TRAIN] Epoch 23 Batch 200/650 Loss: 0.005050154250817123, 	PPG F1: 0.9975718834985644, 	Batch Avg-T: 0:00:00.314548
	[TRAIN] Epoch 23 Batch 300/650 Loss: 0.00609719990969224, 	PPG F1: 0.9971051711815818, 	Batch Avg-T: 0:00:00.313992
	[TRAIN] Epoch 23 Batch 400/650 Loss: 0.006174728127737574, 	PPG F1: 0.9969984980960968, 	Batch Avg-T: 0:00:00.313861
	[TRAIN] Epoch 23 Batch 500/650 Loss: 0.006224536372742759, 	PPG F1: 0.9969726894426042, 	Batch Avg-T: 0:00:00.313650
	[TRAIN] Epoch 23 Batch 600/650 Loss: 0.0060105141204918975, 	PPG F1: 0.9970954911978412, 	Batch Avg-T: 0:00:00.313665
[TRAIN] Epoch 23 Loss: 0.005908587056597193,             	PPG F1: 0.9971407216091052
Time - 0:03:23.785047
[VAL] Epoch 23 Loss: 1.443416795950905
[VAL] 	PPG      F1: 0.3862
[VAL] 	PPG ROC AUC: 0.8678
[VAL] 	PPG PR  AUC: 0.5582
Epoch 23 finished. t = 0:03:40.909319


Epoch 24 training...
	[TRAIN] Epoch 24 Batch 0/650 Loss: 0.0021432058420032263, 	PPG F1: 0.9989484752891693, 	Batch Avg-T: 0:00:00.370919
	[TRAIN] Epoch 24 Batch 100/650 Loss: 0.005024581549096723, 	PPG F1: 0.9975175771722211, 	Batch Avg-T: 0:00:00.314869
	[TRAIN] Epoch 24 Batch 200/650 Loss: 0.005153192978541121, 	PPG F1: 0.9974633407144836, 	Batch Avg-T: 0:00:00.314266
	[TRAIN] Epoch 24 Batch 300/650 Loss: 0.0056098869314650844, 	PPG F1: 0.9972362260794786, 	Batch Avg-T: 0:00:00.314063
	[TRAIN] Epoch 24 Batch 400/650 Loss: 0.005416353927658722, 	PPG F1: 0.9973157325680183, 	Batch Avg-T: 0:00:00.313885
	[TRAIN] Epoch 24 Batch 500/650 Loss: 0.005774129432881206, 	PPG F1: 0.9971752153753938, 	Batch Avg-T: 0:00:00.313962
	[TRAIN] Epoch 24 Batch 600/650 Loss: 0.00565224175008065, 	PPG F1: 0.9972301837128322, 	Batch Avg-T: 0:00:00.314096
[TRAIN] Epoch 24 Loss: 0.005599854050042968,             	PPG F1: 0.9972578900135844
Time - 0:03:24.056923
[VAL] Epoch 24 Loss: 1.4435909750532698
[VAL] 	PPG      F1: 0.3805
[VAL] 	PPG ROC AUC: 0.8225
[VAL] 	PPG PR  AUC: 0.5182
Epoch 24 finished. t = 0:03:41.202753


Epoch 25 training...
	[TRAIN] Epoch 25 Batch 0/650 Loss: 0.005859361961483955, 	PPG F1: 0.9978902953586498, 	Batch Avg-T: 0:00:00.406147
	[TRAIN] Epoch 25 Batch 100/650 Loss: 0.006170721692932161, 	PPG F1: 0.9971400706788919, 	Batch Avg-T: 0:00:00.313996
	[TRAIN] Epoch 25 Batch 200/650 Loss: 0.005717197839988497, 	PPG F1: 0.9972332580903078, 	Batch Avg-T: 0:00:00.314189
	[TRAIN] Epoch 25 Batch 300/650 Loss: 0.006106007903577617, 	PPG F1: 0.9970084271024993, 	Batch Avg-T: 0:00:00.314288
	[TRAIN] Epoch 25 Batch 400/650 Loss: 0.006180820334876918, 	PPG F1: 0.9970175036217095, 	Batch Avg-T: 0:00:00.313845
	[TRAIN] Epoch 25 Batch 500/650 Loss: 0.006271297886582861, 	PPG F1: 0.9969512234545422, 	Batch Avg-T: 0:00:00.313668
	[TRAIN] Epoch 25 Batch 600/650 Loss: 0.006074567393596577, 	PPG F1: 0.9970432463778035, 	Batch Avg-T: 0:00:00.313690
[TRAIN] Epoch 25 Loss: 0.005947143784097325,             	PPG F1: 0.9971135028273593
Time - 0:03:23.895626
[VAL] Epoch 25 Loss: 1.385834732923597
[VAL] 	PPG      F1: 0.3847
[VAL] 	PPG ROC AUC: 0.8207
[VAL] 	PPG PR  AUC: 0.5171
Epoch 25 finished. t = 0:03:41.016724


Epoch 26 training...
	[TRAIN] Epoch 26 Batch 0/650 Loss: 0.002845215145498514, 	PPG F1: 0.9989929506545822, 	Batch Avg-T: 0:00:00.359933
	[TRAIN] Epoch 26 Batch 100/650 Loss: 0.007829844586823209, 	PPG F1: 0.9960857359909451, 	Batch Avg-T: 0:00:00.314320
	[TRAIN] Epoch 26 Batch 200/650 Loss: 0.005553632973755863, 	PPG F1: 0.9973246873951315, 	Batch Avg-T: 0:00:00.313951
	[TRAIN] Epoch 26 Batch 300/650 Loss: 0.005735425054996067, 	PPG F1: 0.9972123013935525, 	Batch Avg-T: 0:00:00.314767
	[TRAIN] Epoch 26 Batch 400/650 Loss: 0.005638869675549858, 	PPG F1: 0.9972533753182757, 	Batch Avg-T: 0:00:00.314425
	[TRAIN] Epoch 26 Batch 500/650 Loss: 0.005384126122406091, 	PPG F1: 0.9973863407821087, 	Batch Avg-T: 0:00:00.314212
	[TRAIN] Epoch 26 Batch 600/650 Loss: 0.005312731960043001, 	PPG F1: 0.9974457707543448, 	Batch Avg-T: 0:00:00.314034
[TRAIN] Epoch 26 Loss: 0.005402621255623391,             	PPG F1: 0.9974172893922731
Time - 0:03:24.067304
[VAL] Epoch 26 Loss: 0.7123298432387727
[VAL] 	PPG      F1: 0.4899
[VAL] 	PPG ROC AUC: 0.8639
[VAL] 	PPG PR  AUC: 0.5882
Epoch 26 finished. t = 0:03:41.195220


Epoch 27 training...
	[TRAIN] Epoch 27 Batch 0/650 Loss: 0.004104909487068653, 	PPG F1: 0.9966329966329966, 	Batch Avg-T: 0:00:00.371530
	[TRAIN] Epoch 27 Batch 100/650 Loss: 0.004581701738637697, 	PPG F1: 0.9979303747997113, 	Batch Avg-T: 0:00:00.313740
	[TRAIN] Epoch 27 Batch 200/650 Loss: 0.00468340490128618, 	PPG F1: 0.99782058503285, 	Batch Avg-T: 0:00:00.314509
	[TRAIN] Epoch 27 Batch 300/650 Loss: 0.005185704885117951, 	PPG F1: 0.9975534148262528, 	Batch Avg-T: 0:00:00.314381
	[TRAIN] Epoch 27 Batch 400/650 Loss: 0.004957347638348229, 	PPG F1: 0.9976442999183495, 	Batch Avg-T: 0:00:00.314226
	[TRAIN] Epoch 27 Batch 500/650 Loss: 0.005162213089517568, 	PPG F1: 0.9975010771258195, 	Batch Avg-T: 0:00:00.314068
	[TRAIN] Epoch 27 Batch 600/650 Loss: 0.005307341720329709, 	PPG F1: 0.9974425235776483, 	Batch Avg-T: 0:00:00.313909
[TRAIN] Epoch 27 Loss: 0.005305144447036302,             	PPG F1: 0.9974404262410542
Time - 0:03:23.961946
[VAL] Epoch 27 Loss: 1.5894436227710635
[VAL] 	PPG      F1: 0.3555
[VAL] 	PPG ROC AUC: 0.8377
[VAL] 	PPG PR  AUC: 0.5075
Epoch 27 finished. t = 0:03:41.089385


Epoch 28 training...
	[TRAIN] Epoch 28 Batch 0/650 Loss: 0.005650350823998451, 	PPG F1: 0.9968911917098445, 	Batch Avg-T: 0:00:00.365480
	[TRAIN] Epoch 28 Batch 100/650 Loss: 0.004324572375228647, 	PPG F1: 0.9979479035260239, 	Batch Avg-T: 0:00:00.314774
	[TRAIN] Epoch 28 Batch 200/650 Loss: 0.00482131947012646, 	PPG F1: 0.9976257604790578, 	Batch Avg-T: 0:00:00.313912
	[TRAIN] Epoch 28 Batch 300/650 Loss: 0.004926259977320686, 	PPG F1: 0.9975959702442072, 	Batch Avg-T: 0:00:00.314804
	[TRAIN] Epoch 28 Batch 400/650 Loss: 0.005295009694980722, 	PPG F1: 0.9974167058802196, 	Batch Avg-T: 0:00:00.314361
	[TRAIN] Epoch 28 Batch 500/650 Loss: 0.004977573393349128, 	PPG F1: 0.9975920232023086, 	Batch Avg-T: 0:00:00.314144
	[TRAIN] Epoch 28 Batch 600/650 Loss: 0.005047394650094924, 	PPG F1: 0.9975954741342465, 	Batch Avg-T: 0:00:00.314188
[TRAIN] Epoch 28 Loss: 0.005133776964637665,             	PPG F1: 0.9975629003444988
Time - 0:03:24.113367
[VAL] Epoch 28 Loss: 1.1370625489243134
[VAL] 	PPG      F1: 0.3762
[VAL] 	PPG ROC AUC: 0.8479
[VAL] 	PPG PR  AUC: 0.5431
Epoch 28 finished. t = 0:03:41.254003


Epoch 29 training...
	[TRAIN] Epoch 29 Batch 0/650 Loss: 0.004287583753466606, 	PPG F1: 0.9978632478632478, 	Batch Avg-T: 0:00:00.364337
	[TRAIN] Epoch 29 Batch 100/650 Loss: 0.0029606511116161537, 	PPG F1: 0.9985958814295273, 	Batch Avg-T: 0:00:00.315478
	[TRAIN] Epoch 29 Batch 200/650 Loss: 0.0054649913582756225, 	PPG F1: 0.9975429763959331, 	Batch Avg-T: 0:00:00.314722
	[TRAIN] Epoch 29 Batch 300/650 Loss: 0.004826374893541606, 	PPG F1: 0.9978266955607275, 	Batch Avg-T: 0:00:00.314766
	[TRAIN] Epoch 29 Batch 400/650 Loss: 0.004475617768144829, 	PPG F1: 0.9979756649376529, 	Batch Avg-T: 0:00:00.314388
	[TRAIN] Epoch 29 Batch 500/650 Loss: 0.004359016529488435, 	PPG F1: 0.9980021514266854, 	Batch Avg-T: 0:00:00.314470
	[TRAIN] Epoch 29 Batch 600/650 Loss: 0.004561714190393516, 	PPG F1: 0.99787067761273, 	Batch Avg-T: 0:00:00.314250
[TRAIN] Epoch 29 Loss: 0.004547859831005693,             	PPG F1: 0.9978724124703356
Time - 0:03:24.187111
[VAL] Epoch 29 Loss: 1.37685230816358
[VAL] 	PPG      F1: 0.3903
[VAL] 	PPG ROC AUC: 0.8745
[VAL] 	PPG PR  AUC: 0.5465
Epoch 29 finished. t = 0:03:41.390501


