JOB START
Thu Apr  6 00:46:18 2023       
+-----------------------------------------------------------------------------+
| NVIDIA-SMI 470.74       Driver Version: 470.74       CUDA Version: 11.4     |
|-------------------------------+----------------------+----------------------+
| GPU  Name        Persistence-M| Bus-Id        Disp.A | Volatile Uncorr. ECC |
| Fan  Temp  Perf  Pwr:Usage/Cap|         Memory-Usage | GPU-Util  Compute M. |
|                               |                      |               MIG M. |
|===============================+======================+======================|
|   0  Tesla K80           Off  | 00000000:05:00.0 Off |                    0 |
| N/A   28C    P0    75W / 149W |      0MiB / 11441MiB |    100%      Default |
|                               |                      |                  N/A |
+-------------------------------+----------------------+----------------------+
                                                                               
+-----------------------------------------------------------------------------+
| Processes:                                                                  |
|  GPU   GI   CI        PID   Type   Process name                  GPU Memory |
|        ID   ID                                                   Usage      |
|=============================================================================|
|  No running processes found                                                 |
+-----------------------------------------------------------------------------+
BATCH_SIZE 1280
NUM_EPOCHS 30
device cuda
PPG_LR 0.0001
BD_PERC 0.1
BD_TARGET_CLASS 1
BD_DIFF 3
COMMENT diff3
MODEL_FOLDER res34_epoch_30_ppglr_0.0001_BDPERC_0.1_1_3_diff3
Creating datasets
dataset finished
dataset finished
Dataset finished
Epoch 0 training...
	[TRAIN] Epoch 0 Batch 0/650 Loss: 0.7407375574111938, 	PPG F1: 0.3217477656405164, 	Batch Avg-T: 0:00:00.466785
	[TRAIN] Epoch 0 Batch 100/650 Loss: 0.418519924772848, 	PPG F1: 0.7564241843109043, 	Batch Avg-T: 0:00:00.311357
	[TRAIN] Epoch 0 Batch 200/650 Loss: 0.33766369165769267, 	PPG F1: 0.8110006185235654, 	Batch Avg-T: 0:00:00.312890
	[TRAIN] Epoch 0 Batch 300/650 Loss: 0.2900250796166765, 	PPG F1: 0.8412418705510422, 	Batch Avg-T: 0:00:00.313988
	[TRAIN] Epoch 0 Batch 400/650 Loss: 0.2571893472995544, 	PPG F1: 0.8613123801438026, 	Batch Avg-T: 0:00:00.314645
	[TRAIN] Epoch 0 Batch 500/650 Loss: 0.2325861927367256, 	PPG F1: 0.8757575322289359, 	Batch Avg-T: 0:00:00.315199
	[TRAIN] Epoch 0 Batch 600/650 Loss: 0.21337035511575403, 	PPG F1: 0.887078036198691, 	Batch Avg-T: 0:00:00.315591
[TRAIN] Epoch 0 Loss: 0.20547222578754792,             	PPG F1: 0.8916590124103333
Time - 0:03:25.123830
[VAL] Epoch 0 Loss: 0.3599317220567832
[VAL] 	PPG      F1: 0.6746
[VAL] 	PPG ROC AUC: 0.9268
[VAL] 	PPG PR  AUC: 0.826
Epoch 0 finished. t = 0:03:43.385299
Saving...


Epoch 1 training...
	[TRAIN] Epoch 1 Batch 0/650 Loss: 0.1398981660604477, 	PPG F1: 0.9242569511025887, 	Batch Avg-T: 0:00:00.435917
	[TRAIN] Epoch 1 Batch 100/650 Loss: 0.492817957064893, 	PPG F1: 0.7160141049958282, 	Batch Avg-T: 0:00:00.332055
	[TRAIN] Epoch 1 Batch 200/650 Loss: 0.37705724660436907, 	PPG F1: 0.7911244691752283, 	Batch Avg-T: 0:00:00.332122
	[TRAIN] Epoch 1 Batch 300/650 Loss: 0.3208727352939967, 	PPG F1: 0.8262746590659101, 	Batch Avg-T: 0:00:00.331977
	[TRAIN] Epoch 1 Batch 400/650 Loss: 0.28492033028245867, 	PPG F1: 0.8484771030603334, 	Batch Avg-T: 0:00:00.331961
	[TRAIN] Epoch 1 Batch 500/650 Loss: 0.2622820934849585, 	PPG F1: 0.8624364337257617, 	Batch Avg-T: 0:00:00.331812
	[TRAIN] Epoch 1 Batch 600/650 Loss: 0.2431738123471249, 	PPG F1: 0.8736019171013414, 	Batch Avg-T: 0:00:00.331915
[TRAIN] Epoch 1 Loss: 0.23568056699175102,             	PPG F1: 0.8780468104317207
Time - 0:03:35.801558
[VAL] Epoch 1 Loss: 0.7284638214443854
[VAL] 	PPG      F1: 0.4997
[VAL] 	PPG ROC AUC: 0.8892
[VAL] 	PPG PR  AUC: 0.7496
Epoch 1 finished. t = 0:03:54.178265


Epoch 2 training...
	[TRAIN] Epoch 2 Batch 0/650 Loss: 0.1436079889535904, 	PPG F1: 0.9360146252285192, 	Batch Avg-T: 0:00:00.367208
	[TRAIN] Epoch 2 Batch 100/650 Loss: 0.13558898534220043, 	PPG F1: 0.9356569028491794, 	Batch Avg-T: 0:00:00.331798
	[TRAIN] Epoch 2 Batch 200/650 Loss: 0.12969203293323517, 	PPG F1: 0.9386546615501837, 	Batch Avg-T: 0:00:00.331942
	[TRAIN] Epoch 2 Batch 300/650 Loss: 0.1253892438504783, 	PPG F1: 0.9407745176550945, 	Batch Avg-T: 0:00:00.332193
	[TRAIN] Epoch 2 Batch 400/650 Loss: 0.12307205883567768, 	PPG F1: 0.9418938809020886, 	Batch Avg-T: 0:00:00.332193
	[TRAIN] Epoch 2 Batch 500/650 Loss: 0.11901443349030204, 	PPG F1: 0.9438974566696696, 	Batch Avg-T: 0:00:00.332232
	[TRAIN] Epoch 2 Batch 600/650 Loss: 0.11611680335639518, 	PPG F1: 0.9454159808187047, 	Batch Avg-T: 0:00:00.332196
[TRAIN] Epoch 2 Loss: 0.11483319498025454,             	PPG F1: 0.9460179775345532
Time - 0:03:35.875774
[VAL] Epoch 2 Loss: 0.5720575145553585
[VAL] 	PPG      F1: 0.581
[VAL] 	PPG ROC AUC: 0.8902
[VAL] 	PPG PR  AUC: 0.7657
Epoch 2 finished. t = 0:03:54.112757


Epoch 3 training...
	[TRAIN] Epoch 3 Batch 0/650 Loss: 0.09463048726320267, 	PPG F1: 0.9545454545454546, 	Batch Avg-T: 0:00:00.368549
	[TRAIN] Epoch 3 Batch 100/650 Loss: 0.09242899332306173, 	PPG F1: 0.9564727865648059, 	Batch Avg-T: 0:00:00.332191
	[TRAIN] Epoch 3 Batch 200/650 Loss: 0.08917149052542833, 	PPG F1: 0.9580268634717289, 	Batch Avg-T: 0:00:00.332032
	[TRAIN] Epoch 3 Batch 300/650 Loss: 0.08825211975711128, 	PPG F1: 0.9586051378413154, 	Batch Avg-T: 0:00:00.332128
	[TRAIN] Epoch 3 Batch 400/650 Loss: 0.08719871315798557, 	PPG F1: 0.9591598676754289, 	Batch Avg-T: 0:00:00.332169
	[TRAIN] Epoch 3 Batch 500/650 Loss: 0.08523726792719788, 	PPG F1: 0.9602732147746245, 	Batch Avg-T: 0:00:00.332217
	[TRAIN] Epoch 3 Batch 600/650 Loss: 0.08402123476398765, 	PPG F1: 0.9608351436725279, 	Batch Avg-T: 0:00:00.332268
[TRAIN] Epoch 3 Loss: 0.08340129467730338,             	PPG F1: 0.9611341470860432
Time - 0:03:35.905606
[VAL] Epoch 3 Loss: 0.43400281944098074
[VAL] 	PPG      F1: 0.6694
[VAL] 	PPG ROC AUC: 0.9416
[VAL] 	PPG PR  AUC: 0.8275
Epoch 3 finished. t = 0:03:54.338041


Epoch 4 training...
	[TRAIN] Epoch 4 Batch 0/650 Loss: 0.06641159951686859, 	PPG F1: 0.9731663685152058, 	Batch Avg-T: 0:00:00.386387
	[TRAIN] Epoch 4 Batch 100/650 Loss: 0.07121318836908529, 	PPG F1: 0.9671938752857847, 	Batch Avg-T: 0:00:00.332975
	[TRAIN] Epoch 4 Batch 200/650 Loss: 0.06891132854110565, 	PPG F1: 0.9682942602116285, 	Batch Avg-T: 0:00:00.333185
	[TRAIN] Epoch 4 Batch 300/650 Loss: 0.06763567060133152, 	PPG F1: 0.9688181052303694, 	Batch Avg-T: 0:00:00.332717
	[TRAIN] Epoch 4 Batch 400/650 Loss: 0.06658955081888565, 	PPG F1: 0.9693623657015945, 	Batch Avg-T: 0:00:00.332699
	[TRAIN] Epoch 4 Batch 500/650 Loss: 0.06556773819995973, 	PPG F1: 0.9699763621143411, 	Batch Avg-T: 0:00:00.332676
	[TRAIN] Epoch 4 Batch 600/650 Loss: 0.06479228801789776, 	PPG F1: 0.9702443467156662, 	Batch Avg-T: 0:00:00.332670
[TRAIN] Epoch 4 Loss: 0.0643160687558926,             	PPG F1: 0.9704520438327633
Time - 0:03:36.127013
[VAL] Epoch 4 Loss: 0.9125976491105765
[VAL] 	PPG      F1: 0.5534
[VAL] 	PPG ROC AUC: 0.9143
[VAL] 	PPG PR  AUC: 0.7668
Epoch 4 finished. t = 0:03:54.413681


Epoch 5 training...
	[TRAIN] Epoch 5 Batch 0/650 Loss: 0.03573382645845413, 	PPG F1: 0.9841565703634668, 	Batch Avg-T: 0:00:00.378075
	[TRAIN] Epoch 5 Batch 100/650 Loss: 0.05638393234129589, 	PPG F1: 0.9737557315134042, 	Batch Avg-T: 0:00:00.333065
	[TRAIN] Epoch 5 Batch 200/650 Loss: 0.05380188756209998, 	PPG F1: 0.975339934634183, 	Batch Avg-T: 0:00:00.332591
	[TRAIN] Epoch 5 Batch 300/650 Loss: 0.054946844382490034, 	PPG F1: 0.974987056730146, 	Batch Avg-T: 0:00:00.332523
	[TRAIN] Epoch 5 Batch 400/650 Loss: 0.05355940718770473, 	PPG F1: 0.9755656680675736, 	Batch Avg-T: 0:00:00.332436
	[TRAIN] Epoch 5 Batch 500/650 Loss: 0.052919407384451514, 	PPG F1: 0.9758797926301239, 	Batch Avg-T: 0:00:00.332401
	[TRAIN] Epoch 5 Batch 600/650 Loss: 0.05267416486228365, 	PPG F1: 0.9759944776026002, 	Batch Avg-T: 0:00:00.332530
[TRAIN] Epoch 5 Loss: 0.05232028131874708,             	PPG F1: 0.976167542295268
Time - 0:03:36.057570
[VAL] Epoch 5 Loss: 0.6300498489642066
[VAL] 	PPG      F1: 0.6378
[VAL] 	PPG ROC AUC: 0.9444
[VAL] 	PPG PR  AUC: 0.832
Epoch 5 finished. t = 0:03:54.457316


Epoch 6 training...
	[TRAIN] Epoch 6 Batch 0/650 Loss: 0.042430274188518524, 	PPG F1: 0.9800362976406534, 	Batch Avg-T: 0:00:00.370873
	[TRAIN] Epoch 6 Batch 100/650 Loss: 0.04180202907928736, 	PPG F1: 0.9809796945693431, 	Batch Avg-T: 0:00:00.332564
	[TRAIN] Epoch 6 Batch 200/650 Loss: 0.04285608008689252, 	PPG F1: 0.9806424129693463, 	Batch Avg-T: 0:00:00.332673
	[TRAIN] Epoch 6 Batch 300/650 Loss: 0.042654117142342254, 	PPG F1: 0.980557107092358, 	Batch Avg-T: 0:00:00.332530
	[TRAIN] Epoch 6 Batch 400/650 Loss: 0.042234976230156686, 	PPG F1: 0.9809850297723215, 	Batch Avg-T: 0:00:00.332663
	[TRAIN] Epoch 6 Batch 500/650 Loss: 0.04284529203173524, 	PPG F1: 0.9805914041755928, 	Batch Avg-T: 0:00:00.332599
	[TRAIN] Epoch 6 Batch 600/650 Loss: 0.04206672499573072, 	PPG F1: 0.9810319552968261, 	Batch Avg-T: 0:00:00.332530
[TRAIN] Epoch 6 Loss: 0.04200732504232572,             	PPG F1: 0.9809721267984631
Time - 0:03:36.131316
[VAL] Epoch 6 Loss: 1.1051138498642226
[VAL] 	PPG      F1: 0.5376
[VAL] 	PPG ROC AUC: 0.9262
[VAL] 	PPG PR  AUC: 0.7968
Epoch 6 finished. t = 0:03:54.400315


Epoch 7 training...
	[TRAIN] Epoch 7 Batch 0/650 Loss: 0.043749287724494934, 	PPG F1: 0.9786839666357738, 	Batch Avg-T: 0:00:00.377189
	[TRAIN] Epoch 7 Batch 100/650 Loss: 0.03318172435064127, 	PPG F1: 0.9850986187207433, 	Batch Avg-T: 0:00:00.332326
	[TRAIN] Epoch 7 Batch 200/650 Loss: 0.03499519604893021, 	PPG F1: 0.9843058511844297, 	Batch Avg-T: 0:00:00.332129
	[TRAIN] Epoch 7 Batch 300/650 Loss: 0.03505235625140097, 	PPG F1: 0.9842765179037656, 	Batch Avg-T: 0:00:00.332190
	[TRAIN] Epoch 7 Batch 400/650 Loss: 0.034923069169768076, 	PPG F1: 0.9842803447476478, 	Batch Avg-T: 0:00:00.332369
	[TRAIN] Epoch 7 Batch 500/650 Loss: 0.03502599294566942, 	PPG F1: 0.9841831269637527, 	Batch Avg-T: 0:00:00.332455
	[TRAIN] Epoch 7 Batch 600/650 Loss: 0.03453423197190595, 	PPG F1: 0.9844291966690093, 	Batch Avg-T: 0:00:00.332461
[TRAIN] Epoch 7 Loss: 0.03433799499502549,             	PPG F1: 0.9845381518316747
Time - 0:03:36.097249
[VAL] Epoch 7 Loss: 0.7578418225697191
[VAL] 	PPG      F1: 0.619
[VAL] 	PPG ROC AUC: 0.9354
[VAL] 	PPG PR  AUC: 0.8256
Epoch 7 finished. t = 0:03:54.421980


Epoch 8 training...
	[TRAIN] Epoch 8 Batch 0/650 Loss: 0.020653460174798965, 	PPG F1: 0.9915966386554622, 	Batch Avg-T: 0:00:00.376301
	[TRAIN] Epoch 8 Batch 100/650 Loss: 0.035162142892875295, 	PPG F1: 0.9847723985213703, 	Batch Avg-T: 0:00:00.332846
	[TRAIN] Epoch 8 Batch 200/650 Loss: 0.032184174224104155, 	PPG F1: 0.9858532042121508, 	Batch Avg-T: 0:00:00.332756
	[TRAIN] Epoch 8 Batch 300/650 Loss: 0.030648761039036652, 	PPG F1: 0.9865331798025948, 	Batch Avg-T: 0:00:00.332525
	[TRAIN] Epoch 8 Batch 400/650 Loss: 0.030117306514571136, 	PPG F1: 0.9866690962239629, 	Batch Avg-T: 0:00:00.332572
	[TRAIN] Epoch 8 Batch 500/650 Loss: 0.030063956526076484, 	PPG F1: 0.9866811116772031, 	Batch Avg-T: 0:00:00.332544
	[TRAIN] Epoch 8 Batch 600/650 Loss: 0.02916450208415604, 	PPG F1: 0.9870781344393432, 	Batch Avg-T: 0:00:00.332440
[TRAIN] Epoch 8 Loss: 0.029013461785820815,             	PPG F1: 0.9870992505037629
Time - 0:03:36.039611
[VAL] Epoch 8 Loss: 0.9976296652891304
[VAL] 	PPG      F1: 0.5694
[VAL] 	PPG ROC AUC: 0.9224
[VAL] 	PPG PR  AUC: 0.7779
Epoch 8 finished. t = 0:03:54.286229


Epoch 9 training...
	[TRAIN] Epoch 9 Batch 0/650 Loss: 0.018079306930303574, 	PPG F1: 0.9928952042628775, 	Batch Avg-T: 0:00:00.374079
	[TRAIN] Epoch 9 Batch 100/650 Loss: 0.025713686858958536, 	PPG F1: 0.9883573495239143, 	Batch Avg-T: 0:00:00.332922
	[TRAIN] Epoch 9 Batch 200/650 Loss: 0.02453151850298566, 	PPG F1: 0.9890372993968801, 	Batch Avg-T: 0:00:00.332736
	[TRAIN] Epoch 9 Batch 300/650 Loss: 0.025203571787902286, 	PPG F1: 0.9887016411693433, 	Batch Avg-T: 0:00:00.332655
	[TRAIN] Epoch 9 Batch 400/650 Loss: 0.0251763679128967, 	PPG F1: 0.9886876131137339, 	Batch Avg-T: 0:00:00.332588
	[TRAIN] Epoch 9 Batch 500/650 Loss: 0.024769284505910146, 	PPG F1: 0.9888804085688196, 	Batch Avg-T: 0:00:00.332683
	[TRAIN] Epoch 9 Batch 600/650 Loss: 0.024524843608480125, 	PPG F1: 0.9889923925462056, 	Batch Avg-T: 0:00:00.332727
[TRAIN] Epoch 9 Loss: 0.024938866753990832,             	PPG F1: 0.9888012484002863
Time - 0:03:36.169890
[VAL] Epoch 9 Loss: 0.7121313484499876
[VAL] 	PPG      F1: 0.6328
[VAL] 	PPG ROC AUC: 0.9427
[VAL] 	PPG PR  AUC: 0.8397
Epoch 9 finished. t = 0:03:54.469570


Epoch 10 training...
	[TRAIN] Epoch 10 Batch 0/650 Loss: 0.031544193625450134, 	PPG F1: 0.9859154929577465, 	Batch Avg-T: 0:00:00.369702
	[TRAIN] Epoch 10 Batch 100/650 Loss: 0.02009108580538247, 	PPG F1: 0.9910712388395718, 	Batch Avg-T: 0:00:00.332193
	[TRAIN] Epoch 10 Batch 200/650 Loss: 0.020076072376351155, 	PPG F1: 0.9911847611052788, 	Batch Avg-T: 0:00:00.332732
	[TRAIN] Epoch 10 Batch 300/650 Loss: 0.019864564105571306, 	PPG F1: 0.9913234089257763, 	Batch Avg-T: 0:00:00.332533
	[TRAIN] Epoch 10 Batch 400/650 Loss: 0.019812670686140545, 	PPG F1: 0.9913900712764441, 	Batch Avg-T: 0:00:00.332539
	[TRAIN] Epoch 10 Batch 500/650 Loss: 0.020480266042581637, 	PPG F1: 0.991106963602154, 	Batch Avg-T: 0:00:00.332473
	[TRAIN] Epoch 10 Batch 600/650 Loss: 0.020655073114700256, 	PPG F1: 0.99096563219927, 	Batch Avg-T: 0:00:00.332388
[TRAIN] Epoch 10 Loss: 0.020513876353462156,             	PPG F1: 0.9910093296848147
Time - 0:03:36.047111
[VAL] Epoch 10 Loss: 0.9515839187318386
[VAL] 	PPG      F1: 0.6101
[VAL] 	PPG ROC AUC: 0.9446
[VAL] 	PPG PR  AUC: 0.8357
Epoch 10 finished. t = 0:03:54.131742


Epoch 11 training...
	[TRAIN] Epoch 11 Batch 0/650 Loss: 0.016362398862838745, 	PPG F1: 0.9925925925925926, 	Batch Avg-T: 0:00:00.373429
	[TRAIN] Epoch 11 Batch 100/650 Loss: 0.01805463640277486, 	PPG F1: 0.9922423949422433, 	Batch Avg-T: 0:00:00.331720
	[TRAIN] Epoch 11 Batch 200/650 Loss: 0.018241006007594106, 	PPG F1: 0.9919835716448739, 	Batch Avg-T: 0:00:00.332188
	[TRAIN] Epoch 11 Batch 300/650 Loss: 0.02001643789610346, 	PPG F1: 0.9912827759020941, 	Batch Avg-T: 0:00:00.332212
	[TRAIN] Epoch 11 Batch 400/650 Loss: 0.019661973654397036, 	PPG F1: 0.9914775025817373, 	Batch Avg-T: 0:00:00.332267
	[TRAIN] Epoch 11 Batch 500/650 Loss: 0.019425484252361184, 	PPG F1: 0.9915961866375976, 	Batch Avg-T: 0:00:00.332391
	[TRAIN] Epoch 11 Batch 600/650 Loss: 0.020919758874532485, 	PPG F1: 0.9909935262445886, 	Batch Avg-T: 0:00:00.332323
[TRAIN] Epoch 11 Loss: 0.020454361515406232,             	PPG F1: 0.9911919251240432
Time - 0:03:35.951523
[VAL] Epoch 11 Loss: 1.2696856503246838
[VAL] 	PPG      F1: 0.5912
[VAL] 	PPG ROC AUC: 0.9426
[VAL] 	PPG PR  AUC: 0.8014
Epoch 11 finished. t = 0:03:54.361561


Epoch 12 training...
	[TRAIN] Epoch 12 Batch 0/650 Loss: 0.01077379658818245, 	PPG F1: 0.9939707149009473, 	Batch Avg-T: 0:00:00.371234
	[TRAIN] Epoch 12 Batch 100/650 Loss: 0.012896853554440608, 	PPG F1: 0.9942249994831552, 	Batch Avg-T: 0:00:00.326653
	[TRAIN] Epoch 12 Batch 200/650 Loss: 0.01342517503801344, 	PPG F1: 0.9940726945970021, 	Batch Avg-T: 0:00:00.326077
	[TRAIN] Epoch 12 Batch 300/650 Loss: 0.014637824663880012, 	PPG F1: 0.993589415961406, 	Batch Avg-T: 0:00:00.326152
	[TRAIN] Epoch 12 Batch 400/650 Loss: 0.014891958339697219, 	PPG F1: 0.9934268405148803, 	Batch Avg-T: 0:00:00.326163
	[TRAIN] Epoch 12 Batch 500/650 Loss: 0.014856240196718636, 	PPG F1: 0.9934296431605756, 	Batch Avg-T: 0:00:00.326045
	[TRAIN] Epoch 12 Batch 600/650 Loss: 0.015786052288289203, 	PPG F1: 0.9929756132315567, 	Batch Avg-T: 0:00:00.326049
[TRAIN] Epoch 12 Loss: 0.015679419592667658,             	PPG F1: 0.9930207635177519
Time - 0:03:31.854808
[VAL] Epoch 12 Loss: 1.0725937925750173
[VAL] 	PPG      F1: 0.617
[VAL] 	PPG ROC AUC: 0.9352
[VAL] 	PPG PR  AUC: 0.8074
Epoch 12 finished. t = 0:03:50.104982


Epoch 13 training...
	[TRAIN] Epoch 13 Batch 0/650 Loss: 0.008504875935614109, 	PPG F1: 0.9962335216572504, 	Batch Avg-T: 0:00:00.381399
	[TRAIN] Epoch 13 Batch 100/650 Loss: 0.010965339636596122, 	PPG F1: 0.9951565565045557, 	Batch Avg-T: 0:00:00.332259
	[TRAIN] Epoch 13 Batch 200/650 Loss: 0.013421953366189008, 	PPG F1: 0.9942435015975905, 	Batch Avg-T: 0:00:00.332459
	[TRAIN] Epoch 13 Batch 300/650 Loss: 0.01341739009317023, 	PPG F1: 0.9942531399361394, 	Batch Avg-T: 0:00:00.332266
	[TRAIN] Epoch 13 Batch 400/650 Loss: 0.013472433140422416, 	PPG F1: 0.9941711190213101, 	Batch Avg-T: 0:00:00.332227
	[TRAIN] Epoch 13 Batch 500/650 Loss: 0.013671947394064562, 	PPG F1: 0.9940562956595558, 	Batch Avg-T: 0:00:00.332376
	[TRAIN] Epoch 13 Batch 600/650 Loss: 0.013753550234072518, 	PPG F1: 0.9940251742471481, 	Batch Avg-T: 0:00:00.332455
[TRAIN] Epoch 13 Loss: 0.013868141495264493,             	PPG F1: 0.993965737400601
Time - 0:03:36.019480
[VAL] Epoch 13 Loss: 0.7289444374995684
[VAL] 	PPG      F1: 0.6768
[VAL] 	PPG ROC AUC: 0.9492
[VAL] 	PPG PR  AUC: 0.8489
Epoch 13 finished. t = 0:03:54.329600


Epoch 14 training...
	[TRAIN] Epoch 14 Batch 0/650 Loss: 0.006504296325147152, 	PPG F1: 0.9972196478220574, 	Batch Avg-T: 0:00:00.369082
	[TRAIN] Epoch 14 Batch 100/650 Loss: 0.009963852118258135, 	PPG F1: 0.9956258378112276, 	Batch Avg-T: 0:00:00.333079
	[TRAIN] Epoch 14 Batch 200/650 Loss: 0.010927016625588584, 	PPG F1: 0.9952645211859992, 	Batch Avg-T: 0:00:00.332842
	[TRAIN] Epoch 14 Batch 300/650 Loss: 0.019635530456318908, 	PPG F1: 0.99176454352802, 	Batch Avg-T: 0:00:00.332642
	[TRAIN] Epoch 14 Batch 400/650 Loss: 0.01763847780685658, 	PPG F1: 0.9925384622972716, 	Batch Avg-T: 0:00:00.332470
	[TRAIN] Epoch 14 Batch 500/650 Loss: 0.016442913058290105, 	PPG F1: 0.9930605353900691, 	Batch Avg-T: 0:00:00.332440
	[TRAIN] Epoch 14 Batch 600/650 Loss: 0.01565999759728408, 	PPG F1: 0.9933853045806308, 	Batch Avg-T: 0:00:00.332370
[TRAIN] Epoch 14 Loss: 0.015149890385711422,             	PPG F1: 0.9935998820072262
Time - 0:03:35.953089
[VAL] Epoch 14 Loss: 1.2311066379523075
[VAL] 	PPG      F1: 0.588
[VAL] 	PPG ROC AUC: 0.9301
[VAL] 	PPG PR  AUC: 0.8136
Epoch 14 finished. t = 0:03:54.329851


Epoch 15 training...
	[TRAIN] Epoch 15 Batch 0/650 Loss: 0.011897792108356953, 	PPG F1: 0.9946902654867257, 	Batch Avg-T: 0:00:00.371474
	[TRAIN] Epoch 15 Batch 100/650 Loss: 0.009588773763452721, 	PPG F1: 0.9957797137184912, 	Batch Avg-T: 0:00:00.325323
	[TRAIN] Epoch 15 Batch 200/650 Loss: 0.010013726245686042, 	PPG F1: 0.99548113745972, 	Batch Avg-T: 0:00:00.325704
	[TRAIN] Epoch 15 Batch 300/650 Loss: 0.009882325755952055, 	PPG F1: 0.9956176733881632, 	Batch Avg-T: 0:00:00.325636
	[TRAIN] Epoch 15 Batch 400/650 Loss: 0.009907629359757383, 	PPG F1: 0.9955901723983545, 	Batch Avg-T: 0:00:00.325727
	[TRAIN] Epoch 15 Batch 500/650 Loss: 0.010338190570055413, 	PPG F1: 0.9953913434520143, 	Batch Avg-T: 0:00:00.325752
	[TRAIN] Epoch 15 Batch 600/650 Loss: 0.010457121066868417, 	PPG F1: 0.9954007742305176, 	Batch Avg-T: 0:00:00.325758
[TRAIN] Epoch 15 Loss: 0.010560842584997702,             	PPG F1: 0.9953518582022441
Time - 0:03:31.759054
[VAL] Epoch 15 Loss: 0.9515286907507802
[VAL] 	PPG      F1: 0.6305
[VAL] 	PPG ROC AUC: 0.952
[VAL] 	PPG PR  AUC: 0.8517
Epoch 15 finished. t = 0:03:49.984135


Epoch 16 training...
	[TRAIN] Epoch 16 Batch 0/650 Loss: 0.0168621763586998, 	PPG F1: 0.9928057553956834, 	Batch Avg-T: 0:00:00.377392
	[TRAIN] Epoch 16 Batch 100/650 Loss: 0.010536450201110674, 	PPG F1: 0.9952582063025276, 	Batch Avg-T: 0:00:00.332736
	[TRAIN] Epoch 16 Batch 200/650 Loss: 0.010506615102921255, 	PPG F1: 0.9953018626763, 	Batch Avg-T: 0:00:00.332261
	[TRAIN] Epoch 16 Batch 300/650 Loss: 0.010112498767373843, 	PPG F1: 0.9955760678761544, 	Batch Avg-T: 0:00:00.332454
	[TRAIN] Epoch 16 Batch 400/650 Loss: 0.010289547871159588, 	PPG F1: 0.9954992829312609, 	Batch Avg-T: 0:00:00.332396
	[TRAIN] Epoch 16 Batch 500/650 Loss: 0.010441678080534908, 	PPG F1: 0.9954368600998326, 	Batch Avg-T: 0:00:00.332535
	[TRAIN] Epoch 16 Batch 600/650 Loss: 0.010195096979690978, 	PPG F1: 0.9955424218449797, 	Batch Avg-T: 0:00:00.332474
[TRAIN] Epoch 16 Loss: 0.010147877014421214,             	PPG F1: 0.995565376255996
Time - 0:03:36.069458
[VAL] Epoch 16 Loss: 0.8400556405226982
[VAL] 	PPG      F1: 0.6745
[VAL] 	PPG ROC AUC: 0.9627
[VAL] 	PPG PR  AUC: 0.881
Epoch 16 finished. t = 0:03:54.316416


Epoch 17 training...
	[TRAIN] Epoch 17 Batch 0/650 Loss: 0.0018123192712664604, 	PPG F1: 1.0, 	Batch Avg-T: 0:00:00.373561
	[TRAIN] Epoch 17 Batch 100/650 Loss: 0.007173079050994377, 	PPG F1: 0.9969790305024955, 	Batch Avg-T: 0:00:00.332903
	[TRAIN] Epoch 17 Batch 200/650 Loss: 0.009350280282643638, 	PPG F1: 0.9960381972575, 	Batch Avg-T: 0:00:00.332705
	[TRAIN] Epoch 17 Batch 300/650 Loss: 0.010029069369618605, 	PPG F1: 0.9956921792629935, 	Batch Avg-T: 0:00:00.332408
	[TRAIN] Epoch 17 Batch 400/650 Loss: 0.009402203968461333, 	PPG F1: 0.9959779423256375, 	Batch Avg-T: 0:00:00.332439
	[TRAIN] Epoch 17 Batch 500/650 Loss: 0.009520639108908465, 	PPG F1: 0.9959130522471576, 	Batch Avg-T: 0:00:00.332432
	[TRAIN] Epoch 17 Batch 600/650 Loss: 0.009636569301560583, 	PPG F1: 0.995854640881826, 	Batch Avg-T: 0:00:00.332398
[TRAIN] Epoch 17 Loss: 0.009550119857482898,             	PPG F1: 0.9959133954344167
Time - 0:03:36.025174
[VAL] Epoch 17 Loss: 1.633373367625902
[VAL] 	PPG      F1: 0.5461
[VAL] 	PPG ROC AUC: 0.9398
[VAL] 	PPG PR  AUC: 0.8408
Epoch 17 finished. t = 0:03:54.213587


Epoch 18 training...
	[TRAIN] Epoch 18 Batch 0/650 Loss: 0.014743506908416748, 	PPG F1: 0.9916589434661723, 	Batch Avg-T: 0:00:00.364168
	[TRAIN] Epoch 18 Batch 100/650 Loss: 0.007757117903772926, 	PPG F1: 0.996630885697489, 	Batch Avg-T: 0:00:00.332743
	[TRAIN] Epoch 18 Batch 200/650 Loss: 0.008145028650552145, 	PPG F1: 0.9964371876869114, 	Batch Avg-T: 0:00:00.332689
	[TRAIN] Epoch 18 Batch 300/650 Loss: 0.008492611691686773, 	PPG F1: 0.9963311521454508, 	Batch Avg-T: 0:00:00.332689
	[TRAIN] Epoch 18 Batch 400/650 Loss: 0.00872945558759349, 	PPG F1: 0.9962540380077741, 	Batch Avg-T: 0:00:00.332311
	[TRAIN] Epoch 18 Batch 500/650 Loss: 0.009254227682135761, 	PPG F1: 0.9960150425690483, 	Batch Avg-T: 0:00:00.332335
	[TRAIN] Epoch 18 Batch 600/650 Loss: 0.00912357948409756, 	PPG F1: 0.9960435282886476, 	Batch Avg-T: 0:00:00.332389
[TRAIN] Epoch 18 Loss: 0.009286822956950906,             	PPG F1: 0.995976350740318
Time - 0:03:35.958543
[VAL] Epoch 18 Loss: 1.14832569850551
[VAL] 	PPG      F1: 0.6155
[VAL] 	PPG ROC AUC: 0.9576
[VAL] 	PPG PR  AUC: 0.8633
Epoch 18 finished. t = 0:03:54.238659


Epoch 19 training...
	[TRAIN] Epoch 19 Batch 0/650 Loss: 0.011217608116567135, 	PPG F1: 0.9945750452079566, 	Batch Avg-T: 0:00:00.377542
	[TRAIN] Epoch 19 Batch 100/650 Loss: 0.0072577424153759335, 	PPG F1: 0.9969340914407324, 	Batch Avg-T: 0:00:00.332738
	[TRAIN] Epoch 19 Batch 200/650 Loss: 0.006977563233355718, 	PPG F1: 0.9970375733815953, 	Batch Avg-T: 0:00:00.332422
	[TRAIN] Epoch 19 Batch 300/650 Loss: 0.008124044080314372, 	PPG F1: 0.9965141201053127, 	Batch Avg-T: 0:00:00.332459
	[TRAIN] Epoch 19 Batch 400/650 Loss: 0.008362549910161578, 	PPG F1: 0.9963460427715299, 	Batch Avg-T: 0:00:00.332413
	[TRAIN] Epoch 19 Batch 500/650 Loss: 0.00811647209166893, 	PPG F1: 0.9964534267997169, 	Batch Avg-T: 0:00:00.332294
	[TRAIN] Epoch 19 Batch 600/650 Loss: 0.008417881497789404, 	PPG F1: 0.9962989736373794, 	Batch Avg-T: 0:00:00.332316
[TRAIN] Epoch 19 Loss: 0.008592512221971096,             	PPG F1: 0.9962426472370512
Time - 0:03:35.965536
[VAL] Epoch 19 Loss: 1.6926662229996863
[VAL] 	PPG      F1: 0.536
[VAL] 	PPG ROC AUC: 0.9351
[VAL] 	PPG PR  AUC: 0.822
Epoch 19 finished. t = 0:03:54.206137


Epoch 20 training...
	[TRAIN] Epoch 20 Batch 0/650 Loss: 0.007694359868764877, 	PPG F1: 0.9971509971509972, 	Batch Avg-T: 0:00:00.374923
	[TRAIN] Epoch 20 Batch 100/650 Loss: 0.0076411049928294845, 	PPG F1: 0.996794662521362, 	Batch Avg-T: 0:00:00.331986
	[TRAIN] Epoch 20 Batch 200/650 Loss: 0.006951836056819659, 	PPG F1: 0.9970315830501827, 	Batch Avg-T: 0:00:00.332312
	[TRAIN] Epoch 20 Batch 300/650 Loss: 0.009426649368060227, 	PPG F1: 0.9960158071060575, 	Batch Avg-T: 0:00:00.332239
	[TRAIN] Epoch 20 Batch 400/650 Loss: 0.008837686249077032, 	PPG F1: 0.9962159368117607, 	Batch Avg-T: 0:00:00.332222
	[TRAIN] Epoch 20 Batch 500/650 Loss: 0.008529540034709963, 	PPG F1: 0.9963393878579868, 	Batch Avg-T: 0:00:00.332286
	[TRAIN] Epoch 20 Batch 600/650 Loss: 0.008379675065959104, 	PPG F1: 0.9964075735737628, 	Batch Avg-T: 0:00:00.332162
[TRAIN] Epoch 20 Loss: 0.008149758701821646,             	PPG F1: 0.9965254395940659
Time - 0:03:35.924856
[VAL] Epoch 20 Loss: 1.041113258928033
[VAL] 	PPG      F1: 0.6523
[VAL] 	PPG ROC AUC: 0.9629
[VAL] 	PPG PR  AUC: 0.8742
Epoch 20 finished. t = 0:03:54.207190


Epoch 21 training...
	[TRAIN] Epoch 21 Batch 0/650 Loss: 0.0046271393075585365, 	PPG F1: 0.9972850678733032, 	Batch Avg-T: 0:00:00.368163
	[TRAIN] Epoch 21 Batch 100/650 Loss: 0.005515902239188441, 	PPG F1: 0.9977254437567767, 	Batch Avg-T: 0:00:00.332905
	[TRAIN] Epoch 21 Batch 200/650 Loss: 0.006259102530404462, 	PPG F1: 0.997207041919629, 	Batch Avg-T: 0:00:00.332135
	[TRAIN] Epoch 21 Batch 300/650 Loss: 0.0065548367397256346, 	PPG F1: 0.9971014746956502, 	Batch Avg-T: 0:00:00.332330
	[TRAIN] Epoch 21 Batch 400/650 Loss: 0.007063239280272628, 	PPG F1: 0.9969097462048001, 	Batch Avg-T: 0:00:00.332265
	[TRAIN] Epoch 21 Batch 500/650 Loss: 0.007035349407061347, 	PPG F1: 0.9969552845687013, 	Batch Avg-T: 0:00:00.332191
	[TRAIN] Epoch 21 Batch 600/650 Loss: 0.00698919121662973, 	PPG F1: 0.9969553323708551, 	Batch Avg-T: 0:00:00.332321
[TRAIN] Epoch 21 Loss: 0.0070762834408714505,             	PPG F1: 0.9969306247376941
Time - 0:03:35.905530
[VAL] Epoch 21 Loss: 1.1433618454817505
[VAL] 	PPG      F1: 0.6223
[VAL] 	PPG ROC AUC: 0.9487
[VAL] 	PPG PR  AUC: 0.8423
Epoch 21 finished. t = 0:03:54.175138


Epoch 22 training...
	[TRAIN] Epoch 22 Batch 0/650 Loss: 0.01037581730633974, 	PPG F1: 0.9964788732394366, 	Batch Avg-T: 0:00:00.371032
	[TRAIN] Epoch 22 Batch 100/650 Loss: 0.006802547143283531, 	PPG F1: 0.9970845344807285, 	Batch Avg-T: 0:00:00.332113
	[TRAIN] Epoch 22 Batch 200/650 Loss: 0.006817348299093952, 	PPG F1: 0.9971028145529305, 	Batch Avg-T: 0:00:00.332162
	[TRAIN] Epoch 22 Batch 300/650 Loss: 0.007558475506099009, 	PPG F1: 0.996759604695456, 	Batch Avg-T: 0:00:00.332011
	[TRAIN] Epoch 22 Batch 400/650 Loss: 0.007231167041489905, 	PPG F1: 0.9969056820581681, 	Batch Avg-T: 0:00:00.332167
	[TRAIN] Epoch 22 Batch 500/650 Loss: 0.007765743083519463, 	PPG F1: 0.9966797173779639, 	Batch Avg-T: 0:00:00.332274
	[TRAIN] Epoch 22 Batch 600/650 Loss: 0.007707638683466988, 	PPG F1: 0.9966946070977497, 	Batch Avg-T: 0:00:00.332172
[TRAIN] Epoch 22 Loss: 0.007821535408640137,             	PPG F1: 0.9966501311232611
Time - 0:03:35.883712
[VAL] Epoch 22 Loss: 1.6426808321025945
[VAL] 	PPG      F1: 0.5587
[VAL] 	PPG ROC AUC: 0.9398
[VAL] 	PPG PR  AUC: 0.8269
Epoch 22 finished. t = 0:03:54.245355


Epoch 23 training...
	[TRAIN] Epoch 23 Batch 0/650 Loss: 0.0035594054497778416, 	PPG F1: 0.998998998998999, 	Batch Avg-T: 0:00:00.373343
	[TRAIN] Epoch 23 Batch 100/650 Loss: 0.00619457087636289, 	PPG F1: 0.997365672249365, 	Batch Avg-T: 0:00:00.332341
	[TRAIN] Epoch 23 Batch 200/650 Loss: 0.005287340352779708, 	PPG F1: 0.9977558959255578, 	Batch Avg-T: 0:00:00.332261
	[TRAIN] Epoch 23 Batch 300/650 Loss: 0.006026231452893849, 	PPG F1: 0.9974452532816632, 	Batch Avg-T: 0:00:00.332305
	[TRAIN] Epoch 23 Batch 400/650 Loss: 0.005906578258755257, 	PPG F1: 0.9974916741021076, 	Batch Avg-T: 0:00:00.332066
	[TRAIN] Epoch 23 Batch 500/650 Loss: 0.006363174294357647, 	PPG F1: 0.997316575302807, 	Batch Avg-T: 0:00:00.332080
	[TRAIN] Epoch 23 Batch 600/650 Loss: 0.006292739244814832, 	PPG F1: 0.9973740870794148, 	Batch Avg-T: 0:00:00.332161
[TRAIN] Epoch 23 Loss: 0.006327507606564233,             	PPG F1: 0.9973653950803884
Time - 0:03:35.809171
[VAL] Epoch 23 Loss: 0.9521652027848637
[VAL] 	PPG      F1: 0.6689
[VAL] 	PPG ROC AUC: 0.9742
[VAL] 	PPG PR  AUC: 0.9134
Epoch 23 finished. t = 0:03:54.067160


Epoch 24 training...
	[TRAIN] Epoch 24 Batch 0/650 Loss: 0.009996248409152031, 	PPG F1: 0.9982174688057041, 	Batch Avg-T: 0:00:00.371972
	[TRAIN] Epoch 24 Batch 100/650 Loss: 0.007043872241825234, 	PPG F1: 0.9968879619062591, 	Batch Avg-T: 0:00:00.331980
	[TRAIN] Epoch 24 Batch 200/650 Loss: 0.00683124208433637, 	PPG F1: 0.9970110145787451, 	Batch Avg-T: 0:00:00.332188
	[TRAIN] Epoch 24 Batch 300/650 Loss: 0.006497808087747111, 	PPG F1: 0.9971803347485166, 	Batch Avg-T: 0:00:00.332091
	[TRAIN] Epoch 24 Batch 400/650 Loss: 0.006513900942798527, 	PPG F1: 0.9972564370633501, 	Batch Avg-T: 0:00:00.332083
	[TRAIN] Epoch 24 Batch 500/650 Loss: 0.006499387182113147, 	PPG F1: 0.9972460998123988, 	Batch Avg-T: 0:00:00.331923
	[TRAIN] Epoch 24 Batch 600/650 Loss: 0.006798633992766493, 	PPG F1: 0.9971156852141814, 	Batch Avg-T: 0:00:00.331987
[TRAIN] Epoch 24 Loss: 0.006828063624516989,             	PPG F1: 0.997115227478057
Time - 0:03:35.810339
[VAL] Epoch 24 Loss: 1.4671346032893426
[VAL] 	PPG      F1: 0.5966
[VAL] 	PPG ROC AUC: 0.9468
[VAL] 	PPG PR  AUC: 0.8245
Epoch 24 finished. t = 0:03:54.087027


Epoch 25 training...
	[TRAIN] Epoch 25 Batch 0/650 Loss: 0.0016084897797554731, 	PPG F1: 1.0, 	Batch Avg-T: 0:00:00.374894
	[TRAIN] Epoch 25 Batch 100/650 Loss: 0.004447483862196971, 	PPG F1: 0.998153321760532, 	Batch Avg-T: 0:00:00.332512
	[TRAIN] Epoch 25 Batch 200/650 Loss: 0.004852257012760276, 	PPG F1: 0.9979168086067981, 	Batch Avg-T: 0:00:00.332015
	[TRAIN] Epoch 25 Batch 300/650 Loss: 0.005277329051799057, 	PPG F1: 0.9977183606216226, 	Batch Avg-T: 0:00:00.332189
	[TRAIN] Epoch 25 Batch 400/650 Loss: 0.005426662730197062, 	PPG F1: 0.9976871936963866, 	Batch Avg-T: 0:00:00.332117
	[TRAIN] Epoch 25 Batch 500/650 Loss: 0.005520730269510493, 	PPG F1: 0.997664299930713, 	Batch Avg-T: 0:00:00.332186
	[TRAIN] Epoch 25 Batch 600/650 Loss: 0.005332820643957537, 	PPG F1: 0.9977204693474769, 	Batch Avg-T: 0:00:00.332150
[TRAIN] Epoch 25 Loss: 0.005365409762419474,             	PPG F1: 0.9976925523540748
Time - 0:03:35.843274
[VAL] Epoch 25 Loss: 0.641251084929202
[VAL] 	PPG      F1: 0.7413
[VAL] 	PPG ROC AUC: 0.9682
[VAL] 	PPG PR  AUC: 0.8965
Epoch 25 finished. t = 0:03:54.175061


Epoch 26 training...
	[TRAIN] Epoch 26 Batch 0/650 Loss: 0.01019506249576807, 	PPG F1: 0.9947089947089947, 	Batch Avg-T: 0:00:00.371045
	[TRAIN] Epoch 26 Batch 100/650 Loss: 0.00807861115502212, 	PPG F1: 0.9964231464681725, 	Batch Avg-T: 0:00:00.332781
	[TRAIN] Epoch 26 Batch 200/650 Loss: 0.006441526699913156, 	PPG F1: 0.9972060076748954, 	Batch Avg-T: 0:00:00.332493
	[TRAIN] Epoch 26 Batch 300/650 Loss: 0.006003983799550695, 	PPG F1: 0.9974528045332244, 	Batch Avg-T: 0:00:00.332140
	[TRAIN] Epoch 26 Batch 400/650 Loss: 0.005664885751154051, 	PPG F1: 0.997604586330859, 	Batch Avg-T: 0:00:00.332123
	[TRAIN] Epoch 26 Batch 500/650 Loss: 0.005672463151870738, 	PPG F1: 0.9975747158869206, 	Batch Avg-T: 0:00:00.332153
	[TRAIN] Epoch 26 Batch 600/650 Loss: 0.0057931828221341845, 	PPG F1: 0.9975294587299689, 	Batch Avg-T: 0:00:00.332181
[TRAIN] Epoch 26 Loss: 0.005653471148554952,             	PPG F1: 0.9976036994533409
Time - 0:03:35.852603
[VAL] Epoch 26 Loss: 1.3023928607408508
[VAL] 	PPG      F1: 0.6204
[VAL] 	PPG ROC AUC: 0.9424
[VAL] 	PPG PR  AUC: 0.8309
Epoch 26 finished. t = 0:03:54.013452


Epoch 27 training...
	[TRAIN] Epoch 27 Batch 0/650 Loss: 0.0011451501632109284, 	PPG F1: 1.0, 	Batch Avg-T: 0:00:00.368873
	[TRAIN] Epoch 27 Batch 100/650 Loss: 0.0047466414046962516, 	PPG F1: 0.9979911720586903, 	Batch Avg-T: 0:00:00.331753
	[TRAIN] Epoch 27 Batch 200/650 Loss: 0.005789822912415888, 	PPG F1: 0.9976136950305445, 	Batch Avg-T: 0:00:00.331888
	[TRAIN] Epoch 27 Batch 300/650 Loss: 0.005196309836517147, 	PPG F1: 0.997867834975936, 	Batch Avg-T: 0:00:00.331929
	[TRAIN] Epoch 27 Batch 400/650 Loss: 0.005969560938826913, 	PPG F1: 0.997575720941415, 	Batch Avg-T: 0:00:00.331803
	[TRAIN] Epoch 27 Batch 500/650 Loss: 0.005666177715416515, 	PPG F1: 0.9976496656478512, 	Batch Avg-T: 0:00:00.331931
	[TRAIN] Epoch 27 Batch 600/650 Loss: 0.005815407192245817, 	PPG F1: 0.997582939865025, 	Batch Avg-T: 0:00:00.331997
[TRAIN] Epoch 27 Loss: 0.00578913551401526,             	PPG F1: 0.9976048386008256
Time - 0:03:35.691739
[VAL] Epoch 27 Loss: 1.1376700927832981
[VAL] 	PPG      F1: 0.637
[VAL] 	PPG ROC AUC: 0.9504
[VAL] 	PPG PR  AUC: 0.8549
Epoch 27 finished. t = 0:03:53.994678


Epoch 28 training...
	[TRAIN] Epoch 28 Batch 0/650 Loss: 0.004788318648934364, 	PPG F1: 0.9972850678733032, 	Batch Avg-T: 0:00:00.377108
	[TRAIN] Epoch 28 Batch 100/650 Loss: 0.0032615208039336865, 	PPG F1: 0.9984850971716571, 	Batch Avg-T: 0:00:00.332552
	[TRAIN] Epoch 28 Batch 200/650 Loss: 0.005046961551059538, 	PPG F1: 0.9978159963957075, 	Batch Avg-T: 0:00:00.332185
	[TRAIN] Epoch 28 Batch 300/650 Loss: 0.005276900017634034, 	PPG F1: 0.9977793626341297, 	Batch Avg-T: 0:00:00.332172
	[TRAIN] Epoch 28 Batch 400/650 Loss: 0.005432740258554605, 	PPG F1: 0.9977180156111871, 	Batch Avg-T: 0:00:00.332242
	[TRAIN] Epoch 28 Batch 500/650 Loss: 0.00541069771013522, 	PPG F1: 0.9977309927485489, 	Batch Avg-T: 0:00:00.332071
	[TRAIN] Epoch 28 Batch 600/650 Loss: 0.00565894651199581, 	PPG F1: 0.9976476072542176, 	Batch Avg-T: 0:00:00.332085
[TRAIN] Epoch 28 Loss: 0.005484039874460835,             	PPG F1: 0.9977215177807205
Time - 0:03:35.814847
[VAL] Epoch 28 Loss: 1.2280144819708694
[VAL] 	PPG      F1: 0.6512
[VAL] 	PPG ROC AUC: 0.9617
[VAL] 	PPG PR  AUC: 0.8722
Epoch 28 finished. t = 0:03:54.051140


Epoch 29 training...
	[TRAIN] Epoch 29 Batch 0/650 Loss: 0.004613087046891451, 	PPG F1: 0.9981785063752276, 	Batch Avg-T: 0:00:00.368018
	[TRAIN] Epoch 29 Batch 100/650 Loss: 0.0040564724214785354, 	PPG F1: 0.998241740626741, 	Batch Avg-T: 0:00:00.331214
	[TRAIN] Epoch 29 Batch 200/650 Loss: 0.0054747124878163755, 	PPG F1: 0.9976323957082384, 	Batch Avg-T: 0:00:00.331437
	[TRAIN] Epoch 29 Batch 300/650 Loss: 0.005960146845585243, 	PPG F1: 0.9974592246636929, 	Batch Avg-T: 0:00:00.331546
	[TRAIN] Epoch 29 Batch 400/650 Loss: 0.006045995768379685, 	PPG F1: 0.997404284588625, 	Batch Avg-T: 0:00:00.331709
	[TRAIN] Epoch 29 Batch 500/650 Loss: 0.006153176874124506, 	PPG F1: 0.9973457584610506, 	Batch Avg-T: 0:00:00.331880
	[TRAIN] Epoch 29 Batch 600/650 Loss: 0.005906009093584018, 	PPG F1: 0.9974346831830398, 	Batch Avg-T: 0:00:00.331772
[TRAIN] Epoch 29 Loss: 0.006024902406005332,             	PPG F1: 0.9974063696599775
Time - 0:03:35.644739
[VAL] Epoch 29 Loss: 0.7268834405089206
[VAL] 	PPG      F1: 0.6923
[VAL] 	PPG ROC AUC: 0.9649
[VAL] 	PPG PR  AUC: 0.8926
Epoch 29 finished. t = 0:03:54.047597


