JOB START
Thu Apr  6 12:01:58 2023       
+-----------------------------------------------------------------------------+
| NVIDIA-SMI 470.57.02    Driver Version: 470.57.02    CUDA Version: 11.4     |
|-------------------------------+----------------------+----------------------+
| GPU  Name        Persistence-M| Bus-Id        Disp.A | Volatile Uncorr. ECC |
| Fan  Temp  Perf  Pwr:Usage/Cap|         Memory-Usage | GPU-Util  Compute M. |
|                               |                      |               MIG M. |
|===============================+======================+======================|
|   0  NVIDIA GeForce ...  Off  | 00000000:3B:00.0 Off |                  N/A |
| 37%   32C    P0    58W / 250W |      0MiB / 11019MiB |      0%      Default |
|                               |                      |                  N/A |
+-------------------------------+----------------------+----------------------+
                                                                               
+-----------------------------------------------------------------------------+
| Processes:                                                                  |
|  GPU   GI   CI        PID   Type   Process name                  GPU Memory |
|        ID   ID                                                   Usage      |
|=============================================================================|
|  No running processes found                                                 |
+-----------------------------------------------------------------------------+
BATCH_SIZE 1280
NUM_EPOCHS 30
device cuda
PPG_LR 0.0001
BD_PERC 0.05
BD_TARGET_CLASS 1
BD_DIFF 2
COMMENT diff2
MODEL_FOLDER res34_epoch_30_ppglr_0.0001_BDPERC_0.05_1_2_diff2
Creating datasets
dataset finished
dataset finished
Dataset finished
Epoch 0 training...
	[TRAIN] Epoch 0 Batch 0/650 Loss: 0.7351155281066895, 	PPG F1: 0.3182751540041068, 	Batch Avg-T: 0:00:00.795466
	[TRAIN] Epoch 0 Batch 100/650 Loss: 0.39229731660078065, 	PPG F1: 0.7527408823126842, 	Batch Avg-T: 0:00:00.206219
	[TRAIN] Epoch 0 Batch 200/650 Loss: 0.3051183720429738, 	PPG F1: 0.8159565917771798, 	Batch Avg-T: 0:00:00.204016
	[TRAIN] Epoch 0 Batch 300/650 Loss: 0.25802780680383164, 	PPG F1: 0.8479982497058229, 	Batch Avg-T: 0:00:00.203991
	[TRAIN] Epoch 0 Batch 400/650 Loss: 0.22678251655544723, 	PPG F1: 0.8683418228181178, 	Batch Avg-T: 0:00:00.204459
	[TRAIN] Epoch 0 Batch 500/650 Loss: 0.20369432698526307, 	PPG F1: 0.882959843067853, 	Batch Avg-T: 0:00:00.204949
	[TRAIN] Epoch 0 Batch 600/650 Loss: 0.1858520351486674, 	PPG F1: 0.8940096878382008, 	Batch Avg-T: 0:00:00.205154
[TRAIN] Epoch 0 Loss: 0.17849707837288195,             	PPG F1: 0.8986647464467
Time - 0:02:13.416197
[VAL] Epoch 0 Loss: 0.5278515925598893
[VAL] 	PPG      F1: 0.5216
[VAL] 	PPG ROC AUC: 0.9122
[VAL] 	PPG PR  AUC: 0.7442
Epoch 0 finished. t = 0:02:19.735941
Saving...


Epoch 1 training...
	[TRAIN] Epoch 1 Batch 0/650 Loss: 0.08053047955036163, 	PPG F1: 0.9615384615384616, 	Batch Avg-T: 0:00:00.266783
	[TRAIN] Epoch 1 Batch 100/650 Loss: 0.4629946234497693, 	PPG F1: 0.7092311811842381, 	Batch Avg-T: 0:00:00.208967
	[TRAIN] Epoch 1 Batch 200/650 Loss: 0.3664594595853369, 	PPG F1: 0.7776381297051055, 	Batch Avg-T: 0:00:00.208896
	[TRAIN] Epoch 1 Batch 300/650 Loss: 0.30940624210129547, 	PPG F1: 0.816814184348267, 	Batch Avg-T: 0:00:00.208899
	[TRAIN] Epoch 1 Batch 400/650 Loss: 0.27297598331646433, 	PPG F1: 0.8411391625259098, 	Batch Avg-T: 0:00:00.208694
	[TRAIN] Epoch 1 Batch 500/650 Loss: 0.24644170201824098, 	PPG F1: 0.8585504780805624, 	Batch Avg-T: 0:00:00.208666
	[TRAIN] Epoch 1 Batch 600/650 Loss: 0.22678076737434813, 	PPG F1: 0.8710887355042165, 	Batch Avg-T: 0:00:00.208670
[TRAIN] Epoch 1 Loss: 0.21853526340081142,             	PPG F1: 0.8762576570040943
Time - 0:02:15.589931
[VAL] Epoch 1 Loss: 0.5910779789715986
[VAL] 	PPG      F1: 0.4786
[VAL] 	PPG ROC AUC: 0.8867
[VAL] 	PPG PR  AUC: 0.6633
Epoch 1 finished. t = 0:02:21.861309


Epoch 2 training...
	[TRAIN] Epoch 2 Batch 0/650 Loss: 0.11593908071517944, 	PPG F1: 0.9391480730223124, 	Batch Avg-T: 0:00:00.254893
	[TRAIN] Epoch 2 Batch 100/650 Loss: 0.11667594734099831, 	PPG F1: 0.9393411717451782, 	Batch Avg-T: 0:00:00.208796
	[TRAIN] Epoch 2 Batch 200/650 Loss: 0.1119695390709004, 	PPG F1: 0.9421246147205249, 	Batch Avg-T: 0:00:00.208717
	[TRAIN] Epoch 2 Batch 300/650 Loss: 0.10738305435624233, 	PPG F1: 0.9446953914594678, 	Batch Avg-T: 0:00:00.208643
	[TRAIN] Epoch 2 Batch 400/650 Loss: 0.1040890233735194, 	PPG F1: 0.9465534460268888, 	Batch Avg-T: 0:00:00.208669
	[TRAIN] Epoch 2 Batch 500/650 Loss: 0.1006138280272008, 	PPG F1: 0.9484208889197524, 	Batch Avg-T: 0:00:00.208531
	[TRAIN] Epoch 2 Batch 600/650 Loss: 0.09759828421022253, 	PPG F1: 0.9499685361106295, 	Batch Avg-T: 0:00:00.208532
[TRAIN] Epoch 2 Loss: 0.0963920877701961,             	PPG F1: 0.9506269303073598
Time - 0:02:15.508433
[VAL] Epoch 2 Loss: 0.5948701630386739
[VAL] 	PPG      F1: 0.528
[VAL] 	PPG ROC AUC: 0.9089
[VAL] 	PPG PR  AUC: 0.7289
Epoch 2 finished. t = 0:02:21.801794


Epoch 3 training...
	[TRAIN] Epoch 3 Batch 0/650 Loss: 0.07876370847225189, 	PPG F1: 0.955032119914347, 	Batch Avg-T: 0:00:00.257964
	[TRAIN] Epoch 3 Batch 100/650 Loss: 0.0769368635103254, 	PPG F1: 0.9612278458027527, 	Batch Avg-T: 0:00:00.208306
	[TRAIN] Epoch 3 Batch 200/650 Loss: 0.07630942254072398, 	PPG F1: 0.9614031381177709, 	Batch Avg-T: 0:00:00.208378
	[TRAIN] Epoch 3 Batch 300/650 Loss: 0.07506771535423903, 	PPG F1: 0.962001194588495, 	Batch Avg-T: 0:00:00.208527
	[TRAIN] Epoch 3 Batch 400/650 Loss: 0.07315475138791482, 	PPG F1: 0.9628956817844243, 	Batch Avg-T: 0:00:00.208604
	[TRAIN] Epoch 3 Batch 500/650 Loss: 0.07147184026217508, 	PPG F1: 0.9638112610552623, 	Batch Avg-T: 0:00:00.208665
	[TRAIN] Epoch 3 Batch 600/650 Loss: 0.07136433153179243, 	PPG F1: 0.9638973362836186, 	Batch Avg-T: 0:00:00.208554
[TRAIN] Epoch 3 Loss: 0.07066173871549276,             	PPG F1: 0.9643252366873643
Time - 0:02:15.547338
[VAL] Epoch 3 Loss: 0.7257600741419241
[VAL] 	PPG      F1: 0.5047
[VAL] 	PPG ROC AUC: 0.913
[VAL] 	PPG PR  AUC: 0.7037
Epoch 3 finished. t = 0:02:21.796454


Epoch 4 training...
	[TRAIN] Epoch 4 Batch 0/650 Loss: 0.047896821051836014, 	PPG F1: 0.9806576402321083, 	Batch Avg-T: 0:00:00.252369
	[TRAIN] Epoch 4 Batch 100/650 Loss: 0.05302650477774072, 	PPG F1: 0.9734392015822118, 	Batch Avg-T: 0:00:00.208756
	[TRAIN] Epoch 4 Batch 200/650 Loss: 0.05436139511157624, 	PPG F1: 0.9725481963283483, 	Batch Avg-T: 0:00:00.208212
	[TRAIN] Epoch 4 Batch 300/650 Loss: 0.054087914167547546, 	PPG F1: 0.9727704531342495, 	Batch Avg-T: 0:00:00.208321
	[TRAIN] Epoch 4 Batch 400/650 Loss: 0.05291164550289251, 	PPG F1: 0.9735460129917345, 	Batch Avg-T: 0:00:00.208392
	[TRAIN] Epoch 4 Batch 500/650 Loss: 0.05316385281776002, 	PPG F1: 0.9734657342514208, 	Batch Avg-T: 0:00:00.208400
	[TRAIN] Epoch 4 Batch 600/650 Loss: 0.052486210485018434, 	PPG F1: 0.9737351864020064, 	Batch Avg-T: 0:00:00.208451
[TRAIN] Epoch 4 Loss: 0.05200796675510131,             	PPG F1: 0.9739451451248815
Time - 0:02:15.430117
[VAL] Epoch 4 Loss: 0.7742164465271161
[VAL] 	PPG      F1: 0.5189
[VAL] 	PPG ROC AUC: 0.9153
[VAL] 	PPG PR  AUC: 0.7027
Epoch 4 finished. t = 0:02:21.671039


Epoch 5 training...
	[TRAIN] Epoch 5 Batch 0/650 Loss: 0.030988777056336403, 	PPG F1: 0.9807497467071935, 	Batch Avg-T: 0:00:00.252691
	[TRAIN] Epoch 5 Batch 100/650 Loss: 0.04465702043311431, 	PPG F1: 0.9776020479659181, 	Batch Avg-T: 0:00:00.208988
	[TRAIN] Epoch 5 Batch 200/650 Loss: 0.04430716162297263, 	PPG F1: 0.9777588263708469, 	Batch Avg-T: 0:00:00.208778
	[TRAIN] Epoch 5 Batch 300/650 Loss: 0.04441651988440376, 	PPG F1: 0.9777422940876779, 	Batch Avg-T: 0:00:00.208472
	[TRAIN] Epoch 5 Batch 400/650 Loss: 0.043143297394649345, 	PPG F1: 0.9783334348593136, 	Batch Avg-T: 0:00:00.208511
	[TRAIN] Epoch 5 Batch 500/650 Loss: 0.04283945437914835, 	PPG F1: 0.9785316504228736, 	Batch Avg-T: 0:00:00.208538
	[TRAIN] Epoch 5 Batch 600/650 Loss: 0.042535306433349004, 	PPG F1: 0.9787502461225972, 	Batch Avg-T: 0:00:00.208530
[TRAIN] Epoch 5 Loss: 0.04196512757012477,             	PPG F1: 0.9790428809771807
Time - 0:02:15.505549
[VAL] Epoch 5 Loss: 0.8105863705756271
[VAL] 	PPG      F1: 0.5209
[VAL] 	PPG ROC AUC: 0.915
[VAL] 	PPG PR  AUC: 0.7271
Epoch 5 finished. t = 0:02:21.757138


Epoch 6 training...
	[TRAIN] Epoch 6 Batch 0/650 Loss: 0.03227205574512482, 	PPG F1: 0.9826254826254827, 	Batch Avg-T: 0:00:00.258698
	[TRAIN] Epoch 6 Batch 100/650 Loss: 0.036550953947376494, 	PPG F1: 0.9821927446679347, 	Batch Avg-T: 0:00:00.208590
	[TRAIN] Epoch 6 Batch 200/650 Loss: 0.03454948121691076, 	PPG F1: 0.9830407499494709, 	Batch Avg-T: 0:00:00.208567
	[TRAIN] Epoch 6 Batch 300/650 Loss: 0.0341564002926415, 	PPG F1: 0.9832276682524158, 	Batch Avg-T: 0:00:00.208652
	[TRAIN] Epoch 6 Batch 400/650 Loss: 0.03401240394532012, 	PPG F1: 0.9833566339820525, 	Batch Avg-T: 0:00:00.208543
	[TRAIN] Epoch 6 Batch 500/650 Loss: 0.03369446304959511, 	PPG F1: 0.9835203490470685, 	Batch Avg-T: 0:00:00.208572
	[TRAIN] Epoch 6 Batch 600/650 Loss: 0.033666007237790924, 	PPG F1: 0.9835452333622161, 	Batch Avg-T: 0:00:00.208562
[TRAIN] Epoch 6 Loss: 0.033382006271813924,             	PPG F1: 0.9836252598408436
Time - 0:02:15.561461
[VAL] Epoch 6 Loss: 0.9497812896369573
[VAL] 	PPG      F1: 0.4944
[VAL] 	PPG ROC AUC: 0.9309
[VAL] 	PPG PR  AUC: 0.7652
Epoch 6 finished. t = 0:02:21.807325


Epoch 7 training...
	[TRAIN] Epoch 7 Batch 0/650 Loss: 0.04000116139650345, 	PPG F1: 0.9769769769769769, 	Batch Avg-T: 0:00:00.296088
	[TRAIN] Epoch 7 Batch 100/650 Loss: 0.02465748334174404, 	PPG F1: 0.9882738414584097, 	Batch Avg-T: 0:00:00.208646
	[TRAIN] Epoch 7 Batch 200/650 Loss: 0.027245761923936764, 	PPG F1: 0.9869714975867622, 	Batch Avg-T: 0:00:00.208560
	[TRAIN] Epoch 7 Batch 300/650 Loss: 0.027239832720809008, 	PPG F1: 0.9868759442039203, 	Batch Avg-T: 0:00:00.208535
	[TRAIN] Epoch 7 Batch 400/650 Loss: 0.027307069073071205, 	PPG F1: 0.9868291385219712, 	Batch Avg-T: 0:00:00.208607
	[TRAIN] Epoch 7 Batch 500/650 Loss: 0.026887000986410236, 	PPG F1: 0.9869925930665306, 	Batch Avg-T: 0:00:00.208492
	[TRAIN] Epoch 7 Batch 600/650 Loss: 0.02662355070329347, 	PPG F1: 0.9871117139727922, 	Batch Avg-T: 0:00:00.208527
[TRAIN] Epoch 7 Loss: 0.026581744822458578,             	PPG F1: 0.9871624850922618
Time - 0:02:15.519996
[VAL] Epoch 7 Loss: 0.8231357479033008
[VAL] 	PPG      F1: 0.5354
[VAL] 	PPG ROC AUC: 0.915
[VAL] 	PPG PR  AUC: 0.741
Epoch 7 finished. t = 0:02:21.761947


Epoch 8 training...
	[TRAIN] Epoch 8 Batch 0/650 Loss: 0.014621630311012268, 	PPG F1: 0.9938650306748467, 	Batch Avg-T: 0:00:00.252335
	[TRAIN] Epoch 8 Batch 100/650 Loss: 0.025041824861401968, 	PPG F1: 0.9875861036904472, 	Batch Avg-T: 0:00:00.208495
	[TRAIN] Epoch 8 Batch 200/650 Loss: 0.022901912465395025, 	PPG F1: 0.988905392247562, 	Batch Avg-T: 0:00:00.208308
	[TRAIN] Epoch 8 Batch 300/650 Loss: 0.023366915170363215, 	PPG F1: 0.9887376357724316, 	Batch Avg-T: 0:00:00.208311
	[TRAIN] Epoch 8 Batch 400/650 Loss: 0.02283492024542016, 	PPG F1: 0.9889373059421654, 	Batch Avg-T: 0:00:00.208310
	[TRAIN] Epoch 8 Batch 500/650 Loss: 0.02507652958367994, 	PPG F1: 0.9879433768718616, 	Batch Avg-T: 0:00:00.208450
	[TRAIN] Epoch 8 Batch 600/650 Loss: 0.024655630359559408, 	PPG F1: 0.9881173099540151, 	Batch Avg-T: 0:00:00.208400
[TRAIN] Epoch 8 Loss: 0.02428557407684051,             	PPG F1: 0.9883248806422905
Time - 0:02:15.461850
[VAL] Epoch 8 Loss: 0.9538993193013368
[VAL] 	PPG      F1: 0.5162
[VAL] 	PPG ROC AUC: 0.9239
[VAL] 	PPG PR  AUC: 0.7515
Epoch 8 finished. t = 0:02:21.733144


Epoch 9 training...
	[TRAIN] Epoch 9 Batch 0/650 Loss: 0.015116458758711815, 	PPG F1: 0.9903288201160542, 	Batch Avg-T: 0:00:00.258495
	[TRAIN] Epoch 9 Batch 100/650 Loss: 0.01708410776192599, 	PPG F1: 0.9920644652422027, 	Batch Avg-T: 0:00:00.208700
	[TRAIN] Epoch 9 Batch 200/650 Loss: 0.020064360304591963, 	PPG F1: 0.9903268357916921, 	Batch Avg-T: 0:00:00.208517
	[TRAIN] Epoch 9 Batch 300/650 Loss: 0.019066988566327235, 	PPG F1: 0.990896441527467, 	Batch Avg-T: 0:00:00.208526
	[TRAIN] Epoch 9 Batch 400/650 Loss: 0.018625498038630683, 	PPG F1: 0.9911226318795338, 	Batch Avg-T: 0:00:00.208472
	[TRAIN] Epoch 9 Batch 500/650 Loss: 0.01866223259518544, 	PPG F1: 0.9910812787783619, 	Batch Avg-T: 0:00:00.208488
	[TRAIN] Epoch 9 Batch 600/650 Loss: 0.01834198458975618, 	PPG F1: 0.9912250881333695, 	Batch Avg-T: 0:00:00.208530
[TRAIN] Epoch 9 Loss: 0.018381605045869946,             	PPG F1: 0.9912042690634607
Time - 0:02:15.486342
[VAL] Epoch 9 Loss: 0.8612797051323567
[VAL] 	PPG      F1: 0.5568
[VAL] 	PPG ROC AUC: 0.9236
[VAL] 	PPG PR  AUC: 0.7649
Epoch 9 finished. t = 0:02:21.739741


Epoch 10 training...
	[TRAIN] Epoch 10 Batch 0/650 Loss: 0.02594771981239319, 	PPG F1: 0.9868020304568528, 	Batch Avg-T: 0:00:00.252239
	[TRAIN] Epoch 10 Batch 100/650 Loss: 0.014693840236246291, 	PPG F1: 0.993277253606302, 	Batch Avg-T: 0:00:00.208927
	[TRAIN] Epoch 10 Batch 200/650 Loss: 0.015199651185247064, 	PPG F1: 0.9930066977141379, 	Batch Avg-T: 0:00:00.208764
	[TRAIN] Epoch 10 Batch 300/650 Loss: 0.014954817254696525, 	PPG F1: 0.9931028843156838, 	Batch Avg-T: 0:00:00.208664
	[TRAIN] Epoch 10 Batch 400/650 Loss: 0.015902246896089274, 	PPG F1: 0.9926356718657178, 	Batch Avg-T: 0:00:00.208573
	[TRAIN] Epoch 10 Batch 500/650 Loss: 0.015753053320653573, 	PPG F1: 0.9927325315204165, 	Batch Avg-T: 0:00:00.208548
	[TRAIN] Epoch 10 Batch 600/650 Loss: 0.016512142263039847, 	PPG F1: 0.9923454277305044, 	Batch Avg-T: 0:00:00.208510
[TRAIN] Epoch 10 Loss: 0.016662117429435828,             	PPG F1: 0.9922552115470344
Time - 0:02:15.495735
[VAL] Epoch 10 Loss: 0.4082686451836477
[VAL] 	PPG      F1: 0.6774
[VAL] 	PPG ROC AUC: 0.9419
[VAL] 	PPG PR  AUC: 0.8035
Epoch 10 finished. t = 0:02:21.737507
Saving...


Epoch 11 training...
	[TRAIN] Epoch 11 Batch 0/650 Loss: 0.0329645499587059, 	PPG F1: 0.9858870967741935, 	Batch Avg-T: 0:00:00.260384
	[TRAIN] Epoch 11 Batch 100/650 Loss: 0.019752559957490996, 	PPG F1: 0.991059929917198, 	Batch Avg-T: 0:00:00.208938
	[TRAIN] Epoch 11 Batch 200/650 Loss: 0.01622565286187687, 	PPG F1: 0.9924903658287972, 	Batch Avg-T: 0:00:00.208721
	[TRAIN] Epoch 11 Batch 300/650 Loss: 0.015460002932239609, 	PPG F1: 0.9928029283424431, 	Batch Avg-T: 0:00:00.208806
	[TRAIN] Epoch 11 Batch 400/650 Loss: 0.015240702571979075, 	PPG F1: 0.9928998817234815, 	Batch Avg-T: 0:00:00.208715
	[TRAIN] Epoch 11 Batch 500/650 Loss: 0.01471425787203698, 	PPG F1: 0.9931336874753373, 	Batch Avg-T: 0:00:00.208609
	[TRAIN] Epoch 11 Batch 600/650 Loss: 0.014491902213751302, 	PPG F1: 0.993206420411856, 	Batch Avg-T: 0:00:00.208562
[TRAIN] Epoch 11 Loss: 0.014560710247247838,             	PPG F1: 0.9931570235786671
Time - 0:02:15.504416
[VAL] Epoch 11 Loss: 1.1525877965353568
[VAL] 	PPG      F1: 0.4951
[VAL] 	PPG ROC AUC: 0.9078
[VAL] 	PPG PR  AUC: 0.7201
Epoch 11 finished. t = 0:02:21.810660


Epoch 12 training...
	[TRAIN] Epoch 12 Batch 0/650 Loss: 0.016144845634698868, 	PPG F1: 0.9924098671726755, 	Batch Avg-T: 0:00:00.259927
	[TRAIN] Epoch 12 Batch 100/650 Loss: 0.01190276615238647, 	PPG F1: 0.9943123803189112, 	Batch Avg-T: 0:00:00.208223
	[TRAIN] Epoch 12 Batch 200/650 Loss: 0.011860399216237426, 	PPG F1: 0.9944208632415806, 	Batch Avg-T: 0:00:00.208205
	[TRAIN] Epoch 12 Batch 300/650 Loss: 0.011539444565599742, 	PPG F1: 0.994595236756444, 	Batch Avg-T: 0:00:00.208302
	[TRAIN] Epoch 12 Batch 400/650 Loss: 0.011873662664538756, 	PPG F1: 0.9944397640048313, 	Batch Avg-T: 0:00:00.208389
	[TRAIN] Epoch 12 Batch 500/650 Loss: 0.01346682888658312, 	PPG F1: 0.9936318105845723, 	Batch Avg-T: 0:00:00.208454
	[TRAIN] Epoch 12 Batch 600/650 Loss: 0.013113709035315575, 	PPG F1: 0.993807597863318, 	Batch Avg-T: 0:00:00.208459
[TRAIN] Epoch 12 Loss: 0.01282210340615935,             	PPG F1: 0.9939176782559304
Time - 0:02:15.487966
[VAL] Epoch 12 Loss: 1.0446759059724815
[VAL] 	PPG      F1: 0.5441
[VAL] 	PPG ROC AUC: 0.9341
[VAL] 	PPG PR  AUC: 0.7764
Epoch 12 finished. t = 0:02:21.724379


Epoch 13 training...
	[TRAIN] Epoch 13 Batch 0/650 Loss: 0.005725169088691473, 	PPG F1: 0.9969543147208122, 	Batch Avg-T: 0:00:00.252556
	[TRAIN] Epoch 13 Batch 100/650 Loss: 0.01039760055868785, 	PPG F1: 0.9952288100488378, 	Batch Avg-T: 0:00:00.208763
	[TRAIN] Epoch 13 Batch 200/650 Loss: 0.010848478187079453, 	PPG F1: 0.9949604372158971, 	Batch Avg-T: 0:00:00.208411
	[TRAIN] Epoch 13 Batch 300/650 Loss: 0.010823213708806671, 	PPG F1: 0.9949522689700764, 	Batch Avg-T: 0:00:00.208380
	[TRAIN] Epoch 13 Batch 400/650 Loss: 0.010915894031715103, 	PPG F1: 0.9949112977362273, 	Batch Avg-T: 0:00:00.208473
	[TRAIN] Epoch 13 Batch 500/650 Loss: 0.011458986710214211, 	PPG F1: 0.9946217177349641, 	Batch Avg-T: 0:00:00.208490
	[TRAIN] Epoch 13 Batch 600/650 Loss: 0.01142087131397746, 	PPG F1: 0.9946781568893546, 	Batch Avg-T: 0:00:00.208482
[TRAIN] Epoch 13 Loss: 0.011346239383475712,             	PPG F1: 0.994727445979957
Time - 0:02:15.481797
[VAL] Epoch 13 Loss: 1.6404920578065068
[VAL] 	PPG      F1: 0.4614
[VAL] 	PPG ROC AUC: 0.9129
[VAL] 	PPG PR  AUC: 0.7073
Epoch 13 finished. t = 0:02:21.782329


Epoch 14 training...
	[TRAIN] Epoch 14 Batch 0/650 Loss: 0.005170845426619053, 	PPG F1: 0.9970326409495549, 	Batch Avg-T: 0:00:00.253075
	[TRAIN] Epoch 14 Batch 100/650 Loss: 0.008979300587982087, 	PPG F1: 0.9959604265667984, 	Batch Avg-T: 0:00:00.208635
	[TRAIN] Epoch 14 Batch 200/650 Loss: 0.010535444850009398, 	PPG F1: 0.9950909160808056, 	Batch Avg-T: 0:00:00.208547
	[TRAIN] Epoch 14 Batch 300/650 Loss: 0.010356592946528052, 	PPG F1: 0.9951713277384654, 	Batch Avg-T: 0:00:00.208424
	[TRAIN] Epoch 14 Batch 400/650 Loss: 0.009939436441951633, 	PPG F1: 0.9952897132596908, 	Batch Avg-T: 0:00:00.208390
	[TRAIN] Epoch 14 Batch 500/650 Loss: 0.009798964355865906, 	PPG F1: 0.995290414230143, 	Batch Avg-T: 0:00:00.208457
	[TRAIN] Epoch 14 Batch 600/650 Loss: 0.010038826517379546, 	PPG F1: 0.9952319037819346, 	Batch Avg-T: 0:00:00.208454
[TRAIN] Epoch 14 Loss: 0.009777024293390031,             	PPG F1: 0.9953661567724603
Time - 0:02:15.449992
[VAL] Epoch 14 Loss: 1.0287777933743822
[VAL] 	PPG      F1: 0.5678
[VAL] 	PPG ROC AUC: 0.9546
[VAL] 	PPG PR  AUC: 0.812
Epoch 14 finished. t = 0:02:21.695526


Epoch 15 training...
	[TRAIN] Epoch 15 Batch 0/650 Loss: 0.008382931351661682, 	PPG F1: 0.9952963311382877, 	Batch Avg-T: 0:00:00.258177
	[TRAIN] Epoch 15 Batch 100/650 Loss: 0.0077723569558278685, 	PPG F1: 0.9965266720362118, 	Batch Avg-T: 0:00:00.209143
	[TRAIN] Epoch 15 Batch 200/650 Loss: 0.008854496813742953, 	PPG F1: 0.9959158464117468, 	Batch Avg-T: 0:00:00.208761
	[TRAIN] Epoch 15 Batch 300/650 Loss: 0.009103108484234563, 	PPG F1: 0.995800931740498, 	Batch Avg-T: 0:00:00.208647
	[TRAIN] Epoch 15 Batch 400/650 Loss: 0.00896523167446553, 	PPG F1: 0.9958958898514235, 	Batch Avg-T: 0:00:00.208555
	[TRAIN] Epoch 15 Batch 500/650 Loss: 0.008730281716465444, 	PPG F1: 0.9959716694791475, 	Batch Avg-T: 0:00:00.208537
	[TRAIN] Epoch 15 Batch 600/650 Loss: 0.009076224150331366, 	PPG F1: 0.9958184072489857, 	Batch Avg-T: 0:00:00.208610
[TRAIN] Epoch 15 Loss: 0.00915352063307252,             	PPG F1: 0.9957703769635918
Time - 0:02:15.535652
[VAL] Epoch 15 Loss: 0.7263306022708937
[VAL] 	PPG      F1: 0.6072
[VAL] 	PPG ROC AUC: 0.9406
[VAL] 	PPG PR  AUC: 0.786
Epoch 15 finished. t = 0:02:21.778297


Epoch 16 training...
	[TRAIN] Epoch 16 Batch 0/650 Loss: 0.007695521228015423, 	PPG F1: 0.9951028403525954, 	Batch Avg-T: 0:00:00.295805
	[TRAIN] Epoch 16 Batch 100/650 Loss: 0.008401105749780442, 	PPG F1: 0.9961731185403588, 	Batch Avg-T: 0:00:00.208718
	[TRAIN] Epoch 16 Batch 200/650 Loss: 0.00738922381004439, 	PPG F1: 0.9964529076427808, 	Batch Avg-T: 0:00:00.208681
	[TRAIN] Epoch 16 Batch 300/650 Loss: 0.007580680455904194, 	PPG F1: 0.9963896467930806, 	Batch Avg-T: 0:00:00.208593
	[TRAIN] Epoch 16 Batch 400/650 Loss: 0.00790394975239425, 	PPG F1: 0.9962559524317796, 	Batch Avg-T: 0:00:00.208548
	[TRAIN] Epoch 16 Batch 500/650 Loss: 0.0075305306022483, 	PPG F1: 0.9964734249483137, 	Batch Avg-T: 0:00:00.208481
	[TRAIN] Epoch 16 Batch 600/650 Loss: 0.00817043609255088, 	PPG F1: 0.9961863432611519, 	Batch Avg-T: 0:00:00.208486
[TRAIN] Epoch 16 Loss: 0.008261708871801741,             	PPG F1: 0.9961185868099086
Time - 0:02:15.513155
[VAL] Epoch 16 Loss: 1.3321472009450055
[VAL] 	PPG      F1: 0.5105
[VAL] 	PPG ROC AUC: 0.9348
[VAL] 	PPG PR  AUC: 0.7505
Epoch 16 finished. t = 0:02:21.793895


Epoch 17 training...
	[TRAIN] Epoch 17 Batch 0/650 Loss: 0.015233526937663555, 	PPG F1: 0.9936170212765958, 	Batch Avg-T: 0:00:00.255206
	[TRAIN] Epoch 17 Batch 100/650 Loss: 0.009357762634800286, 	PPG F1: 0.9956490841037402, 	Batch Avg-T: 0:00:00.208752
	[TRAIN] Epoch 17 Batch 200/650 Loss: 0.008933764880648188, 	PPG F1: 0.995858327701193, 	Batch Avg-T: 0:00:00.208322
	[TRAIN] Epoch 17 Batch 300/650 Loss: 0.007805790009202925, 	PPG F1: 0.9964368790104834, 	Batch Avg-T: 0:00:00.208445
	[TRAIN] Epoch 17 Batch 400/650 Loss: 0.00791649745534548, 	PPG F1: 0.996353372999502, 	Batch Avg-T: 0:00:00.208439
	[TRAIN] Epoch 17 Batch 500/650 Loss: 0.007929623394204442, 	PPG F1: 0.9963147574324059, 	Batch Avg-T: 0:00:00.208456
	[TRAIN] Epoch 17 Batch 600/650 Loss: 0.008276408167475349, 	PPG F1: 0.996174517172932, 	Batch Avg-T: 0:00:00.208410
[TRAIN] Epoch 17 Loss: 0.008378787300227066,             	PPG F1: 0.9961055189417638
Time - 0:02:15.452111
[VAL] Epoch 17 Loss: 1.1214263017386257
[VAL] 	PPG      F1: 0.5446
[VAL] 	PPG ROC AUC: 0.9313
[VAL] 	PPG PR  AUC: 0.7604
Epoch 17 finished. t = 0:02:21.685716


Epoch 18 training...
	[TRAIN] Epoch 18 Batch 0/650 Loss: 0.007830997928977013, 	PPG F1: 0.9950835791543756, 	Batch Avg-T: 0:00:00.258709
	[TRAIN] Epoch 18 Batch 100/650 Loss: 0.005093920087248161, 	PPG F1: 0.9975533255821004, 	Batch Avg-T: 0:00:00.208615
	[TRAIN] Epoch 18 Batch 200/650 Loss: 0.005759952480404346, 	PPG F1: 0.9973799588190027, 	Batch Avg-T: 0:00:00.208765
	[TRAIN] Epoch 18 Batch 300/650 Loss: 0.006671185712844437, 	PPG F1: 0.9969717771607062, 	Batch Avg-T: 0:00:00.208459
	[TRAIN] Epoch 18 Batch 400/650 Loss: 0.006819105305243864, 	PPG F1: 0.9968735159511135, 	Batch Avg-T: 0:00:00.208572
	[TRAIN] Epoch 18 Batch 500/650 Loss: 0.007115543173928605, 	PPG F1: 0.9967160251934614, 	Batch Avg-T: 0:00:00.208527
	[TRAIN] Epoch 18 Batch 600/650 Loss: 0.007346226518751725, 	PPG F1: 0.9966198351032065, 	Batch Avg-T: 0:00:00.208548
[TRAIN] Epoch 18 Loss: 0.0073682810268991695,             	PPG F1: 0.9966228555473161
Time - 0:02:15.497750
[VAL] Epoch 18 Loss: 0.644407936033996
[VAL] 	PPG      F1: 0.64
[VAL] 	PPG ROC AUC: 0.9433
[VAL] 	PPG PR  AUC: 0.8118
Epoch 18 finished. t = 0:02:21.769328


Epoch 19 training...
	[TRAIN] Epoch 19 Batch 0/650 Loss: 0.01067271362990141, 	PPG F1: 0.996, 	Batch Avg-T: 0:00:00.255311
	[TRAIN] Epoch 19 Batch 100/650 Loss: 0.005267990060902136, 	PPG F1: 0.997534832047547, 	Batch Avg-T: 0:00:00.208909
	[TRAIN] Epoch 19 Batch 200/650 Loss: 0.004850291714346759, 	PPG F1: 0.9977735631766255, 	Batch Avg-T: 0:00:00.209180
	[TRAIN] Epoch 19 Batch 300/650 Loss: 0.005429856020178293, 	PPG F1: 0.9974595083730178, 	Batch Avg-T: 0:00:00.209006
	[TRAIN] Epoch 19 Batch 400/650 Loss: 0.006413060984155628, 	PPG F1: 0.9969938259536056, 	Batch Avg-T: 0:00:00.208707
	[TRAIN] Epoch 19 Batch 500/650 Loss: 0.006266248338828384, 	PPG F1: 0.9970855866185451, 	Batch Avg-T: 0:00:00.208718
	[TRAIN] Epoch 19 Batch 600/650 Loss: 0.006369398015649282, 	PPG F1: 0.9970128048882579, 	Batch Avg-T: 0:00:00.208666
[TRAIN] Epoch 19 Loss: 0.006358208612700065,             	PPG F1: 0.9970158880662531
Time - 0:02:15.558632
[VAL] Epoch 19 Loss: 0.7552585890879651
[VAL] 	PPG      F1: 0.6028
[VAL] 	PPG ROC AUC: 0.9324
[VAL] 	PPG PR  AUC: 0.778
Epoch 19 finished. t = 0:02:21.834919


Epoch 20 training...
	[TRAIN] Epoch 20 Batch 0/650 Loss: 0.01022299099713564, 	PPG F1: 0.99375, 	Batch Avg-T: 0:00:00.252449
	[TRAIN] Epoch 20 Batch 100/650 Loss: 0.0055444615830824075, 	PPG F1: 0.9974160568091655, 	Batch Avg-T: 0:00:00.208948
	[TRAIN] Epoch 20 Batch 200/650 Loss: 0.006068811735974634, 	PPG F1: 0.9971337709115176, 	Batch Avg-T: 0:00:00.208580
	[TRAIN] Epoch 20 Batch 300/650 Loss: 0.0064580298496481415, 	PPG F1: 0.9969554750049183, 	Batch Avg-T: 0:00:00.208659
	[TRAIN] Epoch 20 Batch 400/650 Loss: 0.0063276263463375925, 	PPG F1: 0.9970282487555011, 	Batch Avg-T: 0:00:00.208649
	[TRAIN] Epoch 20 Batch 500/650 Loss: 0.00622490891850295, 	PPG F1: 0.9970666382396033, 	Batch Avg-T: 0:00:00.208547
	[TRAIN] Epoch 20 Batch 600/650 Loss: 0.006729208398319799, 	PPG F1: 0.9968441005607447, 	Batch Avg-T: 0:00:00.208648
[TRAIN] Epoch 20 Loss: 0.006610495693211515,             	PPG F1: 0.9969228968546624
Time - 0:02:15.554871
[VAL] Epoch 20 Loss: 0.9535433424222892
[VAL] 	PPG      F1: 0.5965
[VAL] 	PPG ROC AUC: 0.9554
[VAL] 	PPG PR  AUC: 0.8232
Epoch 20 finished. t = 0:02:21.845062


Epoch 21 training...
	[TRAIN] Epoch 21 Batch 0/650 Loss: 0.0026003988459706306, 	PPG F1: 0.9980468750000001, 	Batch Avg-T: 0:00:00.258433
	[TRAIN] Epoch 21 Batch 100/650 Loss: 0.004477238855128739, 	PPG F1: 0.9979755415398632, 	Batch Avg-T: 0:00:00.208216
	[TRAIN] Epoch 21 Batch 200/650 Loss: 0.005382599787345267, 	PPG F1: 0.9975280585292606, 	Batch Avg-T: 0:00:00.208413
	[TRAIN] Epoch 21 Batch 300/650 Loss: 0.005547239621416619, 	PPG F1: 0.9973700111398932, 	Batch Avg-T: 0:00:00.208759
	[TRAIN] Epoch 21 Batch 400/650 Loss: 0.0059995388939768825, 	PPG F1: 0.9971714120216927, 	Batch Avg-T: 0:00:00.208736
	[TRAIN] Epoch 21 Batch 500/650 Loss: 0.00604792496117674, 	PPG F1: 0.9971628415137214, 	Batch Avg-T: 0:00:00.208707
	[TRAIN] Epoch 21 Batch 600/650 Loss: 0.00586692944471027, 	PPG F1: 0.99722792651496, 	Batch Avg-T: 0:00:00.208567
[TRAIN] Epoch 21 Loss: 0.006120650883038672,             	PPG F1: 0.9971186306247805
Time - 0:02:15.588621
[VAL] Epoch 21 Loss: 0.6783312006507615
[VAL] 	PPG      F1: 0.5916
[VAL] 	PPG ROC AUC: 0.9366
[VAL] 	PPG PR  AUC: 0.7818
Epoch 21 finished. t = 0:02:21.833054


Epoch 22 training...
	[TRAIN] Epoch 22 Batch 0/650 Loss: 0.005772189237177372, 	PPG F1: 0.9981308411214954, 	Batch Avg-T: 0:00:00.253043
	[TRAIN] Epoch 22 Batch 100/650 Loss: 0.004843833596943555, 	PPG F1: 0.9977365263535294, 	Batch Avg-T: 0:00:00.208641
	[TRAIN] Epoch 22 Batch 200/650 Loss: 0.006023414511481457, 	PPG F1: 0.9972537072326283, 	Batch Avg-T: 0:00:00.208495
	[TRAIN] Epoch 22 Batch 300/650 Loss: 0.0058341777637489515, 	PPG F1: 0.997332146015943, 	Batch Avg-T: 0:00:00.208632
	[TRAIN] Epoch 22 Batch 400/650 Loss: 0.0055946477279798625, 	PPG F1: 0.9974229976662544, 	Batch Avg-T: 0:00:00.208553
	[TRAIN] Epoch 22 Batch 500/650 Loss: 0.005709124827386157, 	PPG F1: 0.9973920502188294, 	Batch Avg-T: 0:00:00.208616
	[TRAIN] Epoch 22 Batch 600/650 Loss: 0.005874313214631478, 	PPG F1: 0.9973267500116979, 	Batch Avg-T: 0:00:00.208599
[TRAIN] Epoch 22 Loss: 0.005701589027482371,             	PPG F1: 0.9974194630798701
Time - 0:02:15.521857
[VAL] Epoch 22 Loss: 1.0833541729226215
[VAL] 	PPG      F1: 0.558
[VAL] 	PPG ROC AUC: 0.9306
[VAL] 	PPG PR  AUC: 0.7775
Epoch 22 finished. t = 0:02:21.781034


Epoch 23 training...
	[TRAIN] Epoch 23 Batch 0/650 Loss: 0.0003240258083678782, 	PPG F1: 1.0, 	Batch Avg-T: 0:00:00.255101
	[TRAIN] Epoch 23 Batch 100/650 Loss: 0.004138158171813437, 	PPG F1: 0.9980898762042006, 	Batch Avg-T: 0:00:00.208782
	[TRAIN] Epoch 23 Batch 200/650 Loss: 0.0046667956761015, 	PPG F1: 0.9978202782629121, 	Batch Avg-T: 0:00:00.208521
	[TRAIN] Epoch 23 Batch 300/650 Loss: 0.004491877352594138, 	PPG F1: 0.9978912228293488, 	Batch Avg-T: 0:00:00.208281
	[TRAIN] Epoch 23 Batch 400/650 Loss: 0.00508465943564086, 	PPG F1: 0.9976387152256226, 	Batch Avg-T: 0:00:00.208509
	[TRAIN] Epoch 23 Batch 500/650 Loss: 0.005001923975672065, 	PPG F1: 0.9976804415340761, 	Batch Avg-T: 0:00:00.208544
	[TRAIN] Epoch 23 Batch 600/650 Loss: 0.004867773243576132, 	PPG F1: 0.9977587361488534, 	Batch Avg-T: 0:00:00.208571
[TRAIN] Epoch 23 Loss: 0.004925870709904792,             	PPG F1: 0.9977403220777845
Time - 0:02:15.504000
[VAL] Epoch 23 Loss: 0.6076008737178661
[VAL] 	PPG      F1: 0.6642
[VAL] 	PPG ROC AUC: 0.9543
[VAL] 	PPG PR  AUC: 0.8318
Epoch 23 finished. t = 0:02:21.787022


Epoch 24 training...
	[TRAIN] Epoch 24 Batch 0/650 Loss: 0.004927773494273424, 	PPG F1: 0.9980119284294234, 	Batch Avg-T: 0:00:00.258669
	[TRAIN] Epoch 24 Batch 100/650 Loss: 0.0038136970874217183, 	PPG F1: 0.9982234511662282, 	Batch Avg-T: 0:00:00.208706
	[TRAIN] Epoch 24 Batch 200/650 Loss: 0.005693202734338722, 	PPG F1: 0.9973548802440934, 	Batch Avg-T: 0:00:00.208829
